[0.059s] Invoking command in '/home/mscrobotics2425laptop27/Documents/University/robotic_systems_design_project/RoboticDesign---Team-10/manipulator_work/manipulator_ros2_workspace/build/moveit_task_constructor_visualization': AMENT_PREFIX_PATH=/home/mscrobotics2425laptop27/Documents/University/robotic_systems_design_project/RoboticDesign---Team-10/manipulator_work/manipulator_ros2_workspace/install/moveit_task_constructor_core:/home/mscrobotics2425laptop27/Documents/University/robotic_systems_design_project/RoboticDesign---Team-10/manipulator_work/manipulator_ros2_workspace/install/rviz_marker_tools:/home/mscrobotics2425laptop27/Documents/University/robotic_systems_design_project/RoboticDesign---Team-10/manipulator_work/manipulator_ros2_workspace/install/moveit_task_constructor_msgs:${AMENT_PREFIX_PATH} CMAKE_MODULE_PATH=/home/mscrobotics2425laptop27/Documents/University/robotic_systems_design_project/RoboticDesign---Team-10/manipulator_work/manipulator_ros2_workspace/install/moveit_task_constructor_core/share/moveit_task_constructor_core/cmake CMAKE_PREFIX_PATH=/home/mscrobotics2425laptop27/Documents/University/robotic_systems_design_project/RoboticDesign---Team-10/manipulator_work/manipulator_ros2_workspace/install/moveit_task_constructor_core:/home/mscrobotics2425laptop27/Documents/University/robotic_systems_design_project/RoboticDesign---Team-10/manipulator_work/manipulator_ros2_workspace/install/rviz_marker_tools:/home/mscrobotics2425laptop27/Documents/University/robotic_systems_design_project/RoboticDesign---Team-10/manipulator_work/manipulator_ros2_workspace/install/moveit_task_constructor_msgs:/home/mscrobotics2425laptop27/interbotix_ws/install/interbotix_ros_xsarms_examples:/home/mscrobotics2425laptop27/interbotix_ws/install/interbotix_xsarm_moveit_interface:/home/mscrobotics2425laptop27/interbotix_ws/install/interbotix_moveit_interface:/home/mscrobotics2425laptop27/interbotix_ws/install/moveit_visual_tools:/home/mscrobotics2425laptop27/interbotix_ws/install/interbotix_ros_xsarms:/home/mscrobotics2425laptop27/interbotix_ws/install/interbotix_xsarm_moveit:/home/mscrobotics2425laptop27/interbotix_ws/install/interbotix_xsarm_sim:/home/mscrobotics2425laptop27/interbotix_ws/install/interbotix_xsarm_ros_control:/home/mscrobotics2425laptop27/interbotix_ws/install/interbotix_xsarm_puppet:/home/mscrobotics2425laptop27/interbotix_ws/install/interbotix_xsarm_perception:/home/mscrobotics2425laptop27/interbotix_ws/install/interbotix_xsarm_joy:/home/mscrobotics2425laptop27/interbotix_ws/install/interbotix_xsarm_gravity_compensation:/home/mscrobotics2425laptop27/interbotix_ws/install/interbotix_xsarm_dual:/home/mscrobotics2425laptop27/interbotix_ws/install/interbotix_xsarm_control:/home/mscrobotics2425laptop27/interbotix_ws/install/interbotix_xsarm_descriptions:/home/mscrobotics2425laptop27/interbotix_ws/install/interbotix_xs_toolbox:/home/mscrobotics2425laptop27/interbotix_ws/install/interbotix_xs_rviz:/home/mscrobotics2425laptop27/interbotix_ws/install/interbotix_ros_xseries:/home/mscrobotics2425laptop27/interbotix_ws/install/interbotix_xs_sdk:/home/mscrobotics2425laptop27/interbotix_ws/install/interbotix_xs_ros_control:/home/mscrobotics2425laptop27/interbotix_ws/install/interbotix_perception_toolbox:/home/mscrobotics2425laptop27/interbotix_ws/install/interbotix_common_toolbox:/home/mscrobotics2425laptop27/interbotix_ws/install/interbotix_gravity_compensation:/home/mscrobotics2425laptop27/interbotix_ws/install/interbotix_xs_msgs:/home/mscrobotics2425laptop27/interbotix_ws/install/interbotix_xs_driver:/home/mscrobotics2425laptop27/interbotix_ws/install/interbotix_tf_tools:/home/mscrobotics2425laptop27/interbotix_ws/install/interbotix_perception_pipelines:/home/mscrobotics2425laptop27/interbotix_ws/install/interbotix_perception_msgs:/home/mscrobotics2425laptop27/interbotix_ws/install/interbotix_moveit_interface_msgs:/home/mscrobotics2425laptop27/interbotix_ws/install/interbotix_common_sim:/home/mscrobotics2425laptop27/interbotix_ws/install/dynamixel_workbench_toolbox:/home/mscrobotics2425laptop27/apriltag_ws/install/apriltag_ros:/home/mscrobotics2425laptop27/interbotix_ws/install/interbotix_xs_modules:/home/mscrobotics2425laptop27/interbotix_ws/install/interbotix_perception_modules:/home/mscrobotics2425laptop27/interbotix_ws/install/interbotix_common_modules:/opt/ros/humble LD_LIBRARY_PATH=/home/mscrobotics2425laptop27/Documents/University/robotic_systems_design_project/RoboticDesign---Team-10/manipulator_work/manipulator_ros2_workspace/install/moveit_task_constructor_core/lib:/home/mscrobotics2425laptop27/Documents/University/robotic_systems_design_project/RoboticDesign---Team-10/manipulator_work/manipulator_ros2_workspace/install/rviz_marker_tools/lib:/home/mscrobotics2425laptop27/Documents/University/robotic_systems_design_project/RoboticDesign---Team-10/manipulator_work/manipulator_ros2_workspace/install/moveit_task_constructor_msgs/lib:${LD_LIBRARY_PATH} PYTHONPATH=/home/mscrobotics2425laptop27/Documents/University/robotic_systems_design_project/RoboticDesign---Team-10/manipulator_work/manipulator_ros2_workspace/install/moveit_task_constructor_core/local/lib/python3.10/dist-packages:/home/mscrobotics2425laptop27/Documents/University/robotic_systems_design_project/RoboticDesign---Team-10/manipulator_work/manipulator_ros2_workspace/install/moveit_task_constructor_msgs/local/lib/python3.10/dist-packages:${PYTHONPATH} /usr/bin/cmake --build /home/mscrobotics2425laptop27/Documents/University/robotic_systems_design_project/RoboticDesign---Team-10/manipulator_work/manipulator_ros2_workspace/build/moveit_task_constructor_visualization -- -j12 -l12
[0.114s] -- Found ament_cmake: 1.3.11 (/opt/ros/humble/share/ament_cmake/cmake)
[0.423s] -- Found Boost: /usr/lib/x86_64-linux-gnu/cmake/Boost-1.74.0/BoostConfig.cmake (found version "1.74.0")  
[0.425s] -- Found moveit_common: 2.5.8 (/opt/ros/humble/share/moveit_common/cmake)
[0.540s] [0mmoveit_task_constructor_visualization: You did not request a specific build type: Choosing 'Release' for maximum performance[0m
[0.541s] -- Found moveit_core: 2.5.8 (/opt/ros/humble/share/moveit_core/cmake)
[0.587s] -- Found Boost: /usr/lib/x86_64-linux-gnu/cmake/Boost-1.74.0/BoostConfig.cmake (found version "1.74.0") found components: chrono date_time filesystem iostreams program_options regex serialization system thread 
[0.660s] -- Found parameter_traits: 0.4.0 (/opt/ros/humble/share/parameter_traits/cmake)
[0.708s] -- Found rosidl_generator_c: 3.1.6 (/opt/ros/humble/share/rosidl_generator_c/cmake)
[0.712s] -- Found rosidl_adapter: 3.1.6 (/opt/ros/humble/share/rosidl_adapter/cmake)
[0.724s] -- Found rosidl_generator_cpp: 3.1.6 (/opt/ros/humble/share/rosidl_generator_cpp/cmake)
[0.753s] -- Using all available rosidl_typesupport_c: rosidl_typesupport_fastrtps_c;rosidl_typesupport_introspection_c
[0.782s] -- Using all available rosidl_typesupport_cpp: rosidl_typesupport_fastrtps_cpp;rosidl_typesupport_introspection_cpp
[0.878s] -- Found rmw_implementation_cmake: 6.1.2 (/opt/ros/humble/share/rmw_implementation_cmake/cmake)
[0.887s] -- Found rmw_fastrtps_cpp: 6.2.7 (/opt/ros/humble/share/rmw_fastrtps_cpp/cmake)
[1.145s] -- Using RMW implementation 'rmw_fastrtps_cpp' as default
[1.264s] -- Found rclcpp_lifecycle: 16.0.11 (/opt/ros/humble/share/rclcpp_lifecycle/cmake)
[1.311s] -- Found Boost: /usr/lib/x86_64-linux-gnu/cmake/Boost-1.74.0/BoostConfig.cmake (found version "1.74.0") found components: filesystem 
[1.402s] -- library: /usr/lib/x86_64-linux-gnu/libcurl.so
[1.514s] -- Ensuring Eigen3 include directory is part of orocos-kdl CMake target
[1.888s] -- Found moveit_ros_visualization: 2.5.8 (/opt/ros/humble/share/moveit_ros_visualization/cmake)
[1.898s] -- Found Boost: /usr/lib/x86_64-linux-gnu/cmake/Boost-1.74.0/BoostConfig.cmake (found version "1.74.0") found components: thread date_time system filesystem 
[1.926s] -- Found Boost: /usr/lib/x86_64-linux-gnu/cmake/Boost-1.74.0/BoostConfig.cmake (found version "1.74.0") found components: system filesystem date_time program_options thread chrono 
[1.971s] -- Found Boost: /usr/lib/x86_64-linux-gnu/cmake/Boost-1.74.0/BoostConfig.cmake (found version "1.74.0") found components: date_time filesystem program_options system thread 
[1.988s] -- Found Boost: /usr/lib/x86_64-linux-gnu/cmake/Boost-1.74.0/BoostConfig.cmake (found version "1.74.0") found components: thread system filesystem regex date_time program_options 
[2.021s] -- Found Boost: /usr/lib/x86_64-linux-gnu/cmake/Boost-1.74.0/BoostConfig.cmake (found version "1.74.0") found components: system filesystem date_time program_options thread 
[2.084s] -- Setting OGRE_DIR to: '/opt/ros/humble/share/rviz_ogre_vendor/cmake/../../../opt/rviz_ogre_vendor/lib/OGRE/cmake'
[2.089s] -- Found OGRE
[2.089s] --   static     : OFF
[2.090s] --   components : HLMS;MeshLodGenerator;Overlay;Paging;Property;RTShaderSystem;Terrain;Volume
[2.090s] --   plugins    : Plugin_BSPSceneManager;Plugin_OctreeSceneManager;Plugin_PCZSceneManager;Plugin_ParticleFX;RenderSystem_GL;RenderSystem_GL3Plus;Codec_STBI
[2.090s] --   media      : /opt/ros/humble/opt/rviz_ogre_vendor/share/OGRE/Media
[2.090s] -- OGRE_LIBRARIES: OgreHLMS;OgreMeshLodGenerator;OgreOverlay;OgrePaging;OgreProperty;OgreRTShaderSystem;OgreTerrain;OgreVolume;OgreMain
[2.090s] -- OGRE_LIBRARY_DIRS: /opt/ros/humble/opt/rviz_ogre_vendor/lib
[2.090s] -- OGRE_PLUGINS: Plugin_BSPSceneManager;Plugin_OctreeSceneManager;Plugin_PCZSceneManager;Plugin_ParticleFX;RenderSystem_GL;RenderSystem_GL3Plus;Codec_STBI
[2.090s] -- OGRE_PLUGIN_DIR: /opt/ros/humble/opt/rviz_ogre_vendor/lib/OGRE
[2.091s] -- rviz_ogre_vendor::OgreOverlay for IMPORTED_LOCATION_RELEASE: /opt/ros/humble/opt/rviz_ogre_vendor/lib/libOgreOverlay.so
[2.091s] -- rviz_ogre_vendor::OgreOverlay for IMPORTED_LOCATION_DEBUG: /opt/ros/humble/opt/rviz_ogre_vendor/lib/libOgreOverlay.so
[2.091s] -- rviz_ogre_vendor::OgreMain for IMPORTED_LOCATION_RELEASE: /opt/ros/humble/opt/rviz_ogre_vendor/lib/libOgreMain.so
[2.091s] -- rviz_ogre_vendor::OgreMain for IMPORTED_LOCATION_DEBUG: /opt/ros/humble/opt/rviz_ogre_vendor/lib/libOgreMain.so
[2.291s] -- Setting assimp_DIR to: '/opt/ros/humble/share/rviz_assimp_vendor/cmake/../../../opt/rviz_assimp_vendor/lib/cmake/assimp-4.1'
[2.542s] -- Found moveit_task_constructor_core: 0.1.3 (/home/mscrobotics2425laptop27/Documents/University/robotic_systems_design_project/RoboticDesign---Team-10/manipulator_work/manipulator_ros2_workspace/install/moveit_task_constructor_core/share/moveit_task_constructor_core/cmake)
[2.758s] -- Found ament_cmake_gtest: 1.3.11 (/opt/ros/humble/share/ament_cmake_gtest/cmake)
[2.763s] -- Found ament_cmake_gmock: 1.3.11 (/opt/ros/humble/share/ament_cmake_gmock/cmake)
[2.767s] -- Found launch_testing_ament_cmake: 1.0.7 (/opt/ros/humble/share/launch_testing_ament_cmake/cmake)
[2.768s] -- Found python_cmake_module: 0.10.0 (/opt/ros/humble/share/python_cmake_module/cmake)
[2.835s] -- Using PYTHON_EXECUTABLE: /usr/bin/python3
[2.835s] -- Using PYTHON_INCLUDE_DIRS: /usr/include/python3.10
[2.836s] -- Using PYTHON_LIBRARIES: /usr/lib/x86_64-linux-gnu/libpython3.10.so
[2.838s] -- Found gtest sources under '/opt/ros/humble/src/gtest_vendor': C++ tests using 'Google Test' will be built
[2.849s] -- Found gmock sources under '/opt/ros/humble/src/gmock_vendor': C++ tests using 'Google Mock' will be built
[2.906s] -- Configuring done
[3.493s] -- Generating done
[3.615s] -- Build files have been written to: /home/mscrobotics2425laptop27/Documents/University/robotic_systems_design_project/RoboticDesign---Team-10/manipulator_work/manipulator_ros2_workspace/build/moveit_task_constructor_visualization
[3.697s] [  1%] [34m[1mAutomatic MOC for target gtest_main[0m
[3.702s] [  3%] [34m[1mAutomatic MOC for target moveit_task_visualization_tools[0m
[3.703s] [  4%] [34m[1mAutomatic MOC for target motion_planning_tasks_utils[0m
[3.705s] [  9%] [34m[1mAutomatic MOC for target gtest[0m
[3.705s] [  9%] [34m[1mAutomatic MOC for target gmock[0m
[3.706s] [  9%] [34m[1mAutomatic MOC for target motion_planning_tasks_properties[0m
[3.706s] [ 10%] [34m[1mAutomatic MOC for target gmock_main[0m
[3.736s] [ 10%] Built target gtest_main_autogen
[3.736s] [ 10%] Built target gtest_autogen
[3.738s] [ 10%] Built target motion_planning_tasks_properties_autogen
[3.739s] [ 10%] Built target gmock_main_autogen
[3.741s] [ 10%] Built target gmock_autogen
[3.743s] [ 10%] Built target motion_planning_tasks_utils_autogen
[3.783s] [ 12%] [32mBuilding CXX object gtest/CMakeFiles/gtest_main.dir/gtest_main_autogen/mocs_compilation.cpp.o[0m
[3.795s] [ 13%] [32mBuilding CXX object gmock/CMakeFiles/gmock_main.dir/gmock_main_autogen/mocs_compilation.cpp.o[0m
[3.797s] [ 15%] [32mBuilding CXX object gtest/CMakeFiles/gtest.dir/gtest_autogen/mocs_compilation.cpp.o[0m
[3.830s] [ 16%] [32mBuilding CXX object gmock/CMakeFiles/gmock.dir/gmock_autogen/mocs_compilation.cpp.o[0m
[3.844s] [ 18%] [32mBuilding CXX object motion_planning_tasks/properties/CMakeFiles/motion_planning_tasks_properties.dir/motion_planning_tasks_properties_autogen/mocs_compilation.cpp.o[0m
[3.851s] [ 20%] [32m[1mLinking CXX static library libgtest_main.a[0m
[3.856s] [ 21%] [32mBuilding CXX object motion_planning_tasks/properties/CMakeFiles/motion_planning_tasks_properties.dir/property_factory.cpp.o[0m
[3.857s] [ 23%] [32m[1mLinking CXX static library libgmock_main.a[0m
[3.862s] [ 24%] [32m[1mLinking CXX static library libgtest.a[0m
[3.880s] [ 26%] [32m[1mLinking CXX static library libgmock.a[0m
[3.927s] [ 27%] Built target gmock_main
[3.929s] [ 29%] Built target gtest_main
[3.969s] [ 30%] Built target gtest
[3.983s] [ 32%] [32mBuilding CXX object motion_planning_tasks/utils/CMakeFiles/motion_planning_tasks_utils.dir/motion_planning_tasks_utils_autogen/mocs_compilation.cpp.o[0m
[3.990s] [ 33%] [32mBuilding CXX object motion_planning_tasks/utils/CMakeFiles/motion_planning_tasks_utils.dir/flat_merge_proxy_model.cpp.o[0m
[3.991s] [ 35%] [32mBuilding CXX object motion_planning_tasks/utils/CMakeFiles/motion_planning_tasks_utils.dir/tree_merge_proxy_model.cpp.o[0m
[3.991s] [ 38%] Built target gmock
[4.452s] [ 38%] Built target moveit_task_visualization_tools_autogen
[4.628s] [ 40%] [32mBuilding CXX object visualization_tools/CMakeFiles/moveit_task_visualization_tools.dir/moveit_task_visualization_tools_autogen/mocs_compilation.cpp.o[0m
[4.631s] [ 41%] [32mBuilding CXX object visualization_tools/CMakeFiles/moveit_task_visualization_tools.dir/src/display_solution.cpp.o[0m
[4.647s] [ 43%] [32mBuilding CXX object visualization_tools/CMakeFiles/moveit_task_visualization_tools.dir/src/task_solution_visualization.cpp.o[0m
[11.591s] [ 44%] [32m[1mLinking CXX shared library libmotion_planning_tasks_utils.so[0m
[12.219s] [ 46%] Built target motion_planning_tasks_utils
[12.247s] [ 47%] [34m[1mAutomatic MOC for target moveit_task_constructor_visualization-test-merge-models[0m
[12.274s] [ 47%] Built target moveit_task_constructor_visualization-test-merge-models_autogen
[12.318s] [ 49%] [32mBuilding CXX object motion_planning_tasks/test/CMakeFiles/moveit_task_constructor_visualization-test-merge-models.dir/moveit_task_constructor_visualization-test-merge-models_autogen/mocs_compilation.cpp.o[0m
[12.366s] [ 50%] [32m[1mLinking CXX executable moveit_task_constructor_visualization-test-merge-models[0m
[13.022s] [ 52%] Built target moveit_task_constructor_visualization-test-merge-models
[15.465s] [ 53%] [32m[1mLinking CXX shared library libmotion_planning_tasks_properties.so[0m
[16.886s] [ 55%] Built target motion_planning_tasks_properties
[33.329s] [ 56%] [32m[1mLinking CXX shared library libmoveit_task_visualization_tools.so[0m
[39.480s] [ 60%] Built target moveit_task_visualization_tools
[39.511s] [ 61%] [34m[1mAutomatic MOC for target motion_planning_tasks_rviz_plugin[0m
[41.874s] [ 61%] Built target motion_planning_tasks_rviz_plugin_autogen
[42.169s] [ 63%] [32mBuilding CXX object motion_planning_tasks/src/CMakeFiles/motion_planning_tasks_rviz_plugin.dir/motion_planning_tasks_rviz_plugin_autogen/mocs_compilation.cpp.o[0m
[42.170s] [ 64%] [32mBuilding CXX object motion_planning_tasks/src/CMakeFiles/motion_planning_tasks_rviz_plugin.dir/local_task_model.cpp.o[0m
[42.170s] [ 66%] [32mBuilding CXX object motion_planning_tasks/src/CMakeFiles/motion_planning_tasks_rviz_plugin.dir/meta_task_list_model.cpp.o[0m
[42.187s] [ 67%] [32mBuilding CXX object motion_planning_tasks/src/CMakeFiles/motion_planning_tasks_rviz_plugin.dir/plugin_init.cpp.o[0m
[42.193s] [ 69%] [32mBuilding CXX object motion_planning_tasks/src/CMakeFiles/motion_planning_tasks_rviz_plugin.dir/remote_task_model.cpp.o[0m
[42.207s] [ 70%] [32mBuilding CXX object motion_planning_tasks/src/CMakeFiles/motion_planning_tasks_rviz_plugin.dir/task_display.cpp.o[0m
[42.226s] [ 72%] [32mBuilding CXX object motion_planning_tasks/src/CMakeFiles/motion_planning_tasks_rviz_plugin.dir/task_panel.cpp.o[0m
[42.230s] [ 73%] [32mBuilding CXX object motion_planning_tasks/src/CMakeFiles/motion_planning_tasks_rviz_plugin.dir/task_list_model.cpp.o[0m
[42.261s] [ 75%] [32mBuilding CXX object motion_planning_tasks/src/CMakeFiles/motion_planning_tasks_rviz_plugin.dir/motion_planning_tasks_rviz_plugin_autogen/EWIEGA46WW/qrc_resources.cpp.o[0m
[91.232s] [ 76%] [32m[1mLinking CXX shared library libmotion_planning_tasks_rviz_plugin.so[0m
[94.065s] [ 87%] Built target motion_planning_tasks_rviz_plugin
[94.099s] [ 90%] [34m[1mAutomatic MOC for target moveit_task_constructor_visualization-test-task_model[0m
[94.100s] [ 90%] [34m[1mAutomatic MOC for target moveit_task_constructor_visualization-test-solution-models[0m
[94.120s] [ 90%] Built target moveit_task_constructor_visualization-test-task_model_autogen
[94.121s] [ 90%] Built target moveit_task_constructor_visualization-test-solution-models_autogen
[94.173s] [ 92%] [32mBuilding CXX object motion_planning_tasks/test/CMakeFiles/moveit_task_constructor_visualization-test-task_model.dir/moveit_task_constructor_visualization-test-task_model_autogen/mocs_compilation.cpp.o[0m
[94.176s] [ 93%] [32mBuilding CXX object motion_planning_tasks/test/CMakeFiles/moveit_task_constructor_visualization-test-solution-models.dir/moveit_task_constructor_visualization-test-solution-models_autogen/mocs_compilation.cpp.o[0m
[94.183s] [ 95%] [32mBuilding CXX object motion_planning_tasks/test/CMakeFiles/moveit_task_constructor_visualization-test-solution-models.dir/test_solution_models.cpp.o[0m
[94.187s] [ 96%] [32mBuilding CXX object motion_planning_tasks/test/CMakeFiles/moveit_task_constructor_visualization-test-task_model.dir/test_task_model.cpp.o[0m
[100.922s] [ 98%] [32m[1mLinking CXX executable moveit_task_constructor_visualization-test-solution-models[0m
[101.778s] [100%] [32m[1mLinking CXX executable moveit_task_constructor_visualization-test-task_model[0m
[101.801s] [100%] Built target moveit_task_constructor_visualization-test-solution-models
[102.546s] [100%] Built target moveit_task_constructor_visualization-test-task_model
[102.557s] Invoked command in '/home/mscrobotics2425laptop27/Documents/University/robotic_systems_design_project/RoboticDesign---Team-10/manipulator_work/manipulator_ros2_workspace/build/moveit_task_constructor_visualization' returned '0': AMENT_PREFIX_PATH=/home/mscrobotics2425laptop27/Documents/University/robotic_systems_design_project/RoboticDesign---Team-10/manipulator_work/manipulator_ros2_workspace/install/moveit_task_constructor_core:/home/mscrobotics2425laptop27/Documents/University/robotic_systems_design_project/RoboticDesign---Team-10/manipulator_work/manipulator_ros2_workspace/install/rviz_marker_tools:/home/mscrobotics2425laptop27/Documents/University/robotic_systems_design_project/RoboticDesign---Team-10/manipulator_work/manipulator_ros2_workspace/install/moveit_task_constructor_msgs:${AMENT_PREFIX_PATH} CMAKE_MODULE_PATH=/home/mscrobotics2425laptop27/Documents/University/robotic_systems_design_project/RoboticDesign---Team-10/manipulator_work/manipulator_ros2_workspace/install/moveit_task_constructor_core/share/moveit_task_constructor_core/cmake CMAKE_PREFIX_PATH=/home/mscrobotics2425laptop27/Documents/University/robotic_systems_design_project/RoboticDesign---Team-10/manipulator_work/manipulator_ros2_workspace/install/moveit_task_constructor_core:/home/mscrobotics2425laptop27/Documents/University/robotic_systems_design_project/RoboticDesign---Team-10/manipulator_work/manipulator_ros2_workspace/install/rviz_marker_tools:/home/mscrobotics2425laptop27/Documents/University/robotic_systems_design_project/RoboticDesign---Team-10/manipulator_work/manipulator_ros2_workspace/install/moveit_task_constructor_msgs:/home/mscrobotics2425laptop27/interbotix_ws/install/interbotix_ros_xsarms_examples:/home/mscrobotics2425laptop27/interbotix_ws/install/interbotix_xsarm_moveit_interface:/home/mscrobotics2425laptop27/interbotix_ws/install/interbotix_moveit_interface:/home/mscrobotics2425laptop27/interbotix_ws/install/moveit_visual_tools:/home/mscrobotics2425laptop27/interbotix_ws/install/interbotix_ros_xsarms:/home/mscrobotics2425laptop27/interbotix_ws/install/interbotix_xsarm_moveit:/home/mscrobotics2425laptop27/interbotix_ws/install/interbotix_xsarm_sim:/home/mscrobotics2425laptop27/interbotix_ws/install/interbotix_xsarm_ros_control:/home/mscrobotics2425laptop27/interbotix_ws/install/interbotix_xsarm_puppet:/home/mscrobotics2425laptop27/interbotix_ws/install/interbotix_xsarm_perception:/home/mscrobotics2425laptop27/interbotix_ws/install/interbotix_xsarm_joy:/home/mscrobotics2425laptop27/interbotix_ws/install/interbotix_xsarm_gravity_compensation:/home/mscrobotics2425laptop27/interbotix_ws/install/interbotix_xsarm_dual:/home/mscrobotics2425laptop27/interbotix_ws/install/interbotix_xsarm_control:/home/mscrobotics2425laptop27/interbotix_ws/install/interbotix_xsarm_descriptions:/home/mscrobotics2425laptop27/interbotix_ws/install/interbotix_xs_toolbox:/home/mscrobotics2425laptop27/interbotix_ws/install/interbotix_xs_rviz:/home/mscrobotics2425laptop27/interbotix_ws/install/interbotix_ros_xseries:/home/mscrobotics2425laptop27/interbotix_ws/install/interbotix_xs_sdk:/home/mscrobotics2425laptop27/interbotix_ws/install/interbotix_xs_ros_control:/home/mscrobotics2425laptop27/interbotix_ws/install/interbotix_perception_toolbox:/home/mscrobotics2425laptop27/interbotix_ws/install/interbotix_common_toolbox:/home/mscrobotics2425laptop27/interbotix_ws/install/interbotix_gravity_compensation:/home/mscrobotics2425laptop27/interbotix_ws/install/interbotix_xs_msgs:/home/mscrobotics2425laptop27/interbotix_ws/install/interbotix_xs_driver:/home/mscrobotics2425laptop27/interbotix_ws/install/interbotix_tf_tools:/home/mscrobotics2425laptop27/interbotix_ws/install/interbotix_perception_pipelines:/home/mscrobotics2425laptop27/interbotix_ws/install/interbotix_perception_msgs:/home/mscrobotics2425laptop27/interbotix_ws/install/interbotix_moveit_interface_msgs:/home/mscrobotics2425laptop27/interbotix_ws/install/interbotix_common_sim:/home/mscrobotics2425laptop27/interbotix_ws/install/dynamixel_workbench_toolbox:/home/mscrobotics2425laptop27/apriltag_ws/install/apriltag_ros:/home/mscrobotics2425laptop27/interbotix_ws/install/interbotix_xs_modules:/home/mscrobotics2425laptop27/interbotix_ws/install/interbotix_perception_modules:/home/mscrobotics2425laptop27/interbotix_ws/install/interbotix_common_modules:/opt/ros/humble LD_LIBRARY_PATH=/home/mscrobotics2425laptop27/Documents/University/robotic_systems_design_project/RoboticDesign---Team-10/manipulator_work/manipulator_ros2_workspace/install/moveit_task_constructor_core/lib:/home/mscrobotics2425laptop27/Documents/University/robotic_systems_design_project/RoboticDesign---Team-10/manipulator_work/manipulator_ros2_workspace/install/rviz_marker_tools/lib:/home/mscrobotics2425laptop27/Documents/University/robotic_systems_design_project/RoboticDesign---Team-10/manipulator_work/manipulator_ros2_workspace/install/moveit_task_constructor_msgs/lib:${LD_LIBRARY_PATH} PYTHONPATH=/home/mscrobotics2425laptop27/Documents/University/robotic_systems_design_project/RoboticDesign---Team-10/manipulator_work/manipulator_ros2_workspace/install/moveit_task_constructor_core/local/lib/python3.10/dist-packages:/home/mscrobotics2425laptop27/Documents/University/robotic_systems_design_project/RoboticDesign---Team-10/manipulator_work/manipulator_ros2_workspace/install/moveit_task_constructor_msgs/local/lib/python3.10/dist-packages:${PYTHONPATH} /usr/bin/cmake --build /home/mscrobotics2425laptop27/Documents/University/robotic_systems_design_project/RoboticDesign---Team-10/manipulator_work/manipulator_ros2_workspace/build/moveit_task_constructor_visualization -- -j12 -l12
[102.560s] Invoking command in '/home/mscrobotics2425laptop27/Documents/University/robotic_systems_design_project/RoboticDesign---Team-10/manipulator_work/manipulator_ros2_workspace/build/moveit_task_constructor_visualization': AMENT_PREFIX_PATH=/home/mscrobotics2425laptop27/Documents/University/robotic_systems_design_project/RoboticDesign---Team-10/manipulator_work/manipulator_ros2_workspace/install/moveit_task_constructor_core:/home/mscrobotics2425laptop27/Documents/University/robotic_systems_design_project/RoboticDesign---Team-10/manipulator_work/manipulator_ros2_workspace/install/rviz_marker_tools:/home/mscrobotics2425laptop27/Documents/University/robotic_systems_design_project/RoboticDesign---Team-10/manipulator_work/manipulator_ros2_workspace/install/moveit_task_constructor_msgs:${AMENT_PREFIX_PATH} CMAKE_MODULE_PATH=/home/mscrobotics2425laptop27/Documents/University/robotic_systems_design_project/RoboticDesign---Team-10/manipulator_work/manipulator_ros2_workspace/install/moveit_task_constructor_core/share/moveit_task_constructor_core/cmake CMAKE_PREFIX_PATH=/home/mscrobotics2425laptop27/Documents/University/robotic_systems_design_project/RoboticDesign---Team-10/manipulator_work/manipulator_ros2_workspace/install/moveit_task_constructor_core:/home/mscrobotics2425laptop27/Documents/University/robotic_systems_design_project/RoboticDesign---Team-10/manipulator_work/manipulator_ros2_workspace/install/rviz_marker_tools:/home/mscrobotics2425laptop27/Documents/University/robotic_systems_design_project/RoboticDesign---Team-10/manipulator_work/manipulator_ros2_workspace/install/moveit_task_constructor_msgs:/home/mscrobotics2425laptop27/interbotix_ws/install/interbotix_ros_xsarms_examples:/home/mscrobotics2425laptop27/interbotix_ws/install/interbotix_xsarm_moveit_interface:/home/mscrobotics2425laptop27/interbotix_ws/install/interbotix_moveit_interface:/home/mscrobotics2425laptop27/interbotix_ws/install/moveit_visual_tools:/home/mscrobotics2425laptop27/interbotix_ws/install/interbotix_ros_xsarms:/home/mscrobotics2425laptop27/interbotix_ws/install/interbotix_xsarm_moveit:/home/mscrobotics2425laptop27/interbotix_ws/install/interbotix_xsarm_sim:/home/mscrobotics2425laptop27/interbotix_ws/install/interbotix_xsarm_ros_control:/home/mscrobotics2425laptop27/interbotix_ws/install/interbotix_xsarm_puppet:/home/mscrobotics2425laptop27/interbotix_ws/install/interbotix_xsarm_perception:/home/mscrobotics2425laptop27/interbotix_ws/install/interbotix_xsarm_joy:/home/mscrobotics2425laptop27/interbotix_ws/install/interbotix_xsarm_gravity_compensation:/home/mscrobotics2425laptop27/interbotix_ws/install/interbotix_xsarm_dual:/home/mscrobotics2425laptop27/interbotix_ws/install/interbotix_xsarm_control:/home/mscrobotics2425laptop27/interbotix_ws/install/interbotix_xsarm_descriptions:/home/mscrobotics2425laptop27/interbotix_ws/install/interbotix_xs_toolbox:/home/mscrobotics2425laptop27/interbotix_ws/install/interbotix_xs_rviz:/home/mscrobotics2425laptop27/interbotix_ws/install/interbotix_ros_xseries:/home/mscrobotics2425laptop27/interbotix_ws/install/interbotix_xs_sdk:/home/mscrobotics2425laptop27/interbotix_ws/install/interbotix_xs_ros_control:/home/mscrobotics2425laptop27/interbotix_ws/install/interbotix_perception_toolbox:/home/mscrobotics2425laptop27/interbotix_ws/install/interbotix_common_toolbox:/home/mscrobotics2425laptop27/interbotix_ws/install/interbotix_gravity_compensation:/home/mscrobotics2425laptop27/interbotix_ws/install/interbotix_xs_msgs:/home/mscrobotics2425laptop27/interbotix_ws/install/interbotix_xs_driver:/home/mscrobotics2425laptop27/interbotix_ws/install/interbotix_tf_tools:/home/mscrobotics2425laptop27/interbotix_ws/install/interbotix_perception_pipelines:/home/mscrobotics2425laptop27/interbotix_ws/install/interbotix_perception_msgs:/home/mscrobotics2425laptop27/interbotix_ws/install/interbotix_moveit_interface_msgs:/home/mscrobotics2425laptop27/interbotix_ws/install/interbotix_common_sim:/home/mscrobotics2425laptop27/interbotix_ws/install/dynamixel_workbench_toolbox:/home/mscrobotics2425laptop27/apriltag_ws/install/apriltag_ros:/home/mscrobotics2425laptop27/interbotix_ws/install/interbotix_xs_modules:/home/mscrobotics2425laptop27/interbotix_ws/install/interbotix_perception_modules:/home/mscrobotics2425laptop27/interbotix_ws/install/interbotix_common_modules:/opt/ros/humble LD_LIBRARY_PATH=/home/mscrobotics2425laptop27/Documents/University/robotic_systems_design_project/RoboticDesign---Team-10/manipulator_work/manipulator_ros2_workspace/install/moveit_task_constructor_core/lib:/home/mscrobotics2425laptop27/Documents/University/robotic_systems_design_project/RoboticDesign---Team-10/manipulator_work/manipulator_ros2_workspace/install/rviz_marker_tools/lib:/home/mscrobotics2425laptop27/Documents/University/robotic_systems_design_project/RoboticDesign---Team-10/manipulator_work/manipulator_ros2_workspace/install/moveit_task_constructor_msgs/lib:${LD_LIBRARY_PATH} PYTHONPATH=/home/mscrobotics2425laptop27/Documents/University/robotic_systems_design_project/RoboticDesign---Team-10/manipulator_work/manipulator_ros2_workspace/install/moveit_task_constructor_core/local/lib/python3.10/dist-packages:/home/mscrobotics2425laptop27/Documents/University/robotic_systems_design_project/RoboticDesign---Team-10/manipulator_work/manipulator_ros2_workspace/install/moveit_task_constructor_msgs/local/lib/python3.10/dist-packages:${PYTHONPATH} /usr/bin/cmake --install /home/mscrobotics2425laptop27/Documents/University/robotic_systems_design_project/RoboticDesign---Team-10/manipulator_work/manipulator_ros2_workspace/build/moveit_task_constructor_visualization
[102.565s] -- Install configuration: "Release"
[102.566s] -- Up-to-date: /home/mscrobotics2425laptop27/Documents/University/robotic_systems_design_project/RoboticDesign---Team-10/manipulator_work/manipulator_ros2_workspace/install/moveit_task_constructor_visualization/include
[102.566s] -- Up-to-date: /home/mscrobotics2425laptop27/Documents/University/robotic_systems_design_project/RoboticDesign---Team-10/manipulator_work/manipulator_ros2_workspace/install/moveit_task_constructor_visualization/include/moveit
[102.566s] -- Up-to-date: /home/mscrobotics2425laptop27/Documents/University/robotic_systems_design_project/RoboticDesign---Team-10/manipulator_work/manipulator_ros2_workspace/install/moveit_task_constructor_visualization/include/moveit/visualization_tools
[102.567s] -- Installing: /home/mscrobotics2425laptop27/Documents/University/robotic_systems_design_project/RoboticDesign---Team-10/manipulator_work/manipulator_ros2_workspace/install/moveit_task_constructor_visualization/include/moveit/visualization_tools/display_solution.h
[102.567s] -- Installing: /home/mscrobotics2425laptop27/Documents/University/robotic_systems_design_project/RoboticDesign---Team-10/manipulator_work/manipulator_ros2_workspace/install/moveit_task_constructor_visualization/include/moveit/visualization_tools/marker_visualization.h
[102.567s] -- Installing: /home/mscrobotics2425laptop27/Documents/University/robotic_systems_design_project/RoboticDesign---Team-10/manipulator_work/manipulator_ros2_workspace/install/moveit_task_constructor_visualization/include/moveit/visualization_tools/task_solution_panel.h
[102.567s] -- Installing: /home/mscrobotics2425laptop27/Documents/University/robotic_systems_design_project/RoboticDesign---Team-10/manipulator_work/manipulator_ros2_workspace/install/moveit_task_constructor_visualization/include/moveit/visualization_tools/task_solution_visualization.h
[102.568s] -- Installing: /home/mscrobotics2425laptop27/Documents/University/robotic_systems_design_project/RoboticDesign---Team-10/manipulator_work/manipulator_ros2_workspace/install/moveit_task_constructor_visualization/lib/libmoveit_task_visualization_tools.so.0.1.3
[102.570s] -- Set runtime path of "/home/mscrobotics2425laptop27/Documents/University/robotic_systems_design_project/RoboticDesign---Team-10/manipulator_work/manipulator_ros2_workspace/install/moveit_task_constructor_visualization/lib/libmoveit_task_visualization_tools.so.0.1.3" to ""
[102.570s] -- Up-to-date: /home/mscrobotics2425laptop27/Documents/University/robotic_systems_design_project/RoboticDesign---Team-10/manipulator_work/manipulator_ros2_workspace/install/moveit_task_constructor_visualization/lib/libmoveit_task_visualization_tools.so
[102.572s] -- Installing: /home/mscrobotics2425laptop27/Documents/University/robotic_systems_design_project/RoboticDesign---Team-10/manipulator_work/manipulator_ros2_workspace/install/moveit_task_constructor_visualization/lib/libmotion_planning_tasks_utils.so
[102.574s] -- Installing: /home/mscrobotics2425laptop27/Documents/University/robotic_systems_design_project/RoboticDesign---Team-10/manipulator_work/manipulator_ros2_workspace/install/moveit_task_constructor_visualization/lib/libmotion_planning_tasks_properties.so
[102.575s] -- Set runtime path of "/home/mscrobotics2425laptop27/Documents/University/robotic_systems_design_project/RoboticDesign---Team-10/manipulator_work/manipulator_ros2_workspace/install/moveit_task_constructor_visualization/lib/libmotion_planning_tasks_properties.so" to ""
[102.577s] -- Installing: /home/mscrobotics2425laptop27/Documents/University/robotic_systems_design_project/RoboticDesign---Team-10/manipulator_work/manipulator_ros2_workspace/install/moveit_task_constructor_visualization/lib/libmotion_planning_tasks_rviz_plugin.so.0.1.3
[102.587s] -- Set runtime path of "/home/mscrobotics2425laptop27/Documents/University/robotic_systems_design_project/RoboticDesign---Team-10/manipulator_work/manipulator_ros2_workspace/install/moveit_task_constructor_visualization/lib/libmotion_planning_tasks_rviz_plugin.so.0.1.3" to ""
[102.588s] -- Up-to-date: /home/mscrobotics2425laptop27/Documents/University/robotic_systems_design_project/RoboticDesign---Team-10/manipulator_work/manipulator_ros2_workspace/install/moveit_task_constructor_visualization/lib/libmotion_planning_tasks_rviz_plugin.so
[102.589s] -- Up-to-date: /home/mscrobotics2425laptop27/Documents/University/robotic_systems_design_project/RoboticDesign---Team-10/manipulator_work/manipulator_ros2_workspace/install/moveit_task_constructor_visualization/share/icons
[102.589s] -- Up-to-date: /home/mscrobotics2425laptop27/Documents/University/robotic_systems_design_project/RoboticDesign---Team-10/manipulator_work/manipulator_ros2_workspace/install/moveit_task_constructor_visualization/share/icons/classes
[102.590s] -- Installing: /home/mscrobotics2425laptop27/Documents/University/robotic_systems_design_project/RoboticDesign---Team-10/manipulator_work/manipulator_ros2_workspace/install/moveit_task_constructor_visualization/share/icons/classes/Motion Planning Tasks.svg
[102.590s] -- Installing: /home/mscrobotics2425laptop27/Documents/University/robotic_systems_design_project/RoboticDesign---Team-10/manipulator_work/manipulator_ros2_workspace/install/moveit_task_constructor_visualization/share/moveit_task_constructor_visualization/motion_planning_tasks_rviz_plugin_description.xml
[102.592s] -- Installing: /home/mscrobotics2425laptop27/Documents/University/robotic_systems_design_project/RoboticDesign---Team-10/manipulator_work/manipulator_ros2_workspace/install/moveit_task_constructor_visualization/share/moveit_task_constructor_visualization/environment/library_path.sh
[102.593s] -- Installing: /home/mscrobotics2425laptop27/Documents/University/robotic_systems_design_project/RoboticDesign---Team-10/manipulator_work/manipulator_ros2_workspace/install/moveit_task_constructor_visualization/share/moveit_task_constructor_visualization/environment/library_path.dsv
[102.593s] -- Up-to-date: /home/mscrobotics2425laptop27/Documents/University/robotic_systems_design_project/RoboticDesign---Team-10/manipulator_work/manipulator_ros2_workspace/install/moveit_task_constructor_visualization/share/ament_index/resource_index/package_run_dependencies/moveit_task_constructor_visualization
[102.594s] -- Up-to-date: /home/mscrobotics2425laptop27/Documents/University/robotic_systems_design_project/RoboticDesign---Team-10/manipulator_work/manipulator_ros2_workspace/install/moveit_task_constructor_visualization/share/ament_index/resource_index/parent_prefix_path/moveit_task_constructor_visualization
[102.594s] -- Installing: /home/mscrobotics2425laptop27/Documents/University/robotic_systems_design_project/RoboticDesign---Team-10/manipulator_work/manipulator_ros2_workspace/install/moveit_task_constructor_visualization/share/moveit_task_constructor_visualization/environment/ament_prefix_path.sh
[102.594s] -- Installing: /home/mscrobotics2425laptop27/Documents/University/robotic_systems_design_project/RoboticDesign---Team-10/manipulator_work/manipulator_ros2_workspace/install/moveit_task_constructor_visualization/share/moveit_task_constructor_visualization/environment/ament_prefix_path.dsv
[102.595s] -- Installing: /home/mscrobotics2425laptop27/Documents/University/robotic_systems_design_project/RoboticDesign---Team-10/manipulator_work/manipulator_ros2_workspace/install/moveit_task_constructor_visualization/share/moveit_task_constructor_visualization/environment/path.sh
[102.596s] -- Installing: /home/mscrobotics2425laptop27/Documents/University/robotic_systems_design_project/RoboticDesign---Team-10/manipulator_work/manipulator_ros2_workspace/install/moveit_task_constructor_visualization/share/moveit_task_constructor_visualization/environment/path.dsv
[102.596s] -- Up-to-date: /home/mscrobotics2425laptop27/Documents/University/robotic_systems_design_project/RoboticDesign---Team-10/manipulator_work/manipulator_ros2_workspace/install/moveit_task_constructor_visualization/share/moveit_task_constructor_visualization/local_setup.bash
[102.597s] -- Up-to-date: /home/mscrobotics2425laptop27/Documents/University/robotic_systems_design_project/RoboticDesign---Team-10/manipulator_work/manipulator_ros2_workspace/install/moveit_task_constructor_visualization/share/moveit_task_constructor_visualization/local_setup.sh
[102.598s] -- Up-to-date: /home/mscrobotics2425laptop27/Documents/University/robotic_systems_design_project/RoboticDesign---Team-10/manipulator_work/manipulator_ros2_workspace/install/moveit_task_constructor_visualization/share/moveit_task_constructor_visualization/local_setup.zsh
[102.598s] -- Installing: /home/mscrobotics2425laptop27/Documents/University/robotic_systems_design_project/RoboticDesign---Team-10/manipulator_work/manipulator_ros2_workspace/install/moveit_task_constructor_visualization/share/moveit_task_constructor_visualization/local_setup.dsv
[102.598s] -- Installing: /home/mscrobotics2425laptop27/Documents/University/robotic_systems_design_project/RoboticDesign---Team-10/manipulator_work/manipulator_ros2_workspace/install/moveit_task_constructor_visualization/share/moveit_task_constructor_visualization/package.dsv
[102.599s] -- Up-to-date: /home/mscrobotics2425laptop27/Documents/University/robotic_systems_design_project/RoboticDesign---Team-10/manipulator_work/manipulator_ros2_workspace/install/moveit_task_constructor_visualization/share/ament_index/resource_index/packages/moveit_task_constructor_visualization
[102.599s] -- Up-to-date: /home/mscrobotics2425laptop27/Documents/University/robotic_systems_design_project/RoboticDesign---Team-10/manipulator_work/manipulator_ros2_workspace/install/moveit_task_constructor_visualization/share/ament_index/resource_index/rviz_common__pluginlib__plugin/moveit_task_constructor_visualization
[102.600s] -- Up-to-date: /home/mscrobotics2425laptop27/Documents/University/robotic_systems_design_project/RoboticDesign---Team-10/manipulator_work/manipulator_ros2_workspace/install/moveit_task_constructor_visualization/share/moveit_task_constructor_visualization/cmake/ament_cmake_export_include_directories-extras.cmake
[102.600s] -- Up-to-date: /home/mscrobotics2425laptop27/Documents/University/robotic_systems_design_project/RoboticDesign---Team-10/manipulator_work/manipulator_ros2_workspace/install/moveit_task_constructor_visualization/share/moveit_task_constructor_visualization/cmake/ament_cmake_export_libraries-extras.cmake
[102.600s] -- Up-to-date: /home/mscrobotics2425laptop27/Documents/University/robotic_systems_design_project/RoboticDesign---Team-10/manipulator_work/manipulator_ros2_workspace/install/moveit_task_constructor_visualization/share/moveit_task_constructor_visualization/cmake/ament_cmake_export_dependencies-extras.cmake
[102.600s] -- Up-to-date: /home/mscrobotics2425laptop27/Documents/University/robotic_systems_design_project/RoboticDesign---Team-10/manipulator_work/manipulator_ros2_workspace/install/moveit_task_constructor_visualization/share/moveit_task_constructor_visualization/cmake/moveit_task_constructor_visualizationConfig.cmake
[102.600s] -- Up-to-date: /home/mscrobotics2425laptop27/Documents/University/robotic_systems_design_project/RoboticDesign---Team-10/manipulator_work/manipulator_ros2_workspace/install/moveit_task_constructor_visualization/share/moveit_task_constructor_visualization/cmake/moveit_task_constructor_visualizationConfig-version.cmake
[102.600s] -- Installing: /home/mscrobotics2425laptop27/Documents/University/robotic_systems_design_project/RoboticDesign---Team-10/manipulator_work/manipulator_ros2_workspace/install/moveit_task_constructor_visualization/share/moveit_task_constructor_visualization/package.xml
[102.604s] Invoked command in '/home/mscrobotics2425laptop27/Documents/University/robotic_systems_design_project/RoboticDesign---Team-10/manipulator_work/manipulator_ros2_workspace/build/moveit_task_constructor_visualization' returned '0': AMENT_PREFIX_PATH=/home/mscrobotics2425laptop27/Documents/University/robotic_systems_design_project/RoboticDesign---Team-10/manipulator_work/manipulator_ros2_workspace/install/moveit_task_constructor_core:/home/mscrobotics2425laptop27/Documents/University/robotic_systems_design_project/RoboticDesign---Team-10/manipulator_work/manipulator_ros2_workspace/install/rviz_marker_tools:/home/mscrobotics2425laptop27/Documents/University/robotic_systems_design_project/RoboticDesign---Team-10/manipulator_work/manipulator_ros2_workspace/install/moveit_task_constructor_msgs:${AMENT_PREFIX_PATH} CMAKE_MODULE_PATH=/home/mscrobotics2425laptop27/Documents/University/robotic_systems_design_project/RoboticDesign---Team-10/manipulator_work/manipulator_ros2_workspace/install/moveit_task_constructor_core/share/moveit_task_constructor_core/cmake CMAKE_PREFIX_PATH=/home/mscrobotics2425laptop27/Documents/University/robotic_systems_design_project/RoboticDesign---Team-10/manipulator_work/manipulator_ros2_workspace/install/moveit_task_constructor_core:/home/mscrobotics2425laptop27/Documents/University/robotic_systems_design_project/RoboticDesign---Team-10/manipulator_work/manipulator_ros2_workspace/install/rviz_marker_tools:/home/mscrobotics2425laptop27/Documents/University/robotic_systems_design_project/RoboticDesign---Team-10/manipulator_work/manipulator_ros2_workspace/install/moveit_task_constructor_msgs:/home/mscrobotics2425laptop27/interbotix_ws/install/interbotix_ros_xsarms_examples:/home/mscrobotics2425laptop27/interbotix_ws/install/interbotix_xsarm_moveit_interface:/home/mscrobotics2425laptop27/interbotix_ws/install/interbotix_moveit_interface:/home/mscrobotics2425laptop27/interbotix_ws/install/moveit_visual_tools:/home/mscrobotics2425laptop27/interbotix_ws/install/interbotix_ros_xsarms:/home/mscrobotics2425laptop27/interbotix_ws/install/interbotix_xsarm_moveit:/home/mscrobotics2425laptop27/interbotix_ws/install/interbotix_xsarm_sim:/home/mscrobotics2425laptop27/interbotix_ws/install/interbotix_xsarm_ros_control:/home/mscrobotics2425laptop27/interbotix_ws/install/interbotix_xsarm_puppet:/home/mscrobotics2425laptop27/interbotix_ws/install/interbotix_xsarm_perception:/home/mscrobotics2425laptop27/interbotix_ws/install/interbotix_xsarm_joy:/home/mscrobotics2425laptop27/interbotix_ws/install/interbotix_xsarm_gravity_compensation:/home/mscrobotics2425laptop27/interbotix_ws/install/interbotix_xsarm_dual:/home/mscrobotics2425laptop27/interbotix_ws/install/interbotix_xsarm_control:/home/mscrobotics2425laptop27/interbotix_ws/install/interbotix_xsarm_descriptions:/home/mscrobotics2425laptop27/interbotix_ws/install/interbotix_xs_toolbox:/home/mscrobotics2425laptop27/interbotix_ws/install/interbotix_xs_rviz:/home/mscrobotics2425laptop27/interbotix_ws/install/interbotix_ros_xseries:/home/mscrobotics2425laptop27/interbotix_ws/install/interbotix_xs_sdk:/home/mscrobotics2425laptop27/interbotix_ws/install/interbotix_xs_ros_control:/home/mscrobotics2425laptop27/interbotix_ws/install/interbotix_perception_toolbox:/home/mscrobotics2425laptop27/interbotix_ws/install/interbotix_common_toolbox:/home/mscrobotics2425laptop27/interbotix_ws/install/interbotix_gravity_compensation:/home/mscrobotics2425laptop27/interbotix_ws/install/interbotix_xs_msgs:/home/mscrobotics2425laptop27/interbotix_ws/install/interbotix_xs_driver:/home/mscrobotics2425laptop27/interbotix_ws/install/interbotix_tf_tools:/home/mscrobotics2425laptop27/interbotix_ws/install/interbotix_perception_pipelines:/home/mscrobotics2425laptop27/interbotix_ws/install/interbotix_perception_msgs:/home/mscrobotics2425laptop27/interbotix_ws/install/interbotix_moveit_interface_msgs:/home/mscrobotics2425laptop27/interbotix_ws/install/interbotix_common_sim:/home/mscrobotics2425laptop27/interbotix_ws/install/dynamixel_workbench_toolbox:/home/mscrobotics2425laptop27/apriltag_ws/install/apriltag_ros:/home/mscrobotics2425laptop27/interbotix_ws/install/interbotix_xs_modules:/home/mscrobotics2425laptop27/interbotix_ws/install/interbotix_perception_modules:/home/mscrobotics2425laptop27/interbotix_ws/install/interbotix_common_modules:/opt/ros/humble LD_LIBRARY_PATH=/home/mscrobotics2425laptop27/Documents/University/robotic_systems_design_project/RoboticDesign---Team-10/manipulator_work/manipulator_ros2_workspace/install/moveit_task_constructor_core/lib:/home/mscrobotics2425laptop27/Documents/University/robotic_systems_design_project/RoboticDesign---Team-10/manipulator_work/manipulator_ros2_workspace/install/rviz_marker_tools/lib:/home/mscrobotics2425laptop27/Documents/University/robotic_systems_design_project/RoboticDesign---Team-10/manipulator_work/manipulator_ros2_workspace/install/moveit_task_constructor_msgs/lib:${LD_LIBRARY_PATH} PYTHONPATH=/home/mscrobotics2425laptop27/Documents/University/robotic_systems_design_project/RoboticDesign---Team-10/manipulator_work/manipulator_ros2_workspace/install/moveit_task_constructor_core/local/lib/python3.10/dist-packages:/home/mscrobotics2425laptop27/Documents/University/robotic_systems_design_project/RoboticDesign---Team-10/manipulator_work/manipulator_ros2_workspace/install/moveit_task_constructor_msgs/local/lib/python3.10/dist-packages:${PYTHONPATH} /usr/bin/cmake --install /home/mscrobotics2425laptop27/Documents/University/robotic_systems_design_project/RoboticDesign---Team-10/manipulator_work/manipulator_ros2_workspace/build/moveit_task_constructor_visualization
