In file included from [01m[K/opt/ros/humble/include/rclcpp/rclcpp/client.hpp:40[m[K,
                 from [01m[K/opt/ros/humble/include/rclcpp/rclcpp/callback_group.hpp:24[m[K,
                 from [01m[K/opt/ros/humble/include/rclcpp/rclcpp/any_executable.hpp:20[m[K,
                 from [01m[K/opt/ros/humble/include/rclcpp/rclcpp/memory_strategy.hpp:25[m[K,
                 from [01m[K/opt/ros/humble/include/rclcpp/rclcpp/memory_strategies.hpp:18[m[K,
                 from [01m[K/opt/ros/humble/include/rclcpp/rclcpp/executor_options.hpp:20[m[K,
                 from [01m[K/opt/ros/humble/include/rclcpp/rclcpp/executor.hpp:37[m[K,
                 from [01m[K/opt/ros/humble/include/rclcpp/rclcpp/executors/multi_threaded_executor.hpp:25[m[K,
                 from [01m[K/opt/ros/humble/include/rclcpp/rclcpp/executors.hpp:21[m[K,
                 from [01m[K/opt/ros/humble/include/rclcpp/rclcpp/rclcpp.hpp:155[m[K,
                 from [01m[K/home/mscrobotics2425laptop27/Documents/University/robotic_systems_design_project/RoboticDesign---Team-10/manipulator_work/manipulator_ros2_workspace/src/mtc_tutorial/src/mtc_tutorial.cpp:2[m[K:
[01m[K/home/mscrobotics2425laptop27/Documents/University/robotic_systems_design_project/RoboticDesign---Team-10/manipulator_work/manipulator_ros2_workspace/src/mtc_tutorial/src/mtc_tutorial.cpp:[m[K In constructor ‘[01m[KMTCTaskNode::MTCTaskNode(const rclcpp::NodeOptions&)[m[K’:
[01m[K/home/mscrobotics2425laptop27/Documents/University/robotic_systems_design_project/RoboticDesign---Team-10/manipulator_work/manipulator_ros2_workspace/src/mtc_tutorial/src/mtc_tutorial.cpp:48:23:[m[K [01;31m[Kerror: [m[K‘[01m[Knode[m[K’ was not declared in this scope; did you mean ‘[01m[Knode_[m[K’?
   48 |   RCLCPP_DEBUG_STREAM([01;31m[Knode[m[K->get_logger(), "created node" << 4);
      |                       [01;31m[K^~~~[m[K
[01m[K/home/mscrobotics2425laptop27/Documents/University/robotic_systems_design_project/RoboticDesign---Team-10/manipulator_work/manipulator_ros2_workspace/src/mtc_tutorial/src/mtc_tutorial.cpp:48:3:[m[K [01;31m[Kerror: [m[Ktemplate argument 1 is invalid
   48 |   [01;31m[KRCLCPP_DEBUG_STREAM[m[K(node->get_logger(), "created node" << 4);
      |   [01;31m[K^~~~~~~~~~~~~~~~~~~[m[K
[01m[K/home/mscrobotics2425laptop27/Documents/University/robotic_systems_design_project/RoboticDesign---Team-10/manipulator_work/manipulator_ros2_workspace/src/mtc_tutorial/src/mtc_tutorial.cpp:48:3:[m[K [01;31m[Kerror: [m[Ktemplate argument 1 is invalid
   48 |   [01;31m[KRCLCPP_DEBUG_STREAM[m[K(node->get_logger(), "created node" << 4);
      |   [01;31m[K^~~~~~~~~~~~~~~~~~~[m[K
[01m[K/home/mscrobotics2425laptop27/Documents/University/robotic_systems_design_project/RoboticDesign---Team-10/manipulator_work/manipulator_ros2_workspace/src/mtc_tutorial/src/mtc_tutorial.cpp:48:3:[m[K [01;31m[Kerror: [m[Ktemplate argument 1 is invalid
   48 |   [01;31m[KRCLCPP_DEBUG_STREAM[m[K(node->get_logger(), "created node" << 4);
      |   [01;31m[K^~~~~~~~~~~~~~~~~~~[m[K
gmake[2]: *** [CMakeFiles/mtc_tutorial.dir/build.make:76: CMakeFiles/mtc_tutorial.dir/src/mtc_tutorial.cpp.o] Error 1
gmake[1]: *** [CMakeFiles/Makefile2:137: CMakeFiles/mtc_tutorial.dir/all] Error 2
gmake: *** [Makefile:146: all] Error 2
