[0.013s] Invoking command in '/home/mscrobotics2425laptop7/robotdesign - team10/build/leo': CMAKE_PREFIX_PATH=/home/mscrobotics2425laptop7/robotdesign - team10/install/leo_teleop:/home/mscrobotics2425laptop7/robotdesign - team10/install/leo_msgs:/home/mscrobotics2425laptop7/robotdesign - team10/install/leo_description:/home/mscrobotics2425laptop7/robotdesign - team10/install/leo:/home/mscrobotics2425laptop7/robotdesign - team10/install/object_detect_opencv:/home/mscrobotics2425laptop7/robotdesign - team10/install/navigation_demos:/home/mscrobotics2425laptop7/robotdesign - team10/install/gz_example_robot_description:/opt/ros/humble /usr/bin/cmake --build /home/mscrobotics2425laptop7/robotdesign - team10/build/leo -- -j12 -l12
[0.046s] Invoked command in '/home/mscrobotics2425laptop7/robotdesign - team10/build/leo' returned '0': CMAKE_PREFIX_PATH=/home/mscrobotics2425laptop7/robotdesign - team10/install/leo_teleop:/home/mscrobotics2425laptop7/robotdesign - team10/install/leo_msgs:/home/mscrobotics2425laptop7/robotdesign - team10/install/leo_description:/home/mscrobotics2425laptop7/robotdesign - team10/install/leo:/home/mscrobotics2425laptop7/robotdesign - team10/install/object_detect_opencv:/home/mscrobotics2425laptop7/robotdesign - team10/install/navigation_demos:/home/mscrobotics2425laptop7/robotdesign - team10/install/gz_example_robot_description:/opt/ros/humble /usr/bin/cmake --build /home/mscrobotics2425laptop7/robotdesign - team10/build/leo -- -j12 -l12
[0.067s] Invoking command in '/home/mscrobotics2425laptop7/robotdesign - team10/build/leo': CMAKE_PREFIX_PATH=/home/mscrobotics2425laptop7/robotdesign - team10/install/leo_teleop:/home/mscrobotics2425laptop7/robotdesign - team10/install/leo_msgs:/home/mscrobotics2425laptop7/robotdesign - team10/install/leo_description:/home/mscrobotics2425laptop7/robotdesign - team10/install/leo:/home/mscrobotics2425laptop7/robotdesign - team10/install/object_detect_opencv:/home/mscrobotics2425laptop7/robotdesign - team10/install/navigation_demos:/home/mscrobotics2425laptop7/robotdesign - team10/install/gz_example_robot_description:/opt/ros/humble /usr/bin/cmake --install /home/mscrobotics2425laptop7/robotdesign - team10/build/leo
[0.074s] -- Install configuration: ""
[0.074s] -- Up-to-date: /home/mscrobotics2425laptop7/robotdesign - team10/install/leo/share/ament_index/resource_index/package_run_dependencies/leo
[0.074s] -- Up-to-date: /home/mscrobotics2425laptop7/robotdesign - team10/install/leo/share/ament_index/resource_index/parent_prefix_path/leo
[0.074s] -- Up-to-date: /home/mscrobotics2425laptop7/robotdesign - team10/install/leo/share/leo/environment/ament_prefix_path.sh
[0.074s] -- Up-to-date: /home/mscrobotics2425laptop7/robotdesign - team10/install/leo/share/leo/environment/ament_prefix_path.dsv
[0.074s] -- Up-to-date: /home/mscrobotics2425laptop7/robotdesign - team10/install/leo/share/leo/environment/path.sh
[0.075s] -- Up-to-date: /home/mscrobotics2425laptop7/robotdesign - team10/install/leo/share/leo/environment/path.dsv
[0.075s] -- Up-to-date: /home/mscrobotics2425laptop7/robotdesign - team10/install/leo/share/leo/local_setup.bash
[0.075s] -- Up-to-date: /home/mscrobotics2425laptop7/robotdesign - team10/install/leo/share/leo/local_setup.sh
[0.075s] -- Up-to-date: /home/mscrobotics2425laptop7/robotdesign - team10/install/leo/share/leo/local_setup.zsh
[0.075s] -- Up-to-date: /home/mscrobotics2425laptop7/robotdesign - team10/install/leo/share/leo/local_setup.dsv
[0.075s] -- Installing: /home/mscrobotics2425laptop7/robotdesign - team10/install/leo/share/leo/package.dsv
[0.075s] -- Up-to-date: /home/mscrobotics2425laptop7/robotdesign - team10/install/leo/share/ament_index/resource_index/packages/leo
[0.075s] -- Up-to-date: /home/mscrobotics2425laptop7/robotdesign - team10/install/leo/share/leo/cmake/leoConfig.cmake
[0.075s] -- Up-to-date: /home/mscrobotics2425laptop7/robotdesign - team10/install/leo/share/leo/cmake/leoConfig-version.cmake
[0.075s] -- Up-to-date: /home/mscrobotics2425laptop7/robotdesign - team10/install/leo/share/leo/package.xml
[0.077s] Invoked command in '/home/mscrobotics2425laptop7/robotdesign - team10/build/leo' returned '0': CMAKE_PREFIX_PATH=/home/mscrobotics2425laptop7/robotdesign - team10/install/leo_teleop:/home/mscrobotics2425laptop7/robotdesign - team10/install/leo_msgs:/home/mscrobotics2425laptop7/robotdesign - team10/install/leo_description:/home/mscrobotics2425laptop7/robotdesign - team10/install/leo:/home/mscrobotics2425laptop7/robotdesign - team10/install/object_detect_opencv:/home/mscrobotics2425laptop7/robotdesign - team10/install/navigation_demos:/home/mscrobotics2425laptop7/robotdesign - team10/install/gz_example_robot_description:/opt/ros/humble /usr/bin/cmake --install /home/mscrobotics2425laptop7/robotdesign - team10/build/leo
