[0.021s] Invoking command in '/home/mscrobotics2425laptop7/openCV_ros2/build/cv_bridge': CMAKE_PREFIX_PATH=/opt/ros/humble /usr/bin/cmake /home/mscrobotics2425laptop7/openCV_ros2/src/vision_opencv/cv_bridge -DAMENT_CMAKE_SYMLINK_INSTALL=1 -DCMAKE_INSTALL_PREFIX=/home/mscrobotics2425laptop7/openCV_ros2/install/cv_bridge
[0.162s] -- The C compiler identification is GNU 11.4.0
[0.300s] -- The CXX compiler identification is GNU 11.4.0
[0.314s] -- Detecting C compiler ABI info
[0.432s] -- Detecting C compiler ABI info - done
[0.444s] -- Check for working C compiler: /usr/bin/cc - skipped
[0.446s] -- Detecting C compile features
[0.448s] -- Detecting C compile features - done
[0.456s] -- Detecting CXX compiler ABI info
[0.587s] -- Detecting CXX compiler ABI info - done
[0.601s] -- Check for working CXX compiler: /usr/bin/c++ - skipped
[0.601s] -- Detecting CXX compile features
[0.602s] -- Detecting CXX compile features - done
[0.608s] -- Found ament_cmake_ros: 0.10.0 (/opt/ros/humble/share/ament_cmake_ros/cmake)
[0.892s] -- Found Python3: /usr/bin/python3 (found version "3.10.12") found components: Interpreter 
[0.988s] -- Override CMake install command with custom implementation using symlinks instead of copying resources
[1.577s] -- Found Python3: /usr/include/python3.10 (found version "3.10.12") found components: Development NumPy Interpreter Development.Module Development.Embed 
[1.601s] -- Found Boost: /usr/lib/x86_64-linux-gnu/cmake/Boost-1.74.0/BoostConfig.cmake (found version "1.74.0") found components: python310 
[1.603s] -- Found rcpputils: 2.4.3 (/opt/ros/humble/share/rcpputils/cmake)
[1.641s] -- Found sensor_msgs: 4.2.4 (/opt/ros/humble/share/sensor_msgs/cmake)
[1.675s] -- Found rosidl_generator_c: 3.1.5 (/opt/ros/humble/share/rosidl_generator_c/cmake)
[1.680s] -- Found rosidl_adapter: 3.1.5 (/opt/ros/humble/share/rosidl_adapter/cmake)
[1.688s] -- Found rosidl_generator_cpp: 3.1.5 (/opt/ros/humble/share/rosidl_generator_cpp/cmake)
[1.700s] -- Using all available rosidl_typesupport_c: rosidl_typesupport_fastrtps_c;rosidl_typesupport_introspection_c
[1.722s] -- Using all available rosidl_typesupport_cpp: rosidl_typesupport_fastrtps_cpp;rosidl_typesupport_introspection_cpp
[2.098s] -- Performing Test COMPILER_HAS_HIDDEN_VISIBILITY
[2.247s] -- Performing Test COMPILER_HAS_HIDDEN_VISIBILITY - Success
[2.252s] -- Performing Test COMPILER_HAS_HIDDEN_INLINE_VISIBILITY
[2.427s] -- Performing Test COMPILER_HAS_HIDDEN_INLINE_VISIBILITY - Success
[2.428s] -- Performing Test COMPILER_HAS_DEPRECATED_ATTR
[2.629s] -- Performing Test COMPILER_HAS_DEPRECATED_ATTR - Success
[2.639s] -- Found ament_lint_auto: 0.12.11 (/opt/ros/humble/share/ament_lint_auto/cmake)
[2.906s] -- Found gtest sources under '/opt/ros/humble/src/gtest_vendor': C++ tests using 'Google Test' will be built
[2.911s] -- Looking for pthread.h
[3.071s] -- Looking for pthread.h - found
[3.072s] -- Performing Test CMAKE_HAVE_LIBC_PTHREAD
[3.196s] -- Performing Test CMAKE_HAVE_LIBC_PTHREAD - Success
[3.199s] -- Found Threads: TRUE  
[4.745s] -- Configuring done
[4.798s] -- Generating done
[4.804s] -- Build files have been written to: /home/mscrobotics2425laptop7/openCV_ros2/build/cv_bridge
[4.817s] Invoked command in '/home/mscrobotics2425laptop7/openCV_ros2/build/cv_bridge' returned '0': CMAKE_PREFIX_PATH=/opt/ros/humble /usr/bin/cmake /home/mscrobotics2425laptop7/openCV_ros2/src/vision_opencv/cv_bridge -DAMENT_CMAKE_SYMLINK_INSTALL=1 -DCMAKE_INSTALL_PREFIX=/home/mscrobotics2425laptop7/openCV_ros2/install/cv_bridge
[4.819s] Invoking command in '/home/mscrobotics2425laptop7/openCV_ros2/build/cv_bridge': CMAKE_PREFIX_PATH=/opt/ros/humble /usr/bin/cmake --build /home/mscrobotics2425laptop7/openCV_ros2/build/cv_bridge -- -j12 -l12
[4.897s] [  6%] [32mBuilding CXX object gtest/CMakeFiles/gtest.dir/src/gtest-all.cc.o[0m
[4.905s] [ 12%] [32mBuilding CXX object gtest/CMakeFiles/gtest_main.dir/src/gtest_main.cc.o[0m
[4.907s] [ 18%] [32mBuilding CXX object src/CMakeFiles/cv_bridge.dir/cv_bridge.cpp.o[0m
[4.913s] [ 25%] [32mBuilding CXX object src/CMakeFiles/cv_bridge.dir/rgb_colors.cpp.o[0m
[4.925s] [ 25%] Built target ament_cmake_python_symlink_cv_bridge
[5.491s] running egg_info
[5.494s] creating cv_bridge.egg-info
[5.494s] writing cv_bridge.egg-info/PKG-INFO
[5.495s] writing dependency_links to cv_bridge.egg-info/dependency_links.txt
[5.496s] writing top-level names to cv_bridge.egg-info/top_level.txt
[5.497s] writing manifest file 'cv_bridge.egg-info/SOURCES.txt'
[5.503s] reading manifest file 'cv_bridge.egg-info/SOURCES.txt'
[5.505s] writing manifest file 'cv_bridge.egg-info/SOURCES.txt'
[5.577s] [ 25%] Built target ament_cmake_python_build_cv_bridge_egg
[5.838s] [ 31%] [32m[1mLinking CXX static library libgtest_main.a[0m
[5.905s] [ 31%] Built target gtest_main
[9.538s] [ 37%] [32m[1mLinking CXX static library libgtest.a[0m
[9.613s] [ 37%] Built target gtest
[10.081s] [ 43%] [32m[1mLinking CXX shared library libcv_bridge.so[0m
[10.211s] [ 43%] Built target cv_bridge
[10.239s] [ 50%] [32mBuilding CXX object test/CMakeFiles/cv_bridge-utest.dir/utest2.cpp.o[0m
[10.240s] [ 56%] [32mBuilding CXX object test/CMakeFiles/cv_bridge-utest.dir/test_rgb_colors.cpp.o[0m
[10.245s] [ 68%] [32mBuilding CXX object src/CMakeFiles/cv_bridge_boost.dir/module.cpp.o[0m
[10.246s] [ 68%] [32mBuilding CXX object test/CMakeFiles/cv_bridge-utest.dir/test_endian.cpp.o[0m
[10.246s] [ 75%] [32mBuilding CXX object test/CMakeFiles/cv_bridge-utest.dir/utest.cpp.o[0m
[10.247s] [ 81%] [32mBuilding CXX object test/CMakeFiles/cv_bridge-utest.dir/test_compression.cpp.o[0m
[10.247s] [ 87%] [32mBuilding CXX object src/CMakeFiles/cv_bridge_boost.dir/module_opencv3.cpp.o[0m
[13.732s] [ 93%] [32m[1mLinking CXX executable cv_bridge-utest[0m
[14.285s] [ 93%] Built target cv_bridge-utest
[14.954s] [100%] [32m[1mLinking CXX shared module boost/cv_bridge_boost.so[0m
[15.072s] [100%] Built target cv_bridge_boost
[15.085s] Invoked command in '/home/mscrobotics2425laptop7/openCV_ros2/build/cv_bridge' returned '0': CMAKE_PREFIX_PATH=/opt/ros/humble /usr/bin/cmake --build /home/mscrobotics2425laptop7/openCV_ros2/build/cv_bridge -- -j12 -l12
[15.117s] Invoking command in '/home/mscrobotics2425laptop7/openCV_ros2/build/cv_bridge': CMAKE_PREFIX_PATH=/opt/ros/humble /usr/bin/cmake --install /home/mscrobotics2425laptop7/openCV_ros2/build/cv_bridge
[15.125s] -- Install configuration: ""
[15.126s] -- Execute custom install script
[15.126s] -- Symlinking: /home/mscrobotics2425laptop7/openCV_ros2/install/cv_bridge/share/cv_bridge/environment/pythonpath.sh
[15.135s] -- Symlinking: /home/mscrobotics2425laptop7/openCV_ros2/install/cv_bridge/share/cv_bridge/environment/pythonpath.dsv
[15.142s] -- Symlinking: /home/mscrobotics2425laptop7/openCV_ros2/install/cv_bridge/local/lib/python3.10/dist-packages/cv_bridge-3.2.1-py3.10.egg-info/PKG-INFO
[15.149s] -- Symlinking: /home/mscrobotics2425laptop7/openCV_ros2/install/cv_bridge/local/lib/python3.10/dist-packages/cv_bridge-3.2.1-py3.10.egg-info/SOURCES.txt
[15.159s] -- Symlinking: /home/mscrobotics2425laptop7/openCV_ros2/install/cv_bridge/local/lib/python3.10/dist-packages/cv_bridge-3.2.1-py3.10.egg-info/dependency_links.txt
[15.167s] -- Symlinking: /home/mscrobotics2425laptop7/openCV_ros2/install/cv_bridge/local/lib/python3.10/dist-packages/cv_bridge-3.2.1-py3.10.egg-info/top_level.txt
[15.178s] -- Symlinking: /home/mscrobotics2425laptop7/openCV_ros2/install/cv_bridge/local/lib/python3.10/dist-packages/cv_bridge/__init__.py
[15.186s] -- Symlinking: /home/mscrobotics2425laptop7/openCV_ros2/install/cv_bridge/local/lib/python3.10/dist-packages/cv_bridge/core.py
[15.196s] -- Symlinking: /home/mscrobotics2425laptop7/openCV_ros2/install/cv_bridge/include/cv_bridge/cv_bridge/cv_bridge_export.h
[15.207s] -- Symlinking: /home/mscrobotics2425laptop7/openCV_ros2/install/cv_bridge/local/lib/python3.10/dist-packages/cv_bridge/boost//cv_bridge_boost.so
[15.214s] -- Symlinking: /home/mscrobotics2425laptop7/openCV_ros2/install/cv_bridge/include/cv_bridge/cv_bridge/cv_bridge.h
[15.223s] -- Symlinking: /home/mscrobotics2425laptop7/openCV_ros2/install/cv_bridge/include/cv_bridge/cv_bridge/rgb_colors.h
[15.232s] -- Symlinking: /home/mscrobotics2425laptop7/openCV_ros2/install/cv_bridge/lib/libcv_bridge.so
[15.239s] -- Symlinking: /home/mscrobotics2425laptop7/openCV_ros2/install/cv_bridge/share/ament_index/resource_index/package_run_dependencies/cv_bridge
[15.249s] -- Symlinking: /home/mscrobotics2425laptop7/openCV_ros2/install/cv_bridge/share/ament_index/resource_index/parent_prefix_path/cv_bridge
[15.258s] -- Symlinking: /home/mscrobotics2425laptop7/openCV_ros2/install/cv_bridge/share/cv_bridge/environment/ament_prefix_path.sh
[15.268s] -- Symlinking: /home/mscrobotics2425laptop7/openCV_ros2/install/cv_bridge/share/cv_bridge/environment/ament_prefix_path.dsv
[15.278s] -- Symlinking: /home/mscrobotics2425laptop7/openCV_ros2/install/cv_bridge/share/cv_bridge/environment/path.sh
[15.287s] -- Symlinking: /home/mscrobotics2425laptop7/openCV_ros2/install/cv_bridge/share/cv_bridge/environment/path.dsv
[15.297s] -- Symlinking: /home/mscrobotics2425laptop7/openCV_ros2/install/cv_bridge/share/cv_bridge/local_setup.bash
[15.308s] -- Symlinking: /home/mscrobotics2425laptop7/openCV_ros2/install/cv_bridge/share/cv_bridge/local_setup.sh
[15.316s] -- Symlinking: /home/mscrobotics2425laptop7/openCV_ros2/install/cv_bridge/share/cv_bridge/local_setup.zsh
[15.324s] -- Symlinking: /home/mscrobotics2425laptop7/openCV_ros2/install/cv_bridge/share/cv_bridge/local_setup.dsv
[15.331s] -- Symlinking: /home/mscrobotics2425laptop7/openCV_ros2/install/cv_bridge/share/cv_bridge/package.dsv
[15.339s] -- Symlinking: /home/mscrobotics2425laptop7/openCV_ros2/install/cv_bridge/share/ament_index/resource_index/packages/cv_bridge
[15.347s] -- Symlinking: /home/mscrobotics2425laptop7/openCV_ros2/install/cv_bridge/share/cv_bridge/cmake/cv_bridge-extras.cmake
[15.357s] -- Symlinking: /home/mscrobotics2425laptop7/openCV_ros2/install/cv_bridge/share/cv_bridge/cmake/ament_cmake_export_dependencies-extras.cmake
[15.368s] -- Symlinking: /home/mscrobotics2425laptop7/openCV_ros2/install/cv_bridge/share/cv_bridge/cmake/ament_cmake_export_targets-extras.cmake
[15.377s] -- Symlinking: /home/mscrobotics2425laptop7/openCV_ros2/install/cv_bridge/share/cv_bridge/cmake/cv_bridgeConfig.cmake
[15.384s] -- Symlinking: /home/mscrobotics2425laptop7/openCV_ros2/install/cv_bridge/share/cv_bridge/cmake/cv_bridgeConfig-version.cmake
[15.394s] -- Symlinking: /home/mscrobotics2425laptop7/openCV_ros2/install/cv_bridge/share/cv_bridge/package.xml
[15.434s] Listing '/home/mscrobotics2425laptop7/openCV_ros2/install/cv_bridge/local/lib/python3.10/dist-packages/cv_bridge'...
[15.435s] Compiling '/home/mscrobotics2425laptop7/openCV_ros2/install/cv_bridge/local/lib/python3.10/dist-packages/cv_bridge/__init__.py'...
[15.435s] Listing '/home/mscrobotics2425laptop7/openCV_ros2/install/cv_bridge/local/lib/python3.10/dist-packages/cv_bridge/boost'...
[15.435s] Compiling '/home/mscrobotics2425laptop7/openCV_ros2/install/cv_bridge/local/lib/python3.10/dist-packages/cv_bridge/core.py'...
[15.442s] -- Installing: /home/mscrobotics2425laptop7/openCV_ros2/install/cv_bridge/share/cv_bridge/cmake/export_cv_bridgeExport.cmake
[15.442s] -- Installing: /home/mscrobotics2425laptop7/openCV_ros2/install/cv_bridge/share/cv_bridge/cmake/export_cv_bridgeExport-noconfig.cmake
[15.446s] Invoked command in '/home/mscrobotics2425laptop7/openCV_ros2/build/cv_bridge' returned '0': CMAKE_PREFIX_PATH=/opt/ros/humble /usr/bin/cmake --install /home/mscrobotics2425laptop7/openCV_ros2/build/cv_bridge
