[0.023s] Invoking command in '/home/mscrobotics2425laptop7/openCV_ros2/build/image_geometry': CMAKE_PREFIX_PATH=/opt/ros/humble /usr/bin/cmake /home/mscrobotics2425laptop7/openCV_ros2/src/vision_opencv/image_geometry -DAMENT_CMAKE_SYMLINK_INSTALL=1 -DCMAKE_INSTALL_PREFIX=/home/mscrobotics2425laptop7/openCV_ros2/install/image_geometry
[0.159s] -- The C compiler identification is GNU 11.4.0
[0.296s] -- The CXX compiler identification is GNU 11.4.0
[0.308s] -- Detecting C compiler ABI info
[0.428s] -- Detecting C compiler ABI info - done
[0.439s] -- Check for working C compiler: /usr/bin/cc - skipped
[0.440s] -- Detecting C compile features
[0.441s] -- Detecting C compile features - done
[0.451s] -- Detecting CXX compiler ABI info
[0.582s] -- Detecting CXX compiler ABI info - done
[0.599s] -- Check for working CXX compiler: /usr/bin/c++ - skipped
[0.599s] -- Detecting CXX compile features
[0.601s] -- Detecting CXX compile features - done
[0.607s] -- Found ament_cmake_python: 1.3.10 (/opt/ros/humble/share/ament_cmake_python/cmake)
[0.612s] -- Found ament_cmake_ros: 0.10.0 (/opt/ros/humble/share/ament_cmake_ros/cmake)
[0.858s] -- Found Python3: /usr/bin/python3 (found version "3.10.12") found components: Interpreter 
[0.982s] -- Override CMake install command with custom implementation using symlinks instead of copying resources
[1.185s] -- Found OpenCV: /usr (found version "4.5.4") found components: calib3d core highgui imgproc 
[1.188s] -- Found sensor_msgs: 4.2.4 (/opt/ros/humble/share/sensor_msgs/cmake)
[1.260s] -- Found rosidl_generator_c: 3.1.5 (/opt/ros/humble/share/rosidl_generator_c/cmake)
[1.302s] -- Found rosidl_adapter: 3.1.5 (/opt/ros/humble/share/rosidl_adapter/cmake)
[1.344s] -- Found rosidl_generator_cpp: 3.1.5 (/opt/ros/humble/share/rosidl_generator_cpp/cmake)
[1.381s] -- Using all available rosidl_typesupport_c: rosidl_typesupport_fastrtps_c;rosidl_typesupport_introspection_c
[1.396s] -- Using all available rosidl_typesupport_cpp: rosidl_typesupport_fastrtps_cpp;rosidl_typesupport_introspection_cpp
[1.592s] -- Found gtest sources under '/opt/ros/humble/src/gtest_vendor': C++ tests using 'Google Test' will be built
[1.598s] -- Looking for pthread.h
[1.728s] -- Looking for pthread.h - found
[1.729s] -- Performing Test CMAKE_HAVE_LIBC_PTHREAD
[1.867s] -- Performing Test CMAKE_HAVE_LIBC_PTHREAD - Success
[1.868s] -- Found Threads: TRUE  
[1.970s] -- Configuring done
[1.980s] -- Generating done
[1.982s] -- Build files have been written to: /home/mscrobotics2425laptop7/openCV_ros2/build/image_geometry
[1.992s] Invoked command in '/home/mscrobotics2425laptop7/openCV_ros2/build/image_geometry' returned '0': CMAKE_PREFIX_PATH=/opt/ros/humble /usr/bin/cmake /home/mscrobotics2425laptop7/openCV_ros2/src/vision_opencv/image_geometry -DAMENT_CMAKE_SYMLINK_INSTALL=1 -DCMAKE_INSTALL_PREFIX=/home/mscrobotics2425laptop7/openCV_ros2/install/image_geometry
[1.993s] Invoking command in '/home/mscrobotics2425laptop7/openCV_ros2/build/image_geometry': CMAKE_PREFIX_PATH=/opt/ros/humble /usr/bin/cmake --build /home/mscrobotics2425laptop7/openCV_ros2/build/image_geometry -- -j12 -l12
[2.074s] [ 11%] [32mBuilding CXX object CMakeFiles/image_geometry.dir/src/pinhole_camera_model.cpp.o[0m
[2.077s] [ 22%] [32mBuilding CXX object gtest/CMakeFiles/gtest_main.dir/src/gtest_main.cc.o[0m
[2.077s] [ 33%] [32mBuilding CXX object gtest/CMakeFiles/gtest.dir/src/gtest-all.cc.o[0m
[2.082s] [ 44%] [32mBuilding CXX object CMakeFiles/image_geometry.dir/src/stereo_camera_model.cpp.o[0m
[2.094s] [ 44%] Built target ament_cmake_python_symlink_image_geometry
[2.799s] running egg_info
[2.801s] creating image_geometry.egg-info
[2.801s] writing image_geometry.egg-info/PKG-INFO
[2.802s] writing dependency_links to image_geometry.egg-info/dependency_links.txt
[2.802s] writing top-level names to image_geometry.egg-info/top_level.txt
[2.803s] writing manifest file 'image_geometry.egg-info/SOURCES.txt'
[2.808s] reading manifest file 'image_geometry.egg-info/SOURCES.txt'
[2.809s] writing manifest file 'image_geometry.egg-info/SOURCES.txt'
[2.872s] [ 44%] Built target ament_cmake_python_build_image_geometry_egg
[3.631s] [ 55%] [32m[1mLinking CXX static library libgtest_main.a[0m
[3.692s] [ 55%] Built target gtest_main
[4.049s] [ 66%] [32m[1mLinking CXX shared library libimage_geometry.so[0m
[4.268s] [ 66%] Built target image_geometry
[6.518s] [ 77%] [32m[1mLinking CXX static library libgtest.a[0m
[6.611s] [ 77%] Built target gtest
[6.643s] [ 88%] [32mBuilding CXX object CMakeFiles/image_geometry-utest.dir/test/utest.cpp.o[0m
[8.433s] [100%] [32m[1mLinking CXX executable image_geometry-utest[0m
[8.648s] [100%] Built target image_geometry-utest
[8.668s] Invoked command in '/home/mscrobotics2425laptop7/openCV_ros2/build/image_geometry' returned '0': CMAKE_PREFIX_PATH=/opt/ros/humble /usr/bin/cmake --build /home/mscrobotics2425laptop7/openCV_ros2/build/image_geometry -- -j12 -l12
[8.733s] Invoking command in '/home/mscrobotics2425laptop7/openCV_ros2/build/image_geometry': CMAKE_PREFIX_PATH=/opt/ros/humble /usr/bin/cmake --install /home/mscrobotics2425laptop7/openCV_ros2/build/image_geometry
[8.744s] -- Install configuration: ""
[8.746s] -- Execute custom install script
[8.746s] -- Symlinking: /home/mscrobotics2425laptop7/openCV_ros2/install/image_geometry/share/image_geometry/environment/pythonpath.sh
[8.763s] -- Symlinking: /home/mscrobotics2425laptop7/openCV_ros2/install/image_geometry/share/image_geometry/environment/pythonpath.dsv
[8.778s] -- Symlinking: /home/mscrobotics2425laptop7/openCV_ros2/install/image_geometry/local/lib/python3.10/dist-packages/image_geometry-3.2.1-py3.10.egg-info/PKG-INFO
[8.788s] -- Symlinking: /home/mscrobotics2425laptop7/openCV_ros2/install/image_geometry/local/lib/python3.10/dist-packages/image_geometry-3.2.1-py3.10.egg-info/SOURCES.txt
[8.800s] -- Symlinking: /home/mscrobotics2425laptop7/openCV_ros2/install/image_geometry/local/lib/python3.10/dist-packages/image_geometry-3.2.1-py3.10.egg-info/dependency_links.txt
[8.817s] -- Symlinking: /home/mscrobotics2425laptop7/openCV_ros2/install/image_geometry/local/lib/python3.10/dist-packages/image_geometry-3.2.1-py3.10.egg-info/top_level.txt
[8.831s] -- Symlinking: /home/mscrobotics2425laptop7/openCV_ros2/install/image_geometry/local/lib/python3.10/dist-packages/image_geometry/__init__.py
[8.844s] -- Symlinking: /home/mscrobotics2425laptop7/openCV_ros2/install/image_geometry/local/lib/python3.10/dist-packages/image_geometry/cameramodels.py
[8.859s] -- Symlinking: /home/mscrobotics2425laptop7/openCV_ros2/install/image_geometry/include/image_geometry/image_geometry/pinhole_camera_model.h
[8.874s] -- Symlinking: /home/mscrobotics2425laptop7/openCV_ros2/install/image_geometry/include/image_geometry/image_geometry/stereo_camera_model.h
[8.885s] -- Symlinking: /home/mscrobotics2425laptop7/openCV_ros2/install/image_geometry/include/image_geometry/image_geometry/visibility_control.hpp
[8.896s] -- Symlinking: /home/mscrobotics2425laptop7/openCV_ros2/install/image_geometry/share/ament_index/resource_index/package_run_dependencies/image_geometry
[8.905s] -- Symlinking: /home/mscrobotics2425laptop7/openCV_ros2/install/image_geometry/share/ament_index/resource_index/parent_prefix_path/image_geometry
[8.914s] -- Symlinking: /home/mscrobotics2425laptop7/openCV_ros2/install/image_geometry/share/image_geometry/environment/ament_prefix_path.sh
[8.931s] -- Symlinking: /home/mscrobotics2425laptop7/openCV_ros2/install/image_geometry/share/image_geometry/environment/ament_prefix_path.dsv
[8.944s] -- Symlinking: /home/mscrobotics2425laptop7/openCV_ros2/install/image_geometry/share/image_geometry/environment/path.sh
[8.957s] -- Symlinking: /home/mscrobotics2425laptop7/openCV_ros2/install/image_geometry/share/image_geometry/environment/path.dsv
[8.973s] -- Symlinking: /home/mscrobotics2425laptop7/openCV_ros2/install/image_geometry/share/image_geometry/local_setup.bash
[8.982s] -- Symlinking: /home/mscrobotics2425laptop7/openCV_ros2/install/image_geometry/share/image_geometry/local_setup.sh
[8.991s] -- Symlinking: /home/mscrobotics2425laptop7/openCV_ros2/install/image_geometry/share/image_geometry/local_setup.zsh
[8.999s] -- Symlinking: /home/mscrobotics2425laptop7/openCV_ros2/install/image_geometry/share/image_geometry/local_setup.dsv
[9.008s] -- Symlinking: /home/mscrobotics2425laptop7/openCV_ros2/install/image_geometry/share/image_geometry/package.dsv
[9.021s] -- Symlinking: /home/mscrobotics2425laptop7/openCV_ros2/install/image_geometry/share/ament_index/resource_index/packages/image_geometry
[9.033s] -- Symlinking: /home/mscrobotics2425laptop7/openCV_ros2/install/image_geometry/share/image_geometry/cmake/ament_cmake_export_targets-extras.cmake
[9.043s] -- Symlinking: /home/mscrobotics2425laptop7/openCV_ros2/install/image_geometry/share/image_geometry/cmake/ament_cmake_export_dependencies-extras.cmake
[9.056s] -- Symlinking: /home/mscrobotics2425laptop7/openCV_ros2/install/image_geometry/share/image_geometry/cmake/image_geometryConfig.cmake
[9.072s] -- Symlinking: /home/mscrobotics2425laptop7/openCV_ros2/install/image_geometry/share/image_geometry/cmake/image_geometryConfig-version.cmake
[9.085s] -- Symlinking: /home/mscrobotics2425laptop7/openCV_ros2/install/image_geometry/share/image_geometry/package.xml
[9.149s] Listing '/home/mscrobotics2425laptop7/openCV_ros2/install/image_geometry/local/lib/python3.10/dist-packages/image_geometry'...
[9.150s] Compiling '/home/mscrobotics2425laptop7/openCV_ros2/install/image_geometry/local/lib/python3.10/dist-packages/image_geometry/__init__.py'...
[9.150s] Compiling '/home/mscrobotics2425laptop7/openCV_ros2/install/image_geometry/local/lib/python3.10/dist-packages/image_geometry/cameramodels.py'...
[9.161s] -- Installing: /home/mscrobotics2425laptop7/openCV_ros2/install/image_geometry/lib/libimage_geometry.so
[9.164s] -- Set runtime path of "/home/mscrobotics2425laptop7/openCV_ros2/install/image_geometry/lib/libimage_geometry.so" to ""
[9.164s] -- Installing: /home/mscrobotics2425laptop7/openCV_ros2/install/image_geometry/share/image_geometry/cmake/export_image_geometryExport.cmake
[9.165s] -- Installing: /home/mscrobotics2425laptop7/openCV_ros2/install/image_geometry/share/image_geometry/cmake/export_image_geometryExport-noconfig.cmake
[9.172s] Invoked command in '/home/mscrobotics2425laptop7/openCV_ros2/build/image_geometry' returned '0': CMAKE_PREFIX_PATH=/opt/ros/humble /usr/bin/cmake --install /home/mscrobotics2425laptop7/openCV_ros2/build/image_geometry
