[0.007s] Invoking command in '/home/mscrobotics2425laptop7/robotdesign - team10/build/leo': AMENT_PREFIX_PATH=/home/mscrobotics2425laptop7/robotdesign - team10/install/leo_teleop:/home/mscrobotics2425laptop7/robotdesign - team10/install/leo_msgs:/home/mscrobotics2425laptop7/robotdesign - team10/install/leo_description:${AMENT_PREFIX_PATH} CMAKE_PREFIX_PATH=/home/mscrobotics2425laptop7/robotdesign - team10/install/leo_teleop:/home/mscrobotics2425laptop7/robotdesign - team10/install/leo_msgs:/home/mscrobotics2425laptop7/robotdesign - team10/install/leo_description:/opt/ros/humble LD_LIBRARY_PATH=/home/mscrobotics2425laptop7/robotdesign - team10/install/leo_msgs/lib:${LD_LIBRARY_PATH} PYTHONPATH=/home/mscrobotics2425laptop7/robotdesign - team10/install/leo_msgs/local/lib/python3.10/dist-packages:${PYTHONPATH} /usr/bin/cmake --build /home/mscrobotics2425laptop7/robotdesign - team10/build/leo -- -j12 -l12
[0.044s] Invoked command in '/home/mscrobotics2425laptop7/robotdesign - team10/build/leo' returned '0': AMENT_PREFIX_PATH=/home/mscrobotics2425laptop7/robotdesign - team10/install/leo_teleop:/home/mscrobotics2425laptop7/robotdesign - team10/install/leo_msgs:/home/mscrobotics2425laptop7/robotdesign - team10/install/leo_description:${AMENT_PREFIX_PATH} CMAKE_PREFIX_PATH=/home/mscrobotics2425laptop7/robotdesign - team10/install/leo_teleop:/home/mscrobotics2425laptop7/robotdesign - team10/install/leo_msgs:/home/mscrobotics2425laptop7/robotdesign - team10/install/leo_description:/opt/ros/humble LD_LIBRARY_PATH=/home/mscrobotics2425laptop7/robotdesign - team10/install/leo_msgs/lib:${LD_LIBRARY_PATH} PYTHONPATH=/home/mscrobotics2425laptop7/robotdesign - team10/install/leo_msgs/local/lib/python3.10/dist-packages:${PYTHONPATH} /usr/bin/cmake --build /home/mscrobotics2425laptop7/robotdesign - team10/build/leo -- -j12 -l12
[0.062s] Invoking command in '/home/mscrobotics2425laptop7/robotdesign - team10/build/leo': AMENT_PREFIX_PATH=/home/mscrobotics2425laptop7/robotdesign - team10/install/leo_teleop:/home/mscrobotics2425laptop7/robotdesign - team10/install/leo_msgs:/home/mscrobotics2425laptop7/robotdesign - team10/install/leo_description:${AMENT_PREFIX_PATH} CMAKE_PREFIX_PATH=/home/mscrobotics2425laptop7/robotdesign - team10/install/leo_teleop:/home/mscrobotics2425laptop7/robotdesign - team10/install/leo_msgs:/home/mscrobotics2425laptop7/robotdesign - team10/install/leo_description:/opt/ros/humble LD_LIBRARY_PATH=/home/mscrobotics2425laptop7/robotdesign - team10/install/leo_msgs/lib:${LD_LIBRARY_PATH} PYTHONPATH=/home/mscrobotics2425laptop7/robotdesign - team10/install/leo_msgs/local/lib/python3.10/dist-packages:${PYTHONPATH} /usr/bin/cmake --install /home/mscrobotics2425laptop7/robotdesign - team10/build/leo
[0.066s] -- Install configuration: ""
[0.066s] -- Up-to-date: /home/mscrobotics2425laptop7/robotdesign - team10/install/leo/share/ament_index/resource_index/package_run_dependencies/leo
[0.066s] -- Up-to-date: /home/mscrobotics2425laptop7/robotdesign - team10/install/leo/share/ament_index/resource_index/parent_prefix_path/leo
[0.066s] -- Up-to-date: /home/mscrobotics2425laptop7/robotdesign - team10/install/leo/share/leo/environment/ament_prefix_path.sh
[0.067s] -- Up-to-date: /home/mscrobotics2425laptop7/robotdesign - team10/install/leo/share/leo/environment/ament_prefix_path.dsv
[0.067s] -- Up-to-date: /home/mscrobotics2425laptop7/robotdesign - team10/install/leo/share/leo/environment/path.sh
[0.067s] -- Up-to-date: /home/mscrobotics2425laptop7/robotdesign - team10/install/leo/share/leo/environment/path.dsv
[0.067s] -- Up-to-date: /home/mscrobotics2425laptop7/robotdesign - team10/install/leo/share/leo/local_setup.bash
[0.067s] -- Up-to-date: /home/mscrobotics2425laptop7/robotdesign - team10/install/leo/share/leo/local_setup.sh
[0.067s] -- Up-to-date: /home/mscrobotics2425laptop7/robotdesign - team10/install/leo/share/leo/local_setup.zsh
[0.067s] -- Up-to-date: /home/mscrobotics2425laptop7/robotdesign - team10/install/leo/share/leo/local_setup.dsv
[0.067s] -- Up-to-date: /home/mscrobotics2425laptop7/robotdesign - team10/install/leo/share/leo/package.dsv
[0.067s] -- Up-to-date: /home/mscrobotics2425laptop7/robotdesign - team10/install/leo/share/ament_index/resource_index/packages/leo
[0.067s] -- Up-to-date: /home/mscrobotics2425laptop7/robotdesign - team10/install/leo/share/leo/cmake/leoConfig.cmake
[0.067s] -- Up-to-date: /home/mscrobotics2425laptop7/robotdesign - team10/install/leo/share/leo/cmake/leoConfig-version.cmake
[0.067s] -- Up-to-date: /home/mscrobotics2425laptop7/robotdesign - team10/install/leo/share/leo/package.xml
[0.069s] Invoked command in '/home/mscrobotics2425laptop7/robotdesign - team10/build/leo' returned '0': AMENT_PREFIX_PATH=/home/mscrobotics2425laptop7/robotdesign - team10/install/leo_teleop:/home/mscrobotics2425laptop7/robotdesign - team10/install/leo_msgs:/home/mscrobotics2425laptop7/robotdesign - team10/install/leo_description:${AMENT_PREFIX_PATH} CMAKE_PREFIX_PATH=/home/mscrobotics2425laptop7/robotdesign - team10/install/leo_teleop:/home/mscrobotics2425laptop7/robotdesign - team10/install/leo_msgs:/home/mscrobotics2425laptop7/robotdesign - team10/install/leo_description:/opt/ros/humble LD_LIBRARY_PATH=/home/mscrobotics2425laptop7/robotdesign - team10/install/leo_msgs/lib:${LD_LIBRARY_PATH} PYTHONPATH=/home/mscrobotics2425laptop7/robotdesign - team10/install/leo_msgs/local/lib/python3.10/dist-packages:${PYTHONPATH} /usr/bin/cmake --install /home/mscrobotics2425laptop7/robotdesign - team10/build/leo
