[0.036s] Invoking command in '/home/mscrobotics2425laptop27/Documents/University/robotic_systems_design_project/RoboticDesign---Team-10/manipulator_work/manipulator_ros2_workspace/build/px150_move_group_commander': CMAKE_PREFIX_PATH=${CMAKE_PREFIX_PATH}:/home/mscrobotics2425laptop27/interbotix_ws/install/interbotix_xs_modules:/home/mscrobotics2425laptop27/interbotix_ws/install/interbotix_perception_modules:/home/mscrobotics2425laptop27/interbotix_ws/install/interbotix_common_modules:/home/mscrobotics2425laptop27/Documents/University/robotic_systems_design_project/RoboticDesign---Team-10/manipulator_work/manipulator_ros2_workspace/install/manipulator_package:/home/mscrobotics2425laptop27/ws_moveit2/install/moveit_configs_utils:/home/mscrobotics2425laptop27/ws_moveit2/install/launch_param_builder:/opt/ros/humble /usr/bin/cmake --build /home/mscrobotics2425laptop27/Documents/University/robotic_systems_design_project/RoboticDesign---Team-10/manipulator_work/manipulator_ros2_workspace/build/px150_move_group_commander -- -j12 -l12
[0.228s] [ 33%] [32mBuilding CXX object CMakeFiles/px150_move_group_commander_node.dir/src/moveit_interface_obj.cpp.o[0m
[0.262s] [01m[K/home/mscrobotics2425laptop27/Documents/University/robotic_systems_design_project/RoboticDesign---Team-10/manipulator_work/manipulator_ros2_workspace/src/px150_move_group_commander/src/moveit_interface_obj.cpp:28:9:[m[K [01;35m[Kwarning: [m[K#pragma once in main file
[0.262s]    28 | #pragma [01;35m[Konce[m[K
[0.262s]       |         [01;35m[K^~~~[m[K
[6.700s] [01m[K/home/mscrobotics2425laptop27/Documents/University/robotic_systems_design_project/RoboticDesign---Team-10/manipulator_work/manipulator_ros2_workspace/src/px150_move_group_commander/src/moveit_interface_obj.cpp:[m[K In member function ‘[01m[Kvoid interbotix::InterbotixMoveItInterface::move_arm_to_position_callback(std::shared_ptr<std_srvs::srv::Trigger_Request_<std::allocator<void> > >, std::shared_ptr<std_srvs::srv::Trigger_Response_<std::allocator<void> > >)[m[K’:
[6.700s] [01m[K/home/mscrobotics2425laptop27/Documents/University/robotic_systems_design_project/RoboticDesign---Team-10/manipulator_work/manipulator_ros2_workspace/src/px150_move_group_commander/src/moveit_interface_obj.cpp:115:12:[m[K [01;35m[Kwarning: [m[Kunused variable ‘[01m[Kexecute_outcome[m[K’ [[01;35m[K]8;;https://gcc.gnu.org/onlinedocs/gcc/Warning-Options.html#index-Wunused-variable-Wunused-variable]8;;[m[K]
[6.701s]   115 |       bool [01;35m[Kexecute_outcome[m[K =  InterbotixMoveItInterface::moveit_execute_plan();
[6.701s]       |            [01;35m[K^~~~~~~~~~~~~~~[m[K
[6.701s] [01m[K/home/mscrobotics2425laptop27/Documents/University/robotic_systems_design_project/RoboticDesign---Team-10/manipulator_work/manipulator_ros2_workspace/src/px150_move_group_commander/src/moveit_interface_obj.cpp:111:118:[m[K [01;35m[Kwarning: [m[Kunused parameter ‘[01m[Krequest[m[K’ [[01;35m[K]8;;https://gcc.gnu.org/onlinedocs/gcc/Warning-Options.html#index-Wunused-parameter-Wunused-parameter]8;;[m[K]
[6.701s]   111 | void InterbotixMoveItInterface::move_arm_to_position_callback([01;35m[Kconst std::shared_ptr<std_srvs::srv::Trigger::Request> request[m[K,
[6.701s]       |                                                               [01;35m[K~~~~~~~~~~~~~~~~~~~~~~~~~~~~~~~~~~~~~~~~~~~~~~~~~~~~~~~^~~~~~~[m[K
[7.788s] In file included from [01m[K/opt/ros/humble/include/rclcpp/rclcpp/service.hpp:36[m[K,
[7.788s]                  from [01m[K/opt/ros/humble/include/rclcpp/rclcpp/callback_group.hpp:28[m[K,
[7.788s]                  from [01m[K/opt/ros/humble/include/rclcpp/rclcpp/any_executable.hpp:20[m[K,
[7.788s]                  from [01m[K/opt/ros/humble/include/rclcpp/rclcpp/memory_strategy.hpp:25[m[K,
[7.788s]                  from [01m[K/opt/ros/humble/include/rclcpp/rclcpp/memory_strategies.hpp:18[m[K,
[7.788s]                  from [01m[K/opt/ros/humble/include/rclcpp/rclcpp/executor_options.hpp:20[m[K,
[7.789s]                  from [01m[K/opt/ros/humble/include/rclcpp/rclcpp/executor.hpp:37[m[K,
[7.789s]                  from [01m[K/opt/ros/humble/include/rclcpp/rclcpp/executors/multi_threaded_executor.hpp:25[m[K,
[7.790s]                  from [01m[K/opt/ros/humble/include/rclcpp/rclcpp/executors.hpp:21[m[K,
[7.790s]                  from [01m[K/opt/ros/humble/include/rclcpp/rclcpp/rclcpp.hpp:155[m[K,
[7.790s]                  from [01m[K/home/mscrobotics2425laptop27/Documents/University/robotic_systems_design_project/RoboticDesign---Team-10/manipulator_work/manipulator_ros2_workspace/src/px150_move_group_commander/include/interbotix_moveit_interface/moveit_interface_obj.hpp:36[m[K,
[7.790s]                  from [01m[K/home/mscrobotics2425laptop27/Documents/University/robotic_systems_design_project/RoboticDesign---Team-10/manipulator_work/manipulator_ros2_workspace/src/px150_move_group_commander/src/moveit_interface_obj.cpp:29[m[K:
[7.790s] /opt/ros/humble/include/rclcpp/rclcpp/any_service_callback.hpp: In instantiation of ‘[01m[Kvoid rclcpp::AnyServiceCallback<ServiceT>::set(CallbackT&&) [with CallbackT = std::_Bind<void (interbotix::InterbotixMoveItInterface::*(std::shared_ptr<rclcpp::Node>, std::_Placeholder<1>, std::_Placeholder<2>))(std::shared_ptr<std_srvs::srv::Trigger_Request_<std::allocator<void> > >, std::shared_ptr<std_srvs::srv::Trigger_Response_<std::allocator<void> > >)>; typename std::enable_if<(! rclcpp::detail::can_be_nullptr<CallbackT>::value), int>::type <anonymous> = 0; ServiceT = std_srvs::srv::Trigger][m[K’:
[7.790s] [01m[K/opt/ros/humble/include/rclcpp/rclcpp/create_service.hpp:43:27:[m[K   required from ‘[01m[Ktypename rclcpp::Service<ServiceT>::SharedPtr rclcpp::create_service(std::shared_ptr<rclcpp::node_interfaces::NodeBaseInterface>, std::shared_ptr<rclcpp::node_interfaces::NodeServicesInterface>, const string&, CallbackT&&, const rmw_qos_profile_t&, rclcpp::CallbackGroup::SharedPtr) [with ServiceT = std_srvs::srv::Trigger; CallbackT = std::_Bind<void (interbotix::InterbotixMoveItInterface::*(std::shared_ptr<rclcpp::Node>, std::_Placeholder<1>, std::_Placeholder<2>))(std::shared_ptr<std_srvs::srv::Trigger_Request_<std::allocator<void> > >, std::shared_ptr<std_srvs::srv::Trigger_Response_<std::allocator<void> > >)>; typename rclcpp::Service<ServiceT>::SharedPtr = std::shared_ptr<rclcpp::Service<std_srvs::srv::Trigger> >; std::string = std::__cxx11::basic_string<char>; rmw_qos_profile_t = rmw_qos_profile_s; rclcpp::CallbackGroup::SharedPtr = std::shared_ptr<rclcpp::CallbackGroup>][m[K’
[7.790s] [01m[K/opt/ros/humble/include/rclcpp/rclcpp/node_impl.hpp:147:53:[m[K   required from ‘[01m[Ktypename rclcpp::Service<ServiceT>::SharedPtr rclcpp::Node::create_service(const string&, CallbackT&&, const rmw_qos_profile_t&, rclcpp::CallbackGroup::SharedPtr) [with ServiceT = std_srvs::srv::Trigger; CallbackT = std::_Bind<void (interbotix::InterbotixMoveItInterface::*(std::shared_ptr<rclcpp::Node>, std::_Placeholder<1>, std::_Placeholder<2>))(std::shared_ptr<std_srvs::srv::Trigger_Request_<std::allocator<void> > >, std::shared_ptr<std_srvs::srv::Trigger_Response_<std::allocator<void> > >)>; typename rclcpp::Service<ServiceT>::SharedPtr = std::shared_ptr<rclcpp::Service<std_srvs::srv::Trigger> >; std::string = std::__cxx11::basic_string<char>; rmw_qos_profile_t = rmw_qos_profile_s; rclcpp::CallbackGroup::SharedPtr = std::shared_ptr<rclcpp::CallbackGroup>][m[K’
[7.790s] [01m[K/home/mscrobotics2425laptop27/Documents/University/robotic_systems_design_project/RoboticDesign---Team-10/manipulator_work/manipulator_ros2_workspace/src/px150_move_group_commander/src/moveit_interface_obj.cpp:98:109:[m[K   required from here
[7.791s] [01m[K/opt/ros/humble/include/rclcpp/rclcpp/any_service_callback.hpp:78:52:[m[K [01;31m[Kerror: [m[Kno matching function for call to ‘[01m[Kstd::variant<std::monostate, std::function<void(std::shared_ptr<std_srvs::srv::Trigger_Request_<std::allocator<void> > >, std::shared_ptr<std_srvs::srv::Trigger_Response_<std::allocator<void> > >)>, std::function<void(std::shared_ptr<rmw_request_id_s>, std::shared_ptr<std_srvs::srv::Trigger_Request_<std::allocator<void> > >, std::shared_ptr<std_srvs::srv::Trigger_Response_<std::allocator<void> > >)>, std::function<void(std::shared_ptr<rmw_request_id_s>, std::shared_ptr<std_srvs::srv::Trigger_Request_<std::allocator<void> > >)>, std::function<void(std::shared_ptr<rclcpp::Service<std_srvs::srv::Trigger> >, std::shared_ptr<rmw_request_id_s>, std::shared_ptr<std_srvs::srv::Trigger_Request_<std::allocator<void> > >)> >::emplace<rclcpp::AnyServiceCallback<std_srvs::srv::Trigger>::SharedPtrCallback>(std::_Bind<void (interbotix::InterbotixMoveItInterface::*(std::shared_ptr<rclcpp::Node>, std::_Placeholder<1>, std::_Placeholder<2>))(std::shared_ptr<std_srvs::srv::Trigger_Request_<std::allocator<void> > >, std::shared_ptr<std_srvs::srv::Trigger_Response_<std::allocator<void> > >)>&)[m[K’
[7.791s]    78 |       [01;31m[Kcallback_.template emplace<SharedPtrCallback>(callback)[m[K;
[7.791s]       |       [01;31m[K~~~~~~~~~~~~~~~~~~~~~~~~~~~~~~~~~~~~~~~~~~~~~^~~~~~~~~~[m[K
[7.791s] In file included from [01m[K/opt/ros/humble/include/rclcpp/rclcpp/client.hpp:28[m[K,
[7.791s]                  from [01m[K/opt/ros/humble/include/rclcpp/rclcpp/callback_group.hpp:24[m[K,
[7.791s]                  from [01m[K/opt/ros/humble/include/rclcpp/rclcpp/any_executable.hpp:20[m[K,
[7.791s]                  from [01m[K/opt/ros/humble/include/rclcpp/rclcpp/memory_strategy.hpp:25[m[K,
[7.791s]                  from [01m[K/opt/ros/humble/include/rclcpp/rclcpp/memory_strategies.hpp:18[m[K,
[7.791s]                  from [01m[K/opt/ros/humble/include/rclcpp/rclcpp/executor_options.hpp:20[m[K,
[7.791s]                  from [01m[K/opt/ros/humble/include/rclcpp/rclcpp/executor.hpp:37[m[K,
[7.791s]                  from [01m[K/opt/ros/humble/include/rclcpp/rclcpp/executors/multi_threaded_executor.hpp:25[m[K,
[7.792s]                  from [01m[K/opt/ros/humble/include/rclcpp/rclcpp/executors.hpp:21[m[K,
[7.792s]                  from [01m[K/opt/ros/humble/include/rclcpp/rclcpp/rclcpp.hpp:155[m[K,
[7.792s]                  from [01m[K/home/mscrobotics2425laptop27/Documents/University/robotic_systems_design_project/RoboticDesign---Team-10/manipulator_work/manipulator_ros2_workspace/src/px150_move_group_commander/include/interbotix_moveit_interface/moveit_interface_obj.hpp:36[m[K,
[7.792s]                  from [01m[K/home/mscrobotics2425laptop27/Documents/University/robotic_systems_design_project/RoboticDesign---Team-10/manipulator_work/manipulator_ros2_workspace/src/px150_move_group_commander/src/moveit_interface_obj.cpp:29[m[K:
[7.792s] [01m[K/usr/include/c++/11/variant:1485:9:[m[K [01;36m[Knote: [m[Kcandidate: ‘[01m[Ktemplate<class _Tp, class ... _Args> std::enable_if_t<(is_constructible_v<_Tp, _Args ...> && __exactly_once<_Tp>), _Tp&> std::variant<_Types>::emplace(_Args&& ...) [with _Tp = _Tp; _Args = {_Args ...}; _Types = {std::monostate, std::function<void(std::shared_ptr<std_srvs::srv::Trigger_Request_<std::allocator<void> > >, std::shared_ptr<std_srvs::srv::Trigger_Response_<std::allocator<void> > >)>, std::function<void(std::shared_ptr<rmw_request_id_s>, std::shared_ptr<std_srvs::srv::Trigger_Request_<std::allocator<void> > >, std::shared_ptr<std_srvs::srv::Trigger_Response_<std::allocator<void> > >)>, std::function<void(std::shared_ptr<rmw_request_id_s>, std::shared_ptr<std_srvs::srv::Trigger_Request_<std::allocator<void> > >)>, std::function<void(std::shared_ptr<rclcpp::Service<std_srvs::srv::Trigger> >, std::shared_ptr<rmw_request_id_s>, std::shared_ptr<std_srvs::srv::Trigger_Request_<std::allocator<void> > >)>}][m[K’
[7.792s]  1485 |         [01;36m[Kemplace[m[K(_Args&&... __args)
[7.792s]       |         [01;36m[K^~~~~~~[m[K
[7.792s] [01m[K/usr/include/c++/11/variant:1485:9:[m[K [01;36m[Knote: [m[K  template argument deduction/substitution failed:
[7.792s] In file included from [01m[K/usr/include/c++/11/bits/move.h:57[m[K,
[7.792s]                  from [01m[K/usr/include/c++/11/bits/stl_pair.h:59[m[K,
[7.793s]                  from [01m[K/usr/include/c++/11/bits/stl_algobase.h:64[m[K,
[7.793s]                  from [01m[K/usr/include/c++/11/memory:63[m[K,
[7.793s]                  from [01m[K/home/mscrobotics2425laptop27/Documents/University/robotic_systems_design_project/RoboticDesign---Team-10/manipulator_work/manipulator_ros2_workspace/src/px150_move_group_commander/include/interbotix_moveit_interface/moveit_interface_obj.hpp:32[m[K,
[7.793s]                  from [01m[K/home/mscrobotics2425laptop27/Documents/University/robotic_systems_design_project/RoboticDesign---Team-10/manipulator_work/manipulator_ros2_workspace/src/px150_move_group_commander/src/moveit_interface_obj.cpp:29[m[K:
[7.793s] /usr/include/c++/11/type_traits: In substitution of ‘[01m[Ktemplate<bool _Cond, class _Tp> using enable_if_t = typename std::enable_if::type [with bool _Cond = false; _Tp = std::function<void(std::shared_ptr<std_srvs::srv::Trigger_Request_<std::allocator<void> > >, std::shared_ptr<std_srvs::srv::Trigger_Response_<std::allocator<void> > >)>&][m[K’:
[7.793s] [01m[K/usr/include/c++/11/variant:1485:2:[m[K   required by substitution of ‘[01m[Ktemplate<class _Tp, class ... _Args> std::enable_if_t<(is_constructible_v<_Tp, _Args ...> && __exactly_once<_Tp>), _Tp&> std::variant<std::monostate, std::function<void(std::shared_ptr<std_srvs::srv::Trigger_Request_<std::allocator<void> > >, std::shared_ptr<std_srvs::srv::Trigger_Response_<std::allocator<void> > >)>, std::function<void(std::shared_ptr<rmw_request_id_s>, std::shared_ptr<std_srvs::srv::Trigger_Request_<std::allocator<void> > >, std::shared_ptr<std_srvs::srv::Trigger_Response_<std::allocator<void> > >)>, std::function<void(std::shared_ptr<rmw_request_id_s>, std::shared_ptr<std_srvs::srv::Trigger_Request_<std::allocator<void> > >)>, std::function<void(std::shared_ptr<rclcpp::Service<std_srvs::srv::Trigger> >, std::shared_ptr<rmw_request_id_s>, std::shared_ptr<std_srvs::srv::Trigger_Request_<std::allocator<void> > >)> >::emplace<_Tp, _Args ...>(_Args&& ...) [with _Tp = std::function<void(std::shared_ptr<std_srvs::srv::Trigger_Request_<std::allocator<void> > >, std::shared_ptr<std_srvs::srv::Trigger_Response_<std::allocator<void> > >)>; _Args = {std::_Bind<void (interbotix::InterbotixMoveItInterface::*(std::shared_ptr<rclcpp::Node>, std::_Placeholder<1>, std::_Placeholder<2>))(std::shared_ptr<std_srvs::srv::Trigger_Request_<std::allocator<void> > >, std::shared_ptr<std_srvs::srv::Trigger_Response_<std::allocator<void> > >)>&}][m[K’
[7.793s] [01m[K/opt/ros/humble/include/rclcpp/rclcpp/any_service_callback.hpp:78:52:[m[K   required from ‘[01m[Kvoid rclcpp::AnyServiceCallback<ServiceT>::set(CallbackT&&) [with CallbackT = std::_Bind<void (interbotix::InterbotixMoveItInterface::*(std::shared_ptr<rclcpp::Node>, std::_Placeholder<1>, std::_Placeholder<2>))(std::shared_ptr<std_srvs::srv::Trigger_Request_<std::allocator<void> > >, std::shared_ptr<std_srvs::srv::Trigger_Response_<std::allocator<void> > >)>; typename std::enable_if<(! rclcpp::detail::can_be_nullptr<CallbackT>::value), int>::type <anonymous> = 0; ServiceT = std_srvs::srv::Trigger][m[K’
[7.793s] [01m[K/opt/ros/humble/include/rclcpp/rclcpp/create_service.hpp:43:27:[m[K   required from ‘[01m[Ktypename rclcpp::Service<ServiceT>::SharedPtr rclcpp::create_service(std::shared_ptr<rclcpp::node_interfaces::NodeBaseInterface>, std::shared_ptr<rclcpp::node_interfaces::NodeServicesInterface>, const string&, CallbackT&&, const rmw_qos_profile_t&, rclcpp::CallbackGroup::SharedPtr) [with ServiceT = std_srvs::srv::Trigger; CallbackT = std::_Bind<void (interbotix::InterbotixMoveItInterface::*(std::shared_ptr<rclcpp::Node>, std::_Placeholder<1>, std::_Placeholder<2>))(std::shared_ptr<std_srvs::srv::Trigger_Request_<std::allocator<void> > >, std::shared_ptr<std_srvs::srv::Trigger_Response_<std::allocator<void> > >)>; typename rclcpp::Service<ServiceT>::SharedPtr = std::shared_ptr<rclcpp::Service<std_srvs::srv::Trigger> >; std::string = std::__cxx11::basic_string<char>; rmw_qos_profile_t = rmw_qos_profile_s; rclcpp::CallbackGroup::SharedPtr = std::shared_ptr<rclcpp::CallbackGroup>][m[K’
[7.793s] [01m[K/opt/ros/humble/include/rclcpp/rclcpp/node_impl.hpp:147:53:[m[K   required from ‘[01m[Ktypename rclcpp::Service<ServiceT>::SharedPtr rclcpp::Node::create_service(const string&, CallbackT&&, const rmw_qos_profile_t&, rclcpp::CallbackGroup::SharedPtr) [with ServiceT = std_srvs::srv::Trigger; CallbackT = std::_Bind<void (interbotix::InterbotixMoveItInterface::*(std::shared_ptr<rclcpp::Node>, std::_Placeholder<1>, std::_Placeholder<2>))(std::shared_ptr<std_srvs::srv::Trigger_Request_<std::allocator<void> > >, std::shared_ptr<std_srvs::srv::Trigger_Response_<std::allocator<void> > >)>; typename rclcpp::Service<ServiceT>::SharedPtr = std::shared_ptr<rclcpp::Service<std_srvs::srv::Trigger> >; std::string = std::__cxx11::basic_string<char>; rmw_qos_profile_t = rmw_qos_profile_s; rclcpp::CallbackGroup::SharedPtr = std::shared_ptr<rclcpp::CallbackGroup>][m[K’
[7.794s] [01m[K/home/mscrobotics2425laptop27/Documents/University/robotic_systems_design_project/RoboticDesign---Team-10/manipulator_work/manipulator_ros2_workspace/src/px150_move_group_commander/src/moveit_interface_obj.cpp:98:109:[m[K   required from here
[7.794s] [01m[K/usr/include/c++/11/type_traits:2579:11:[m[K [01;31m[Kerror: [m[Kno type named ‘[01m[Ktype[m[K’ in ‘[01m[Kstruct std::enable_if<false, std::function<void(std::shared_ptr<std_srvs::srv::Trigger_Request_<std::allocator<void> > >, std::shared_ptr<std_srvs::srv::Trigger_Response_<std::allocator<void> > >)>&>[m[K’
[7.794s]  2579 |     using [01;31m[Kenable_if_t[m[K = typename enable_if<_Cond, _Tp>::type;
[7.794s]       |           [01;31m[K^~~~~~~~~~~[m[K
[7.794s] In file included from [01m[K/opt/ros/humble/include/rclcpp/rclcpp/client.hpp:28[m[K,
[7.794s]                  from [01m[K/opt/ros/humble/include/rclcpp/rclcpp/callback_group.hpp:24[m[K,
[7.795s]                  from [01m[K/opt/ros/humble/include/rclcpp/rclcpp/any_executable.hpp:20[m[K,
[7.795s]                  from [01m[K/opt/ros/humble/include/rclcpp/rclcpp/memory_strategy.hpp:25[m[K,
[7.795s]                  from [01m[K/opt/ros/humble/include/rclcpp/rclcpp/memory_strategies.hpp:18[m[K,
[7.795s]                  from [01m[K/opt/ros/humble/include/rclcpp/rclcpp/executor_options.hpp:20[m[K,
[7.795s]                  from [01m[K/opt/ros/humble/include/rclcpp/rclcpp/executor.hpp:37[m[K,
[7.796s]                  from [01m[K/opt/ros/humble/include/rclcpp/rclcpp/executors/multi_threaded_executor.hpp:25[m[K,
[7.796s]                  from [01m[K/opt/ros/humble/include/rclcpp/rclcpp/executors.hpp:21[m[K,
[7.796s]                  from [01m[K/opt/ros/humble/include/rclcpp/rclcpp/rclcpp.hpp:155[m[K,
[7.796s]                  from [01m[K/home/mscrobotics2425laptop27/Documents/University/robotic_systems_design_project/RoboticDesign---Team-10/manipulator_work/manipulator_ros2_workspace/src/px150_move_group_commander/include/interbotix_moveit_interface/moveit_interface_obj.hpp:36[m[K,
[7.796s]                  from [01m[K/home/mscrobotics2425laptop27/Documents/University/robotic_systems_design_project/RoboticDesign---Team-10/manipulator_work/manipulator_ros2_workspace/src/px150_move_group_commander/src/moveit_interface_obj.cpp:29[m[K:
[7.796s] /opt/ros/humble/include/rclcpp/rclcpp/any_service_callback.hpp: In instantiation of ‘[01m[Kvoid rclcpp::AnyServiceCallback<ServiceT>::set(CallbackT&&) [with CallbackT = std::_Bind<void (interbotix::InterbotixMoveItInterface::*(std::shared_ptr<rclcpp::Node>, std::_Placeholder<1>, std::_Placeholder<2>))(std::shared_ptr<std_srvs::srv::Trigger_Request_<std::allocator<void> > >, std::shared_ptr<std_srvs::srv::Trigger_Response_<std::allocator<void> > >)>; typename std::enable_if<(! rclcpp::detail::can_be_nullptr<CallbackT>::value), int>::type <anonymous> = 0; ServiceT = std_srvs::srv::Trigger][m[K’:
[7.796s] [01m[K/opt/ros/humble/include/rclcpp/rclcpp/create_service.hpp:43:27:[m[K   required from ‘[01m[Ktypename rclcpp::Service<ServiceT>::SharedPtr rclcpp::create_service(std::shared_ptr<rclcpp::node_interfaces::NodeBaseInterface>, std::shared_ptr<rclcpp::node_interfaces::NodeServicesInterface>, const string&, CallbackT&&, const rmw_qos_profile_t&, rclcpp::CallbackGroup::SharedPtr) [with ServiceT = std_srvs::srv::Trigger; CallbackT = std::_Bind<void (interbotix::InterbotixMoveItInterface::*(std::shared_ptr<rclcpp::Node>, std::_Placeholder<1>, std::_Placeholder<2>))(std::shared_ptr<std_srvs::srv::Trigger_Request_<std::allocator<void> > >, std::shared_ptr<std_srvs::srv::Trigger_Response_<std::allocator<void> > >)>; typename rclcpp::Service<ServiceT>::SharedPtr = std::shared_ptr<rclcpp::Service<std_srvs::srv::Trigger> >; std::string = std::__cxx11::basic_string<char>; rmw_qos_profile_t = rmw_qos_profile_s; rclcpp::CallbackGroup::SharedPtr = std::shared_ptr<rclcpp::CallbackGroup>][m[K’
[7.796s] [01m[K/opt/ros/humble/include/rclcpp/rclcpp/node_impl.hpp:147:53:[m[K   required from ‘[01m[Ktypename rclcpp::Service<ServiceT>::SharedPtr rclcpp::Node::create_service(const string&, CallbackT&&, const rmw_qos_profile_t&, rclcpp::CallbackGroup::SharedPtr) [with ServiceT = std_srvs::srv::Trigger; CallbackT = std::_Bind<void (interbotix::InterbotixMoveItInterface::*(std::shared_ptr<rclcpp::Node>, std::_Placeholder<1>, std::_Placeholder<2>))(std::shared_ptr<std_srvs::srv::Trigger_Request_<std::allocator<void> > >, std::shared_ptr<std_srvs::srv::Trigger_Response_<std::allocator<void> > >)>; typename rclcpp::Service<ServiceT>::SharedPtr = std::shared_ptr<rclcpp::Service<std_srvs::srv::Trigger> >; std::string = std::__cxx11::basic_string<char>; rmw_qos_profile_t = rmw_qos_profile_s; rclcpp::CallbackGroup::SharedPtr = std::shared_ptr<rclcpp::CallbackGroup>][m[K’
[7.796s] [01m[K/home/mscrobotics2425laptop27/Documents/University/robotic_systems_design_project/RoboticDesign---Team-10/manipulator_work/manipulator_ros2_workspace/src/px150_move_group_commander/src/moveit_interface_obj.cpp:98:109:[m[K   required from here
[7.797s] [01m[K/usr/include/c++/11/variant:1495:9:[m[K [01;36m[Knote: [m[Kcandidate: ‘[01m[Ktemplate<class _Tp, class _Up, class ... _Args> std::enable_if_t<(is_constructible_v<_Tp, std::initializer_list<_Up>&, _Args ...> && __exactly_once<_Tp>), _Tp&> std::variant<_Types>::emplace(std::initializer_list<_Up>, _Args&& ...) [with _Tp = _Tp; _Up = _Up; _Args = {_Args ...}; _Types = {std::monostate, std::function<void(std::shared_ptr<std_srvs::srv::Trigger_Request_<std::allocator<void> > >, std::shared_ptr<std_srvs::srv::Trigger_Response_<std::allocator<void> > >)>, std::function<void(std::shared_ptr<rmw_request_id_s>, std::shared_ptr<std_srvs::srv::Trigger_Request_<std::allocator<void> > >, std::shared_ptr<std_srvs::srv::Trigger_Response_<std::allocator<void> > >)>, std::function<void(std::shared_ptr<rmw_request_id_s>, std::shared_ptr<std_srvs::srv::Trigger_Request_<std::allocator<void> > >)>, std::function<void(std::shared_ptr<rclcpp::Service<std_srvs::srv::Trigger> >, std::shared_ptr<rmw_request_id_s>, std::shared_ptr<std_srvs::srv::Trigger_Request_<std::allocator<void> > >)>}][m[K’
[7.797s]  1495 |         [01;36m[Kemplace[m[K(initializer_list<_Up> __il, _Args&&... __args)
[7.797s]       |         [01;36m[K^~~~~~~[m[K
[7.797s] [01m[K/usr/include/c++/11/variant:1495:9:[m[K [01;36m[Knote: [m[K  template argument deduction/substitution failed:
[7.797s] In file included from [01m[K/opt/ros/humble/include/rclcpp/rclcpp/service.hpp:36[m[K,
[7.797s]                  from [01m[K/opt/ros/humble/include/rclcpp/rclcpp/callback_group.hpp:28[m[K,
[7.797s]                  from [01m[K/opt/ros/humble/include/rclcpp/rclcpp/any_executable.hpp:20[m[K,
[7.797s]                  from [01m[K/opt/ros/humble/include/rclcpp/rclcpp/memory_strategy.hpp:25[m[K,
[7.797s]                  from [01m[K/opt/ros/humble/include/rclcpp/rclcpp/memory_strategies.hpp:18[m[K,
[7.797s]                  from [01m[K/opt/ros/humble/include/rclcpp/rclcpp/executor_options.hpp:20[m[K,
[7.798s]                  from [01m[K/opt/ros/humble/include/rclcpp/rclcpp/executor.hpp:37[m[K,
[7.798s]                  from [01m[K/opt/ros/humble/include/rclcpp/rclcpp/executors/multi_threaded_executor.hpp:25[m[K,
[7.798s]                  from [01m[K/opt/ros/humble/include/rclcpp/rclcpp/executors.hpp:21[m[K,
[7.798s]                  from [01m[K/opt/ros/humble/include/rclcpp/rclcpp/rclcpp.hpp:155[m[K,
[7.798s]                  from [01m[K/home/mscrobotics2425laptop27/Documents/University/robotic_systems_design_project/RoboticDesign---Team-10/manipulator_work/manipulator_ros2_workspace/src/px150_move_group_commander/include/interbotix_moveit_interface/moveit_interface_obj.hpp:36[m[K,
[7.798s]                  from [01m[K/home/mscrobotics2425laptop27/Documents/University/robotic_systems_design_project/RoboticDesign---Team-10/manipulator_work/manipulator_ros2_workspace/src/px150_move_group_commander/src/moveit_interface_obj.cpp:29[m[K:
[7.798s] [01m[K/opt/ros/humble/include/rclcpp/rclcpp/any_service_callback.hpp:78:52:[m[K [01;36m[Knote: [m[K  ‘[01m[Kstd::_Bind<void (interbotix::InterbotixMoveItInterface::*(std::shared_ptr<rclcpp::Node>, std::_Placeholder<1>, std::_Placeholder<2>))(std::shared_ptr<std_srvs::srv::Trigger_Request_<std::allocator<void> > >, std::shared_ptr<std_srvs::srv::Trigger_Response_<std::allocator<void> > >)>[m[K’ is not derived from ‘[01m[Kstd::initializer_list<_Value>[m[K’
[7.799s]    78 |       [01;36m[Kcallback_.template emplace<SharedPtrCallback>(callback)[m[K;
[7.799s]       |       [01;36m[K~~~~~~~~~~~~~~~~~~~~~~~~~~~~~~~~~~~~~~~~~~~~~^~~~~~~~~~[m[K
[7.799s] In file included from [01m[K/opt/ros/humble/include/rclcpp/rclcpp/client.hpp:28[m[K,
[7.799s]                  from [01m[K/opt/ros/humble/include/rclcpp/rclcpp/callback_group.hpp:24[m[K,
[7.799s]                  from [01m[K/opt/ros/humble/include/rclcpp/rclcpp/any_executable.hpp:20[m[K,
[7.799s]                  from [01m[K/opt/ros/humble/include/rclcpp/rclcpp/memory_strategy.hpp:25[m[K,
[7.800s]                  from [01m[K/opt/ros/humble/include/rclcpp/rclcpp/memory_strategies.hpp:18[m[K,
[7.800s]                  from [01m[K/opt/ros/humble/include/rclcpp/rclcpp/executor_options.hpp:20[m[K,
[7.800s]                  from [01m[K/opt/ros/humble/include/rclcpp/rclcpp/executor.hpp:37[m[K,
[7.800s]                  from [01m[K/opt/ros/humble/include/rclcpp/rclcpp/executors/multi_threaded_executor.hpp:25[m[K,
[7.800s]                  from [01m[K/opt/ros/humble/include/rclcpp/rclcpp/executors.hpp:21[m[K,
[7.800s]                  from [01m[K/opt/ros/humble/include/rclcpp/rclcpp/rclcpp.hpp:155[m[K,
[7.800s]                  from [01m[K/home/mscrobotics2425laptop27/Documents/University/robotic_systems_design_project/RoboticDesign---Team-10/manipulator_work/manipulator_ros2_workspace/src/px150_move_group_commander/include/interbotix_moveit_interface/moveit_interface_obj.hpp:36[m[K,
[7.800s]                  from [01m[K/home/mscrobotics2425laptop27/Documents/University/robotic_systems_design_project/RoboticDesign---Team-10/manipulator_work/manipulator_ros2_workspace/src/px150_move_group_commander/src/moveit_interface_obj.cpp:29[m[K:
[7.801s] [01m[K/usr/include/c++/11/variant:1505:9:[m[K [01;36m[Knote: [m[Kcandidate: ‘[01m[Ktemplate<long unsigned int _Np, class ... _Args> std::enable_if_t<is_constructible_v<typename std::variant_alternative<_Np, std::variant<_Types> >::type, _Args ...>, typename std::variant_alternative<_Np, std::variant<_Types> >::type&> std::variant<_Types>::emplace(_Args&& ...) [with long unsigned int _Np = _Np; _Args = {_Args ...}; _Types = {std::monostate, std::function<void(std::shared_ptr<std_srvs::srv::Trigger_Request_<std::allocator<void> > >, std::shared_ptr<std_srvs::srv::Trigger_Response_<std::allocator<void> > >)>, std::function<void(std::shared_ptr<rmw_request_id_s>, std::shared_ptr<std_srvs::srv::Trigger_Request_<std::allocator<void> > >, std::shared_ptr<std_srvs::srv::Trigger_Response_<std::allocator<void> > >)>, std::function<void(std::shared_ptr<rmw_request_id_s>, std::shared_ptr<std_srvs::srv::Trigger_Request_<std::allocator<void> > >)>, std::function<void(std::shared_ptr<rclcpp::Service<std_srvs::srv::Trigger> >, std::shared_ptr<rmw_request_id_s>, std::shared_ptr<std_srvs::srv::Trigger_Request_<std::allocator<void> > >)>}][m[K’
[7.801s]  1505 |         [01;36m[Kemplace[m[K(_Args&&... __args)
[7.801s]       |         [01;36m[K^~~~~~~[m[K
[7.801s] [01m[K/usr/include/c++/11/variant:1505:9:[m[K [01;36m[Knote: [m[K  template argument deduction/substitution failed:
[7.801s] In file included from [01m[K/opt/ros/humble/include/rclcpp/rclcpp/service.hpp:36[m[K,
[7.801s]                  from [01m[K/opt/ros/humble/include/rclcpp/rclcpp/callback_group.hpp:28[m[K,
[7.801s]                  from [01m[K/opt/ros/humble/include/rclcpp/rclcpp/any_executable.hpp:20[m[K,
[7.801s]                  from [01m[K/opt/ros/humble/include/rclcpp/rclcpp/memory_strategy.hpp:25[m[K,
[7.802s]                  from [01m[K/opt/ros/humble/include/rclcpp/rclcpp/memory_strategies.hpp:18[m[K,
[7.802s]                  from [01m[K/opt/ros/humble/include/rclcpp/rclcpp/executor_options.hpp:20[m[K,
[7.802s]                  from [01m[K/opt/ros/humble/include/rclcpp/rclcpp/executor.hpp:37[m[K,
[7.802s]                  from [01m[K/opt/ros/humble/include/rclcpp/rclcpp/executors/multi_threaded_executor.hpp:25[m[K,
[7.802s]                  from [01m[K/opt/ros/humble/include/rclcpp/rclcpp/executors.hpp:21[m[K,
[7.802s]                  from [01m[K/opt/ros/humble/include/rclcpp/rclcpp/rclcpp.hpp:155[m[K,
[7.802s]                  from [01m[K/home/mscrobotics2425laptop27/Documents/University/robotic_systems_design_project/RoboticDesign---Team-10/manipulator_work/manipulator_ros2_workspace/src/px150_move_group_commander/include/interbotix_moveit_interface/moveit_interface_obj.hpp:36[m[K,
[7.802s]                  from [01m[K/home/mscrobotics2425laptop27/Documents/University/robotic_systems_design_project/RoboticDesign---Team-10/manipulator_work/manipulator_ros2_workspace/src/px150_move_group_commander/src/moveit_interface_obj.cpp:29[m[K:
[7.802s] [01m[K/opt/ros/humble/include/rclcpp/rclcpp/any_service_callback.hpp:78:52:[m[K [01;31m[Kerror: [m[Ktype/value mismatch at argument 1 in template parameter list for ‘[01m[Ktemplate<long unsigned int _Np, class ... _Args> std::enable_if_t<is_constructible_v<typename std::variant_alternative<_Np, std::variant<_Types> >::type, _Args ...>, typename std::variant_alternative<_Np, std::variant<_Types> >::type&> std::variant<_Types>::emplace(_Args&& ...) [with long unsigned int _Np = _Np; _Args = {_Args ...}; _Types = {std::monostate, std::function<void(std::shared_ptr<std_srvs::srv::Trigger_Request_<std::allocator<void> > >, std::shared_ptr<std_srvs::srv::Trigger_Response_<std::allocator<void> > >)>, std::function<void(std::shared_ptr<rmw_request_id_s>, std::shared_ptr<std_srvs::srv::Trigger_Request_<std::allocator<void> > >, std::shared_ptr<std_srvs::srv::Trigger_Response_<std::allocator<void> > >)>, std::function<void(std::shared_ptr<rmw_request_id_s>, std::shared_ptr<std_srvs::srv::Trigger_Request_<std::allocator<void> > >)>, std::function<void(std::shared_ptr<rclcpp::Service<std_srvs::srv::Trigger> >, std::shared_ptr<rmw_request_id_s>, std::shared_ptr<std_srvs::srv::Trigger_Request_<std::allocator<void> > >)>}][m[K’
[7.803s]    78 |       [01;31m[Kcallback_.template emplace<SharedPtrCallback>(callback)[m[K;
[7.803s]       |       [01;31m[K~~~~~~~~~~~~~~~~~~~~~~~~~~~~~~~~~~~~~~~~~~~~~^~~~~~~~~~[m[K
[7.803s] [01m[K/opt/ros/humble/include/rclcpp/rclcpp/any_service_callback.hpp:78:52:[m[K [01;36m[Knote: [m[K  expected a constant of type ‘[01m[Klong unsigned int[m[K’, got ‘[01m[Krclcpp::AnyServiceCallback<std_srvs::srv::Trigger>::SharedPtrCallback[m[K’ {aka ‘[01m[Kstd::function<void(std::shared_ptr<std_srvs::srv::Trigger_Request_<std::allocator<void> > >, std::shared_ptr<std_srvs::srv::Trigger_Response_<std::allocator<void> > >)>[m[K’}
[7.803s] In file included from [01m[K/opt/ros/humble/include/rclcpp/rclcpp/client.hpp:28[m[K,
[7.803s]                  from [01m[K/opt/ros/humble/include/rclcpp/rclcpp/callback_group.hpp:24[m[K,
[7.803s]                  from [01m[K/opt/ros/humble/include/rclcpp/rclcpp/any_executable.hpp:20[m[K,
[7.803s]                  from [01m[K/opt/ros/humble/include/rclcpp/rclcpp/memory_strategy.hpp:25[m[K,
[7.803s]                  from [01m[K/opt/ros/humble/include/rclcpp/rclcpp/memory_strategies.hpp:18[m[K,
[7.803s]                  from [01m[K/opt/ros/humble/include/rclcpp/rclcpp/executor_options.hpp:20[m[K,
[7.803s]                  from [01m[K/opt/ros/humble/include/rclcpp/rclcpp/executor.hpp:37[m[K,
[7.804s]                  from [01m[K/opt/ros/humble/include/rclcpp/rclcpp/executors/multi_threaded_executor.hpp:25[m[K,
[7.804s]                  from [01m[K/opt/ros/humble/include/rclcpp/rclcpp/executors.hpp:21[m[K,
[7.804s]                  from [01m[K/opt/ros/humble/include/rclcpp/rclcpp/rclcpp.hpp:155[m[K,
[7.804s]                  from [01m[K/home/mscrobotics2425laptop27/Documents/University/robotic_systems_design_project/RoboticDesign---Team-10/manipulator_work/manipulator_ros2_workspace/src/px150_move_group_commander/include/interbotix_moveit_interface/moveit_interface_obj.hpp:36[m[K,
[7.804s]                  from [01m[K/home/mscrobotics2425laptop27/Documents/University/robotic_systems_design_project/RoboticDesign---Team-10/manipulator_work/manipulator_ros2_workspace/src/px150_move_group_commander/src/moveit_interface_obj.cpp:29[m[K:
[7.804s] [01m[K/usr/include/c++/11/variant:1551:9:[m[K [01;36m[Knote: [m[Kcandidate: ‘[01m[Ktemplate<long unsigned int _Np, class _Up, class ... _Args> std::enable_if_t<is_constructible_v<typename std::variant_alternative<_Np, std::variant<_Types> >::type, std::initializer_list<_Up>&, _Args ...>, typename std::variant_alternative<_Np, std::variant<_Types> >::type&> std::variant<_Types>::emplace(std::initializer_list<_Up>, _Args&& ...) [with long unsigned int _Np = _Np; _Up = _Up; _Args = {_Args ...}; _Types = {std::monostate, std::function<void(std::shared_ptr<std_srvs::srv::Trigger_Request_<std::allocator<void> > >, std::shared_ptr<std_srvs::srv::Trigger_Response_<std::allocator<void> > >)>, std::function<void(std::shared_ptr<rmw_request_id_s>, std::shared_ptr<std_srvs::srv::Trigger_Request_<std::allocator<void> > >, std::shared_ptr<std_srvs::srv::Trigger_Response_<std::allocator<void> > >)>, std::function<void(std::shared_ptr<rmw_request_id_s>, std::shared_ptr<std_srvs::srv::Trigger_Request_<std::allocator<void> > >)>, std::function<void(std::shared_ptr<rclcpp::Service<std_srvs::srv::Trigger> >, std::shared_ptr<rmw_request_id_s>, std::shared_ptr<std_srvs::srv::Trigger_Request_<std::allocator<void> > >)>}][m[K’
[7.804s]  1551 |         [01;36m[Kemplace[m[K(initializer_list<_Up> __il, _Args&&... __args)
[7.804s]       |         [01;36m[K^~~~~~~[m[K
[7.804s] [01m[K/usr/include/c++/11/variant:1551:9:[m[K [01;36m[Knote: [m[K  template argument deduction/substitution failed:
[7.805s] In file included from [01m[K/opt/ros/humble/include/rclcpp/rclcpp/service.hpp:36[m[K,
[7.805s]                  from [01m[K/opt/ros/humble/include/rclcpp/rclcpp/callback_group.hpp:28[m[K,
[7.805s]                  from [01m[K/opt/ros/humble/include/rclcpp/rclcpp/any_executable.hpp:20[m[K,
[7.805s]                  from [01m[K/opt/ros/humble/include/rclcpp/rclcpp/memory_strategy.hpp:25[m[K,
[7.805s]                  from [01m[K/opt/ros/humble/include/rclcpp/rclcpp/memory_strategies.hpp:18[m[K,
[7.805s]                  from [01m[K/opt/ros/humble/include/rclcpp/rclcpp/executor_options.hpp:20[m[K,
[7.805s]                  from [01m[K/opt/ros/humble/include/rclcpp/rclcpp/executor.hpp:37[m[K,
[7.805s]                  from [01m[K/opt/ros/humble/include/rclcpp/rclcpp/executors/multi_threaded_executor.hpp:25[m[K,
[7.805s]                  from [01m[K/opt/ros/humble/include/rclcpp/rclcpp/executors.hpp:21[m[K,
[7.805s]                  from [01m[K/opt/ros/humble/include/rclcpp/rclcpp/rclcpp.hpp:155[m[K,
[7.806s]                  from [01m[K/home/mscrobotics2425laptop27/Documents/University/robotic_systems_design_project/RoboticDesign---Team-10/manipulator_work/manipulator_ros2_workspace/src/px150_move_group_commander/include/interbotix_moveit_interface/moveit_interface_obj.hpp:36[m[K,
[7.806s]                  from [01m[K/home/mscrobotics2425laptop27/Documents/University/robotic_systems_design_project/RoboticDesign---Team-10/manipulator_work/manipulator_ros2_workspace/src/px150_move_group_commander/src/moveit_interface_obj.cpp:29[m[K:
[7.806s] [01m[K/opt/ros/humble/include/rclcpp/rclcpp/any_service_callback.hpp:78:52:[m[K [01;31m[Kerror: [m[Ktype/value mismatch at argument 1 in template parameter list for ‘[01m[Ktemplate<long unsigned int _Np, class _Up, class ... _Args> std::enable_if_t<is_constructible_v<typename std::variant_alternative<_Np, std::variant<_Types> >::type, std::initializer_list<_Up>&, _Args ...>, typename std::variant_alternative<_Np, std::variant<_Types> >::type&> std::variant<_Types>::emplace(std::initializer_list<_Up>, _Args&& ...) [with long unsigned int _Np = _Np; _Up = _Up; _Args = {_Args ...}; _Types = {std::monostate, std::function<void(std::shared_ptr<std_srvs::srv::Trigger_Request_<std::allocator<void> > >, std::shared_ptr<std_srvs::srv::Trigger_Response_<std::allocator<void> > >)>, std::function<void(std::shared_ptr<rmw_request_id_s>, std::shared_ptr<std_srvs::srv::Trigger_Request_<std::allocator<void> > >, std::shared_ptr<std_srvs::srv::Trigger_Response_<std::allocator<void> > >)>, std::function<void(std::shared_ptr<rmw_request_id_s>, std::shared_ptr<std_srvs::srv::Trigger_Request_<std::allocator<void> > >)>, std::function<void(std::shared_ptr<rclcpp::Service<std_srvs::srv::Trigger> >, std::shared_ptr<rmw_request_id_s>, std::shared_ptr<std_srvs::srv::Trigger_Request_<std::allocator<void> > >)>}][m[K’
[7.806s]    78 |       [01;31m[Kcallback_.template emplace<SharedPtrCallback>(callback)[m[K;
[7.806s]       |       [01;31m[K~~~~~~~~~~~~~~~~~~~~~~~~~~~~~~~~~~~~~~~~~~~~~^~~~~~~~~~[m[K
[7.806s] [01m[K/opt/ros/humble/include/rclcpp/rclcpp/any_service_callback.hpp:78:52:[m[K [01;36m[Knote: [m[K  expected a constant of type ‘[01m[Klong unsigned int[m[K’, got ‘[01m[Krclcpp::AnyServiceCallback<std_srvs::srv::Trigger>::SharedPtrCallback[m[K’ {aka ‘[01m[Kstd::function<void(std::shared_ptr<std_srvs::srv::Trigger_Request_<std::allocator<void> > >, std::shared_ptr<std_srvs::srv::Trigger_Response_<std::allocator<void> > >)>[m[K’}
[8.280s] In file included from [01m[K/opt/ros/humble/include/rclcpp/rclcpp/subscription_base.hpp:32[m[K,
[8.281s]                  from [01m[K/opt/ros/humble/include/rclcpp/rclcpp/callback_group.hpp:29[m[K,
[8.281s]                  from [01m[K/opt/ros/humble/include/rclcpp/rclcpp/any_executable.hpp:20[m[K,
[8.282s]                  from [01m[K/opt/ros/humble/include/rclcpp/rclcpp/memory_strategy.hpp:25[m[K,
[8.282s]                  from [01m[K/opt/ros/humble/include/rclcpp/rclcpp/memory_strategies.hpp:18[m[K,
[8.282s]                  from [01m[K/opt/ros/humble/include/rclcpp/rclcpp/executor_options.hpp:20[m[K,
[8.282s]                  from [01m[K/opt/ros/humble/include/rclcpp/rclcpp/executor.hpp:37[m[K,
[8.283s]                  from [01m[K/opt/ros/humble/include/rclcpp/rclcpp/executors/multi_threaded_executor.hpp:25[m[K,
[8.283s]                  from [01m[K/opt/ros/humble/include/rclcpp/rclcpp/executors.hpp:21[m[K,
[8.283s]                  from [01m[K/opt/ros/humble/include/rclcpp/rclcpp/rclcpp.hpp:155[m[K,
[8.283s]                  from [01m[K/home/mscrobotics2425laptop27/Documents/University/robotic_systems_design_project/RoboticDesign---Team-10/manipulator_work/manipulator_ros2_workspace/src/px150_move_group_commander/include/interbotix_moveit_interface/moveit_interface_obj.hpp:36[m[K,
[8.284s]                  from [01m[K/home/mscrobotics2425laptop27/Documents/University/robotic_systems_design_project/RoboticDesign---Team-10/manipulator_work/manipulator_ros2_workspace/src/px150_move_group_commander/src/moveit_interface_obj.cpp:29[m[K:
[8.284s] /opt/ros/humble/include/rclcpp/rclcpp/any_subscription_callback.hpp: In instantiation of ‘[01m[Krclcpp::AnySubscriptionCallback<MessageT, AllocatorT> rclcpp::AnySubscriptionCallback<MessageT, AllocatorT>::set(CallbackT) [with CallbackT = std::_Bind<void (interbotix::InterbotixMoveItInterface::*(std::shared_ptr<rclcpp::Node>, std::_Placeholder<1>))(const geometry_msgs::msg::Pose_<std::allocator<void> >&)>; MessageT = geometry_msgs::msg::Pose_<std::allocator<void> >; AllocatorT = std::allocator<void>][m[K’:
[8.284s] [01m[K/opt/ros/humble/include/rclcpp/rclcpp/subscription_factory.hpp:94:32:[m[K   required from ‘[01m[Krclcpp::SubscriptionFactory rclcpp::create_subscription_factory(CallbackT&&, const rclcpp::SubscriptionOptionsWithAllocator<AllocatorT>&, typename MessageMemoryStrategyT::SharedPtr, std::shared_ptr<rclcpp::topic_statistics::SubscriptionTopicStatistics<ROSMessageType> >) [with MessageT = geometry_msgs::msg::Pose_<std::allocator<void> >; CallbackT = std::_Bind<void (interbotix::InterbotixMoveItInterface::*(std::shared_ptr<rclcpp::Node>, std::_Placeholder<1>))(const geometry_msgs::msg::Pose_<std::allocator<void> >&)>; AllocatorT = std::allocator<void>; SubscriptionT = rclcpp::Subscription<geometry_msgs::msg::Pose_<std::allocator<void> > >; MessageMemoryStrategyT = rclcpp::message_memory_strategy::MessageMemoryStrategy<geometry_msgs::msg::Pose_<std::allocator<void> >, std::allocator<void> >; ROSMessageType = geometry_msgs::msg::Pose_<std::allocator<void> >; typename MessageMemoryStrategyT::SharedPtr = std::shared_ptr<rclcpp::message_memory_strategy::MessageMemoryStrategy<geometry_msgs::msg::Pose_<std::allocator<void> >, std::allocator<void> > >][m[K’
[8.284s] [01m[K/opt/ros/humble/include/rclcpp/rclcpp/create_subscription.hpp:122:63:[m[K   required from ‘[01m[Kstd::shared_ptr<ROSMessageT> rclcpp::detail::create_subscription(NodeParametersT&, NodeTopicsT&, const string&, const rclcpp::QoS&, CallbackT&&, const rclcpp::SubscriptionOptionsWithAllocator<AllocatorT>&, typename MessageMemoryStrategyT::SharedPtr) [with MessageT = geometry_msgs::msg::Pose_<std::allocator<void> >; CallbackT = std::_Bind<void (interbotix::InterbotixMoveItInterface::*(std::shared_ptr<rclcpp::Node>, std::_Placeholder<1>))(const geometry_msgs::msg::Pose_<std::allocator<void> >&)>; AllocatorT = std::allocator<void>; SubscriptionT = rclcpp::Subscription<geometry_msgs::msg::Pose_<std::allocator<void> > >; MessageMemoryStrategyT = rclcpp::message_memory_strategy::MessageMemoryStrategy<geometry_msgs::msg::Pose_<std::allocator<void> >, std::allocator<void> >; NodeParametersT = rclcpp::Node; NodeTopicsT = rclcpp::Node; ROSMessageType = geometry_msgs::msg::Pose_<std::allocator<void> >; std::string = std::__cxx11::basic_string<char>; typename MessageMemoryStrategyT::SharedPtr = std::shared_ptr<rclcpp::message_memory_strategy::MessageMemoryStrategy<geometry_msgs::msg::Pose_<std::allocator<void> >, std::allocator<void> > >][m[K’
[8.284s] [01m[K/opt/ros/humble/include/rclcpp/rclcpp/create_subscription.hpp:191:76:[m[K   required from ‘[01m[Kstd::shared_ptr<ROSMessageT> rclcpp::create_subscription(NodeT&, const string&, const rclcpp::QoS&, CallbackT&&, const rclcpp::SubscriptionOptionsWithAllocator<AllocatorT>&, typename MessageMemoryStrategyT::SharedPtr) [with MessageT = geometry_msgs::msg::Pose_<std::allocator<void> >; CallbackT = std::_Bind<void (interbotix::InterbotixMoveItInterface::*(std::shared_ptr<rclcpp::Node>, std::_Placeholder<1>))(const geometry_msgs::msg::Pose_<std::allocator<void> >&)>; AllocatorT = std::allocator<void>; SubscriptionT = rclcpp::Subscription<geometry_msgs::msg::Pose_<std::allocator<void> > >; MessageMemoryStrategyT = rclcpp::message_memory_strategy::MessageMemoryStrategy<geometry_msgs::msg::Pose_<std::allocator<void> >, std::allocator<void> >; NodeT = rclcpp::Node; std::string = std::__cxx11::basic_string<char>; typename MessageMemoryStrategyT::SharedPtr = std::shared_ptr<rclcpp::message_memory_strategy::MessageMemoryStrategy<geometry_msgs::msg::Pose_<std::allocator<void> >, std::allocator<void> > >][m[K’
[8.285s] [01m[K/opt/ros/humble/include/rclcpp/rclcpp/node_impl.hpp:99:47:[m[K   required from ‘[01m[Kstd::shared_ptr<ROSMessageT> rclcpp::Node::create_subscription(const string&, const rclcpp::QoS&, CallbackT&&, const rclcpp::SubscriptionOptionsWithAllocator<AllocatorT>&, typename MessageMemoryStrategyT::SharedPtr) [with MessageT = geometry_msgs::msg::Pose_<std::allocator<void> >; CallbackT = std::_Bind<void (interbotix::InterbotixMoveItInterface::*(std::shared_ptr<rclcpp::Node>, std::_Placeholder<1>))(const geometry_msgs::msg::Pose_<std::allocator<void> >&)>; AllocatorT = std::allocator<void>; SubscriptionT = rclcpp::Subscription<geometry_msgs::msg::Pose_<std::allocator<void> > >; MessageMemoryStrategyT = rclcpp::message_memory_strategy::MessageMemoryStrategy<geometry_msgs::msg::Pose_<std::allocator<void> >, std::allocator<void> >; std::string = std::__cxx11::basic_string<char>; typename MessageMemoryStrategyT::SharedPtr = std::shared_ptr<rclcpp::message_memory_strategy::MessageMemoryStrategy<geometry_msgs::msg::Pose_<std::allocator<void> >, std::allocator<void> > >][m[K’
[8.285s] [01m[K/home/mscrobotics2425laptop27/Documents/University/robotic_systems_design_project/RoboticDesign---Team-10/manipulator_work/manipulator_ros2_workspace/src/px150_move_group_commander/src/moveit_interface_obj.cpp:95:71:[m[K   required from here
[8.285s] [01m[K/opt/ros/humble/include/rclcpp/rclcpp/any_subscription_callback.hpp:394:27:[m[K [01;31m[Kerror: [m[Kno matching function for call to ‘[01m[Kstd::function<void(const geometry_msgs::msg::Pose_<std::allocator<void> >&)>::function(std::_Bind<void (interbotix::InterbotixMoveItInterface::*(std::shared_ptr<rclcpp::Node>, std::_Placeholder<1>))(const geometry_msgs::msg::Pose_<std::allocator<void> >&)>&)[m[K’
[8.285s]   394 |       callback_variant_ = [01;31m[Kstatic_cast<typename scbth::callback_type>(callback)[m[K;
[8.285s]       |                           [01;31m[K^~~~~~~~~~~~~~~~~~~~~~~~~~~~~~~~~~~~~~~~~~~~~~~~~~~~[m[K
[8.285s] In file included from [01m[K/usr/include/c++/11/future:47[m[K,
[8.285s]                  from [01m[K/opt/ros/humble/include/rclcpp/rclcpp/executors.hpp:18[m[K,
[8.285s]                  from [01m[K/opt/ros/humble/include/rclcpp/rclcpp/rclcpp.hpp:155[m[K,
[8.285s]                  from [01m[K/home/mscrobotics2425laptop27/Documents/University/robotic_systems_design_project/RoboticDesign---Team-10/manipulator_work/manipulator_ros2_workspace/src/px150_move_group_commander/include/interbotix_moveit_interface/moveit_interface_obj.hpp:36[m[K,
[8.286s]                  from [01m[K/home/mscrobotics2425laptop27/Documents/University/robotic_systems_design_project/RoboticDesign---Team-10/manipulator_work/manipulator_ros2_workspace/src/px150_move_group_commander/src/moveit_interface_obj.cpp:29[m[K:
[8.286s] [01m[K/usr/include/c++/11/bits/std_function.h:435:9:[m[K [01;36m[Knote: [m[Kcandidate: ‘[01m[Ktemplate<class _Functor, class _Constraints> std::function<_Res(_ArgTypes ...)>::function(_Functor&&) [with _Functor = _Functor; _Constraints = _Constraints; _Res = void; _ArgTypes = {const geometry_msgs::msg::Pose_<std::allocator<void> >&}][m[K’
[8.286s]   435 |         [01;36m[Kfunction[m[K(_Functor&& __f)
[8.286s]       |         [01;36m[K^~~~~~~~[m[K
[8.286s] [01m[K/usr/include/c++/11/bits/std_function.h:435:9:[m[K [01;36m[Knote: [m[K  template argument deduction/substitution failed:
[8.286s] In file included from [01m[K/usr/include/c++/11/bits/move.h:57[m[K,
[8.286s]                  from [01m[K/usr/include/c++/11/bits/stl_pair.h:59[m[K,
[8.286s]                  from [01m[K/usr/include/c++/11/bits/stl_algobase.h:64[m[K,
[8.286s]                  from [01m[K/usr/include/c++/11/memory:63[m[K,
[8.286s]                  from [01m[K/home/mscrobotics2425laptop27/Documents/University/robotic_systems_design_project/RoboticDesign---Team-10/manipulator_work/manipulator_ros2_workspace/src/px150_move_group_commander/include/interbotix_moveit_interface/moveit_interface_obj.hpp:32[m[K,
[8.287s]                  from [01m[K/home/mscrobotics2425laptop27/Documents/University/robotic_systems_design_project/RoboticDesign---Team-10/manipulator_work/manipulator_ros2_workspace/src/px150_move_group_commander/src/moveit_interface_obj.cpp:29[m[K:
[8.287s] /usr/include/c++/11/type_traits: In substitution of ‘[01m[Ktemplate<bool _Cond, class _Tp> using __enable_if_t = typename std::enable_if::type [with bool _Cond = false; _Tp = void][m[K’:
[8.287s] [01m[K/usr/include/c++/11/bits/std_function.h:353:8:[m[K   required by substitution of ‘[01m[Ktemplate<class _Res, class ... _ArgTypes> template<class _Cond, class _Tp> using _Requires = std::__enable_if_t<_Cond::value, _Tp> [with _Cond = std::function<void(const geometry_msgs::msg::Pose_<std::allocator<void> >&)>::_Callable<std::_Bind<void (interbotix::InterbotixMoveItInterface::*(std::shared_ptr<rclcpp::Node>, std::_Placeholder<1>))(const geometry_msgs::msg::Pose_<std::allocator<void> >&)>&, std::_Bind<void (interbotix::InterbotixMoveItInterface::*(std::shared_ptr<rclcpp::Node>, std::_Placeholder<1>))(const geometry_msgs::msg::Pose_<std::allocator<void> >&)>, std::__invoke_result<std::_Bind<void (interbotix::InterbotixMoveItInterface::*(std::shared_ptr<rclcpp::Node>, std::_Placeholder<1>))(const geometry_msgs::msg::Pose_<std::allocator<void> >&)>&, const geometry_msgs::msg::Pose_<std::allocator<void> >&> >; _Tp = void; _Res = void; _ArgTypes = {const geometry_msgs::msg::Pose_<std::allocator<void> >&}][m[K’
[8.287s] [01m[K/usr/include/c++/11/bits/std_function.h:434:9:[m[K   required from ‘[01m[Krclcpp::AnySubscriptionCallback<MessageT, AllocatorT> rclcpp::AnySubscriptionCallback<MessageT, AllocatorT>::set(CallbackT) [with CallbackT = std::_Bind<void (interbotix::InterbotixMoveItInterface::*(std::shared_ptr<rclcpp::Node>, std::_Placeholder<1>))(const geometry_msgs::msg::Pose_<std::allocator<void> >&)>; MessageT = geometry_msgs::msg::Pose_<std::allocator<void> >; AllocatorT = std::allocator<void>][m[K’
[8.287s] [01m[K/opt/ros/humble/include/rclcpp/rclcpp/subscription_factory.hpp:94:32:[m[K   required from ‘[01m[Krclcpp::SubscriptionFactory rclcpp::create_subscription_factory(CallbackT&&, const rclcpp::SubscriptionOptionsWithAllocator<AllocatorT>&, typename MessageMemoryStrategyT::SharedPtr, std::shared_ptr<rclcpp::topic_statistics::SubscriptionTopicStatistics<ROSMessageType> >) [with MessageT = geometry_msgs::msg::Pose_<std::allocator<void> >; CallbackT = std::_Bind<void (interbotix::InterbotixMoveItInterface::*(std::shared_ptr<rclcpp::Node>, std::_Placeholder<1>))(const geometry_msgs::msg::Pose_<std::allocator<void> >&)>; AllocatorT = std::allocator<void>; SubscriptionT = rclcpp::Subscription<geometry_msgs::msg::Pose_<std::allocator<void> > >; MessageMemoryStrategyT = rclcpp::message_memory_strategy::MessageMemoryStrategy<geometry_msgs::msg::Pose_<std::allocator<void> >, std::allocator<void> >; ROSMessageType = geometry_msgs::msg::Pose_<std::allocator<void> >; typename MessageMemoryStrategyT::SharedPtr = std::shared_ptr<rclcpp::message_memory_strategy::MessageMemoryStrategy<geometry_msgs::msg::Pose_<std::allocator<void> >, std::allocator<void> > >][m[K’
[8.287s] [01m[K/opt/ros/humble/include/rclcpp/rclcpp/create_subscription.hpp:122:63:[m[K   required from ‘[01m[Kstd::shared_ptr<ROSMessageT> rclcpp::detail::create_subscription(NodeParametersT&, NodeTopicsT&, const string&, const rclcpp::QoS&, CallbackT&&, const rclcpp::SubscriptionOptionsWithAllocator<AllocatorT>&, typename MessageMemoryStrategyT::SharedPtr) [with MessageT = geometry_msgs::msg::Pose_<std::allocator<void> >; CallbackT = std::_Bind<void (interbotix::InterbotixMoveItInterface::*(std::shared_ptr<rclcpp::Node>, std::_Placeholder<1>))(const geometry_msgs::msg::Pose_<std::allocator<void> >&)>; AllocatorT = std::allocator<void>; SubscriptionT = rclcpp::Subscription<geometry_msgs::msg::Pose_<std::allocator<void> > >; MessageMemoryStrategyT = rclcpp::message_memory_strategy::MessageMemoryStrategy<geometry_msgs::msg::Pose_<std::allocator<void> >, std::allocator<void> >; NodeParametersT = rclcpp::Node; NodeTopicsT = rclcpp::Node; ROSMessageType = geometry_msgs::msg::Pose_<std::allocator<void> >; std::string = std::__cxx11::basic_string<char>; typename MessageMemoryStrategyT::SharedPtr = std::shared_ptr<rclcpp::message_memory_strategy::MessageMemoryStrategy<geometry_msgs::msg::Pose_<std::allocator<void> >, std::allocator<void> > >][m[K’
[8.287s] [01m[K/opt/ros/humble/include/rclcpp/rclcpp/create_subscription.hpp:191:76:[m[K   required from ‘[01m[Kstd::shared_ptr<ROSMessageT> rclcpp::create_subscription(NodeT&, const string&, const rclcpp::QoS&, CallbackT&&, const rclcpp::SubscriptionOptionsWithAllocator<AllocatorT>&, typename MessageMemoryStrategyT::SharedPtr) [with MessageT = geometry_msgs::msg::Pose_<std::allocator<void> >; CallbackT = std::_Bind<void (interbotix::InterbotixMoveItInterface::*(std::shared_ptr<rclcpp::Node>, std::_Placeholder<1>))(const geometry_msgs::msg::Pose_<std::allocator<void> >&)>; AllocatorT = std::allocator<void>; SubscriptionT = rclcpp::Subscription<geometry_msgs::msg::Pose_<std::allocator<void> > >; MessageMemoryStrategyT = rclcpp::message_memory_strategy::MessageMemoryStrategy<geometry_msgs::msg::Pose_<std::allocator<void> >, std::allocator<void> >; NodeT = rclcpp::Node; std::string = std::__cxx11::basic_string<char>; typename MessageMemoryStrategyT::SharedPtr = std::shared_ptr<rclcpp::message_memory_strategy::MessageMemoryStrategy<geometry_msgs::msg::Pose_<std::allocator<void> >, std::allocator<void> > >][m[K’
[8.287s] [01m[K/opt/ros/humble/include/rclcpp/rclcpp/node_impl.hpp:99:47:[m[K   required from ‘[01m[Kstd::shared_ptr<ROSMessageT> rclcpp::Node::create_subscription(const string&, const rclcpp::QoS&, CallbackT&&, const rclcpp::SubscriptionOptionsWithAllocator<AllocatorT>&, typename MessageMemoryStrategyT::SharedPtr) [with MessageT = geometry_msgs::msg::Pose_<std::allocator<void> >; CallbackT = std::_Bind<void (interbotix::InterbotixMoveItInterface::*(std::shared_ptr<rclcpp::Node>, std::_Placeholder<1>))(const geometry_msgs::msg::Pose_<std::allocator<void> >&)>; AllocatorT = std::allocator<void>; SubscriptionT = rclcpp::Subscription<geometry_msgs::msg::Pose_<std::allocator<void> > >; MessageMemoryStrategyT = rclcpp::message_memory_strategy::MessageMemoryStrategy<geometry_msgs::msg::Pose_<std::allocator<void> >, std::allocator<void> >; std::string = std::__cxx11::basic_string<char>; typename MessageMemoryStrategyT::SharedPtr = std::shared_ptr<rclcpp::message_memory_strategy::MessageMemoryStrategy<geometry_msgs::msg::Pose_<std::allocator<void> >, std::allocator<void> > >][m[K’
[8.288s] [01m[K/home/mscrobotics2425laptop27/Documents/University/robotic_systems_design_project/RoboticDesign---Team-10/manipulator_work/manipulator_ros2_workspace/src/px150_move_group_commander/src/moveit_interface_obj.cpp:95:71:[m[K   required from here
[8.288s] [01m[K/usr/include/c++/11/type_traits:2205:11:[m[K [01;31m[Kerror: [m[Kno type named ‘[01m[Ktype[m[K’ in ‘[01m[Kstruct std::enable_if<false, void>[m[K’
[8.288s]  2205 |     using [01;31m[K__enable_if_t[m[K = typename enable_if<_Cond, _Tp>::type;
[8.288s]       |           [01;31m[K^~~~~~~~~~~~~[m[K
[8.288s] In file included from [01m[K/usr/include/c++/11/future:47[m[K,
[8.288s]                  from [01m[K/opt/ros/humble/include/rclcpp/rclcpp/executors.hpp:18[m[K,
[8.288s]                  from [01m[K/opt/ros/humble/include/rclcpp/rclcpp/rclcpp.hpp:155[m[K,
[8.288s]                  from [01m[K/home/mscrobotics2425laptop27/Documents/University/robotic_systems_design_project/RoboticDesign---Team-10/manipulator_work/manipulator_ros2_workspace/src/px150_move_group_commander/include/interbotix_moveit_interface/moveit_interface_obj.hpp:36[m[K,
[8.288s]                  from [01m[K/home/mscrobotics2425laptop27/Documents/University/robotic_systems_design_project/RoboticDesign---Team-10/manipulator_work/manipulator_ros2_workspace/src/px150_move_group_commander/src/moveit_interface_obj.cpp:29[m[K:
[8.289s] /opt/ros/humble/include/rclcpp/rclcpp/any_subscription_callback.hpp: In instantiation of ‘[01m[Krclcpp::AnySubscriptionCallback<MessageT, AllocatorT> rclcpp::AnySubscriptionCallback<MessageT, AllocatorT>::set(CallbackT) [with CallbackT = std::_Bind<void (interbotix::InterbotixMoveItInterface::*(std::shared_ptr<rclcpp::Node>, std::_Placeholder<1>))(const geometry_msgs::msg::Pose_<std::allocator<void> >&)>; MessageT = geometry_msgs::msg::Pose_<std::allocator<void> >; AllocatorT = std::allocator<void>][m[K’:
[8.289s] [01m[K/opt/ros/humble/include/rclcpp/rclcpp/subscription_factory.hpp:94:32:[m[K   required from ‘[01m[Krclcpp::SubscriptionFactory rclcpp::create_subscription_factory(CallbackT&&, const rclcpp::SubscriptionOptionsWithAllocator<AllocatorT>&, typename MessageMemoryStrategyT::SharedPtr, std::shared_ptr<rclcpp::topic_statistics::SubscriptionTopicStatistics<ROSMessageType> >) [with MessageT = geometry_msgs::msg::Pose_<std::allocator<void> >; CallbackT = std::_Bind<void (interbotix::InterbotixMoveItInterface::*(std::shared_ptr<rclcpp::Node>, std::_Placeholder<1>))(const geometry_msgs::msg::Pose_<std::allocator<void> >&)>; AllocatorT = std::allocator<void>; SubscriptionT = rclcpp::Subscription<geometry_msgs::msg::Pose_<std::allocator<void> > >; MessageMemoryStrategyT = rclcpp::message_memory_strategy::MessageMemoryStrategy<geometry_msgs::msg::Pose_<std::allocator<void> >, std::allocator<void> >; ROSMessageType = geometry_msgs::msg::Pose_<std::allocator<void> >; typename MessageMemoryStrategyT::SharedPtr = std::shared_ptr<rclcpp::message_memory_strategy::MessageMemoryStrategy<geometry_msgs::msg::Pose_<std::allocator<void> >, std::allocator<void> > >][m[K’
[8.289s] [01m[K/opt/ros/humble/include/rclcpp/rclcpp/create_subscription.hpp:122:63:[m[K   required from ‘[01m[Kstd::shared_ptr<ROSMessageT> rclcpp::detail::create_subscription(NodeParametersT&, NodeTopicsT&, const string&, const rclcpp::QoS&, CallbackT&&, const rclcpp::SubscriptionOptionsWithAllocator<AllocatorT>&, typename MessageMemoryStrategyT::SharedPtr) [with MessageT = geometry_msgs::msg::Pose_<std::allocator<void> >; CallbackT = std::_Bind<void (interbotix::InterbotixMoveItInterface::*(std::shared_ptr<rclcpp::Node>, std::_Placeholder<1>))(const geometry_msgs::msg::Pose_<std::allocator<void> >&)>; AllocatorT = std::allocator<void>; SubscriptionT = rclcpp::Subscription<geometry_msgs::msg::Pose_<std::allocator<void> > >; MessageMemoryStrategyT = rclcpp::message_memory_strategy::MessageMemoryStrategy<geometry_msgs::msg::Pose_<std::allocator<void> >, std::allocator<void> >; NodeParametersT = rclcpp::Node; NodeTopicsT = rclcpp::Node; ROSMessageType = geometry_msgs::msg::Pose_<std::allocator<void> >; std::string = std::__cxx11::basic_string<char>; typename MessageMemoryStrategyT::SharedPtr = std::shared_ptr<rclcpp::message_memory_strategy::MessageMemoryStrategy<geometry_msgs::msg::Pose_<std::allocator<void> >, std::allocator<void> > >][m[K’
[8.289s] [01m[K/opt/ros/humble/include/rclcpp/rclcpp/create_subscription.hpp:191:76:[m[K   required from ‘[01m[Kstd::shared_ptr<ROSMessageT> rclcpp::create_subscription(NodeT&, const string&, const rclcpp::QoS&, CallbackT&&, const rclcpp::SubscriptionOptionsWithAllocator<AllocatorT>&, typename MessageMemoryStrategyT::SharedPtr) [with MessageT = geometry_msgs::msg::Pose_<std::allocator<void> >; CallbackT = std::_Bind<void (interbotix::InterbotixMoveItInterface::*(std::shared_ptr<rclcpp::Node>, std::_Placeholder<1>))(const geometry_msgs::msg::Pose_<std::allocator<void> >&)>; AllocatorT = std::allocator<void>; SubscriptionT = rclcpp::Subscription<geometry_msgs::msg::Pose_<std::allocator<void> > >; MessageMemoryStrategyT = rclcpp::message_memory_strategy::MessageMemoryStrategy<geometry_msgs::msg::Pose_<std::allocator<void> >, std::allocator<void> >; NodeT = rclcpp::Node; std::string = std::__cxx11::basic_string<char>; typename MessageMemoryStrategyT::SharedPtr = std::shared_ptr<rclcpp::message_memory_strategy::MessageMemoryStrategy<geometry_msgs::msg::Pose_<std::allocator<void> >, std::allocator<void> > >][m[K’
[8.289s] [01m[K/opt/ros/humble/include/rclcpp/rclcpp/node_impl.hpp:99:47:[m[K   required from ‘[01m[Kstd::shared_ptr<ROSMessageT> rclcpp::Node::create_subscription(const string&, const rclcpp::QoS&, CallbackT&&, const rclcpp::SubscriptionOptionsWithAllocator<AllocatorT>&, typename MessageMemoryStrategyT::SharedPtr) [with MessageT = geometry_msgs::msg::Pose_<std::allocator<void> >; CallbackT = std::_Bind<void (interbotix::InterbotixMoveItInterface::*(std::shared_ptr<rclcpp::Node>, std::_Placeholder<1>))(const geometry_msgs::msg::Pose_<std::allocator<void> >&)>; AllocatorT = std::allocator<void>; SubscriptionT = rclcpp::Subscription<geometry_msgs::msg::Pose_<std::allocator<void> > >; MessageMemoryStrategyT = rclcpp::message_memory_strategy::MessageMemoryStrategy<geometry_msgs::msg::Pose_<std::allocator<void> >, std::allocator<void> >; std::string = std::__cxx11::basic_string<char>; typename MessageMemoryStrategyT::SharedPtr = std::shared_ptr<rclcpp::message_memory_strategy::MessageMemoryStrategy<geometry_msgs::msg::Pose_<std::allocator<void> >, std::allocator<void> > >][m[K’
[8.289s] [01m[K/home/mscrobotics2425laptop27/Documents/University/robotic_systems_design_project/RoboticDesign---Team-10/manipulator_work/manipulator_ros2_workspace/src/px150_move_group_commander/src/moveit_interface_obj.cpp:95:71:[m[K   required from here
[8.289s] [01m[K/usr/include/c++/11/bits/std_function.h:404:7:[m[K [01;36m[Knote: [m[Kcandidate: ‘[01m[Kstd::function<_Res(_ArgTypes ...)>::function(std::function<_Res(_ArgTypes ...)>&&) [with _Res = void; _ArgTypes = {const geometry_msgs::msg::Pose_<std::allocator<void> >&}][m[K’
[8.289s]   404 |       [01;36m[Kfunction[m[K(function&& __x) noexcept
[8.289s]       |       [01;36m[K^~~~~~~~[m[K
[8.290s] [01m[K/usr/include/c++/11/bits/std_function.h:404:27:[m[K [01;36m[Knote: [m[K  no known conversion for argument 1 from ‘[01m[Kstd::_Bind<void (interbotix::InterbotixMoveItInterface::*(std::shared_ptr<rclcpp::Node>, std::_Placeholder<1>))(const geometry_msgs::msg::Pose_<std::allocator<void> >&)>[m[K’ to ‘[01m[Kstd::function<void(const geometry_msgs::msg::Pose_<std::allocator<void> >&)>&&[m[K’
[8.290s]   404 |       function([01;36m[Kfunction&& __x[m[K) noexcept
[8.290s]       |                [01;36m[K~~~~~~~~~~~^~~[m[K
[8.290s] [01m[K/usr/include/c++/11/bits/std_function.h:386:7:[m[K [01;36m[Knote: [m[Kcandidate: ‘[01m[Kstd::function<_Res(_ArgTypes ...)>::function(const std::function<_Res(_ArgTypes ...)>&) [with _Res = void; _ArgTypes = {const geometry_msgs::msg::Pose_<std::allocator<void> >&}][m[K’
[8.290s]   386 |       [01;36m[Kfunction[m[K(const function& __x)
[8.290s]       |       [01;36m[K^~~~~~~~[m[K
[8.290s] [01m[K/usr/include/c++/11/bits/std_function.h:386:32:[m[K [01;36m[Knote: [m[K  no known conversion for argument 1 from ‘[01m[Kstd::_Bind<void (interbotix::InterbotixMoveItInterface::*(std::shared_ptr<rclcpp::Node>, std::_Placeholder<1>))(const geometry_msgs::msg::Pose_<std::allocator<void> >&)>[m[K’ to ‘[01m[Kconst std::function<void(const geometry_msgs::msg::Pose_<std::allocator<void> >&)>&[m[K’
[8.290s]   386 |       function([01;36m[Kconst function& __x[m[K)
[8.290s]       |                [01;36m[K~~~~~~~~~~~~~~~~^~~[m[K
[8.291s] [01m[K/usr/include/c++/11/bits/std_function.h:375:7:[m[K [01;36m[Knote: [m[Kcandidate: ‘[01m[Kstd::function<_Res(_ArgTypes ...)>::function(std::nullptr_t) [with _Res = void; _ArgTypes = {const geometry_msgs::msg::Pose_<std::allocator<void> >&}; std::nullptr_t = std::nullptr_t][m[K’
[8.291s]   375 |       [01;36m[Kfunction[m[K(nullptr_t) noexcept
[8.291s]       |       [01;36m[K^~~~~~~~[m[K
[8.291s] [01m[K/usr/include/c++/11/bits/std_function.h:375:16:[m[K [01;36m[Knote: [m[K  no known conversion for argument 1 from ‘[01m[Kstd::_Bind<void (interbotix::InterbotixMoveItInterface::*(std::shared_ptr<rclcpp::Node>, std::_Placeholder<1>))(const geometry_msgs::msg::Pose_<std::allocator<void> >&)>[m[K’ to ‘[01m[Kstd::nullptr_t[m[K’
[8.291s]   375 |       function([01;36m[Knullptr_t[m[K) noexcept
[8.291s]       |                [01;36m[K^~~~~~~~~[m[K
[8.291s] [01m[K/usr/include/c++/11/bits/std_function.h:368:7:[m[K [01;36m[Knote: [m[Kcandidate: ‘[01m[Kstd::function<_Res(_ArgTypes ...)>::function() [with _Res = void; _ArgTypes = {const geometry_msgs::msg::Pose_<std::allocator<void> >&}][m[K’
[8.291s]   368 |       [01;36m[Kfunction[m[K() noexcept
[8.291s]       |       [01;36m[K^~~~~~~~[m[K
[8.291s] [01m[K/usr/include/c++/11/bits/std_function.h:368:7:[m[K [01;36m[Knote: [m[K  candidate expects 0 arguments, 1 provided
[10.745s] gmake[2]: *** [CMakeFiles/px150_move_group_commander_node.dir/build.make:90: CMakeFiles/px150_move_group_commander_node.dir/src/moveit_interface_obj.cpp.o] Error 1
[10.746s] gmake[1]: *** [CMakeFiles/Makefile2:137: CMakeFiles/px150_move_group_commander_node.dir/all] Error 2
[10.746s] gmake: *** [Makefile:146: all] Error 2
[10.749s] Invoked command in '/home/mscrobotics2425laptop27/Documents/University/robotic_systems_design_project/RoboticDesign---Team-10/manipulator_work/manipulator_ros2_workspace/build/px150_move_group_commander' returned '2': CMAKE_PREFIX_PATH=${CMAKE_PREFIX_PATH}:/home/mscrobotics2425laptop27/interbotix_ws/install/interbotix_xs_modules:/home/mscrobotics2425laptop27/interbotix_ws/install/interbotix_perception_modules:/home/mscrobotics2425laptop27/interbotix_ws/install/interbotix_common_modules:/home/mscrobotics2425laptop27/Documents/University/robotic_systems_design_project/RoboticDesign---Team-10/manipulator_work/manipulator_ros2_workspace/install/manipulator_package:/home/mscrobotics2425laptop27/ws_moveit2/install/moveit_configs_utils:/home/mscrobotics2425laptop27/ws_moveit2/install/launch_param_builder:/opt/ros/humble /usr/bin/cmake --build /home/mscrobotics2425laptop27/Documents/University/robotic_systems_design_project/RoboticDesign---Team-10/manipulator_work/manipulator_ros2_workspace/build/px150_move_group_commander -- -j12 -l12
