[01m[K/home/mscrobotics2425laptop27/Documents/University/robotic_systems_design_project/RoboticDesign---Team-10/manipulator_work/manipulator_ros2_workspace/src/px150_move_group_commander/src/moveit_interface_obj.cpp:[m[K In member function ‘[01m[Kvoid interbotix::InterbotixMoveItInterface::move_arm_to_position_callback(std::shared_ptr<std_srvs::srv::Trigger_Request_<std::allocator<void> > >, std::shared_ptr<std_srvs::srv::Trigger_Response_<std::allocator<void> > >)[m[K’:
[01m[K/home/mscrobotics2425laptop27/Documents/University/robotic_systems_design_project/RoboticDesign---Team-10/manipulator_work/manipulator_ros2_workspace/src/px150_move_group_commander/src/moveit_interface_obj.cpp:115:12:[m[K [01;35m[Kwarning: [m[Kunused variable ‘[01m[Kexecute_outcome[m[K’ [[01;35m[K]8;;https://gcc.gnu.org/onlinedocs/gcc/Warning-Options.html#index-Wunused-variable-Wunused-variable]8;;[m[K]
  115 |       bool [01;35m[Kexecute_outcome[m[K =  InterbotixMoveItInterface::moveit_execute_plan();
      |            [01;35m[K^~~~~~~~~~~~~~~[m[K
[01m[K/home/mscrobotics2425laptop27/Documents/University/robotic_systems_design_project/RoboticDesign---Team-10/manipulator_work/manipulator_ros2_workspace/src/px150_move_group_commander/src/moveit_interface_obj.cpp:111:118:[m[K [01;35m[Kwarning: [m[Kunused parameter ‘[01m[Krequest[m[K’ [[01;35m[K]8;;https://gcc.gnu.org/onlinedocs/gcc/Warning-Options.html#index-Wunused-parameter-Wunused-parameter]8;;[m[K]
  111 | void InterbotixMoveItInterface::move_arm_to_position_callback([01;35m[Kconst std::shared_ptr<std_srvs::srv::Trigger::Request> request[m[K,
      |                                                               [01;35m[K~~~~~~~~~~~~~~~~~~~~~~~~~~~~~~~~~~~~~~~~~~~~~~~~~~~~~~~^~~~~~~[m[K
In file included from [01m[K/usr/include/x86_64-linux-gnu/c++/11/bits/c++allocator.h:33[m[K,
                 from [01m[K/usr/include/c++/11/bits/allocator.h:46[m[K,
                 from [01m[K/usr/include/c++/11/memory:64[m[K,
                 from [01m[K/home/mscrobotics2425laptop27/Documents/University/robotic_systems_design_project/RoboticDesign---Team-10/manipulator_work/manipulator_ros2_workspace/src/px150_move_group_commander/include/interbotix_moveit_interface/moveit_interface_obj.hpp:32[m[K,
                 from [01m[K/home/mscrobotics2425laptop27/Documents/University/robotic_systems_design_project/RoboticDesign---Team-10/manipulator_work/manipulator_ros2_workspace/src/px150_move_group_commander/src/px150_move_group_commander_node.cpp:29[m[K:
/usr/include/c++/11/ext/new_allocator.h: In instantiation of ‘[01m[Kvoid __gnu_cxx::new_allocator<_Tp>::construct(_Up*, _Args&& ...) [with _Up = rclcpp::executors::MultiThreadedExecutor; _Args = {std::shared_ptr<rclcpp::Node>&}; _Tp = rclcpp::executors::MultiThreadedExecutor][m[K’:
[01m[K/usr/include/c++/11/bits/alloc_traits.h:516:17:[m[K   required from ‘[01m[Kstatic void std::allocator_traits<std::allocator<_Tp1> >::construct(std::allocator_traits<std::allocator<_Tp1> >::allocator_type&, _Up*, _Args&& ...) [with _Up = rclcpp::executors::MultiThreadedExecutor; _Args = {std::shared_ptr<rclcpp::Node>&}; _Tp = rclcpp::executors::MultiThreadedExecutor; std::allocator_traits<std::allocator<_Tp1> >::allocator_type = std::allocator<rclcpp::executors::MultiThreadedExecutor>][m[K’
[01m[K/usr/include/c++/11/bits/shared_ptr_base.h:519:39:[m[K   required from ‘[01m[Kstd::_Sp_counted_ptr_inplace<_Tp, _Alloc, _Lp>::_Sp_counted_ptr_inplace(_Alloc, _Args&& ...) [with _Args = {std::shared_ptr<rclcpp::Node>&}; _Tp = rclcpp::executors::MultiThreadedExecutor; _Alloc = std::allocator<rclcpp::executors::MultiThreadedExecutor>; __gnu_cxx::_Lock_policy _Lp = __gnu_cxx::_S_atomic][m[K’
[01m[K/usr/include/c++/11/bits/shared_ptr_base.h:650:16:[m[K   required from ‘[01m[Kstd::__shared_count<_Lp>::__shared_count(_Tp*&, std::_Sp_alloc_shared_tag<_Alloc>, _Args&& ...) [with _Tp = rclcpp::executors::MultiThreadedExecutor; _Alloc = std::allocator<rclcpp::executors::MultiThreadedExecutor>; _Args = {std::shared_ptr<rclcpp::Node>&}; __gnu_cxx::_Lock_policy _Lp = __gnu_cxx::_S_atomic][m[K’
[01m[K/usr/include/c++/11/bits/shared_ptr_base.h:1342:14:[m[K   required from ‘[01m[Kstd::__shared_ptr<_Tp, _Lp>::__shared_ptr(std::_Sp_alloc_shared_tag<_Tp>, _Args&& ...) [with _Alloc = std::allocator<rclcpp::executors::MultiThreadedExecutor>; _Args = {std::shared_ptr<rclcpp::Node>&}; _Tp = rclcpp::executors::MultiThreadedExecutor; __gnu_cxx::_Lock_policy _Lp = __gnu_cxx::_S_atomic][m[K’
[01m[K/usr/include/c++/11/bits/shared_ptr.h:409:59:[m[K   required from ‘[01m[Kstd::shared_ptr<_Tp>::shared_ptr(std::_Sp_alloc_shared_tag<_Tp>, _Args&& ...) [with _Alloc = std::allocator<rclcpp::executors::MultiThreadedExecutor>; _Args = {std::shared_ptr<rclcpp::Node>&}; _Tp = rclcpp::executors::MultiThreadedExecutor][m[K’
[01m[K/usr/include/c++/11/bits/shared_ptr.h:862:14:[m[K   required from ‘[01m[Kstd::shared_ptr<_Tp> std::allocate_shared(const _Alloc&, _Args&& ...) [with _Tp = rclcpp::executors::MultiThreadedExecutor; _Alloc = std::allocator<rclcpp::executors::MultiThreadedExecutor>; _Args = {std::shared_ptr<rclcpp::Node>&}][m[K’
[01m[K/usr/include/c++/11/bits/shared_ptr.h:878:39:[m[K   required from ‘[01m[Kstd::shared_ptr<_Tp> std::make_shared(_Args&& ...) [with _Tp = rclcpp::executors::MultiThreadedExecutor; _Args = {std::shared_ptr<rclcpp::Node>&}][m[K’
[01m[K/home/mscrobotics2425laptop27/Documents/University/robotic_systems_design_project/RoboticDesign---Team-10/manipulator_work/manipulator_ros2_workspace/src/px150_move_group_commander/src/px150_move_group_commander_node.cpp:56:77:[m[K   required from here
[01m[K/usr/include/c++/11/ext/new_allocator.h:162:11:[m[K [01;31m[Kerror: [m[Kno matching function for call to ‘[01m[Krclcpp::executors::MultiThreadedExecutor::MultiThreadedExecutor(std::shared_ptr<rclcpp::Node>&)[m[K’
  162 |         { [01;31m[K::new((void *)__p) _Up(std::forward<_Args>(__args)...)[m[K; }
      |           [01;31m[K^~~~~~~~~~~~~~~~~~~~~~~~~~~~~~~~~~~~~~~~~~~~~~~~~~~~~~[m[K
In file included from [01m[K/opt/ros/humble/include/rclcpp/rclcpp/executors.hpp:21[m[K,
                 from [01m[K/opt/ros/humble/include/rclcpp/rclcpp/rclcpp.hpp:155[m[K,
                 from [01m[K/home/mscrobotics2425laptop27/Documents/University/robotic_systems_design_project/RoboticDesign---Team-10/manipulator_work/manipulator_ros2_workspace/src/px150_move_group_commander/include/interbotix_moveit_interface/moveit_interface_obj.hpp:36[m[K,
                 from [01m[K/home/mscrobotics2425laptop27/Documents/University/robotic_systems_design_project/RoboticDesign---Team-10/manipulator_work/manipulator_ros2_workspace/src/px150_move_group_commander/src/px150_move_group_commander_node.cpp:29[m[K:
[01m[K/opt/ros/humble/include/rclcpp/rclcpp/executors/multi_threaded_executor.hpp:55:12:[m[K [01;36m[Knote: [m[Kcandidate: ‘[01m[Krclcpp::executors::MultiThreadedExecutor::MultiThreadedExecutor(const rclcpp::ExecutorOptions&, size_t, bool, std::chrono::nanoseconds)[m[K’
   55 |   explicit [01;36m[KMultiThreadedExecutor[m[K(
      |            [01;36m[K^~~~~~~~~~~~~~~~~~~~~[m[K
[01m[K/opt/ros/humble/include/rclcpp/rclcpp/executors/multi_threaded_executor.hpp:56:37:[m[K [01;36m[Knote: [m[K  no known conversion for argument 1 from ‘[01m[Kstd::shared_ptr<rclcpp::Node>[m[K’ to ‘[01m[Kconst rclcpp::ExecutorOptions&[m[K’
   56 |     [01;36m[Kconst rclcpp::ExecutorOptions & options = rclcpp::ExecutorOptions()[m[K,
      |     [01;36m[K~~~~~~~~~~~~~~~~~~~~~~~~~~~~~~~~^~~~~~~~~~~~~~~~~~~~~~~~~~~~~~~~~~~[m[K
gmake[2]: *** [CMakeFiles/px150_move_group_commander_node.dir/build.make:76: CMakeFiles/px150_move_group_commander_node.dir/src/px150_move_group_commander_node.cpp.o] Error 1
gmake[2]: *** Waiting for unfinished jobs....
gmake[1]: *** [CMakeFiles/Makefile2:137: CMakeFiles/px150_move_group_commander_node.dir/all] Error 2
gmake: *** [Makefile:146: all] Error 2
