[0.936s] Invoking command in '/home/mscrobotics2425laptop7/robotdesign - team10/src/navigation_demos': PYTHONPATH=/home/mscrobotics2425laptop7/robotdesign - team10/build/navigation_demos/prefix_override:/usr/lib/python3/dist-packages/colcon_core/task/python/colcon_distutils_commands:/home/mscrobotics2425laptop7/robotdesign - team10/install/navigation_demos/lib/python3.10/site-packages:${PYTHONPATH} /usr/bin/python3 -W ignore:setup.py install is deprecated setup.py egg_info --egg-base ../../build/navigation_demos build --build-base /home/mscrobotics2425laptop7/robotdesign - team10/build/navigation_demos/build install --record /home/mscrobotics2425laptop7/robotdesign - team10/build/navigation_demos/install.log --single-version-externally-managed install_data
[1.088s] running egg_info
[1.088s] writing ../../build/navigation_demos/navigation_demos.egg-info/PKG-INFO
[1.088s] writing dependency_links to ../../build/navigation_demos/navigation_demos.egg-info/dependency_links.txt
[1.088s] writing entry points to ../../build/navigation_demos/navigation_demos.egg-info/entry_points.txt
[1.088s] writing requirements to ../../build/navigation_demos/navigation_demos.egg-info/requires.txt
[1.088s] writing top-level names to ../../build/navigation_demos/navigation_demos.egg-info/top_level.txt
[1.090s] reading manifest file '../../build/navigation_demos/navigation_demos.egg-info/SOURCES.txt'
[1.091s] writing manifest file '../../build/navigation_demos/navigation_demos.egg-info/SOURCES.txt'
[1.092s] running build
[1.092s] running build_py
[1.092s] running install
[1.092s] running install_lib
[1.094s] running install_data
[1.094s] running install_egg_info
[1.095s] removing '/home/mscrobotics2425laptop7/robotdesign - team10/install/navigation_demos/lib/python3.10/site-packages/navigation_demos-0.0.0-py3.10.egg-info' (and everything under it)
[1.096s] Copying ../../build/navigation_demos/navigation_demos.egg-info to /home/mscrobotics2425laptop7/robotdesign - team10/install/navigation_demos/lib/python3.10/site-packages/navigation_demos-0.0.0-py3.10.egg-info
[1.097s] running install_scripts
[1.117s] Installing EKF script to /home/mscrobotics2425laptop7/robotdesign - team10/install/navigation_demos/lib/navigation_demos
[1.117s] Installing main_node script to /home/mscrobotics2425laptop7/robotdesign - team10/install/navigation_demos/lib/navigation_demos
[1.117s] writing list of installed files to '/home/mscrobotics2425laptop7/robotdesign - team10/build/navigation_demos/install.log'
[1.134s] Invoked command in '/home/mscrobotics2425laptop7/robotdesign - team10/src/navigation_demos' returned '0': PYTHONPATH=/home/mscrobotics2425laptop7/robotdesign - team10/build/navigation_demos/prefix_override:/usr/lib/python3/dist-packages/colcon_core/task/python/colcon_distutils_commands:/home/mscrobotics2425laptop7/robotdesign - team10/install/navigation_demos/lib/python3.10/site-packages:${PYTHONPATH} /usr/bin/python3 -W ignore:setup.py install is deprecated setup.py egg_info --egg-base ../../build/navigation_demos build --build-base /home/mscrobotics2425laptop7/robotdesign - team10/build/navigation_demos/build install --record /home/mscrobotics2425laptop7/robotdesign - team10/build/navigation_demos/install.log --single-version-externally-managed install_data
