[0.245s] Invoking command in '/home/mscrobotics2425laptop7/openCV_ros2/build/vision_opencv': AMENT_PREFIX_PATH=/home/mscrobotics2425laptop7/openCV_ros2/install/image_geometry:/home/mscrobotics2425laptop7/openCV_ros2/install/cv_bridge:${AMENT_PREFIX_PATH} CMAKE_PREFIX_PATH=/home/mscrobotics2425laptop7/openCV_ros2/install/image_geometry:/home/mscrobotics2425laptop7/openCV_ros2/install/cv_bridge:/opt/ros/humble LD_LIBRARY_PATH=/home/mscrobotics2425laptop7/openCV_ros2/install/image_geometry/lib:/home/mscrobotics2425laptop7/openCV_ros2/install/cv_bridge/lib:${LD_LIBRARY_PATH} PYTHONPATH=/home/mscrobotics2425laptop7/openCV_ros2/install/image_geometry/local/lib/python3.10/dist-packages:/home/mscrobotics2425laptop7/openCV_ros2/install/cv_bridge/local/lib/python3.10/dist-packages:${PYTHONPATH} /usr/bin/cmake /home/mscrobotics2425laptop7/openCV_ros2/src/vision_opencv/vision_opencv -DAMENT_CMAKE_SYMLINK_INSTALL=1 -DCMAKE_INSTALL_PREFIX=/home/mscrobotics2425laptop7/openCV_ros2/install/vision_opencv
[0.334s] -- The C compiler identification is GNU 11.4.0
[0.422s] -- The CXX compiler identification is GNU 11.4.0
[0.432s] -- Detecting C compiler ABI info
[0.534s] -- Detecting C compiler ABI info - done
[0.544s] -- Check for working C compiler: /usr/bin/cc - skipped
[0.545s] -- Detecting C compile features
[0.545s] -- Detecting C compile features - done
[0.554s] -- Detecting CXX compiler ABI info
[0.676s] -- Detecting CXX compiler ABI info - done
[0.692s] -- Check for working CXX compiler: /usr/bin/c++ - skipped
[0.693s] -- Detecting CXX compile features
[0.694s] -- Detecting CXX compile features - done
[0.698s] -- Found ament_cmake: 1.3.10 (/opt/ros/humble/share/ament_cmake/cmake)
[0.874s] -- Found Python3: /usr/bin/python3 (found version "3.10.12") found components: Interpreter 
[0.942s] -- Override CMake install command with custom implementation using symlinks instead of copying resources
[1.085s] -- Configuring done
[1.092s] -- Generating done
[1.095s] -- Build files have been written to: /home/mscrobotics2425laptop7/openCV_ros2/build/vision_opencv
[1.104s] Invoked command in '/home/mscrobotics2425laptop7/openCV_ros2/build/vision_opencv' returned '0': AMENT_PREFIX_PATH=/home/mscrobotics2425laptop7/openCV_ros2/install/image_geometry:/home/mscrobotics2425laptop7/openCV_ros2/install/cv_bridge:${AMENT_PREFIX_PATH} CMAKE_PREFIX_PATH=/home/mscrobotics2425laptop7/openCV_ros2/install/image_geometry:/home/mscrobotics2425laptop7/openCV_ros2/install/cv_bridge:/opt/ros/humble LD_LIBRARY_PATH=/home/mscrobotics2425laptop7/openCV_ros2/install/image_geometry/lib:/home/mscrobotics2425laptop7/openCV_ros2/install/cv_bridge/lib:${LD_LIBRARY_PATH} PYTHONPATH=/home/mscrobotics2425laptop7/openCV_ros2/install/image_geometry/local/lib/python3.10/dist-packages:/home/mscrobotics2425laptop7/openCV_ros2/install/cv_bridge/local/lib/python3.10/dist-packages:${PYTHONPATH} /usr/bin/cmake /home/mscrobotics2425laptop7/openCV_ros2/src/vision_opencv/vision_opencv -DAMENT_CMAKE_SYMLINK_INSTALL=1 -DCMAKE_INSTALL_PREFIX=/home/mscrobotics2425laptop7/openCV_ros2/install/vision_opencv
[1.107s] Invoking command in '/home/mscrobotics2425laptop7/openCV_ros2/build/vision_opencv': AMENT_PREFIX_PATH=/home/mscrobotics2425laptop7/openCV_ros2/install/image_geometry:/home/mscrobotics2425laptop7/openCV_ros2/install/cv_bridge:${AMENT_PREFIX_PATH} CMAKE_PREFIX_PATH=/home/mscrobotics2425laptop7/openCV_ros2/install/image_geometry:/home/mscrobotics2425laptop7/openCV_ros2/install/cv_bridge:/opt/ros/humble LD_LIBRARY_PATH=/home/mscrobotics2425laptop7/openCV_ros2/install/image_geometry/lib:/home/mscrobotics2425laptop7/openCV_ros2/install/cv_bridge/lib:${LD_LIBRARY_PATH} PYTHONPATH=/home/mscrobotics2425laptop7/openCV_ros2/install/image_geometry/local/lib/python3.10/dist-packages:/home/mscrobotics2425laptop7/openCV_ros2/install/cv_bridge/local/lib/python3.10/dist-packages:${PYTHONPATH} /usr/bin/cmake --build /home/mscrobotics2425laptop7/openCV_ros2/build/vision_opencv -- -j12 -l12
[1.171s] Invoked command in '/home/mscrobotics2425laptop7/openCV_ros2/build/vision_opencv' returned '0': AMENT_PREFIX_PATH=/home/mscrobotics2425laptop7/openCV_ros2/install/image_geometry:/home/mscrobotics2425laptop7/openCV_ros2/install/cv_bridge:${AMENT_PREFIX_PATH} CMAKE_PREFIX_PATH=/home/mscrobotics2425laptop7/openCV_ros2/install/image_geometry:/home/mscrobotics2425laptop7/openCV_ros2/install/cv_bridge:/opt/ros/humble LD_LIBRARY_PATH=/home/mscrobotics2425laptop7/openCV_ros2/install/image_geometry/lib:/home/mscrobotics2425laptop7/openCV_ros2/install/cv_bridge/lib:${LD_LIBRARY_PATH} PYTHONPATH=/home/mscrobotics2425laptop7/openCV_ros2/install/image_geometry/local/lib/python3.10/dist-packages:/home/mscrobotics2425laptop7/openCV_ros2/install/cv_bridge/local/lib/python3.10/dist-packages:${PYTHONPATH} /usr/bin/cmake --build /home/mscrobotics2425laptop7/openCV_ros2/build/vision_opencv -- -j12 -l12
[1.206s] Invoking command in '/home/mscrobotics2425laptop7/openCV_ros2/build/vision_opencv': AMENT_PREFIX_PATH=/home/mscrobotics2425laptop7/openCV_ros2/install/image_geometry:/home/mscrobotics2425laptop7/openCV_ros2/install/cv_bridge:${AMENT_PREFIX_PATH} CMAKE_PREFIX_PATH=/home/mscrobotics2425laptop7/openCV_ros2/install/image_geometry:/home/mscrobotics2425laptop7/openCV_ros2/install/cv_bridge:/opt/ros/humble LD_LIBRARY_PATH=/home/mscrobotics2425laptop7/openCV_ros2/install/image_geometry/lib:/home/mscrobotics2425laptop7/openCV_ros2/install/cv_bridge/lib:${LD_LIBRARY_PATH} PYTHONPATH=/home/mscrobotics2425laptop7/openCV_ros2/install/image_geometry/local/lib/python3.10/dist-packages:/home/mscrobotics2425laptop7/openCV_ros2/install/cv_bridge/local/lib/python3.10/dist-packages:${PYTHONPATH} /usr/bin/cmake --install /home/mscrobotics2425laptop7/openCV_ros2/build/vision_opencv
[1.217s] -- Install configuration: ""
[1.218s] -- Execute custom install script
[1.219s] -- Symlinking: /home/mscrobotics2425laptop7/openCV_ros2/install/vision_opencv/share/ament_index/resource_index/package_run_dependencies/vision_opencv
[1.231s] -- Symlinking: /home/mscrobotics2425laptop7/openCV_ros2/install/vision_opencv/share/ament_index/resource_index/parent_prefix_path/vision_opencv
[1.241s] -- Symlinking: /home/mscrobotics2425laptop7/openCV_ros2/install/vision_opencv/share/vision_opencv/environment/ament_prefix_path.sh
[1.252s] -- Symlinking: /home/mscrobotics2425laptop7/openCV_ros2/install/vision_opencv/share/vision_opencv/environment/ament_prefix_path.dsv
[1.264s] -- Symlinking: /home/mscrobotics2425laptop7/openCV_ros2/install/vision_opencv/share/vision_opencv/environment/path.sh
[1.274s] -- Symlinking: /home/mscrobotics2425laptop7/openCV_ros2/install/vision_opencv/share/vision_opencv/environment/path.dsv
[1.285s] -- Symlinking: /home/mscrobotics2425laptop7/openCV_ros2/install/vision_opencv/share/vision_opencv/local_setup.bash
[1.297s] -- Symlinking: /home/mscrobotics2425laptop7/openCV_ros2/install/vision_opencv/share/vision_opencv/local_setup.sh
[1.309s] -- Symlinking: /home/mscrobotics2425laptop7/openCV_ros2/install/vision_opencv/share/vision_opencv/local_setup.zsh
[1.320s] -- Symlinking: /home/mscrobotics2425laptop7/openCV_ros2/install/vision_opencv/share/vision_opencv/local_setup.dsv
[1.331s] -- Symlinking: /home/mscrobotics2425laptop7/openCV_ros2/install/vision_opencv/share/vision_opencv/package.dsv
[1.342s] -- Symlinking: /home/mscrobotics2425laptop7/openCV_ros2/install/vision_opencv/share/ament_index/resource_index/packages/vision_opencv
[1.354s] -- Symlinking: /home/mscrobotics2425laptop7/openCV_ros2/install/vision_opencv/share/vision_opencv/cmake/vision_opencvConfig.cmake
[1.363s] -- Symlinking: /home/mscrobotics2425laptop7/openCV_ros2/install/vision_opencv/share/vision_opencv/cmake/vision_opencvConfig-version.cmake
[1.379s] -- Symlinking: /home/mscrobotics2425laptop7/openCV_ros2/install/vision_opencv/share/vision_opencv/package.xml
[1.400s] Invoked command in '/home/mscrobotics2425laptop7/openCV_ros2/build/vision_opencv' returned '0': AMENT_PREFIX_PATH=/home/mscrobotics2425laptop7/openCV_ros2/install/image_geometry:/home/mscrobotics2425laptop7/openCV_ros2/install/cv_bridge:${AMENT_PREFIX_PATH} CMAKE_PREFIX_PATH=/home/mscrobotics2425laptop7/openCV_ros2/install/image_geometry:/home/mscrobotics2425laptop7/openCV_ros2/install/cv_bridge:/opt/ros/humble LD_LIBRARY_PATH=/home/mscrobotics2425laptop7/openCV_ros2/install/image_geometry/lib:/home/mscrobotics2425laptop7/openCV_ros2/install/cv_bridge/lib:${LD_LIBRARY_PATH} PYTHONPATH=/home/mscrobotics2425laptop7/openCV_ros2/install/image_geometry/local/lib/python3.10/dist-packages:/home/mscrobotics2425laptop7/openCV_ros2/install/cv_bridge/local/lib/python3.10/dist-packages:${PYTHONPATH} /usr/bin/cmake --install /home/mscrobotics2425laptop7/openCV_ros2/build/vision_opencv
