[0.055s] DEBUG:colcon:Command line arguments: ['/usr/bin/colcon', 'build']
[0.055s] DEBUG:colcon:Parsed command line arguments: Namespace(log_base=None, log_level=None, verb_name='build', build_base='build', install_base='install', merge_install=False, symlink_install=False, test_result_base=None, continue_on_error=False, executor='parallel', parallel_workers=12, event_handlers=None, ignore_user_meta=False, metas=['./colcon.meta'], base_paths=['.'], packages_ignore=None, packages_ignore_regex=None, paths=None, packages_up_to=None, packages_up_to_regex=None, packages_above=None, packages_above_and_dependencies=None, packages_above_depth=None, packages_select_by_dep=None, packages_skip_by_dep=None, packages_skip_up_to=None, packages_select_build_failed=False, packages_skip_build_finished=False, packages_select_test_failures=False, packages_skip_test_passed=False, packages_select=None, packages_skip=None, packages_select_regex=None, packages_skip_regex=None, packages_start=None, packages_end=None, allow_overriding=[], cmake_args=None, cmake_target=None, cmake_target_skip_unavailable=False, cmake_clean_cache=False, cmake_clean_first=False, cmake_force_configure=False, ament_cmake_args=None, catkin_cmake_args=None, catkin_skip_building_tests=False, mixin_files=None, mixin=None, verb_parser=<colcon_mixin.mixin.mixin_argument.MixinArgumentDecorator object at 0x772c66656b90>, verb_extension=<colcon_core.verb.build.BuildVerb object at 0x772c666566e0>, main=<bound method BuildVerb.main of <colcon_core.verb.build.BuildVerb object at 0x772c666566e0>>, mixin_verb=('build',))
[0.138s] Level 1:colcon.colcon_core.package_discovery:discover_packages(colcon_meta) check parameters
[0.138s] Level 1:colcon.colcon_core.package_discovery:discover_packages(recursive) check parameters
[0.138s] Level 1:colcon.colcon_core.package_discovery:discover_packages(ignore) check parameters
[0.138s] Level 1:colcon.colcon_core.package_discovery:discover_packages(path) check parameters
[0.138s] Level 1:colcon.colcon_core.package_discovery:discover_packages(colcon_meta) discover
[0.138s] Level 1:colcon.colcon_core.package_discovery:discover_packages(recursive) discover
[0.138s] INFO:colcon.colcon_core.package_discovery:Crawling recursively for packages in '/home/mscrobotics2425laptop7/robotdesign - team10'
[0.138s] Level 1:colcon.colcon_core.package_identification:_identify(.) by extensions ['ignore', 'ignore_ament_install']
[0.138s] Level 1:colcon.colcon_core.package_identification:_identify(.) by extension 'ignore'
[0.138s] Level 1:colcon.colcon_core.package_identification:_identify(.) by extension 'ignore_ament_install'
[0.138s] Level 1:colcon.colcon_core.package_identification:_identify(.) by extensions ['colcon_pkg']
[0.138s] Level 1:colcon.colcon_core.package_identification:_identify(.) by extension 'colcon_pkg'
[0.138s] Level 1:colcon.colcon_core.package_identification:_identify(.) by extensions ['colcon_meta']
[0.139s] Level 1:colcon.colcon_core.package_identification:_identify(.) by extension 'colcon_meta'
[0.139s] Level 1:colcon.colcon_core.package_identification:_identify(.) by extensions ['ros']
[0.139s] Level 1:colcon.colcon_core.package_identification:_identify(.) by extension 'ros'
[0.157s] Level 1:colcon.colcon_core.package_identification:_identify(.) by extensions ['cmake', 'python']
[0.157s] Level 1:colcon.colcon_core.package_identification:_identify(.) by extension 'cmake'
[0.157s] Level 1:colcon.colcon_core.package_identification:_identify(.) by extension 'python'
[0.157s] Level 1:colcon.colcon_core.package_identification:_identify(.) by extensions ['python_setup_py']
[0.157s] Level 1:colcon.colcon_core.package_identification:_identify(.) by extension 'python_setup_py'
[0.157s] Level 1:colcon.colcon_core.package_identification:_identify(build) by extensions ['ignore', 'ignore_ament_install']
[0.157s] Level 1:colcon.colcon_core.package_identification:_identify(build) by extension 'ignore'
[0.157s] Level 1:colcon.colcon_core.package_identification:_identify(build) ignored
[0.157s] Level 1:colcon.colcon_core.package_identification:_identify(install) by extensions ['ignore', 'ignore_ament_install']
[0.157s] Level 1:colcon.colcon_core.package_identification:_identify(install) by extension 'ignore'
[0.157s] Level 1:colcon.colcon_core.package_identification:_identify(install) ignored
[0.157s] Level 1:colcon.colcon_core.package_identification:_identify(log) by extensions ['ignore', 'ignore_ament_install']
[0.157s] Level 1:colcon.colcon_core.package_identification:_identify(log) by extension 'ignore'
[0.157s] Level 1:colcon.colcon_core.package_identification:_identify(log) ignored
[0.157s] Level 1:colcon.colcon_core.package_identification:_identify(src) by extensions ['ignore', 'ignore_ament_install']
[0.157s] Level 1:colcon.colcon_core.package_identification:_identify(src) by extension 'ignore'
[0.157s] Level 1:colcon.colcon_core.package_identification:_identify(src) by extension 'ignore_ament_install'
[0.157s] Level 1:colcon.colcon_core.package_identification:_identify(src) by extensions ['colcon_pkg']
[0.157s] Level 1:colcon.colcon_core.package_identification:_identify(src) by extension 'colcon_pkg'
[0.157s] Level 1:colcon.colcon_core.package_identification:_identify(src) by extensions ['colcon_meta']
[0.157s] Level 1:colcon.colcon_core.package_identification:_identify(src) by extension 'colcon_meta'
[0.157s] Level 1:colcon.colcon_core.package_identification:_identify(src) by extensions ['ros']
[0.157s] Level 1:colcon.colcon_core.package_identification:_identify(src) by extension 'ros'
[0.157s] Level 1:colcon.colcon_core.package_identification:_identify(src) by extensions ['cmake', 'python']
[0.157s] Level 1:colcon.colcon_core.package_identification:_identify(src) by extension 'cmake'
[0.157s] Level 1:colcon.colcon_core.package_identification:_identify(src) by extension 'python'
[0.157s] Level 1:colcon.colcon_core.package_identification:_identify(src) by extensions ['python_setup_py']
[0.157s] Level 1:colcon.colcon_core.package_identification:_identify(src) by extension 'python_setup_py'
[0.158s] Level 1:colcon.colcon_core.package_identification:_identify(src/gz_example_robot_description) by extensions ['ignore', 'ignore_ament_install']
[0.158s] Level 1:colcon.colcon_core.package_identification:_identify(src/gz_example_robot_description) by extension 'ignore'
[0.158s] Level 1:colcon.colcon_core.package_identification:_identify(src/gz_example_robot_description) by extension 'ignore_ament_install'
[0.158s] Level 1:colcon.colcon_core.package_identification:_identify(src/gz_example_robot_description) by extensions ['colcon_pkg']
[0.158s] Level 1:colcon.colcon_core.package_identification:_identify(src/gz_example_robot_description) by extension 'colcon_pkg'
[0.158s] Level 1:colcon.colcon_core.package_identification:_identify(src/gz_example_robot_description) by extensions ['colcon_meta']
[0.158s] Level 1:colcon.colcon_core.package_identification:_identify(src/gz_example_robot_description) by extension 'colcon_meta'
[0.158s] Level 1:colcon.colcon_core.package_identification:_identify(src/gz_example_robot_description) by extensions ['ros']
[0.158s] Level 1:colcon.colcon_core.package_identification:_identify(src/gz_example_robot_description) by extension 'ros'
[0.158s] Level 1:colcon.colcon_core.package_identification:_identify(src/gz_example_robot_description) by extensions ['cmake', 'python']
[0.158s] Level 1:colcon.colcon_core.package_identification:_identify(src/gz_example_robot_description) by extension 'cmake'
[0.158s] Level 1:colcon.colcon_core.package_identification:_identify(src/gz_example_robot_description) by extension 'python'
[0.158s] Level 1:colcon.colcon_core.package_identification:_identify(src/gz_example_robot_description) by extensions ['python_setup_py']
[0.158s] Level 1:colcon.colcon_core.package_identification:_identify(src/gz_example_robot_description) by extension 'python_setup_py'
[0.158s] Level 1:colcon.colcon_core.package_identification:_identify(src/gz_example_robot_description/gz_example_robot_description) by extensions ['ignore', 'ignore_ament_install']
[0.158s] Level 1:colcon.colcon_core.package_identification:_identify(src/gz_example_robot_description/gz_example_robot_description) by extension 'ignore'
[0.158s] Level 1:colcon.colcon_core.package_identification:_identify(src/gz_example_robot_description/gz_example_robot_description) by extension 'ignore_ament_install'
[0.158s] Level 1:colcon.colcon_core.package_identification:_identify(src/gz_example_robot_description/gz_example_robot_description) by extensions ['colcon_pkg']
[0.158s] Level 1:colcon.colcon_core.package_identification:_identify(src/gz_example_robot_description/gz_example_robot_description) by extension 'colcon_pkg'
[0.158s] Level 1:colcon.colcon_core.package_identification:_identify(src/gz_example_robot_description/gz_example_robot_description) by extensions ['colcon_meta']
[0.158s] Level 1:colcon.colcon_core.package_identification:_identify(src/gz_example_robot_description/gz_example_robot_description) by extension 'colcon_meta'
[0.158s] Level 1:colcon.colcon_core.package_identification:_identify(src/gz_example_robot_description/gz_example_robot_description) by extensions ['ros']
[0.158s] Level 1:colcon.colcon_core.package_identification:_identify(src/gz_example_robot_description/gz_example_robot_description) by extension 'ros'
[0.159s] DEBUG:colcon.colcon_core.package_identification:Package 'src/gz_example_robot_description/gz_example_robot_description' with type 'ros.ament_python' and name 'gz_example_robot_description'
[0.159s] Level 1:colcon.colcon_core.package_identification:_identify(src/leo_common-ros2) by extensions ['ignore', 'ignore_ament_install']
[0.159s] Level 1:colcon.colcon_core.package_identification:_identify(src/leo_common-ros2) by extension 'ignore'
[0.159s] Level 1:colcon.colcon_core.package_identification:_identify(src/leo_common-ros2) by extension 'ignore_ament_install'
[0.159s] Level 1:colcon.colcon_core.package_identification:_identify(src/leo_common-ros2) by extensions ['colcon_pkg']
[0.159s] Level 1:colcon.colcon_core.package_identification:_identify(src/leo_common-ros2) by extension 'colcon_pkg'
[0.159s] Level 1:colcon.colcon_core.package_identification:_identify(src/leo_common-ros2) by extensions ['colcon_meta']
[0.159s] Level 1:colcon.colcon_core.package_identification:_identify(src/leo_common-ros2) by extension 'colcon_meta'
[0.159s] Level 1:colcon.colcon_core.package_identification:_identify(src/leo_common-ros2) by extensions ['ros']
[0.159s] Level 1:colcon.colcon_core.package_identification:_identify(src/leo_common-ros2) by extension 'ros'
[0.160s] Level 1:colcon.colcon_core.package_identification:_identify(src/leo_common-ros2) by extensions ['cmake', 'python']
[0.160s] Level 1:colcon.colcon_core.package_identification:_identify(src/leo_common-ros2) by extension 'cmake'
[0.160s] Level 1:colcon.colcon_core.package_identification:_identify(src/leo_common-ros2) by extension 'python'
[0.160s] Level 1:colcon.colcon_core.package_identification:_identify(src/leo_common-ros2) by extensions ['python_setup_py']
[0.160s] Level 1:colcon.colcon_core.package_identification:_identify(src/leo_common-ros2) by extension 'python_setup_py'
[0.160s] Level 1:colcon.colcon_core.package_identification:_identify(src/leo_common-ros2/leo) by extensions ['ignore', 'ignore_ament_install']
[0.160s] Level 1:colcon.colcon_core.package_identification:_identify(src/leo_common-ros2/leo) by extension 'ignore'
[0.160s] Level 1:colcon.colcon_core.package_identification:_identify(src/leo_common-ros2/leo) by extension 'ignore_ament_install'
[0.160s] Level 1:colcon.colcon_core.package_identification:_identify(src/leo_common-ros2/leo) by extensions ['colcon_pkg']
[0.160s] Level 1:colcon.colcon_core.package_identification:_identify(src/leo_common-ros2/leo) by extension 'colcon_pkg'
[0.160s] Level 1:colcon.colcon_core.package_identification:_identify(src/leo_common-ros2/leo) by extensions ['colcon_meta']
[0.160s] Level 1:colcon.colcon_core.package_identification:_identify(src/leo_common-ros2/leo) by extension 'colcon_meta'
[0.160s] Level 1:colcon.colcon_core.package_identification:_identify(src/leo_common-ros2/leo) by extensions ['ros']
[0.160s] Level 1:colcon.colcon_core.package_identification:_identify(src/leo_common-ros2/leo) by extension 'ros'
[0.160s] DEBUG:colcon.colcon_core.package_identification:Package 'src/leo_common-ros2/leo' with type 'ros.ament_cmake' and name 'leo'
[0.160s] Level 1:colcon.colcon_core.package_identification:_identify(src/leo_common-ros2/leo_description) by extensions ['ignore', 'ignore_ament_install']
[0.160s] Level 1:colcon.colcon_core.package_identification:_identify(src/leo_common-ros2/leo_description) by extension 'ignore'
[0.160s] Level 1:colcon.colcon_core.package_identification:_identify(src/leo_common-ros2/leo_description) by extension 'ignore_ament_install'
[0.160s] Level 1:colcon.colcon_core.package_identification:_identify(src/leo_common-ros2/leo_description) by extensions ['colcon_pkg']
[0.160s] Level 1:colcon.colcon_core.package_identification:_identify(src/leo_common-ros2/leo_description) by extension 'colcon_pkg'
[0.160s] Level 1:colcon.colcon_core.package_identification:_identify(src/leo_common-ros2/leo_description) by extensions ['colcon_meta']
[0.160s] Level 1:colcon.colcon_core.package_identification:_identify(src/leo_common-ros2/leo_description) by extension 'colcon_meta'
[0.160s] Level 1:colcon.colcon_core.package_identification:_identify(src/leo_common-ros2/leo_description) by extensions ['ros']
[0.160s] Level 1:colcon.colcon_core.package_identification:_identify(src/leo_common-ros2/leo_description) by extension 'ros'
[0.161s] DEBUG:colcon.colcon_core.package_identification:Package 'src/leo_common-ros2/leo_description' with type 'ros.ament_cmake' and name 'leo_description'
[0.161s] Level 1:colcon.colcon_core.package_identification:_identify(src/leo_common-ros2/leo_msgs) by extensions ['ignore', 'ignore_ament_install']
[0.161s] Level 1:colcon.colcon_core.package_identification:_identify(src/leo_common-ros2/leo_msgs) by extension 'ignore'
[0.161s] Level 1:colcon.colcon_core.package_identification:_identify(src/leo_common-ros2/leo_msgs) by extension 'ignore_ament_install'
[0.161s] Level 1:colcon.colcon_core.package_identification:_identify(src/leo_common-ros2/leo_msgs) by extensions ['colcon_pkg']
[0.161s] Level 1:colcon.colcon_core.package_identification:_identify(src/leo_common-ros2/leo_msgs) by extension 'colcon_pkg'
[0.161s] Level 1:colcon.colcon_core.package_identification:_identify(src/leo_common-ros2/leo_msgs) by extensions ['colcon_meta']
[0.161s] Level 1:colcon.colcon_core.package_identification:_identify(src/leo_common-ros2/leo_msgs) by extension 'colcon_meta'
[0.161s] Level 1:colcon.colcon_core.package_identification:_identify(src/leo_common-ros2/leo_msgs) by extensions ['ros']
[0.161s] Level 1:colcon.colcon_core.package_identification:_identify(src/leo_common-ros2/leo_msgs) by extension 'ros'
[0.161s] DEBUG:colcon.colcon_core.package_identification:Package 'src/leo_common-ros2/leo_msgs' with type 'ros.ament_cmake' and name 'leo_msgs'
[0.161s] Level 1:colcon.colcon_core.package_identification:_identify(src/leo_common-ros2/leo_teleop) by extensions ['ignore', 'ignore_ament_install']
[0.161s] Level 1:colcon.colcon_core.package_identification:_identify(src/leo_common-ros2/leo_teleop) by extension 'ignore'
[0.161s] Level 1:colcon.colcon_core.package_identification:_identify(src/leo_common-ros2/leo_teleop) by extension 'ignore_ament_install'
[0.161s] Level 1:colcon.colcon_core.package_identification:_identify(src/leo_common-ros2/leo_teleop) by extensions ['colcon_pkg']
[0.161s] Level 1:colcon.colcon_core.package_identification:_identify(src/leo_common-ros2/leo_teleop) by extension 'colcon_pkg'
[0.161s] Level 1:colcon.colcon_core.package_identification:_identify(src/leo_common-ros2/leo_teleop) by extensions ['colcon_meta']
[0.161s] Level 1:colcon.colcon_core.package_identification:_identify(src/leo_common-ros2/leo_teleop) by extension 'colcon_meta'
[0.161s] Level 1:colcon.colcon_core.package_identification:_identify(src/leo_common-ros2/leo_teleop) by extensions ['ros']
[0.161s] Level 1:colcon.colcon_core.package_identification:_identify(src/leo_common-ros2/leo_teleop) by extension 'ros'
[0.162s] DEBUG:colcon.colcon_core.package_identification:Package 'src/leo_common-ros2/leo_teleop' with type 'ros.ament_cmake' and name 'leo_teleop'
[0.162s] Level 1:colcon.colcon_core.package_identification:_identify(src/navigation_demos) by extensions ['ignore', 'ignore_ament_install']
[0.162s] Level 1:colcon.colcon_core.package_identification:_identify(src/navigation_demos) by extension 'ignore'
[0.162s] Level 1:colcon.colcon_core.package_identification:_identify(src/navigation_demos) by extension 'ignore_ament_install'
[0.162s] Level 1:colcon.colcon_core.package_identification:_identify(src/navigation_demos) by extensions ['colcon_pkg']
[0.162s] Level 1:colcon.colcon_core.package_identification:_identify(src/navigation_demos) by extension 'colcon_pkg'
[0.162s] Level 1:colcon.colcon_core.package_identification:_identify(src/navigation_demos) by extensions ['colcon_meta']
[0.162s] Level 1:colcon.colcon_core.package_identification:_identify(src/navigation_demos) by extension 'colcon_meta'
[0.162s] Level 1:colcon.colcon_core.package_identification:_identify(src/navigation_demos) by extensions ['ros']
[0.162s] Level 1:colcon.colcon_core.package_identification:_identify(src/navigation_demos) by extension 'ros'
[0.162s] DEBUG:colcon.colcon_core.package_identification:Package 'src/navigation_demos' with type 'ros.ament_python' and name 'navigation_demos'
[0.162s] Level 1:colcon.colcon_core.package_identification:_identify(src/object_detect) by extensions ['ignore', 'ignore_ament_install']
[0.162s] Level 1:colcon.colcon_core.package_identification:_identify(src/object_detect) by extension 'ignore'
[0.162s] Level 1:colcon.colcon_core.package_identification:_identify(src/object_detect) by extension 'ignore_ament_install'
[0.162s] Level 1:colcon.colcon_core.package_identification:_identify(src/object_detect) by extensions ['colcon_pkg']
[0.162s] Level 1:colcon.colcon_core.package_identification:_identify(src/object_detect) by extension 'colcon_pkg'
[0.162s] Level 1:colcon.colcon_core.package_identification:_identify(src/object_detect) by extensions ['colcon_meta']
[0.162s] Level 1:colcon.colcon_core.package_identification:_identify(src/object_detect) by extension 'colcon_meta'
[0.162s] Level 1:colcon.colcon_core.package_identification:_identify(src/object_detect) by extensions ['ros']
[0.162s] Level 1:colcon.colcon_core.package_identification:_identify(src/object_detect) by extension 'ros'
[0.162s] Level 1:colcon.colcon_core.package_identification:_identify(src/object_detect) by extensions ['cmake', 'python']
[0.162s] Level 1:colcon.colcon_core.package_identification:_identify(src/object_detect) by extension 'cmake'
[0.162s] Level 1:colcon.colcon_core.package_identification:_identify(src/object_detect) by extension 'python'
[0.162s] Level 1:colcon.colcon_core.package_identification:_identify(src/object_detect) by extensions ['python_setup_py']
[0.162s] Level 1:colcon.colcon_core.package_identification:_identify(src/object_detect) by extension 'python_setup_py'
[0.163s] Level 1:colcon.colcon_core.package_identification:_identify(src/object_detect/object_detect_opencv) by extensions ['ignore', 'ignore_ament_install']
[0.163s] Level 1:colcon.colcon_core.package_identification:_identify(src/object_detect/object_detect_opencv) by extension 'ignore'
[0.163s] Level 1:colcon.colcon_core.package_identification:_identify(src/object_detect/object_detect_opencv) by extension 'ignore_ament_install'
[0.163s] Level 1:colcon.colcon_core.package_identification:_identify(src/object_detect/object_detect_opencv) by extensions ['colcon_pkg']
[0.163s] Level 1:colcon.colcon_core.package_identification:_identify(src/object_detect/object_detect_opencv) by extension 'colcon_pkg'
[0.163s] Level 1:colcon.colcon_core.package_identification:_identify(src/object_detect/object_detect_opencv) by extensions ['colcon_meta']
[0.163s] Level 1:colcon.colcon_core.package_identification:_identify(src/object_detect/object_detect_opencv) by extension 'colcon_meta'
[0.163s] Level 1:colcon.colcon_core.package_identification:_identify(src/object_detect/object_detect_opencv) by extensions ['ros']
[0.163s] Level 1:colcon.colcon_core.package_identification:_identify(src/object_detect/object_detect_opencv) by extension 'ros'
[0.163s] DEBUG:colcon.colcon_core.package_identification:Package 'src/object_detect/object_detect_opencv' with type 'ros.ament_python' and name 'object_detect_opencv'
[0.163s] Level 1:colcon.colcon_core.package_discovery:discover_packages(recursive) using defaults
[0.163s] Level 1:colcon.colcon_core.package_discovery:discover_packages(ignore) discover
[0.163s] Level 1:colcon.colcon_core.package_discovery:discover_packages(ignore) using defaults
[0.163s] Level 1:colcon.colcon_core.package_discovery:discover_packages(path) discover
[0.163s] Level 1:colcon.colcon_core.package_discovery:discover_packages(path) using defaults
[0.173s] Level 1:colcon.colcon_core.package_discovery:discover_packages(prefix_path) check parameters
[0.173s] Level 1:colcon.colcon_core.package_discovery:discover_packages(prefix_path) discover
[0.174s] DEBUG:colcon.colcon_installed_package_information.package_discovery:Found 341 installed packages in /opt/ros/humble
[0.175s] Level 1:colcon.colcon_core.package_discovery:discover_packages(prefix_path) using defaults
[0.195s] Level 5:colcon.colcon_core.verb:set package 'gz_example_robot_description' build argument 'cmake_args' from command line to 'None'
[0.195s] Level 5:colcon.colcon_core.verb:set package 'gz_example_robot_description' build argument 'cmake_target' from command line to 'None'
[0.195s] Level 5:colcon.colcon_core.verb:set package 'gz_example_robot_description' build argument 'cmake_target_skip_unavailable' from command line to 'False'
[0.195s] Level 5:colcon.colcon_core.verb:set package 'gz_example_robot_description' build argument 'cmake_clean_cache' from command line to 'False'
[0.195s] Level 5:colcon.colcon_core.verb:set package 'gz_example_robot_description' build argument 'cmake_clean_first' from command line to 'False'
[0.195s] Level 5:colcon.colcon_core.verb:set package 'gz_example_robot_description' build argument 'cmake_force_configure' from command line to 'False'
[0.195s] Level 5:colcon.colcon_core.verb:set package 'gz_example_robot_description' build argument 'ament_cmake_args' from command line to 'None'
[0.195s] Level 5:colcon.colcon_core.verb:set package 'gz_example_robot_description' build argument 'catkin_cmake_args' from command line to 'None'
[0.195s] Level 5:colcon.colcon_core.verb:set package 'gz_example_robot_description' build argument 'catkin_skip_building_tests' from command line to 'False'
[0.195s] DEBUG:colcon.colcon_core.verb:Building package 'gz_example_robot_description' with the following arguments: {'ament_cmake_args': None, 'build_base': '/home/mscrobotics2425laptop7/robotdesign - team10/build/gz_example_robot_description', 'catkin_cmake_args': None, 'catkin_skip_building_tests': False, 'cmake_args': None, 'cmake_clean_cache': False, 'cmake_clean_first': False, 'cmake_force_configure': False, 'cmake_target': None, 'cmake_target_skip_unavailable': False, 'install_base': '/home/mscrobotics2425laptop7/robotdesign - team10/install/gz_example_robot_description', 'merge_install': False, 'path': '/home/mscrobotics2425laptop7/robotdesign - team10/src/gz_example_robot_description/gz_example_robot_description', 'symlink_install': False, 'test_result_base': None}
[0.195s] Level 5:colcon.colcon_core.verb:set package 'leo_description' build argument 'cmake_args' from command line to 'None'
[0.195s] Level 5:colcon.colcon_core.verb:set package 'leo_description' build argument 'cmake_target' from command line to 'None'
[0.196s] Level 5:colcon.colcon_core.verb:set package 'leo_description' build argument 'cmake_target_skip_unavailable' from command line to 'False'
[0.196s] Level 5:colcon.colcon_core.verb:set package 'leo_description' build argument 'cmake_clean_cache' from command line to 'False'
[0.196s] Level 5:colcon.colcon_core.verb:set package 'leo_description' build argument 'cmake_clean_first' from command line to 'False'
[0.196s] Level 5:colcon.colcon_core.verb:set package 'leo_description' build argument 'cmake_force_configure' from command line to 'False'
[0.196s] Level 5:colcon.colcon_core.verb:set package 'leo_description' build argument 'ament_cmake_args' from command line to 'None'
[0.196s] Level 5:colcon.colcon_core.verb:set package 'leo_description' build argument 'catkin_cmake_args' from command line to 'None'
[0.196s] Level 5:colcon.colcon_core.verb:set package 'leo_description' build argument 'catkin_skip_building_tests' from command line to 'False'
[0.196s] DEBUG:colcon.colcon_core.verb:Building package 'leo_description' with the following arguments: {'ament_cmake_args': None, 'build_base': '/home/mscrobotics2425laptop7/robotdesign - team10/build/leo_description', 'catkin_cmake_args': None, 'catkin_skip_building_tests': False, 'cmake_args': None, 'cmake_clean_cache': False, 'cmake_clean_first': False, 'cmake_force_configure': False, 'cmake_target': None, 'cmake_target_skip_unavailable': False, 'install_base': '/home/mscrobotics2425laptop7/robotdesign - team10/install/leo_description', 'merge_install': False, 'path': '/home/mscrobotics2425laptop7/robotdesign - team10/src/leo_common-ros2/leo_description', 'symlink_install': False, 'test_result_base': None}
[0.196s] Level 5:colcon.colcon_core.verb:set package 'leo_msgs' build argument 'cmake_args' from command line to 'None'
[0.196s] Level 5:colcon.colcon_core.verb:set package 'leo_msgs' build argument 'cmake_target' from command line to 'None'
[0.196s] Level 5:colcon.colcon_core.verb:set package 'leo_msgs' build argument 'cmake_target_skip_unavailable' from command line to 'False'
[0.196s] Level 5:colcon.colcon_core.verb:set package 'leo_msgs' build argument 'cmake_clean_cache' from command line to 'False'
[0.196s] Level 5:colcon.colcon_core.verb:set package 'leo_msgs' build argument 'cmake_clean_first' from command line to 'False'
[0.196s] Level 5:colcon.colcon_core.verb:set package 'leo_msgs' build argument 'cmake_force_configure' from command line to 'False'
[0.196s] Level 5:colcon.colcon_core.verb:set package 'leo_msgs' build argument 'ament_cmake_args' from command line to 'None'
[0.196s] Level 5:colcon.colcon_core.verb:set package 'leo_msgs' build argument 'catkin_cmake_args' from command line to 'None'
[0.196s] Level 5:colcon.colcon_core.verb:set package 'leo_msgs' build argument 'catkin_skip_building_tests' from command line to 'False'
[0.196s] DEBUG:colcon.colcon_core.verb:Building package 'leo_msgs' with the following arguments: {'ament_cmake_args': None, 'build_base': '/home/mscrobotics2425laptop7/robotdesign - team10/build/leo_msgs', 'catkin_cmake_args': None, 'catkin_skip_building_tests': False, 'cmake_args': None, 'cmake_clean_cache': False, 'cmake_clean_first': False, 'cmake_force_configure': False, 'cmake_target': None, 'cmake_target_skip_unavailable': False, 'install_base': '/home/mscrobotics2425laptop7/robotdesign - team10/install/leo_msgs', 'merge_install': False, 'path': '/home/mscrobotics2425laptop7/robotdesign - team10/src/leo_common-ros2/leo_msgs', 'symlink_install': False, 'test_result_base': None}
[0.196s] Level 5:colcon.colcon_core.verb:set package 'leo_teleop' build argument 'cmake_args' from command line to 'None'
[0.196s] Level 5:colcon.colcon_core.verb:set package 'leo_teleop' build argument 'cmake_target' from command line to 'None'
[0.196s] Level 5:colcon.colcon_core.verb:set package 'leo_teleop' build argument 'cmake_target_skip_unavailable' from command line to 'False'
[0.196s] Level 5:colcon.colcon_core.verb:set package 'leo_teleop' build argument 'cmake_clean_cache' from command line to 'False'
[0.196s] Level 5:colcon.colcon_core.verb:set package 'leo_teleop' build argument 'cmake_clean_first' from command line to 'False'
[0.196s] Level 5:colcon.colcon_core.verb:set package 'leo_teleop' build argument 'cmake_force_configure' from command line to 'False'
[0.196s] Level 5:colcon.colcon_core.verb:set package 'leo_teleop' build argument 'ament_cmake_args' from command line to 'None'
[0.196s] Level 5:colcon.colcon_core.verb:set package 'leo_teleop' build argument 'catkin_cmake_args' from command line to 'None'
[0.196s] Level 5:colcon.colcon_core.verb:set package 'leo_teleop' build argument 'catkin_skip_building_tests' from command line to 'False'
[0.196s] DEBUG:colcon.colcon_core.verb:Building package 'leo_teleop' with the following arguments: {'ament_cmake_args': None, 'build_base': '/home/mscrobotics2425laptop7/robotdesign - team10/build/leo_teleop', 'catkin_cmake_args': None, 'catkin_skip_building_tests': False, 'cmake_args': None, 'cmake_clean_cache': False, 'cmake_clean_first': False, 'cmake_force_configure': False, 'cmake_target': None, 'cmake_target_skip_unavailable': False, 'install_base': '/home/mscrobotics2425laptop7/robotdesign - team10/install/leo_teleop', 'merge_install': False, 'path': '/home/mscrobotics2425laptop7/robotdesign - team10/src/leo_common-ros2/leo_teleop', 'symlink_install': False, 'test_result_base': None}
[0.196s] Level 5:colcon.colcon_core.verb:set package 'navigation_demos' build argument 'cmake_args' from command line to 'None'
[0.196s] Level 5:colcon.colcon_core.verb:set package 'navigation_demos' build argument 'cmake_target' from command line to 'None'
[0.196s] Level 5:colcon.colcon_core.verb:set package 'navigation_demos' build argument 'cmake_target_skip_unavailable' from command line to 'False'
[0.196s] Level 5:colcon.colcon_core.verb:set package 'navigation_demos' build argument 'cmake_clean_cache' from command line to 'False'
[0.196s] Level 5:colcon.colcon_core.verb:set package 'navigation_demos' build argument 'cmake_clean_first' from command line to 'False'
[0.196s] Level 5:colcon.colcon_core.verb:set package 'navigation_demos' build argument 'cmake_force_configure' from command line to 'False'
[0.196s] Level 5:colcon.colcon_core.verb:set package 'navigation_demos' build argument 'ament_cmake_args' from command line to 'None'
[0.196s] Level 5:colcon.colcon_core.verb:set package 'navigation_demos' build argument 'catkin_cmake_args' from command line to 'None'
[0.196s] Level 5:colcon.colcon_core.verb:set package 'navigation_demos' build argument 'catkin_skip_building_tests' from command line to 'False'
[0.196s] DEBUG:colcon.colcon_core.verb:Building package 'navigation_demos' with the following arguments: {'ament_cmake_args': None, 'build_base': '/home/mscrobotics2425laptop7/robotdesign - team10/build/navigation_demos', 'catkin_cmake_args': None, 'catkin_skip_building_tests': False, 'cmake_args': None, 'cmake_clean_cache': False, 'cmake_clean_first': False, 'cmake_force_configure': False, 'cmake_target': None, 'cmake_target_skip_unavailable': False, 'install_base': '/home/mscrobotics2425laptop7/robotdesign - team10/install/navigation_demos', 'merge_install': False, 'path': '/home/mscrobotics2425laptop7/robotdesign - team10/src/navigation_demos', 'symlink_install': False, 'test_result_base': None}
[0.196s] Level 5:colcon.colcon_core.verb:set package 'object_detect_opencv' build argument 'cmake_args' from command line to 'None'
[0.197s] Level 5:colcon.colcon_core.verb:set package 'object_detect_opencv' build argument 'cmake_target' from command line to 'None'
[0.197s] Level 5:colcon.colcon_core.verb:set package 'object_detect_opencv' build argument 'cmake_target_skip_unavailable' from command line to 'False'
[0.197s] Level 5:colcon.colcon_core.verb:set package 'object_detect_opencv' build argument 'cmake_clean_cache' from command line to 'False'
[0.197s] Level 5:colcon.colcon_core.verb:set package 'object_detect_opencv' build argument 'cmake_clean_first' from command line to 'False'
[0.197s] Level 5:colcon.colcon_core.verb:set package 'object_detect_opencv' build argument 'cmake_force_configure' from command line to 'False'
[0.197s] Level 5:colcon.colcon_core.verb:set package 'object_detect_opencv' build argument 'ament_cmake_args' from command line to 'None'
[0.197s] Level 5:colcon.colcon_core.verb:set package 'object_detect_opencv' build argument 'catkin_cmake_args' from command line to 'None'
[0.197s] Level 5:colcon.colcon_core.verb:set package 'object_detect_opencv' build argument 'catkin_skip_building_tests' from command line to 'False'
[0.197s] DEBUG:colcon.colcon_core.verb:Building package 'object_detect_opencv' with the following arguments: {'ament_cmake_args': None, 'build_base': '/home/mscrobotics2425laptop7/robotdesign - team10/build/object_detect_opencv', 'catkin_cmake_args': None, 'catkin_skip_building_tests': False, 'cmake_args': None, 'cmake_clean_cache': False, 'cmake_clean_first': False, 'cmake_force_configure': False, 'cmake_target': None, 'cmake_target_skip_unavailable': False, 'install_base': '/home/mscrobotics2425laptop7/robotdesign - team10/install/object_detect_opencv', 'merge_install': False, 'path': '/home/mscrobotics2425laptop7/robotdesign - team10/src/object_detect/object_detect_opencv', 'symlink_install': False, 'test_result_base': None}
[0.197s] Level 5:colcon.colcon_core.verb:set package 'leo' build argument 'cmake_args' from command line to 'None'
[0.197s] Level 5:colcon.colcon_core.verb:set package 'leo' build argument 'cmake_target' from command line to 'None'
[0.197s] Level 5:colcon.colcon_core.verb:set package 'leo' build argument 'cmake_target_skip_unavailable' from command line to 'False'
[0.197s] Level 5:colcon.colcon_core.verb:set package 'leo' build argument 'cmake_clean_cache' from command line to 'False'
[0.197s] Level 5:colcon.colcon_core.verb:set package 'leo' build argument 'cmake_clean_first' from command line to 'False'
[0.197s] Level 5:colcon.colcon_core.verb:set package 'leo' build argument 'cmake_force_configure' from command line to 'False'
[0.197s] Level 5:colcon.colcon_core.verb:set package 'leo' build argument 'ament_cmake_args' from command line to 'None'
[0.197s] Level 5:colcon.colcon_core.verb:set package 'leo' build argument 'catkin_cmake_args' from command line to 'None'
[0.197s] Level 5:colcon.colcon_core.verb:set package 'leo' build argument 'catkin_skip_building_tests' from command line to 'False'
[0.197s] DEBUG:colcon.colcon_core.verb:Building package 'leo' with the following arguments: {'ament_cmake_args': None, 'build_base': '/home/mscrobotics2425laptop7/robotdesign - team10/build/leo', 'catkin_cmake_args': None, 'catkin_skip_building_tests': False, 'cmake_args': None, 'cmake_clean_cache': False, 'cmake_clean_first': False, 'cmake_force_configure': False, 'cmake_target': None, 'cmake_target_skip_unavailable': False, 'install_base': '/home/mscrobotics2425laptop7/robotdesign - team10/install/leo', 'merge_install': False, 'path': '/home/mscrobotics2425laptop7/robotdesign - team10/src/leo_common-ros2/leo', 'symlink_install': False, 'test_result_base': None}
[0.197s] INFO:colcon.colcon_core.executor:Executing jobs using 'parallel' executor
[0.198s] DEBUG:colcon.colcon_parallel_executor.executor.parallel:run_until_complete
[0.198s] INFO:colcon.colcon_ros.task.ament_cmake.build:Building ROS package in '/home/mscrobotics2425laptop7/robotdesign - team10/src/leo_common-ros2/leo_description' with build type 'ament_cmake'
[0.198s] INFO:colcon.colcon_cmake.task.cmake.build:Building CMake package in '/home/mscrobotics2425laptop7/robotdesign - team10/src/leo_common-ros2/leo_description'
[0.199s] INFO:colcon.colcon_core.plugin_system:Skipping extension 'colcon_core.shell.bat': Not used on non-Windows systems
[0.199s] INFO:colcon.colcon_core.shell:Skip shell extension 'powershell' for command environment: Not usable outside of PowerShell
[0.199s] DEBUG:colcon.colcon_core.shell:Skip shell extension 'dsv' for command environment
[0.201s] INFO:colcon.colcon_ros.task.ament_cmake.build:Building ROS package in '/home/mscrobotics2425laptop7/robotdesign - team10/src/leo_common-ros2/leo_msgs' with build type 'ament_cmake'
[0.201s] INFO:colcon.colcon_cmake.task.cmake.build:Building CMake package in '/home/mscrobotics2425laptop7/robotdesign - team10/src/leo_common-ros2/leo_msgs'
[0.201s] INFO:colcon.colcon_core.shell:Skip shell extension 'powershell' for command environment: Not usable outside of PowerShell
[0.201s] DEBUG:colcon.colcon_core.shell:Skip shell extension 'dsv' for command environment
[0.203s] INFO:colcon.colcon_ros.task.ament_cmake.build:Building ROS package in '/home/mscrobotics2425laptop7/robotdesign - team10/src/leo_common-ros2/leo_teleop' with build type 'ament_cmake'
[0.204s] INFO:colcon.colcon_cmake.task.cmake.build:Building CMake package in '/home/mscrobotics2425laptop7/robotdesign - team10/src/leo_common-ros2/leo_teleop'
[0.204s] INFO:colcon.colcon_core.shell:Skip shell extension 'powershell' for command environment: Not usable outside of PowerShell
[0.204s] DEBUG:colcon.colcon_core.shell:Skip shell extension 'dsv' for command environment
[0.207s] INFO:colcon.colcon_ros.task.ament_python.build:Building ROS package in '/home/mscrobotics2425laptop7/robotdesign - team10/src/gz_example_robot_description/gz_example_robot_description' with build type 'ament_python'
[0.208s] Level 1:colcon.colcon_core.shell:create_environment_hook('gz_example_robot_description', 'ament_prefix_path')
[0.208s] INFO:colcon.colcon_core.shell:Creating environment hook '/home/mscrobotics2425laptop7/robotdesign - team10/install/gz_example_robot_description/share/gz_example_robot_description/hook/ament_prefix_path.ps1'
[0.209s] INFO:colcon.colcon_core.shell:Creating environment descriptor '/home/mscrobotics2425laptop7/robotdesign - team10/install/gz_example_robot_description/share/gz_example_robot_description/hook/ament_prefix_path.dsv'
[0.209s] INFO:colcon.colcon_core.shell:Creating environment hook '/home/mscrobotics2425laptop7/robotdesign - team10/install/gz_example_robot_description/share/gz_example_robot_description/hook/ament_prefix_path.sh'
[0.210s] INFO:colcon.colcon_core.shell:Skip shell extension 'powershell' for command environment: Not usable outside of PowerShell
[0.210s] DEBUG:colcon.colcon_core.shell:Skip shell extension 'dsv' for command environment
[0.213s] INFO:colcon.colcon_ros.task.ament_python.build:Building ROS package in '/home/mscrobotics2425laptop7/robotdesign - team10/src/navigation_demos' with build type 'ament_python'
[0.213s] Level 1:colcon.colcon_core.shell:create_environment_hook('navigation_demos', 'ament_prefix_path')
[0.213s] INFO:colcon.colcon_core.shell:Creating environment hook '/home/mscrobotics2425laptop7/robotdesign - team10/install/navigation_demos/share/navigation_demos/hook/ament_prefix_path.ps1'
[0.214s] INFO:colcon.colcon_core.shell:Creating environment descriptor '/home/mscrobotics2425laptop7/robotdesign - team10/install/navigation_demos/share/navigation_demos/hook/ament_prefix_path.dsv'
[0.215s] INFO:colcon.colcon_core.shell:Creating environment hook '/home/mscrobotics2425laptop7/robotdesign - team10/install/navigation_demos/share/navigation_demos/hook/ament_prefix_path.sh'
[0.216s] INFO:colcon.colcon_core.shell:Skip shell extension 'powershell' for command environment: Not usable outside of PowerShell
[0.216s] DEBUG:colcon.colcon_core.shell:Skip shell extension 'dsv' for command environment
[0.219s] INFO:colcon.colcon_ros.task.ament_python.build:Building ROS package in '/home/mscrobotics2425laptop7/robotdesign - team10/src/object_detect/object_detect_opencv' with build type 'ament_python'
[0.219s] Level 1:colcon.colcon_core.shell:create_environment_hook('object_detect_opencv', 'ament_prefix_path')
[0.219s] INFO:colcon.colcon_core.shell:Creating environment hook '/home/mscrobotics2425laptop7/robotdesign - team10/install/object_detect_opencv/share/object_detect_opencv/hook/ament_prefix_path.ps1'
[0.220s] INFO:colcon.colcon_core.shell:Creating environment descriptor '/home/mscrobotics2425laptop7/robotdesign - team10/install/object_detect_opencv/share/object_detect_opencv/hook/ament_prefix_path.dsv'
[0.221s] INFO:colcon.colcon_core.shell:Creating environment hook '/home/mscrobotics2425laptop7/robotdesign - team10/install/object_detect_opencv/share/object_detect_opencv/hook/ament_prefix_path.sh'
[0.221s] INFO:colcon.colcon_core.shell:Skip shell extension 'powershell' for command environment: Not usable outside of PowerShell
[0.221s] DEBUG:colcon.colcon_core.shell:Skip shell extension 'dsv' for command environment
[0.230s] DEBUG:colcon.colcon_core.event_handler.log_command:Invoking command in '/home/mscrobotics2425laptop7/robotdesign - team10/build/leo_description': CMAKE_PREFIX_PATH=/opt/ros/humble /usr/bin/cmake --build /home/mscrobotics2425laptop7/robotdesign - team10/build/leo_description -- -j12 -l12
[0.235s] DEBUG:colcon.colcon_core.event_handler.log_command:Invoking command in '/home/mscrobotics2425laptop7/robotdesign - team10/build/leo_msgs': CMAKE_PREFIX_PATH=/opt/ros/humble /usr/bin/cmake --build /home/mscrobotics2425laptop7/robotdesign - team10/build/leo_msgs -- -j12 -l12
[0.238s] DEBUG:colcon.colcon_core.event_handler.log_command:Invoking command in '/home/mscrobotics2425laptop7/robotdesign - team10/build/leo_teleop': CMAKE_PREFIX_PATH=/opt/ros/humble /usr/bin/cmake --build /home/mscrobotics2425laptop7/robotdesign - team10/build/leo_teleop -- -j12 -l12
[0.465s] INFO:colcon.colcon_core.task.python.build:Building Python package in '/home/mscrobotics2425laptop7/robotdesign - team10/src/gz_example_robot_description/gz_example_robot_description'
[0.465s] INFO:colcon.colcon_core.shell:Skip shell extension 'powershell' for command environment: Not usable outside of PowerShell
[0.465s] DEBUG:colcon.colcon_core.shell:Skip shell extension 'dsv' for command environment
[0.628s] INFO:colcon.colcon_core.task.python.build:Building Python package in '/home/mscrobotics2425laptop7/robotdesign - team10/src/navigation_demos'
[0.628s] INFO:colcon.colcon_core.shell:Skip shell extension 'powershell' for command environment: Not usable outside of PowerShell
[0.628s] DEBUG:colcon.colcon_core.shell:Skip shell extension 'dsv' for command environment
[0.636s] DEBUG:colcon.colcon_core.event_handler.log_command:Invoked command in '/home/mscrobotics2425laptop7/robotdesign - team10/build/leo_teleop' returned '0': CMAKE_PREFIX_PATH=/opt/ros/humble /usr/bin/cmake --build /home/mscrobotics2425laptop7/robotdesign - team10/build/leo_teleop -- -j12 -l12
[0.637s] DEBUG:colcon.colcon_core.event_handler.log_command:Invoked command in '/home/mscrobotics2425laptop7/robotdesign - team10/build/leo_description' returned '0': CMAKE_PREFIX_PATH=/opt/ros/humble /usr/bin/cmake --build /home/mscrobotics2425laptop7/robotdesign - team10/build/leo_description -- -j12 -l12
[0.638s] DEBUG:colcon.colcon_core.event_handler.log_command:Invoked command in '/home/mscrobotics2425laptop7/robotdesign - team10/build/leo_msgs' returned '0': CMAKE_PREFIX_PATH=/opt/ros/humble /usr/bin/cmake --build /home/mscrobotics2425laptop7/robotdesign - team10/build/leo_msgs -- -j12 -l12
[0.789s] INFO:colcon.colcon_core.task.python.build:Building Python package in '/home/mscrobotics2425laptop7/robotdesign - team10/src/object_detect/object_detect_opencv'
[0.789s] INFO:colcon.colcon_core.shell:Skip shell extension 'powershell' for command environment: Not usable outside of PowerShell
[0.789s] DEBUG:colcon.colcon_core.shell:Skip shell extension 'dsv' for command environment
[0.805s] DEBUG:colcon.colcon_core.event_handler.log_command:Invoking command in '/home/mscrobotics2425laptop7/robotdesign - team10/build/leo_teleop': CMAKE_PREFIX_PATH=/opt/ros/humble /usr/bin/cmake --install /home/mscrobotics2425laptop7/robotdesign - team10/build/leo_teleop
[0.805s] DEBUG:colcon.colcon_core.event_handler.log_command:Invoking command in '/home/mscrobotics2425laptop7/robotdesign - team10/build/leo_description': CMAKE_PREFIX_PATH=/opt/ros/humble /usr/bin/cmake --install /home/mscrobotics2425laptop7/robotdesign - team10/build/leo_description
[0.806s] DEBUG:colcon.colcon_core.event_handler.log_command:Invoking command in '/home/mscrobotics2425laptop7/robotdesign - team10/build/leo_msgs': CMAKE_PREFIX_PATH=/opt/ros/humble /usr/bin/cmake --install /home/mscrobotics2425laptop7/robotdesign - team10/build/leo_msgs
[0.816s] Level 1:colcon.colcon_core.environment:create_environment_scripts_only(leo_teleop)
[0.819s] DEBUG:colcon.colcon_core.event_handler.log_command:Invoked command in '/home/mscrobotics2425laptop7/robotdesign - team10/build/leo_teleop' returned '0': CMAKE_PREFIX_PATH=/opt/ros/humble /usr/bin/cmake --install /home/mscrobotics2425laptop7/robotdesign - team10/build/leo_teleop
[0.829s] Level 1:colcon.colcon_core.environment:checking '/home/mscrobotics2425laptop7/robotdesign - team10/install/leo_teleop' for CMake module files
[0.829s] Level 1:colcon.colcon_core.environment:checking '/home/mscrobotics2425laptop7/robotdesign - team10/install/leo_teleop' for CMake config files
[0.829s] Level 1:colcon.colcon_core.shell:create_environment_hook('leo_teleop', 'cmake_prefix_path')
[0.830s] INFO:colcon.colcon_core.shell:Creating environment hook '/home/mscrobotics2425laptop7/robotdesign - team10/install/leo_teleop/share/leo_teleop/hook/cmake_prefix_path.ps1'
[0.830s] INFO:colcon.colcon_core.shell:Creating environment descriptor '/home/mscrobotics2425laptop7/robotdesign - team10/install/leo_teleop/share/leo_teleop/hook/cmake_prefix_path.dsv'
[0.831s] INFO:colcon.colcon_core.shell:Creating environment hook '/home/mscrobotics2425laptop7/robotdesign - team10/install/leo_teleop/share/leo_teleop/hook/cmake_prefix_path.sh'
[0.831s] Level 1:colcon.colcon_core.environment:checking '/home/mscrobotics2425laptop7/robotdesign - team10/install/leo_teleop/bin'
[0.831s] Level 1:colcon.colcon_core.environment:checking '/home/mscrobotics2425laptop7/robotdesign - team10/install/leo_teleop/lib/pkgconfig/leo_teleop.pc'
[0.832s] Level 1:colcon.colcon_core.environment:checking '/home/mscrobotics2425laptop7/robotdesign - team10/install/leo_teleop/lib/python3.10/site-packages'
[0.832s] Level 1:colcon.colcon_core.environment:checking '/home/mscrobotics2425laptop7/robotdesign - team10/install/leo_teleop/bin'
[0.832s] INFO:colcon.colcon_core.shell:Creating package script '/home/mscrobotics2425laptop7/robotdesign - team10/install/leo_teleop/share/leo_teleop/package.ps1'
[0.834s] INFO:colcon.colcon_core.shell:Creating package descriptor '/home/mscrobotics2425laptop7/robotdesign - team10/install/leo_teleop/share/leo_teleop/package.dsv'
[0.835s] INFO:colcon.colcon_core.shell:Creating package script '/home/mscrobotics2425laptop7/robotdesign - team10/install/leo_teleop/share/leo_teleop/package.sh'
[0.836s] INFO:colcon.colcon_core.shell:Creating package script '/home/mscrobotics2425laptop7/robotdesign - team10/install/leo_teleop/share/leo_teleop/package.bash'
[0.837s] INFO:colcon.colcon_core.shell:Creating package script '/home/mscrobotics2425laptop7/robotdesign - team10/install/leo_teleop/share/leo_teleop/package.zsh'
[0.838s] Level 1:colcon.colcon_core.environment:create_file_with_runtime_dependencies(/home/mscrobotics2425laptop7/robotdesign - team10/install/leo_teleop/share/colcon-core/packages/leo_teleop)
[0.839s] Level 1:colcon.colcon_core.environment:create_environment_scripts_only(leo_description)
[0.839s] Level 1:colcon.colcon_core.environment:checking '/home/mscrobotics2425laptop7/robotdesign - team10/install/leo_description' for CMake module files
[0.839s] DEBUG:colcon.colcon_core.event_handler.log_command:Invoked command in '/home/mscrobotics2425laptop7/robotdesign - team10/build/leo_description' returned '0': CMAKE_PREFIX_PATH=/opt/ros/humble /usr/bin/cmake --install /home/mscrobotics2425laptop7/robotdesign - team10/build/leo_description
[0.840s] Level 1:colcon.colcon_core.environment:checking '/home/mscrobotics2425laptop7/robotdesign - team10/install/leo_description' for CMake config files
[0.840s] Level 1:colcon.colcon_core.shell:create_environment_hook('leo_description', 'cmake_prefix_path')
[0.840s] INFO:colcon.colcon_core.shell:Creating environment hook '/home/mscrobotics2425laptop7/robotdesign - team10/install/leo_description/share/leo_description/hook/cmake_prefix_path.ps1'
[0.841s] INFO:colcon.colcon_core.shell:Creating environment descriptor '/home/mscrobotics2425laptop7/robotdesign - team10/install/leo_description/share/leo_description/hook/cmake_prefix_path.dsv'
[0.841s] INFO:colcon.colcon_core.shell:Creating environment hook '/home/mscrobotics2425laptop7/robotdesign - team10/install/leo_description/share/leo_description/hook/cmake_prefix_path.sh'
[0.842s] Level 1:colcon.colcon_core.environment:checking '/home/mscrobotics2425laptop7/robotdesign - team10/install/leo_description/bin'
[0.842s] Level 1:colcon.colcon_core.environment:checking '/home/mscrobotics2425laptop7/robotdesign - team10/install/leo_description/lib/pkgconfig/leo_description.pc'
[0.843s] Level 1:colcon.colcon_core.environment:checking '/home/mscrobotics2425laptop7/robotdesign - team10/install/leo_description/lib/python3.10/site-packages'
[0.843s] Level 1:colcon.colcon_core.environment:checking '/home/mscrobotics2425laptop7/robotdesign - team10/install/leo_description/bin'
[0.843s] INFO:colcon.colcon_core.shell:Creating package script '/home/mscrobotics2425laptop7/robotdesign - team10/install/leo_description/share/leo_description/package.ps1'
[0.844s] INFO:colcon.colcon_core.shell:Creating package descriptor '/home/mscrobotics2425laptop7/robotdesign - team10/install/leo_description/share/leo_description/package.dsv'
[0.845s] INFO:colcon.colcon_core.shell:Creating package script '/home/mscrobotics2425laptop7/robotdesign - team10/install/leo_description/share/leo_description/package.sh'
[0.846s] INFO:colcon.colcon_core.shell:Creating package script '/home/mscrobotics2425laptop7/robotdesign - team10/install/leo_description/share/leo_description/package.bash'
[0.846s] INFO:colcon.colcon_core.shell:Creating package script '/home/mscrobotics2425laptop7/robotdesign - team10/install/leo_description/share/leo_description/package.zsh'
[0.847s] Level 1:colcon.colcon_core.environment:create_file_with_runtime_dependencies(/home/mscrobotics2425laptop7/robotdesign - team10/install/leo_description/share/colcon-core/packages/leo_description)
[0.861s] Level 1:colcon.colcon_core.environment:create_environment_scripts_only(leo_teleop)
[0.862s] Level 1:colcon.colcon_core.environment:checking '/home/mscrobotics2425laptop7/robotdesign - team10/install/leo_teleop' for CMake module files
[0.862s] Level 1:colcon.colcon_core.environment:checking '/home/mscrobotics2425laptop7/robotdesign - team10/install/leo_teleop' for CMake config files
[0.862s] Level 1:colcon.colcon_core.shell:create_environment_hook('leo_teleop', 'cmake_prefix_path')
[0.863s] INFO:colcon.colcon_core.shell:Creating environment hook '/home/mscrobotics2425laptop7/robotdesign - team10/install/leo_teleop/share/leo_teleop/hook/cmake_prefix_path.ps1'
[0.863s] INFO:colcon.colcon_core.shell:Creating environment descriptor '/home/mscrobotics2425laptop7/robotdesign - team10/install/leo_teleop/share/leo_teleop/hook/cmake_prefix_path.dsv'
[0.864s] INFO:colcon.colcon_core.shell:Creating environment hook '/home/mscrobotics2425laptop7/robotdesign - team10/install/leo_teleop/share/leo_teleop/hook/cmake_prefix_path.sh'
[0.864s] Level 1:colcon.colcon_core.environment:checking '/home/mscrobotics2425laptop7/robotdesign - team10/install/leo_teleop/bin'
[0.864s] Level 1:colcon.colcon_core.environment:checking '/home/mscrobotics2425laptop7/robotdesign - team10/install/leo_teleop/lib/pkgconfig/leo_teleop.pc'
[0.865s] Level 1:colcon.colcon_core.environment:checking '/home/mscrobotics2425laptop7/robotdesign - team10/install/leo_teleop/lib/python3.10/site-packages'
[0.865s] Level 1:colcon.colcon_core.environment:checking '/home/mscrobotics2425laptop7/robotdesign - team10/install/leo_teleop/bin'
[0.865s] INFO:colcon.colcon_core.shell:Creating package script '/home/mscrobotics2425laptop7/robotdesign - team10/install/leo_teleop/share/leo_teleop/package.ps1'
[0.866s] INFO:colcon.colcon_core.shell:Creating package descriptor '/home/mscrobotics2425laptop7/robotdesign - team10/install/leo_teleop/share/leo_teleop/package.dsv'
[0.866s] INFO:colcon.colcon_core.shell:Creating package script '/home/mscrobotics2425laptop7/robotdesign - team10/install/leo_teleop/share/leo_teleop/package.sh'
[0.867s] INFO:colcon.colcon_core.shell:Creating package script '/home/mscrobotics2425laptop7/robotdesign - team10/install/leo_teleop/share/leo_teleop/package.bash'
[0.867s] INFO:colcon.colcon_core.shell:Creating package script '/home/mscrobotics2425laptop7/robotdesign - team10/install/leo_teleop/share/leo_teleop/package.zsh'
[0.868s] Level 1:colcon.colcon_core.environment:create_file_with_runtime_dependencies(/home/mscrobotics2425laptop7/robotdesign - team10/install/leo_teleop/share/colcon-core/packages/leo_teleop)
[0.869s] Level 1:colcon.colcon_core.environment:create_environment_scripts_only(leo_msgs)
[0.870s] Level 1:colcon.colcon_core.environment:checking '/home/mscrobotics2425laptop7/robotdesign - team10/install/leo_msgs' for CMake module files
[0.871s] DEBUG:colcon.colcon_core.event_handler.log_command:Invoked command in '/home/mscrobotics2425laptop7/robotdesign - team10/build/leo_msgs' returned '0': CMAKE_PREFIX_PATH=/opt/ros/humble /usr/bin/cmake --install /home/mscrobotics2425laptop7/robotdesign - team10/build/leo_msgs
[0.871s] Level 1:colcon.colcon_core.environment:checking '/home/mscrobotics2425laptop7/robotdesign - team10/install/leo_msgs' for CMake config files
[0.872s] Level 1:colcon.colcon_core.shell:create_environment_hook('leo_msgs', 'cmake_prefix_path')
[0.872s] INFO:colcon.colcon_core.shell:Creating environment hook '/home/mscrobotics2425laptop7/robotdesign - team10/install/leo_msgs/share/leo_msgs/hook/cmake_prefix_path.ps1'
[0.873s] INFO:colcon.colcon_core.shell:Creating environment descriptor '/home/mscrobotics2425laptop7/robotdesign - team10/install/leo_msgs/share/leo_msgs/hook/cmake_prefix_path.dsv'
[0.873s] INFO:colcon.colcon_core.shell:Creating environment hook '/home/mscrobotics2425laptop7/robotdesign - team10/install/leo_msgs/share/leo_msgs/hook/cmake_prefix_path.sh'
[0.874s] Level 1:colcon.colcon_core.environment:checking '/home/mscrobotics2425laptop7/robotdesign - team10/install/leo_msgs/lib'
[0.874s] Level 1:colcon.colcon_core.shell:create_environment_hook('leo_msgs', 'ld_library_path_lib')
[0.875s] INFO:colcon.colcon_core.shell:Creating environment hook '/home/mscrobotics2425laptop7/robotdesign - team10/install/leo_msgs/share/leo_msgs/hook/ld_library_path_lib.ps1'
[0.875s] INFO:colcon.colcon_core.shell:Creating environment descriptor '/home/mscrobotics2425laptop7/robotdesign - team10/install/leo_msgs/share/leo_msgs/hook/ld_library_path_lib.dsv'
[0.875s] INFO:colcon.colcon_core.shell:Creating environment hook '/home/mscrobotics2425laptop7/robotdesign - team10/install/leo_msgs/share/leo_msgs/hook/ld_library_path_lib.sh'
[0.875s] Level 1:colcon.colcon_core.environment:checking '/home/mscrobotics2425laptop7/robotdesign - team10/install/leo_msgs/bin'
[0.875s] Level 1:colcon.colcon_core.environment:checking '/home/mscrobotics2425laptop7/robotdesign - team10/install/leo_msgs/lib/pkgconfig/leo_msgs.pc'
[0.876s] Level 1:colcon.colcon_core.environment:checking '/home/mscrobotics2425laptop7/robotdesign - team10/install/leo_msgs/lib/python3.10/site-packages'
[0.876s] Level 1:colcon.colcon_core.environment:checking '/home/mscrobotics2425laptop7/robotdesign - team10/install/leo_msgs/bin'
[0.876s] INFO:colcon.colcon_core.shell:Creating package script '/home/mscrobotics2425laptop7/robotdesign - team10/install/leo_msgs/share/leo_msgs/package.ps1'
[0.876s] INFO:colcon.colcon_core.shell:Creating package descriptor '/home/mscrobotics2425laptop7/robotdesign - team10/install/leo_msgs/share/leo_msgs/package.dsv'
[0.876s] INFO:colcon.colcon_core.shell:Creating package script '/home/mscrobotics2425laptop7/robotdesign - team10/install/leo_msgs/share/leo_msgs/package.sh'
[0.877s] INFO:colcon.colcon_core.shell:Creating package script '/home/mscrobotics2425laptop7/robotdesign - team10/install/leo_msgs/share/leo_msgs/package.bash'
[0.877s] INFO:colcon.colcon_core.shell:Creating package script '/home/mscrobotics2425laptop7/robotdesign - team10/install/leo_msgs/share/leo_msgs/package.zsh'
[0.877s] Level 1:colcon.colcon_core.environment:create_file_with_runtime_dependencies(/home/mscrobotics2425laptop7/robotdesign - team10/install/leo_msgs/share/colcon-core/packages/leo_msgs)
[0.878s] Level 1:colcon.colcon_core.environment:create_environment_scripts_only(leo_description)
[0.878s] Level 1:colcon.colcon_core.environment:checking '/home/mscrobotics2425laptop7/robotdesign - team10/install/leo_description' for CMake module files
[0.878s] Level 1:colcon.colcon_core.environment:checking '/home/mscrobotics2425laptop7/robotdesign - team10/install/leo_description' for CMake config files
[0.878s] Level 1:colcon.colcon_core.shell:create_environment_hook('leo_description', 'cmake_prefix_path')
[0.878s] INFO:colcon.colcon_core.shell:Creating environment hook '/home/mscrobotics2425laptop7/robotdesign - team10/install/leo_description/share/leo_description/hook/cmake_prefix_path.ps1'
[0.879s] INFO:colcon.colcon_core.shell:Creating environment descriptor '/home/mscrobotics2425laptop7/robotdesign - team10/install/leo_description/share/leo_description/hook/cmake_prefix_path.dsv'
[0.879s] INFO:colcon.colcon_core.shell:Creating environment hook '/home/mscrobotics2425laptop7/robotdesign - team10/install/leo_description/share/leo_description/hook/cmake_prefix_path.sh'
[0.879s] Level 1:colcon.colcon_core.environment:checking '/home/mscrobotics2425laptop7/robotdesign - team10/install/leo_description/bin'
[0.879s] Level 1:colcon.colcon_core.environment:checking '/home/mscrobotics2425laptop7/robotdesign - team10/install/leo_description/lib/pkgconfig/leo_description.pc'
[0.879s] Level 1:colcon.colcon_core.environment:checking '/home/mscrobotics2425laptop7/robotdesign - team10/install/leo_description/lib/python3.10/site-packages'
[0.880s] Level 1:colcon.colcon_core.environment:checking '/home/mscrobotics2425laptop7/robotdesign - team10/install/leo_description/bin'
[0.880s] INFO:colcon.colcon_core.shell:Creating package script '/home/mscrobotics2425laptop7/robotdesign - team10/install/leo_description/share/leo_description/package.ps1'
[0.880s] INFO:colcon.colcon_core.shell:Creating package descriptor '/home/mscrobotics2425laptop7/robotdesign - team10/install/leo_description/share/leo_description/package.dsv'
[0.880s] INFO:colcon.colcon_core.shell:Creating package script '/home/mscrobotics2425laptop7/robotdesign - team10/install/leo_description/share/leo_description/package.sh'
[0.881s] INFO:colcon.colcon_core.shell:Creating package script '/home/mscrobotics2425laptop7/robotdesign - team10/install/leo_description/share/leo_description/package.bash'
[0.881s] INFO:colcon.colcon_core.shell:Creating package script '/home/mscrobotics2425laptop7/robotdesign - team10/install/leo_description/share/leo_description/package.zsh'
[0.881s] Level 1:colcon.colcon_core.environment:create_file_with_runtime_dependencies(/home/mscrobotics2425laptop7/robotdesign - team10/install/leo_description/share/colcon-core/packages/leo_description)
[0.985s] Level 1:colcon.colcon_core.environment:create_environment_scripts_only(leo_msgs)
[0.985s] Level 1:colcon.colcon_core.environment:checking '/home/mscrobotics2425laptop7/robotdesign - team10/install/leo_msgs' for CMake module files
[0.985s] Level 1:colcon.colcon_core.environment:checking '/home/mscrobotics2425laptop7/robotdesign - team10/install/leo_msgs' for CMake config files
[0.986s] Level 1:colcon.colcon_core.shell:create_environment_hook('leo_msgs', 'cmake_prefix_path')
[0.986s] INFO:colcon.colcon_core.shell:Creating environment hook '/home/mscrobotics2425laptop7/robotdesign - team10/install/leo_msgs/share/leo_msgs/hook/cmake_prefix_path.ps1'
[0.986s] INFO:colcon.colcon_core.shell:Creating environment descriptor '/home/mscrobotics2425laptop7/robotdesign - team10/install/leo_msgs/share/leo_msgs/hook/cmake_prefix_path.dsv'
[0.986s] INFO:colcon.colcon_core.shell:Creating environment hook '/home/mscrobotics2425laptop7/robotdesign - team10/install/leo_msgs/share/leo_msgs/hook/cmake_prefix_path.sh'
[0.987s] Level 1:colcon.colcon_core.environment:checking '/home/mscrobotics2425laptop7/robotdesign - team10/install/leo_msgs/lib'
[0.987s] Level 1:colcon.colcon_core.shell:create_environment_hook('leo_msgs', 'ld_library_path_lib')
[0.987s] INFO:colcon.colcon_core.shell:Creating environment hook '/home/mscrobotics2425laptop7/robotdesign - team10/install/leo_msgs/share/leo_msgs/hook/ld_library_path_lib.ps1'
[0.987s] INFO:colcon.colcon_core.shell:Creating environment descriptor '/home/mscrobotics2425laptop7/robotdesign - team10/install/leo_msgs/share/leo_msgs/hook/ld_library_path_lib.dsv'
[0.988s] INFO:colcon.colcon_core.shell:Creating environment hook '/home/mscrobotics2425laptop7/robotdesign - team10/install/leo_msgs/share/leo_msgs/hook/ld_library_path_lib.sh'
[0.988s] Level 1:colcon.colcon_core.environment:checking '/home/mscrobotics2425laptop7/robotdesign - team10/install/leo_msgs/bin'
[0.988s] Level 1:colcon.colcon_core.environment:checking '/home/mscrobotics2425laptop7/robotdesign - team10/install/leo_msgs/lib/pkgconfig/leo_msgs.pc'
[0.988s] Level 1:colcon.colcon_core.environment:checking '/home/mscrobotics2425laptop7/robotdesign - team10/install/leo_msgs/lib/python3.10/site-packages'
[0.988s] Level 1:colcon.colcon_core.environment:checking '/home/mscrobotics2425laptop7/robotdesign - team10/install/leo_msgs/bin'
[0.988s] INFO:colcon.colcon_core.shell:Creating package script '/home/mscrobotics2425laptop7/robotdesign - team10/install/leo_msgs/share/leo_msgs/package.ps1'
[0.989s] INFO:colcon.colcon_core.shell:Creating package descriptor '/home/mscrobotics2425laptop7/robotdesign - team10/install/leo_msgs/share/leo_msgs/package.dsv'
[0.989s] INFO:colcon.colcon_core.shell:Creating package script '/home/mscrobotics2425laptop7/robotdesign - team10/install/leo_msgs/share/leo_msgs/package.sh'
[0.989s] INFO:colcon.colcon_core.shell:Creating package script '/home/mscrobotics2425laptop7/robotdesign - team10/install/leo_msgs/share/leo_msgs/package.bash'
[0.989s] INFO:colcon.colcon_core.shell:Creating package script '/home/mscrobotics2425laptop7/robotdesign - team10/install/leo_msgs/share/leo_msgs/package.zsh'
[0.990s] Level 1:colcon.colcon_core.environment:create_file_with_runtime_dependencies(/home/mscrobotics2425laptop7/robotdesign - team10/install/leo_msgs/share/colcon-core/packages/leo_msgs)
[0.990s] INFO:colcon.colcon_ros.task.ament_cmake.build:Building ROS package in '/home/mscrobotics2425laptop7/robotdesign - team10/src/leo_common-ros2/leo' with build type 'ament_cmake'
[0.990s] INFO:colcon.colcon_cmake.task.cmake.build:Building CMake package in '/home/mscrobotics2425laptop7/robotdesign - team10/src/leo_common-ros2/leo'
[0.990s] INFO:colcon.colcon_core.shell:Skip shell extension 'powershell' for command environment: Not usable outside of PowerShell
[0.990s] DEBUG:colcon.colcon_core.shell:Skip shell extension 'dsv' for command environment
[0.998s] DEBUG:colcon.colcon_core.event_handler.log_command:Invoking command in '/home/mscrobotics2425laptop7/robotdesign - team10/build/leo': AMENT_PREFIX_PATH=/home/mscrobotics2425laptop7/robotdesign - team10/install/leo_teleop:/home/mscrobotics2425laptop7/robotdesign - team10/install/leo_msgs:/home/mscrobotics2425laptop7/robotdesign - team10/install/leo_description:${AMENT_PREFIX_PATH} CMAKE_PREFIX_PATH=/home/mscrobotics2425laptop7/robotdesign - team10/install/leo_teleop:/home/mscrobotics2425laptop7/robotdesign - team10/install/leo_msgs:/home/mscrobotics2425laptop7/robotdesign - team10/install/leo_description:/opt/ros/humble LD_LIBRARY_PATH=/home/mscrobotics2425laptop7/robotdesign - team10/install/leo_msgs/lib:${LD_LIBRARY_PATH} PYTHONPATH=/home/mscrobotics2425laptop7/robotdesign - team10/install/leo_msgs/local/lib/python3.10/dist-packages:${PYTHONPATH} /usr/bin/cmake --build /home/mscrobotics2425laptop7/robotdesign - team10/build/leo -- -j12 -l12
[1.035s] DEBUG:colcon.colcon_core.event_handler.log_command:Invoked command in '/home/mscrobotics2425laptop7/robotdesign - team10/build/leo' returned '0': AMENT_PREFIX_PATH=/home/mscrobotics2425laptop7/robotdesign - team10/install/leo_teleop:/home/mscrobotics2425laptop7/robotdesign - team10/install/leo_msgs:/home/mscrobotics2425laptop7/robotdesign - team10/install/leo_description:${AMENT_PREFIX_PATH} CMAKE_PREFIX_PATH=/home/mscrobotics2425laptop7/robotdesign - team10/install/leo_teleop:/home/mscrobotics2425laptop7/robotdesign - team10/install/leo_msgs:/home/mscrobotics2425laptop7/robotdesign - team10/install/leo_description:/opt/ros/humble LD_LIBRARY_PATH=/home/mscrobotics2425laptop7/robotdesign - team10/install/leo_msgs/lib:${LD_LIBRARY_PATH} PYTHONPATH=/home/mscrobotics2425laptop7/robotdesign - team10/install/leo_msgs/local/lib/python3.10/dist-packages:${PYTHONPATH} /usr/bin/cmake --build /home/mscrobotics2425laptop7/robotdesign - team10/build/leo -- -j12 -l12
[1.043s] DEBUG:colcon.colcon_core.event_handler.log_command:Invoking command in '/home/mscrobotics2425laptop7/robotdesign - team10/src/gz_example_robot_description/gz_example_robot_description': PYTHONPATH=/home/mscrobotics2425laptop7/robotdesign - team10/build/gz_example_robot_description/prefix_override:/usr/lib/python3/dist-packages/colcon_core/task/python/colcon_distutils_commands:/home/mscrobotics2425laptop7/robotdesign - team10/install/gz_example_robot_description/lib/python3.10/site-packages:${PYTHONPATH} /usr/bin/python3 -W ignore:setup.py install is deprecated setup.py egg_info --egg-base ../../../build/gz_example_robot_description build --build-base /home/mscrobotics2425laptop7/robotdesign - team10/build/gz_example_robot_description/build install --record /home/mscrobotics2425laptop7/robotdesign - team10/build/gz_example_robot_description/install.log --single-version-externally-managed install_data
[1.053s] DEBUG:colcon.colcon_core.event_handler.log_command:Invoking command in '/home/mscrobotics2425laptop7/robotdesign - team10/build/leo': AMENT_PREFIX_PATH=/home/mscrobotics2425laptop7/robotdesign - team10/install/leo_teleop:/home/mscrobotics2425laptop7/robotdesign - team10/install/leo_msgs:/home/mscrobotics2425laptop7/robotdesign - team10/install/leo_description:${AMENT_PREFIX_PATH} CMAKE_PREFIX_PATH=/home/mscrobotics2425laptop7/robotdesign - team10/install/leo_teleop:/home/mscrobotics2425laptop7/robotdesign - team10/install/leo_msgs:/home/mscrobotics2425laptop7/robotdesign - team10/install/leo_description:/opt/ros/humble LD_LIBRARY_PATH=/home/mscrobotics2425laptop7/robotdesign - team10/install/leo_msgs/lib:${LD_LIBRARY_PATH} PYTHONPATH=/home/mscrobotics2425laptop7/robotdesign - team10/install/leo_msgs/local/lib/python3.10/dist-packages:${PYTHONPATH} /usr/bin/cmake --install /home/mscrobotics2425laptop7/robotdesign - team10/build/leo
[1.059s] Level 1:colcon.colcon_core.environment:create_environment_scripts_only(leo)
[1.059s] Level 1:colcon.colcon_core.environment:checking '/home/mscrobotics2425laptop7/robotdesign - team10/install/leo' for CMake module files
[1.059s] DEBUG:colcon.colcon_core.event_handler.log_command:Invoked command in '/home/mscrobotics2425laptop7/robotdesign - team10/build/leo' returned '0': AMENT_PREFIX_PATH=/home/mscrobotics2425laptop7/robotdesign - team10/install/leo_teleop:/home/mscrobotics2425laptop7/robotdesign - team10/install/leo_msgs:/home/mscrobotics2425laptop7/robotdesign - team10/install/leo_description:${AMENT_PREFIX_PATH} CMAKE_PREFIX_PATH=/home/mscrobotics2425laptop7/robotdesign - team10/install/leo_teleop:/home/mscrobotics2425laptop7/robotdesign - team10/install/leo_msgs:/home/mscrobotics2425laptop7/robotdesign - team10/install/leo_description:/opt/ros/humble LD_LIBRARY_PATH=/home/mscrobotics2425laptop7/robotdesign - team10/install/leo_msgs/lib:${LD_LIBRARY_PATH} PYTHONPATH=/home/mscrobotics2425laptop7/robotdesign - team10/install/leo_msgs/local/lib/python3.10/dist-packages:${PYTHONPATH} /usr/bin/cmake --install /home/mscrobotics2425laptop7/robotdesign - team10/build/leo
[1.060s] Level 1:colcon.colcon_core.environment:checking '/home/mscrobotics2425laptop7/robotdesign - team10/install/leo' for CMake config files
[1.060s] Level 1:colcon.colcon_core.shell:create_environment_hook('leo', 'cmake_prefix_path')
[1.060s] INFO:colcon.colcon_core.shell:Creating environment hook '/home/mscrobotics2425laptop7/robotdesign - team10/install/leo/share/leo/hook/cmake_prefix_path.ps1'
[1.061s] INFO:colcon.colcon_core.shell:Creating environment descriptor '/home/mscrobotics2425laptop7/robotdesign - team10/install/leo/share/leo/hook/cmake_prefix_path.dsv'
[1.061s] INFO:colcon.colcon_core.shell:Creating environment hook '/home/mscrobotics2425laptop7/robotdesign - team10/install/leo/share/leo/hook/cmake_prefix_path.sh'
[1.062s] Level 1:colcon.colcon_core.environment:checking '/home/mscrobotics2425laptop7/robotdesign - team10/install/leo/bin'
[1.062s] Level 1:colcon.colcon_core.environment:checking '/home/mscrobotics2425laptop7/robotdesign - team10/install/leo/lib/pkgconfig/leo.pc'
[1.062s] Level 1:colcon.colcon_core.environment:checking '/home/mscrobotics2425laptop7/robotdesign - team10/install/leo/lib/python3.10/site-packages'
[1.062s] Level 1:colcon.colcon_core.environment:checking '/home/mscrobotics2425laptop7/robotdesign - team10/install/leo/bin'
[1.062s] INFO:colcon.colcon_core.shell:Creating package script '/home/mscrobotics2425laptop7/robotdesign - team10/install/leo/share/leo/package.ps1'
[1.063s] INFO:colcon.colcon_core.shell:Creating package descriptor '/home/mscrobotics2425laptop7/robotdesign - team10/install/leo/share/leo/package.dsv'
[1.063s] INFO:colcon.colcon_core.shell:Creating package script '/home/mscrobotics2425laptop7/robotdesign - team10/install/leo/share/leo/package.sh'
[1.064s] INFO:colcon.colcon_core.shell:Creating package script '/home/mscrobotics2425laptop7/robotdesign - team10/install/leo/share/leo/package.bash'
[1.064s] INFO:colcon.colcon_core.shell:Creating package script '/home/mscrobotics2425laptop7/robotdesign - team10/install/leo/share/leo/package.zsh'
[1.064s] Level 1:colcon.colcon_core.environment:create_file_with_runtime_dependencies(/home/mscrobotics2425laptop7/robotdesign - team10/install/leo/share/colcon-core/packages/leo)
[1.082s] Level 1:colcon.colcon_core.environment:create_environment_scripts_only(leo)
[1.082s] Level 1:colcon.colcon_core.environment:checking '/home/mscrobotics2425laptop7/robotdesign - team10/install/leo' for CMake module files
[1.082s] Level 1:colcon.colcon_core.environment:checking '/home/mscrobotics2425laptop7/robotdesign - team10/install/leo' for CMake config files
[1.083s] Level 1:colcon.colcon_core.shell:create_environment_hook('leo', 'cmake_prefix_path')
[1.083s] INFO:colcon.colcon_core.shell:Creating environment hook '/home/mscrobotics2425laptop7/robotdesign - team10/install/leo/share/leo/hook/cmake_prefix_path.ps1'
[1.083s] INFO:colcon.colcon_core.shell:Creating environment descriptor '/home/mscrobotics2425laptop7/robotdesign - team10/install/leo/share/leo/hook/cmake_prefix_path.dsv'
[1.084s] INFO:colcon.colcon_core.shell:Creating environment hook '/home/mscrobotics2425laptop7/robotdesign - team10/install/leo/share/leo/hook/cmake_prefix_path.sh'
[1.084s] Level 1:colcon.colcon_core.environment:checking '/home/mscrobotics2425laptop7/robotdesign - team10/install/leo/bin'
[1.084s] Level 1:colcon.colcon_core.environment:checking '/home/mscrobotics2425laptop7/robotdesign - team10/install/leo/lib/pkgconfig/leo.pc'
[1.085s] Level 1:colcon.colcon_core.environment:checking '/home/mscrobotics2425laptop7/robotdesign - team10/install/leo/lib/python3.10/site-packages'
[1.085s] Level 1:colcon.colcon_core.environment:checking '/home/mscrobotics2425laptop7/robotdesign - team10/install/leo/bin'
[1.085s] INFO:colcon.colcon_core.shell:Creating package script '/home/mscrobotics2425laptop7/robotdesign - team10/install/leo/share/leo/package.ps1'
[1.085s] INFO:colcon.colcon_core.shell:Creating package descriptor '/home/mscrobotics2425laptop7/robotdesign - team10/install/leo/share/leo/package.dsv'
[1.086s] INFO:colcon.colcon_core.shell:Creating package script '/home/mscrobotics2425laptop7/robotdesign - team10/install/leo/share/leo/package.sh'
[1.086s] INFO:colcon.colcon_core.shell:Creating package script '/home/mscrobotics2425laptop7/robotdesign - team10/install/leo/share/leo/package.bash'
[1.086s] INFO:colcon.colcon_core.shell:Creating package script '/home/mscrobotics2425laptop7/robotdesign - team10/install/leo/share/leo/package.zsh'
[1.086s] Level 1:colcon.colcon_core.environment:create_file_with_runtime_dependencies(/home/mscrobotics2425laptop7/robotdesign - team10/install/leo/share/colcon-core/packages/leo)
[1.150s] DEBUG:colcon.colcon_core.event_handler.log_command:Invoking command in '/home/mscrobotics2425laptop7/robotdesign - team10/src/navigation_demos': PYTHONPATH=/home/mscrobotics2425laptop7/robotdesign - team10/build/navigation_demos/prefix_override:/usr/lib/python3/dist-packages/colcon_core/task/python/colcon_distutils_commands:/home/mscrobotics2425laptop7/robotdesign - team10/install/navigation_demos/lib/python3.10/site-packages:${PYTHONPATH} /usr/bin/python3 -W ignore:setup.py install is deprecated setup.py egg_info --egg-base ../../build/navigation_demos build --build-base /home/mscrobotics2425laptop7/robotdesign - team10/build/navigation_demos/build install --record /home/mscrobotics2425laptop7/robotdesign - team10/build/navigation_demos/install.log --single-version-externally-managed install_data
[1.174s] DEBUG:colcon.colcon_core.event_handler.log_command:Invoking command in '/home/mscrobotics2425laptop7/robotdesign - team10/src/object_detect/object_detect_opencv': PYTHONPATH=/home/mscrobotics2425laptop7/robotdesign - team10/build/object_detect_opencv/prefix_override:/usr/lib/python3/dist-packages/colcon_core/task/python/colcon_distutils_commands:/home/mscrobotics2425laptop7/robotdesign - team10/install/object_detect_opencv/lib/python3.10/site-packages:${PYTHONPATH} /usr/bin/python3 -W ignore:setup.py install is deprecated setup.py egg_info --egg-base ../../../build/object_detect_opencv build --build-base /home/mscrobotics2425laptop7/robotdesign - team10/build/object_detect_opencv/build install --record /home/mscrobotics2425laptop7/robotdesign - team10/build/object_detect_opencv/install.log --single-version-externally-managed install_data
[1.251s] Level 1:colcon.colcon_core.environment:checking '/home/mscrobotics2425laptop7/robotdesign - team10/install/gz_example_robot_description' for CMake module files
[1.251s] DEBUG:colcon.colcon_core.event_handler.log_command:Invoked command in '/home/mscrobotics2425laptop7/robotdesign - team10/src/gz_example_robot_description/gz_example_robot_description' returned '0': PYTHONPATH=/home/mscrobotics2425laptop7/robotdesign - team10/build/gz_example_robot_description/prefix_override:/usr/lib/python3/dist-packages/colcon_core/task/python/colcon_distutils_commands:/home/mscrobotics2425laptop7/robotdesign - team10/install/gz_example_robot_description/lib/python3.10/site-packages:${PYTHONPATH} /usr/bin/python3 -W ignore:setup.py install is deprecated setup.py egg_info --egg-base ../../../build/gz_example_robot_description build --build-base /home/mscrobotics2425laptop7/robotdesign - team10/build/gz_example_robot_description/build install --record /home/mscrobotics2425laptop7/robotdesign - team10/build/gz_example_robot_description/install.log --single-version-externally-managed install_data
[1.251s] Level 1:colcon.colcon_core.environment:checking '/home/mscrobotics2425laptop7/robotdesign - team10/install/gz_example_robot_description' for CMake config files
[1.252s] Level 1:colcon.colcon_core.environment:checking '/home/mscrobotics2425laptop7/robotdesign - team10/install/gz_example_robot_description/lib'
[1.252s] Level 1:colcon.colcon_core.environment:checking '/home/mscrobotics2425laptop7/robotdesign - team10/install/gz_example_robot_description/bin'
[1.252s] Level 1:colcon.colcon_core.environment:checking '/home/mscrobotics2425laptop7/robotdesign - team10/install/gz_example_robot_description/lib/pkgconfig/gz_example_robot_description.pc'
[1.252s] Level 1:colcon.colcon_core.environment:checking '/home/mscrobotics2425laptop7/robotdesign - team10/install/gz_example_robot_description/lib/python3.10/site-packages'
[1.252s] Level 1:colcon.colcon_core.shell:create_environment_hook('gz_example_robot_description', 'pythonpath')
[1.252s] INFO:colcon.colcon_core.shell:Creating environment hook '/home/mscrobotics2425laptop7/robotdesign - team10/install/gz_example_robot_description/share/gz_example_robot_description/hook/pythonpath.ps1'
[1.252s] INFO:colcon.colcon_core.shell:Creating environment descriptor '/home/mscrobotics2425laptop7/robotdesign - team10/install/gz_example_robot_description/share/gz_example_robot_description/hook/pythonpath.dsv'
[1.253s] INFO:colcon.colcon_core.shell:Creating environment hook '/home/mscrobotics2425laptop7/robotdesign - team10/install/gz_example_robot_description/share/gz_example_robot_description/hook/pythonpath.sh'
[1.253s] Level 1:colcon.colcon_core.environment:checking '/home/mscrobotics2425laptop7/robotdesign - team10/install/gz_example_robot_description/bin'
[1.253s] Level 1:colcon.colcon_core.environment:create_environment_scripts_only(gz_example_robot_description)
[1.253s] INFO:colcon.colcon_core.shell:Creating package script '/home/mscrobotics2425laptop7/robotdesign - team10/install/gz_example_robot_description/share/gz_example_robot_description/package.ps1'
[1.254s] INFO:colcon.colcon_core.shell:Creating package descriptor '/home/mscrobotics2425laptop7/robotdesign - team10/install/gz_example_robot_description/share/gz_example_robot_description/package.dsv'
[1.254s] INFO:colcon.colcon_core.shell:Creating package script '/home/mscrobotics2425laptop7/robotdesign - team10/install/gz_example_robot_description/share/gz_example_robot_description/package.sh'
[1.255s] INFO:colcon.colcon_core.shell:Creating package script '/home/mscrobotics2425laptop7/robotdesign - team10/install/gz_example_robot_description/share/gz_example_robot_description/package.bash'
[1.255s] INFO:colcon.colcon_core.shell:Creating package script '/home/mscrobotics2425laptop7/robotdesign - team10/install/gz_example_robot_description/share/gz_example_robot_description/package.zsh'
[1.255s] Level 1:colcon.colcon_core.environment:create_file_with_runtime_dependencies(/home/mscrobotics2425laptop7/robotdesign - team10/install/gz_example_robot_description/share/colcon-core/packages/gz_example_robot_description)
[1.347s] Level 1:colcon.colcon_core.environment:checking '/home/mscrobotics2425laptop7/robotdesign - team10/install/navigation_demos' for CMake module files
[1.347s] DEBUG:colcon.colcon_core.event_handler.log_command:Invoked command in '/home/mscrobotics2425laptop7/robotdesign - team10/src/navigation_demos' returned '0': PYTHONPATH=/home/mscrobotics2425laptop7/robotdesign - team10/build/navigation_demos/prefix_override:/usr/lib/python3/dist-packages/colcon_core/task/python/colcon_distutils_commands:/home/mscrobotics2425laptop7/robotdesign - team10/install/navigation_demos/lib/python3.10/site-packages:${PYTHONPATH} /usr/bin/python3 -W ignore:setup.py install is deprecated setup.py egg_info --egg-base ../../build/navigation_demos build --build-base /home/mscrobotics2425laptop7/robotdesign - team10/build/navigation_demos/build install --record /home/mscrobotics2425laptop7/robotdesign - team10/build/navigation_demos/install.log --single-version-externally-managed install_data
[1.348s] Level 1:colcon.colcon_core.environment:checking '/home/mscrobotics2425laptop7/robotdesign - team10/install/navigation_demos' for CMake config files
[1.348s] Level 1:colcon.colcon_core.environment:checking '/home/mscrobotics2425laptop7/robotdesign - team10/install/navigation_demos/lib'
[1.348s] Level 1:colcon.colcon_core.environment:checking '/home/mscrobotics2425laptop7/robotdesign - team10/install/navigation_demos/bin'
[1.348s] Level 1:colcon.colcon_core.environment:checking '/home/mscrobotics2425laptop7/robotdesign - team10/install/navigation_demos/lib/pkgconfig/navigation_demos.pc'
[1.349s] Level 1:colcon.colcon_core.environment:checking '/home/mscrobotics2425laptop7/robotdesign - team10/install/navigation_demos/lib/python3.10/site-packages'
[1.349s] Level 1:colcon.colcon_core.shell:create_environment_hook('navigation_demos', 'pythonpath')
[1.349s] INFO:colcon.colcon_core.shell:Creating environment hook '/home/mscrobotics2425laptop7/robotdesign - team10/install/navigation_demos/share/navigation_demos/hook/pythonpath.ps1'
[1.349s] INFO:colcon.colcon_core.shell:Creating environment descriptor '/home/mscrobotics2425laptop7/robotdesign - team10/install/navigation_demos/share/navigation_demos/hook/pythonpath.dsv'
[1.350s] INFO:colcon.colcon_core.shell:Creating environment hook '/home/mscrobotics2425laptop7/robotdesign - team10/install/navigation_demos/share/navigation_demos/hook/pythonpath.sh'
[1.350s] Level 1:colcon.colcon_core.environment:checking '/home/mscrobotics2425laptop7/robotdesign - team10/install/navigation_demos/bin'
[1.350s] Level 1:colcon.colcon_core.environment:create_environment_scripts_only(navigation_demos)
[1.351s] INFO:colcon.colcon_core.shell:Creating package script '/home/mscrobotics2425laptop7/robotdesign - team10/install/navigation_demos/share/navigation_demos/package.ps1'
[1.351s] INFO:colcon.colcon_core.shell:Creating package descriptor '/home/mscrobotics2425laptop7/robotdesign - team10/install/navigation_demos/share/navigation_demos/package.dsv'
[1.352s] INFO:colcon.colcon_core.shell:Creating package script '/home/mscrobotics2425laptop7/robotdesign - team10/install/navigation_demos/share/navigation_demos/package.sh'
[1.352s] INFO:colcon.colcon_core.shell:Creating package script '/home/mscrobotics2425laptop7/robotdesign - team10/install/navigation_demos/share/navigation_demos/package.bash'
[1.353s] INFO:colcon.colcon_core.shell:Creating package script '/home/mscrobotics2425laptop7/robotdesign - team10/install/navigation_demos/share/navigation_demos/package.zsh'
[1.353s] Level 1:colcon.colcon_core.environment:create_file_with_runtime_dependencies(/home/mscrobotics2425laptop7/robotdesign - team10/install/navigation_demos/share/colcon-core/packages/navigation_demos)
[1.409s] Level 1:colcon.colcon_core.environment:checking '/home/mscrobotics2425laptop7/robotdesign - team10/install/object_detect_opencv' for CMake module files
[1.409s] DEBUG:colcon.colcon_core.event_handler.log_command:Invoked command in '/home/mscrobotics2425laptop7/robotdesign - team10/src/object_detect/object_detect_opencv' returned '0': PYTHONPATH=/home/mscrobotics2425laptop7/robotdesign - team10/build/object_detect_opencv/prefix_override:/usr/lib/python3/dist-packages/colcon_core/task/python/colcon_distutils_commands:/home/mscrobotics2425laptop7/robotdesign - team10/install/object_detect_opencv/lib/python3.10/site-packages:${PYTHONPATH} /usr/bin/python3 -W ignore:setup.py install is deprecated setup.py egg_info --egg-base ../../../build/object_detect_opencv build --build-base /home/mscrobotics2425laptop7/robotdesign - team10/build/object_detect_opencv/build install --record /home/mscrobotics2425laptop7/robotdesign - team10/build/object_detect_opencv/install.log --single-version-externally-managed install_data
[1.410s] Level 1:colcon.colcon_core.environment:checking '/home/mscrobotics2425laptop7/robotdesign - team10/install/object_detect_opencv' for CMake config files
[1.410s] Level 1:colcon.colcon_core.environment:checking '/home/mscrobotics2425laptop7/robotdesign - team10/install/object_detect_opencv/lib'
[1.410s] Level 1:colcon.colcon_core.environment:checking '/home/mscrobotics2425laptop7/robotdesign - team10/install/object_detect_opencv/bin'
[1.410s] Level 1:colcon.colcon_core.environment:checking '/home/mscrobotics2425laptop7/robotdesign - team10/install/object_detect_opencv/lib/pkgconfig/object_detect_opencv.pc'
[1.411s] Level 1:colcon.colcon_core.environment:checking '/home/mscrobotics2425laptop7/robotdesign - team10/install/object_detect_opencv/lib/python3.10/site-packages'
[1.411s] Level 1:colcon.colcon_core.shell:create_environment_hook('object_detect_opencv', 'pythonpath')
[1.411s] INFO:colcon.colcon_core.shell:Creating environment hook '/home/mscrobotics2425laptop7/robotdesign - team10/install/object_detect_opencv/share/object_detect_opencv/hook/pythonpath.ps1'
[1.411s] INFO:colcon.colcon_core.shell:Creating environment descriptor '/home/mscrobotics2425laptop7/robotdesign - team10/install/object_detect_opencv/share/object_detect_opencv/hook/pythonpath.dsv'
[1.412s] INFO:colcon.colcon_core.shell:Creating environment hook '/home/mscrobotics2425laptop7/robotdesign - team10/install/object_detect_opencv/share/object_detect_opencv/hook/pythonpath.sh'
[1.413s] Level 1:colcon.colcon_core.environment:checking '/home/mscrobotics2425laptop7/robotdesign - team10/install/object_detect_opencv/bin'
[1.413s] Level 1:colcon.colcon_core.environment:create_environment_scripts_only(object_detect_opencv)
[1.413s] INFO:colcon.colcon_core.shell:Creating package script '/home/mscrobotics2425laptop7/robotdesign - team10/install/object_detect_opencv/share/object_detect_opencv/package.ps1'
[1.413s] INFO:colcon.colcon_core.shell:Creating package descriptor '/home/mscrobotics2425laptop7/robotdesign - team10/install/object_detect_opencv/share/object_detect_opencv/package.dsv'
[1.414s] INFO:colcon.colcon_core.shell:Creating package script '/home/mscrobotics2425laptop7/robotdesign - team10/install/object_detect_opencv/share/object_detect_opencv/package.sh'
[1.414s] INFO:colcon.colcon_core.shell:Creating package script '/home/mscrobotics2425laptop7/robotdesign - team10/install/object_detect_opencv/share/object_detect_opencv/package.bash'
[1.414s] INFO:colcon.colcon_core.shell:Creating package script '/home/mscrobotics2425laptop7/robotdesign - team10/install/object_detect_opencv/share/object_detect_opencv/package.zsh'
[1.414s] Level 1:colcon.colcon_core.environment:create_file_with_runtime_dependencies(/home/mscrobotics2425laptop7/robotdesign - team10/install/object_detect_opencv/share/colcon-core/packages/object_detect_opencv)
[1.414s] DEBUG:colcon.colcon_parallel_executor.executor.parallel:closing loop
[1.414s] DEBUG:colcon.colcon_parallel_executor.executor.parallel:loop closed
[1.415s] DEBUG:colcon.colcon_parallel_executor.executor.parallel:run_until_complete finished with '0'
[1.415s] DEBUG:colcon.colcon_core.event_reactor:joining thread
[1.418s] INFO:colcon.colcon_core.plugin_system:Skipping extension 'colcon_notification.desktop_notification.terminal_notifier': Not used on non-Darwin systems
[1.418s] INFO:colcon.colcon_core.plugin_system:Skipping extension 'colcon_notification.desktop_notification.win32': Not used on non-Windows systems
[1.418s] INFO:colcon.colcon_notification.desktop_notification:Sending desktop notification using 'notify2'
[1.429s] DEBUG:colcon.colcon_core.event_reactor:joined thread
[1.429s] INFO:colcon.colcon_core.shell:Creating prefix script '/home/mscrobotics2425laptop7/robotdesign - team10/install/local_setup.ps1'
[1.431s] INFO:colcon.colcon_core.shell:Creating prefix util module '/home/mscrobotics2425laptop7/robotdesign - team10/install/_local_setup_util_ps1.py'
[1.432s] INFO:colcon.colcon_core.shell:Creating prefix chain script '/home/mscrobotics2425laptop7/robotdesign - team10/install/setup.ps1'
[1.433s] INFO:colcon.colcon_core.shell:Creating prefix script '/home/mscrobotics2425laptop7/robotdesign - team10/install/local_setup.sh'
[1.434s] INFO:colcon.colcon_core.shell:Creating prefix util module '/home/mscrobotics2425laptop7/robotdesign - team10/install/_local_setup_util_sh.py'
[1.434s] INFO:colcon.colcon_core.shell:Creating prefix chain script '/home/mscrobotics2425laptop7/robotdesign - team10/install/setup.sh'
[1.435s] INFO:colcon.colcon_core.shell:Creating prefix script '/home/mscrobotics2425laptop7/robotdesign - team10/install/local_setup.bash'
[1.436s] INFO:colcon.colcon_core.shell:Creating prefix chain script '/home/mscrobotics2425laptop7/robotdesign - team10/install/setup.bash'
[1.437s] INFO:colcon.colcon_core.shell:Creating prefix script '/home/mscrobotics2425laptop7/robotdesign - team10/install/local_setup.zsh'
[1.437s] INFO:colcon.colcon_core.shell:Creating prefix chain script '/home/mscrobotics2425laptop7/robotdesign - team10/install/setup.zsh'
