[0.163s] DEBUG:colcon:Command line arguments: ['/usr/bin/colcon', 'build']
[0.163s] DEBUG:colcon:Parsed command line arguments: Namespace(log_base=None, log_level=None, verb_name='build', build_base='build', install_base='install', merge_install=False, symlink_install=False, test_result_base=None, continue_on_error=False, executor='parallel', parallel_workers=12, event_handlers=None, ignore_user_meta=False, metas=['./colcon.meta'], base_paths=['.'], packages_ignore=None, packages_ignore_regex=None, paths=None, packages_up_to=None, packages_up_to_regex=None, packages_above=None, packages_above_and_dependencies=None, packages_above_depth=None, packages_select_by_dep=None, packages_skip_by_dep=None, packages_skip_up_to=None, packages_select_build_failed=False, packages_skip_build_finished=False, packages_select_test_failures=False, packages_skip_test_passed=False, packages_select=None, packages_skip=None, packages_select_regex=None, packages_skip_regex=None, packages_start=None, packages_end=None, allow_overriding=[], cmake_args=None, cmake_target=None, cmake_target_skip_unavailable=False, cmake_clean_cache=False, cmake_clean_first=False, cmake_force_configure=False, ament_cmake_args=None, catkin_cmake_args=None, catkin_skip_building_tests=False, mixin_files=None, mixin=None, verb_parser=<colcon_mixin.mixin.mixin_argument.MixinArgumentDecorator object at 0x7946bcf36560>, verb_extension=<colcon_core.verb.build.BuildVerb object at 0x7946bd097b20>, main=<bound method BuildVerb.main of <colcon_core.verb.build.BuildVerb object at 0x7946bd097b20>>, mixin_verb=('build',))
[0.419s] Level 1:colcon.colcon_core.package_discovery:discover_packages(colcon_meta) check parameters
[0.420s] Level 1:colcon.colcon_core.package_discovery:discover_packages(recursive) check parameters
[0.420s] Level 1:colcon.colcon_core.package_discovery:discover_packages(ignore) check parameters
[0.420s] Level 1:colcon.colcon_core.package_discovery:discover_packages(path) check parameters
[0.420s] Level 1:colcon.colcon_core.package_discovery:discover_packages(colcon_meta) discover
[0.420s] Level 1:colcon.colcon_core.package_discovery:discover_packages(recursive) discover
[0.420s] INFO:colcon.colcon_core.package_discovery:Crawling recursively for packages in '/home/mscrobotics2425laptop27/Documents/University/robotic_systems_design_project/RoboticDesign---Team-10/manipulator_work/manipulator_ros2_workspace'
[0.420s] Level 1:colcon.colcon_core.package_identification:_identify(.) by extensions ['ignore', 'ignore_ament_install']
[0.420s] Level 1:colcon.colcon_core.package_identification:_identify(.) by extension 'ignore'
[0.420s] Level 1:colcon.colcon_core.package_identification:_identify(.) by extension 'ignore_ament_install'
[0.420s] Level 1:colcon.colcon_core.package_identification:_identify(.) by extensions ['colcon_pkg']
[0.420s] Level 1:colcon.colcon_core.package_identification:_identify(.) by extension 'colcon_pkg'
[0.420s] Level 1:colcon.colcon_core.package_identification:_identify(.) by extensions ['colcon_meta']
[0.420s] Level 1:colcon.colcon_core.package_identification:_identify(.) by extension 'colcon_meta'
[0.420s] Level 1:colcon.colcon_core.package_identification:_identify(.) by extensions ['ros']
[0.420s] Level 1:colcon.colcon_core.package_identification:_identify(.) by extension 'ros'
[0.440s] Level 1:colcon.colcon_core.package_identification:_identify(.) by extensions ['cmake', 'python']
[0.440s] Level 1:colcon.colcon_core.package_identification:_identify(.) by extension 'cmake'
[0.440s] Level 1:colcon.colcon_core.package_identification:_identify(.) by extension 'python'
[0.440s] Level 1:colcon.colcon_core.package_identification:_identify(.) by extensions ['python_setup_py']
[0.440s] Level 1:colcon.colcon_core.package_identification:_identify(.) by extension 'python_setup_py'
[0.440s] Level 1:colcon.colcon_core.package_identification:_identify(build) by extensions ['ignore', 'ignore_ament_install']
[0.440s] Level 1:colcon.colcon_core.package_identification:_identify(build) by extension 'ignore'
[0.440s] Level 1:colcon.colcon_core.package_identification:_identify(build) ignored
[0.440s] Level 1:colcon.colcon_core.package_identification:_identify(install) by extensions ['ignore', 'ignore_ament_install']
[0.440s] Level 1:colcon.colcon_core.package_identification:_identify(install) by extension 'ignore'
[0.440s] Level 1:colcon.colcon_core.package_identification:_identify(install) ignored
[0.441s] Level 1:colcon.colcon_core.package_identification:_identify(log) by extensions ['ignore', 'ignore_ament_install']
[0.441s] Level 1:colcon.colcon_core.package_identification:_identify(log) by extension 'ignore'
[0.441s] Level 1:colcon.colcon_core.package_identification:_identify(log) ignored
[0.441s] Level 1:colcon.colcon_core.package_identification:_identify(src) by extensions ['ignore', 'ignore_ament_install']
[0.441s] Level 1:colcon.colcon_core.package_identification:_identify(src) by extension 'ignore'
[0.441s] Level 1:colcon.colcon_core.package_identification:_identify(src) by extension 'ignore_ament_install'
[0.441s] Level 1:colcon.colcon_core.package_identification:_identify(src) by extensions ['colcon_pkg']
[0.441s] Level 1:colcon.colcon_core.package_identification:_identify(src) by extension 'colcon_pkg'
[0.441s] Level 1:colcon.colcon_core.package_identification:_identify(src) by extensions ['colcon_meta']
[0.441s] Level 1:colcon.colcon_core.package_identification:_identify(src) by extension 'colcon_meta'
[0.441s] Level 1:colcon.colcon_core.package_identification:_identify(src) by extensions ['ros']
[0.441s] Level 1:colcon.colcon_core.package_identification:_identify(src) by extension 'ros'
[0.441s] Level 1:colcon.colcon_core.package_identification:_identify(src) by extensions ['cmake', 'python']
[0.441s] Level 1:colcon.colcon_core.package_identification:_identify(src) by extension 'cmake'
[0.441s] Level 1:colcon.colcon_core.package_identification:_identify(src) by extension 'python'
[0.441s] Level 1:colcon.colcon_core.package_identification:_identify(src) by extensions ['python_setup_py']
[0.441s] Level 1:colcon.colcon_core.package_identification:_identify(src) by extension 'python_setup_py'
[0.441s] Level 1:colcon.colcon_core.package_identification:_identify(src/px150_move_group_commander) by extensions ['ignore', 'ignore_ament_install']
[0.441s] Level 1:colcon.colcon_core.package_identification:_identify(src/px150_move_group_commander) by extension 'ignore'
[0.441s] Level 1:colcon.colcon_core.package_identification:_identify(src/px150_move_group_commander) by extension 'ignore_ament_install'
[0.442s] Level 1:colcon.colcon_core.package_identification:_identify(src/px150_move_group_commander) by extensions ['colcon_pkg']
[0.442s] Level 1:colcon.colcon_core.package_identification:_identify(src/px150_move_group_commander) by extension 'colcon_pkg'
[0.442s] Level 1:colcon.colcon_core.package_identification:_identify(src/px150_move_group_commander) by extensions ['colcon_meta']
[0.442s] Level 1:colcon.colcon_core.package_identification:_identify(src/px150_move_group_commander) by extension 'colcon_meta'
[0.442s] Level 1:colcon.colcon_core.package_identification:_identify(src/px150_move_group_commander) by extensions ['ros']
[0.442s] Level 1:colcon.colcon_core.package_identification:_identify(src/px150_move_group_commander) by extension 'ros'
[0.445s] DEBUG:colcon.colcon_core.package_identification:Package 'src/px150_move_group_commander' with type 'ros.ament_cmake' and name 'px150_move_group_commander'
[0.445s] Level 1:colcon.colcon_core.package_identification:_identify(src/px150_moveit2_config) by extensions ['ignore', 'ignore_ament_install']
[0.445s] Level 1:colcon.colcon_core.package_identification:_identify(src/px150_moveit2_config) by extension 'ignore'
[0.446s] Level 1:colcon.colcon_core.package_identification:_identify(src/px150_moveit2_config) by extension 'ignore_ament_install'
[0.446s] Level 1:colcon.colcon_core.package_identification:_identify(src/px150_moveit2_config) by extensions ['colcon_pkg']
[0.446s] Level 1:colcon.colcon_core.package_identification:_identify(src/px150_moveit2_config) by extension 'colcon_pkg'
[0.446s] Level 1:colcon.colcon_core.package_identification:_identify(src/px150_moveit2_config) by extensions ['colcon_meta']
[0.446s] Level 1:colcon.colcon_core.package_identification:_identify(src/px150_moveit2_config) by extension 'colcon_meta'
[0.446s] Level 1:colcon.colcon_core.package_identification:_identify(src/px150_moveit2_config) by extensions ['ros']
[0.446s] Level 1:colcon.colcon_core.package_identification:_identify(src/px150_moveit2_config) by extension 'ros'
[0.447s] DEBUG:colcon.colcon_core.package_identification:Package 'src/px150_moveit2_config' with type 'ros.ament_cmake' and name 'px150_moveit2_config'
[0.447s] Level 1:colcon.colcon_core.package_discovery:discover_packages(recursive) using defaults
[0.447s] Level 1:colcon.colcon_core.package_discovery:discover_packages(ignore) discover
[0.447s] Level 1:colcon.colcon_core.package_discovery:discover_packages(ignore) using defaults
[0.447s] Level 1:colcon.colcon_core.package_discovery:discover_packages(path) discover
[0.447s] Level 1:colcon.colcon_core.package_discovery:discover_packages(path) using defaults
[0.470s] Level 1:colcon.colcon_core.package_discovery:discover_packages(prefix_path) check parameters
[0.470s] Level 1:colcon.colcon_core.package_discovery:discover_packages(prefix_path) discover
[0.475s] DEBUG:colcon.colcon_installed_package_information.package_discovery:Found 34 installed packages in /home/mscrobotics2425laptop27/interbotix_ws/install
[0.475s] DEBUG:colcon.colcon_installed_package_information.package_discovery:Found 10 installed packages in /home/mscrobotics2425laptop27/Documents/University/robotic_systems_design_project/RoboticDesign---Team-10/manipulator_work/manipulator_ros2_workspace/install
[0.479s] DEBUG:colcon.colcon_installed_package_information.package_discovery:Found 55 installed packages in /home/mscrobotics2425laptop27/ws_moveit2/install
[0.481s] DEBUG:colcon.colcon_installed_package_information.package_discovery:Found 1 installed packages in /home/mscrobotics2425laptop27/apriltag_ws/install
[0.483s] DEBUG:colcon.colcon_installed_package_information.package_discovery:Found 373 installed packages in /opt/ros/humble
[0.487s] Level 1:colcon.colcon_core.package_discovery:discover_packages(prefix_path) using defaults
[0.556s] Level 5:colcon.colcon_core.verb:set package 'px150_move_group_commander' build argument 'cmake_args' from command line to 'None'
[0.556s] Level 5:colcon.colcon_core.verb:set package 'px150_move_group_commander' build argument 'cmake_target' from command line to 'None'
[0.556s] Level 5:colcon.colcon_core.verb:set package 'px150_move_group_commander' build argument 'cmake_target_skip_unavailable' from command line to 'False'
[0.556s] Level 5:colcon.colcon_core.verb:set package 'px150_move_group_commander' build argument 'cmake_clean_cache' from command line to 'False'
[0.556s] Level 5:colcon.colcon_core.verb:set package 'px150_move_group_commander' build argument 'cmake_clean_first' from command line to 'False'
[0.556s] Level 5:colcon.colcon_core.verb:set package 'px150_move_group_commander' build argument 'cmake_force_configure' from command line to 'False'
[0.556s] Level 5:colcon.colcon_core.verb:set package 'px150_move_group_commander' build argument 'ament_cmake_args' from command line to 'None'
[0.556s] Level 5:colcon.colcon_core.verb:set package 'px150_move_group_commander' build argument 'catkin_cmake_args' from command line to 'None'
[0.556s] Level 5:colcon.colcon_core.verb:set package 'px150_move_group_commander' build argument 'catkin_skip_building_tests' from command line to 'False'
[0.556s] DEBUG:colcon.colcon_core.verb:Building package 'px150_move_group_commander' with the following arguments: {'ament_cmake_args': None, 'build_base': '/home/mscrobotics2425laptop27/Documents/University/robotic_systems_design_project/RoboticDesign---Team-10/manipulator_work/manipulator_ros2_workspace/build/px150_move_group_commander', 'catkin_cmake_args': None, 'catkin_skip_building_tests': False, 'cmake_args': None, 'cmake_clean_cache': False, 'cmake_clean_first': False, 'cmake_force_configure': False, 'cmake_target': None, 'cmake_target_skip_unavailable': False, 'install_base': '/home/mscrobotics2425laptop27/Documents/University/robotic_systems_design_project/RoboticDesign---Team-10/manipulator_work/manipulator_ros2_workspace/install/px150_move_group_commander', 'merge_install': False, 'path': '/home/mscrobotics2425laptop27/Documents/University/robotic_systems_design_project/RoboticDesign---Team-10/manipulator_work/manipulator_ros2_workspace/src/px150_move_group_commander', 'symlink_install': False, 'test_result_base': None}
[0.557s] Level 5:colcon.colcon_core.verb:set package 'px150_moveit2_config' build argument 'cmake_args' from command line to 'None'
[0.557s] Level 5:colcon.colcon_core.verb:set package 'px150_moveit2_config' build argument 'cmake_target' from command line to 'None'
[0.557s] Level 5:colcon.colcon_core.verb:set package 'px150_moveit2_config' build argument 'cmake_target_skip_unavailable' from command line to 'False'
[0.557s] Level 5:colcon.colcon_core.verb:set package 'px150_moveit2_config' build argument 'cmake_clean_cache' from command line to 'False'
[0.557s] Level 5:colcon.colcon_core.verb:set package 'px150_moveit2_config' build argument 'cmake_clean_first' from command line to 'False'
[0.557s] Level 5:colcon.colcon_core.verb:set package 'px150_moveit2_config' build argument 'cmake_force_configure' from command line to 'False'
[0.557s] Level 5:colcon.colcon_core.verb:set package 'px150_moveit2_config' build argument 'ament_cmake_args' from command line to 'None'
[0.557s] Level 5:colcon.colcon_core.verb:set package 'px150_moveit2_config' build argument 'catkin_cmake_args' from command line to 'None'
[0.557s] Level 5:colcon.colcon_core.verb:set package 'px150_moveit2_config' build argument 'catkin_skip_building_tests' from command line to 'False'
[0.557s] DEBUG:colcon.colcon_core.verb:Building package 'px150_moveit2_config' with the following arguments: {'ament_cmake_args': None, 'build_base': '/home/mscrobotics2425laptop27/Documents/University/robotic_systems_design_project/RoboticDesign---Team-10/manipulator_work/manipulator_ros2_workspace/build/px150_moveit2_config', 'catkin_cmake_args': None, 'catkin_skip_building_tests': False, 'cmake_args': None, 'cmake_clean_cache': False, 'cmake_clean_first': False, 'cmake_force_configure': False, 'cmake_target': None, 'cmake_target_skip_unavailable': False, 'install_base': '/home/mscrobotics2425laptop27/Documents/University/robotic_systems_design_project/RoboticDesign---Team-10/manipulator_work/manipulator_ros2_workspace/install/px150_moveit2_config', 'merge_install': False, 'path': '/home/mscrobotics2425laptop27/Documents/University/robotic_systems_design_project/RoboticDesign---Team-10/manipulator_work/manipulator_ros2_workspace/src/px150_moveit2_config', 'symlink_install': False, 'test_result_base': None}
[0.558s] INFO:colcon.colcon_core.executor:Executing jobs using 'parallel' executor
[0.560s] DEBUG:colcon.colcon_parallel_executor.executor.parallel:run_until_complete
[0.560s] INFO:colcon.colcon_ros.task.ament_cmake.build:Building ROS package in '/home/mscrobotics2425laptop27/Documents/University/robotic_systems_design_project/RoboticDesign---Team-10/manipulator_work/manipulator_ros2_workspace/src/px150_move_group_commander' with build type 'ament_cmake'
[0.561s] INFO:colcon.colcon_cmake.task.cmake.build:Building CMake package in '/home/mscrobotics2425laptop27/Documents/University/robotic_systems_design_project/RoboticDesign---Team-10/manipulator_work/manipulator_ros2_workspace/src/px150_move_group_commander'
[0.568s] INFO:colcon.colcon_core.plugin_system:Skipping extension 'colcon_core.shell.bat': Not used on non-Windows systems
[0.569s] INFO:colcon.colcon_core.shell:Skip shell extension 'powershell' for command environment: Not usable outside of PowerShell
[0.569s] DEBUG:colcon.colcon_core.shell:Skip shell extension 'dsv' for command environment
[0.598s] INFO:colcon.colcon_ros.task.ament_cmake.build:Building ROS package in '/home/mscrobotics2425laptop27/Documents/University/robotic_systems_design_project/RoboticDesign---Team-10/manipulator_work/manipulator_ros2_workspace/src/px150_moveit2_config' with build type 'ament_cmake'
[0.599s] INFO:colcon.colcon_cmake.task.cmake.build:Building CMake package in '/home/mscrobotics2425laptop27/Documents/University/robotic_systems_design_project/RoboticDesign---Team-10/manipulator_work/manipulator_ros2_workspace/src/px150_moveit2_config'
[0.600s] INFO:colcon.colcon_core.shell:Skip shell extension 'powershell' for command environment: Not usable outside of PowerShell
[0.602s] DEBUG:colcon.colcon_core.shell:Skip shell extension 'dsv' for command environment
[0.654s] DEBUG:colcon.colcon_core.event_handler.log_command:Invoking command in '/home/mscrobotics2425laptop27/Documents/University/robotic_systems_design_project/RoboticDesign---Team-10/manipulator_work/manipulator_ros2_workspace/build/px150_move_group_commander': CMAKE_PREFIX_PATH=${CMAKE_PREFIX_PATH}:/home/mscrobotics2425laptop27/interbotix_ws/install/interbotix_xs_modules:/home/mscrobotics2425laptop27/interbotix_ws/install/interbotix_perception_modules:/home/mscrobotics2425laptop27/interbotix_ws/install/interbotix_common_modules:/home/mscrobotics2425laptop27/Documents/University/robotic_systems_design_project/RoboticDesign---Team-10/manipulator_work/manipulator_ros2_workspace/install/manipulator_package:/home/mscrobotics2425laptop27/ws_moveit2/install/moveit_configs_utils:/home/mscrobotics2425laptop27/ws_moveit2/install/launch_param_builder:/opt/ros/humble /usr/bin/cmake --build /home/mscrobotics2425laptop27/Documents/University/robotic_systems_design_project/RoboticDesign---Team-10/manipulator_work/manipulator_ros2_workspace/build/px150_move_group_commander -- -j12 -l12
[0.678s] DEBUG:colcon.colcon_core.event_handler.log_command:Invoking command in '/home/mscrobotics2425laptop27/Documents/University/robotic_systems_design_project/RoboticDesign---Team-10/manipulator_work/manipulator_ros2_workspace/build/px150_moveit2_config': CMAKE_PREFIX_PATH=${CMAKE_PREFIX_PATH}:/home/mscrobotics2425laptop27/interbotix_ws/install/interbotix_xs_modules:/home/mscrobotics2425laptop27/interbotix_ws/install/interbotix_perception_modules:/home/mscrobotics2425laptop27/interbotix_ws/install/interbotix_common_modules:/home/mscrobotics2425laptop27/Documents/University/robotic_systems_design_project/RoboticDesign---Team-10/manipulator_work/manipulator_ros2_workspace/install/manipulator_package:/home/mscrobotics2425laptop27/ws_moveit2/install/moveit_configs_utils:/home/mscrobotics2425laptop27/ws_moveit2/install/launch_param_builder:/opt/ros/humble /usr/bin/cmake --build /home/mscrobotics2425laptop27/Documents/University/robotic_systems_design_project/RoboticDesign---Team-10/manipulator_work/manipulator_ros2_workspace/build/px150_moveit2_config -- -j12 -l12
[0.732s] DEBUG:colcon.colcon_core.event_handler.log_command:Invoked command in '/home/mscrobotics2425laptop27/Documents/University/robotic_systems_design_project/RoboticDesign---Team-10/manipulator_work/manipulator_ros2_workspace/build/px150_moveit2_config' returned '0': CMAKE_PREFIX_PATH=${CMAKE_PREFIX_PATH}:/home/mscrobotics2425laptop27/interbotix_ws/install/interbotix_xs_modules:/home/mscrobotics2425laptop27/interbotix_ws/install/interbotix_perception_modules:/home/mscrobotics2425laptop27/interbotix_ws/install/interbotix_common_modules:/home/mscrobotics2425laptop27/Documents/University/robotic_systems_design_project/RoboticDesign---Team-10/manipulator_work/manipulator_ros2_workspace/install/manipulator_package:/home/mscrobotics2425laptop27/ws_moveit2/install/moveit_configs_utils:/home/mscrobotics2425laptop27/ws_moveit2/install/launch_param_builder:/opt/ros/humble /usr/bin/cmake --build /home/mscrobotics2425laptop27/Documents/University/robotic_systems_design_project/RoboticDesign---Team-10/manipulator_work/manipulator_ros2_workspace/build/px150_moveit2_config -- -j12 -l12
[0.753s] DEBUG:colcon.colcon_core.event_handler.log_command:Invoking command in '/home/mscrobotics2425laptop27/Documents/University/robotic_systems_design_project/RoboticDesign---Team-10/manipulator_work/manipulator_ros2_workspace/build/px150_moveit2_config': CMAKE_PREFIX_PATH=${CMAKE_PREFIX_PATH}:/home/mscrobotics2425laptop27/interbotix_ws/install/interbotix_xs_modules:/home/mscrobotics2425laptop27/interbotix_ws/install/interbotix_perception_modules:/home/mscrobotics2425laptop27/interbotix_ws/install/interbotix_common_modules:/home/mscrobotics2425laptop27/Documents/University/robotic_systems_design_project/RoboticDesign---Team-10/manipulator_work/manipulator_ros2_workspace/install/manipulator_package:/home/mscrobotics2425laptop27/ws_moveit2/install/moveit_configs_utils:/home/mscrobotics2425laptop27/ws_moveit2/install/launch_param_builder:/opt/ros/humble /usr/bin/cmake --install /home/mscrobotics2425laptop27/Documents/University/robotic_systems_design_project/RoboticDesign---Team-10/manipulator_work/manipulator_ros2_workspace/build/px150_moveit2_config
[0.776s] Level 1:colcon.colcon_core.environment:create_environment_scripts_only(px150_moveit2_config)
[0.794s] DEBUG:colcon.colcon_core.event_handler.log_command:Invoked command in '/home/mscrobotics2425laptop27/Documents/University/robotic_systems_design_project/RoboticDesign---Team-10/manipulator_work/manipulator_ros2_workspace/build/px150_moveit2_config' returned '0': CMAKE_PREFIX_PATH=${CMAKE_PREFIX_PATH}:/home/mscrobotics2425laptop27/interbotix_ws/install/interbotix_xs_modules:/home/mscrobotics2425laptop27/interbotix_ws/install/interbotix_perception_modules:/home/mscrobotics2425laptop27/interbotix_ws/install/interbotix_common_modules:/home/mscrobotics2425laptop27/Documents/University/robotic_systems_design_project/RoboticDesign---Team-10/manipulator_work/manipulator_ros2_workspace/install/manipulator_package:/home/mscrobotics2425laptop27/ws_moveit2/install/moveit_configs_utils:/home/mscrobotics2425laptop27/ws_moveit2/install/launch_param_builder:/opt/ros/humble /usr/bin/cmake --install /home/mscrobotics2425laptop27/Documents/University/robotic_systems_design_project/RoboticDesign---Team-10/manipulator_work/manipulator_ros2_workspace/build/px150_moveit2_config
[0.795s] Level 1:colcon.colcon_core.environment:checking '/home/mscrobotics2425laptop27/Documents/University/robotic_systems_design_project/RoboticDesign---Team-10/manipulator_work/manipulator_ros2_workspace/install/px150_moveit2_config' for CMake module files
[0.796s] Level 1:colcon.colcon_core.environment:checking '/home/mscrobotics2425laptop27/Documents/University/robotic_systems_design_project/RoboticDesign---Team-10/manipulator_work/manipulator_ros2_workspace/install/px150_moveit2_config' for CMake config files
[0.797s] Level 1:colcon.colcon_core.shell:create_environment_hook('px150_moveit2_config', 'cmake_prefix_path')
[0.798s] INFO:colcon.colcon_core.shell:Creating environment hook '/home/mscrobotics2425laptop27/Documents/University/robotic_systems_design_project/RoboticDesign---Team-10/manipulator_work/manipulator_ros2_workspace/install/px150_moveit2_config/share/px150_moveit2_config/hook/cmake_prefix_path.ps1'
[0.801s] INFO:colcon.colcon_core.shell:Creating environment descriptor '/home/mscrobotics2425laptop27/Documents/University/robotic_systems_design_project/RoboticDesign---Team-10/manipulator_work/manipulator_ros2_workspace/install/px150_moveit2_config/share/px150_moveit2_config/hook/cmake_prefix_path.dsv'
[0.803s] INFO:colcon.colcon_core.shell:Creating environment hook '/home/mscrobotics2425laptop27/Documents/University/robotic_systems_design_project/RoboticDesign---Team-10/manipulator_work/manipulator_ros2_workspace/install/px150_moveit2_config/share/px150_moveit2_config/hook/cmake_prefix_path.sh'
[0.807s] Level 1:colcon.colcon_core.environment:checking '/home/mscrobotics2425laptop27/Documents/University/robotic_systems_design_project/RoboticDesign---Team-10/manipulator_work/manipulator_ros2_workspace/install/px150_moveit2_config/bin'
[0.807s] Level 1:colcon.colcon_core.environment:checking '/home/mscrobotics2425laptop27/Documents/University/robotic_systems_design_project/RoboticDesign---Team-10/manipulator_work/manipulator_ros2_workspace/install/px150_moveit2_config/lib/pkgconfig/px150_moveit2_config.pc'
[0.808s] Level 1:colcon.colcon_core.environment:checking '/home/mscrobotics2425laptop27/Documents/University/robotic_systems_design_project/RoboticDesign---Team-10/manipulator_work/manipulator_ros2_workspace/install/px150_moveit2_config/lib/python3.10/site-packages'
[0.809s] Level 1:colcon.colcon_core.environment:checking '/home/mscrobotics2425laptop27/Documents/University/robotic_systems_design_project/RoboticDesign---Team-10/manipulator_work/manipulator_ros2_workspace/install/px150_moveit2_config/bin'
[0.810s] INFO:colcon.colcon_core.shell:Creating package script '/home/mscrobotics2425laptop27/Documents/University/robotic_systems_design_project/RoboticDesign---Team-10/manipulator_work/manipulator_ros2_workspace/install/px150_moveit2_config/share/px150_moveit2_config/package.ps1'
[0.813s] INFO:colcon.colcon_core.shell:Creating package descriptor '/home/mscrobotics2425laptop27/Documents/University/robotic_systems_design_project/RoboticDesign---Team-10/manipulator_work/manipulator_ros2_workspace/install/px150_moveit2_config/share/px150_moveit2_config/package.dsv'
[0.816s] INFO:colcon.colcon_core.shell:Creating package script '/home/mscrobotics2425laptop27/Documents/University/robotic_systems_design_project/RoboticDesign---Team-10/manipulator_work/manipulator_ros2_workspace/install/px150_moveit2_config/share/px150_moveit2_config/package.sh'
[0.819s] INFO:colcon.colcon_core.shell:Creating package script '/home/mscrobotics2425laptop27/Documents/University/robotic_systems_design_project/RoboticDesign---Team-10/manipulator_work/manipulator_ros2_workspace/install/px150_moveit2_config/share/px150_moveit2_config/package.bash'
[0.822s] INFO:colcon.colcon_core.shell:Creating package script '/home/mscrobotics2425laptop27/Documents/University/robotic_systems_design_project/RoboticDesign---Team-10/manipulator_work/manipulator_ros2_workspace/install/px150_moveit2_config/share/px150_moveit2_config/package.zsh'
[0.824s] Level 1:colcon.colcon_core.environment:create_file_with_runtime_dependencies(/home/mscrobotics2425laptop27/Documents/University/robotic_systems_design_project/RoboticDesign---Team-10/manipulator_work/manipulator_ros2_workspace/install/px150_moveit2_config/share/colcon-core/packages/px150_moveit2_config)
[0.825s] Level 1:colcon.colcon_core.environment:create_environment_scripts_only(px150_moveit2_config)
[0.826s] Level 1:colcon.colcon_core.environment:checking '/home/mscrobotics2425laptop27/Documents/University/robotic_systems_design_project/RoboticDesign---Team-10/manipulator_work/manipulator_ros2_workspace/install/px150_moveit2_config' for CMake module files
[0.827s] Level 1:colcon.colcon_core.environment:checking '/home/mscrobotics2425laptop27/Documents/University/robotic_systems_design_project/RoboticDesign---Team-10/manipulator_work/manipulator_ros2_workspace/install/px150_moveit2_config' for CMake config files
[0.828s] Level 1:colcon.colcon_core.shell:create_environment_hook('px150_moveit2_config', 'cmake_prefix_path')
[0.828s] INFO:colcon.colcon_core.shell:Creating environment hook '/home/mscrobotics2425laptop27/Documents/University/robotic_systems_design_project/RoboticDesign---Team-10/manipulator_work/manipulator_ros2_workspace/install/px150_moveit2_config/share/px150_moveit2_config/hook/cmake_prefix_path.ps1'
[0.829s] INFO:colcon.colcon_core.shell:Creating environment descriptor '/home/mscrobotics2425laptop27/Documents/University/robotic_systems_design_project/RoboticDesign---Team-10/manipulator_work/manipulator_ros2_workspace/install/px150_moveit2_config/share/px150_moveit2_config/hook/cmake_prefix_path.dsv'
[0.830s] INFO:colcon.colcon_core.shell:Creating environment hook '/home/mscrobotics2425laptop27/Documents/University/robotic_systems_design_project/RoboticDesign---Team-10/manipulator_work/manipulator_ros2_workspace/install/px150_moveit2_config/share/px150_moveit2_config/hook/cmake_prefix_path.sh'
[0.833s] Level 1:colcon.colcon_core.environment:checking '/home/mscrobotics2425laptop27/Documents/University/robotic_systems_design_project/RoboticDesign---Team-10/manipulator_work/manipulator_ros2_workspace/install/px150_moveit2_config/bin'
[0.833s] Level 1:colcon.colcon_core.environment:checking '/home/mscrobotics2425laptop27/Documents/University/robotic_systems_design_project/RoboticDesign---Team-10/manipulator_work/manipulator_ros2_workspace/install/px150_moveit2_config/lib/pkgconfig/px150_moveit2_config.pc'
[0.834s] Level 1:colcon.colcon_core.environment:checking '/home/mscrobotics2425laptop27/Documents/University/robotic_systems_design_project/RoboticDesign---Team-10/manipulator_work/manipulator_ros2_workspace/install/px150_moveit2_config/lib/python3.10/site-packages'
[0.835s] Level 1:colcon.colcon_core.environment:checking '/home/mscrobotics2425laptop27/Documents/University/robotic_systems_design_project/RoboticDesign---Team-10/manipulator_work/manipulator_ros2_workspace/install/px150_moveit2_config/bin'
[0.836s] INFO:colcon.colcon_core.shell:Creating package script '/home/mscrobotics2425laptop27/Documents/University/robotic_systems_design_project/RoboticDesign---Team-10/manipulator_work/manipulator_ros2_workspace/install/px150_moveit2_config/share/px150_moveit2_config/package.ps1'
[0.837s] INFO:colcon.colcon_core.shell:Creating package descriptor '/home/mscrobotics2425laptop27/Documents/University/robotic_systems_design_project/RoboticDesign---Team-10/manipulator_work/manipulator_ros2_workspace/install/px150_moveit2_config/share/px150_moveit2_config/package.dsv'
[0.838s] INFO:colcon.colcon_core.shell:Creating package script '/home/mscrobotics2425laptop27/Documents/University/robotic_systems_design_project/RoboticDesign---Team-10/manipulator_work/manipulator_ros2_workspace/install/px150_moveit2_config/share/px150_moveit2_config/package.sh'
[0.839s] INFO:colcon.colcon_core.shell:Creating package script '/home/mscrobotics2425laptop27/Documents/University/robotic_systems_design_project/RoboticDesign---Team-10/manipulator_work/manipulator_ros2_workspace/install/px150_moveit2_config/share/px150_moveit2_config/package.bash'
[0.840s] INFO:colcon.colcon_core.shell:Creating package script '/home/mscrobotics2425laptop27/Documents/University/robotic_systems_design_project/RoboticDesign---Team-10/manipulator_work/manipulator_ros2_workspace/install/px150_moveit2_config/share/px150_moveit2_config/package.zsh'
[0.841s] Level 1:colcon.colcon_core.environment:create_file_with_runtime_dependencies(/home/mscrobotics2425laptop27/Documents/University/robotic_systems_design_project/RoboticDesign---Team-10/manipulator_work/manipulator_ros2_workspace/install/px150_moveit2_config/share/colcon-core/packages/px150_moveit2_config)
[13.917s] DEBUG:colcon.colcon_core.event_handler.log_command:Invoked command in '/home/mscrobotics2425laptop27/Documents/University/robotic_systems_design_project/RoboticDesign---Team-10/manipulator_work/manipulator_ros2_workspace/build/px150_move_group_commander' returned '2': CMAKE_PREFIX_PATH=${CMAKE_PREFIX_PATH}:/home/mscrobotics2425laptop27/interbotix_ws/install/interbotix_xs_modules:/home/mscrobotics2425laptop27/interbotix_ws/install/interbotix_perception_modules:/home/mscrobotics2425laptop27/interbotix_ws/install/interbotix_common_modules:/home/mscrobotics2425laptop27/Documents/University/robotic_systems_design_project/RoboticDesign---Team-10/manipulator_work/manipulator_ros2_workspace/install/manipulator_package:/home/mscrobotics2425laptop27/ws_moveit2/install/moveit_configs_utils:/home/mscrobotics2425laptop27/ws_moveit2/install/launch_param_builder:/opt/ros/humble /usr/bin/cmake --build /home/mscrobotics2425laptop27/Documents/University/robotic_systems_design_project/RoboticDesign---Team-10/manipulator_work/manipulator_ros2_workspace/build/px150_move_group_commander -- -j12 -l12
[13.918s] Level 1:colcon.colcon_core.environment:create_environment_scripts_only(px150_move_group_commander)
[13.918s] Level 1:colcon.colcon_core.environment:checking '/home/mscrobotics2425laptop27/Documents/University/robotic_systems_design_project/RoboticDesign---Team-10/manipulator_work/manipulator_ros2_workspace/install/px150_move_group_commander' for CMake module files
[13.919s] Level 1:colcon.colcon_core.environment:checking '/home/mscrobotics2425laptop27/Documents/University/robotic_systems_design_project/RoboticDesign---Team-10/manipulator_work/manipulator_ros2_workspace/install/px150_move_group_commander' for CMake config files
[13.920s] Level 1:colcon.colcon_core.shell:create_environment_hook('px150_move_group_commander', 'cmake_prefix_path')
[13.920s] INFO:colcon.colcon_core.shell:Creating environment hook '/home/mscrobotics2425laptop27/Documents/University/robotic_systems_design_project/RoboticDesign---Team-10/manipulator_work/manipulator_ros2_workspace/install/px150_move_group_commander/share/px150_move_group_commander/hook/cmake_prefix_path.ps1'
[13.921s] INFO:colcon.colcon_core.shell:Creating environment descriptor '/home/mscrobotics2425laptop27/Documents/University/robotic_systems_design_project/RoboticDesign---Team-10/manipulator_work/manipulator_ros2_workspace/install/px150_move_group_commander/share/px150_move_group_commander/hook/cmake_prefix_path.dsv'
[13.921s] INFO:colcon.colcon_core.shell:Creating environment hook '/home/mscrobotics2425laptop27/Documents/University/robotic_systems_design_project/RoboticDesign---Team-10/manipulator_work/manipulator_ros2_workspace/install/px150_move_group_commander/share/px150_move_group_commander/hook/cmake_prefix_path.sh'
[13.923s] Level 1:colcon.colcon_core.environment:checking '/home/mscrobotics2425laptop27/Documents/University/robotic_systems_design_project/RoboticDesign---Team-10/manipulator_work/manipulator_ros2_workspace/install/px150_move_group_commander/lib'
[13.924s] Level 1:colcon.colcon_core.environment:checking '/home/mscrobotics2425laptop27/Documents/University/robotic_systems_design_project/RoboticDesign---Team-10/manipulator_work/manipulator_ros2_workspace/install/px150_move_group_commander/bin'
[13.925s] Level 1:colcon.colcon_core.environment:checking '/home/mscrobotics2425laptop27/Documents/University/robotic_systems_design_project/RoboticDesign---Team-10/manipulator_work/manipulator_ros2_workspace/install/px150_move_group_commander/lib/pkgconfig/px150_move_group_commander.pc'
[13.925s] Level 1:colcon.colcon_core.environment:checking '/home/mscrobotics2425laptop27/Documents/University/robotic_systems_design_project/RoboticDesign---Team-10/manipulator_work/manipulator_ros2_workspace/install/px150_move_group_commander/lib/python3.10/site-packages'
[13.926s] Level 1:colcon.colcon_core.environment:checking '/home/mscrobotics2425laptop27/Documents/University/robotic_systems_design_project/RoboticDesign---Team-10/manipulator_work/manipulator_ros2_workspace/install/px150_move_group_commander/bin'
[13.927s] INFO:colcon.colcon_core.shell:Creating package script '/home/mscrobotics2425laptop27/Documents/University/robotic_systems_design_project/RoboticDesign---Team-10/manipulator_work/manipulator_ros2_workspace/install/px150_move_group_commander/share/px150_move_group_commander/package.ps1'
[13.929s] INFO:colcon.colcon_core.shell:Creating package descriptor '/home/mscrobotics2425laptop27/Documents/University/robotic_systems_design_project/RoboticDesign---Team-10/manipulator_work/manipulator_ros2_workspace/install/px150_move_group_commander/share/px150_move_group_commander/package.dsv'
[13.931s] INFO:colcon.colcon_core.shell:Creating package script '/home/mscrobotics2425laptop27/Documents/University/robotic_systems_design_project/RoboticDesign---Team-10/manipulator_work/manipulator_ros2_workspace/install/px150_move_group_commander/share/px150_move_group_commander/package.sh'
[13.933s] INFO:colcon.colcon_core.shell:Creating package script '/home/mscrobotics2425laptop27/Documents/University/robotic_systems_design_project/RoboticDesign---Team-10/manipulator_work/manipulator_ros2_workspace/install/px150_move_group_commander/share/px150_move_group_commander/package.bash'
[13.934s] INFO:colcon.colcon_core.shell:Creating package script '/home/mscrobotics2425laptop27/Documents/University/robotic_systems_design_project/RoboticDesign---Team-10/manipulator_work/manipulator_ros2_workspace/install/px150_move_group_commander/share/px150_move_group_commander/package.zsh'
[13.936s] Level 1:colcon.colcon_core.environment:create_file_with_runtime_dependencies(/home/mscrobotics2425laptop27/Documents/University/robotic_systems_design_project/RoboticDesign---Team-10/manipulator_work/manipulator_ros2_workspace/install/px150_move_group_commander/share/colcon-core/packages/px150_move_group_commander)
[13.948s] DEBUG:colcon.colcon_parallel_executor.executor.parallel:closing loop
[13.949s] DEBUG:colcon.colcon_parallel_executor.executor.parallel:loop closed
[13.949s] DEBUG:colcon.colcon_parallel_executor.executor.parallel:run_until_complete finished with '2'
[13.949s] DEBUG:colcon.colcon_core.event_reactor:joining thread
[13.986s] INFO:colcon.colcon_core.plugin_system:Skipping extension 'colcon_notification.desktop_notification.terminal_notifier': Not used on non-Darwin systems
[13.986s] INFO:colcon.colcon_core.plugin_system:Skipping extension 'colcon_notification.desktop_notification.win32': Not used on non-Windows systems
[13.986s] INFO:colcon.colcon_notification.desktop_notification:Sending desktop notification using 'notify2'
[14.008s] DEBUG:colcon.colcon_core.event_reactor:joined thread
[14.009s] INFO:colcon.colcon_core.shell:Creating prefix script '/home/mscrobotics2425laptop27/Documents/University/robotic_systems_design_project/RoboticDesign---Team-10/manipulator_work/manipulator_ros2_workspace/install/local_setup.ps1'
[14.010s] INFO:colcon.colcon_core.shell:Creating prefix util module '/home/mscrobotics2425laptop27/Documents/University/robotic_systems_design_project/RoboticDesign---Team-10/manipulator_work/manipulator_ros2_workspace/install/_local_setup_util_ps1.py'
[14.014s] INFO:colcon.colcon_core.shell:Creating prefix chain script '/home/mscrobotics2425laptop27/Documents/University/robotic_systems_design_project/RoboticDesign---Team-10/manipulator_work/manipulator_ros2_workspace/install/setup.ps1'
[14.024s] INFO:colcon.colcon_core.shell:Creating prefix script '/home/mscrobotics2425laptop27/Documents/University/robotic_systems_design_project/RoboticDesign---Team-10/manipulator_work/manipulator_ros2_workspace/install/local_setup.sh'
[14.026s] INFO:colcon.colcon_core.shell:Creating prefix util module '/home/mscrobotics2425laptop27/Documents/University/robotic_systems_design_project/RoboticDesign---Team-10/manipulator_work/manipulator_ros2_workspace/install/_local_setup_util_sh.py'
[14.027s] INFO:colcon.colcon_core.shell:Creating prefix chain script '/home/mscrobotics2425laptop27/Documents/University/robotic_systems_design_project/RoboticDesign---Team-10/manipulator_work/manipulator_ros2_workspace/install/setup.sh'
[14.034s] INFO:colcon.colcon_core.shell:Creating prefix script '/home/mscrobotics2425laptop27/Documents/University/robotic_systems_design_project/RoboticDesign---Team-10/manipulator_work/manipulator_ros2_workspace/install/local_setup.bash'
[14.035s] INFO:colcon.colcon_core.shell:Creating prefix chain script '/home/mscrobotics2425laptop27/Documents/University/robotic_systems_design_project/RoboticDesign---Team-10/manipulator_work/manipulator_ros2_workspace/install/setup.bash'
[14.040s] INFO:colcon.colcon_core.shell:Creating prefix script '/home/mscrobotics2425laptop27/Documents/University/robotic_systems_design_project/RoboticDesign---Team-10/manipulator_work/manipulator_ros2_workspace/install/local_setup.zsh'
[14.041s] INFO:colcon.colcon_core.shell:Creating prefix chain script '/home/mscrobotics2425laptop27/Documents/University/robotic_systems_design_project/RoboticDesign---Team-10/manipulator_work/manipulator_ros2_workspace/install/setup.zsh'
