[0.199s] DEBUG:colcon:Command line arguments: ['/usr/bin/colcon', 'build']
[0.199s] DEBUG:colcon:Parsed command line arguments: Namespace(log_base=None, log_level=None, verb_name='build', build_base='build', install_base='install', merge_install=False, symlink_install=False, test_result_base=None, continue_on_error=False, executor='parallel', parallel_workers=12, event_handlers=None, ignore_user_meta=False, metas=['./colcon.meta'], base_paths=['.'], packages_ignore=None, packages_ignore_regex=None, paths=None, packages_up_to=None, packages_up_to_regex=None, packages_above=None, packages_above_and_dependencies=None, packages_above_depth=None, packages_select_by_dep=None, packages_skip_by_dep=None, packages_skip_up_to=None, packages_select_build_failed=False, packages_skip_build_finished=False, packages_select_test_failures=False, packages_skip_test_passed=False, packages_select=None, packages_skip=None, packages_select_regex=None, packages_skip_regex=None, packages_start=None, packages_end=None, allow_overriding=[], cmake_args=None, cmake_target=None, cmake_target_skip_unavailable=False, cmake_clean_cache=False, cmake_clean_first=False, cmake_force_configure=False, ament_cmake_args=None, catkin_cmake_args=None, catkin_skip_building_tests=False, mixin_files=None, mixin=None, verb_parser=<colcon_mixin.mixin.mixin_argument.MixinArgumentDecorator object at 0x773e93badd80>, verb_extension=<colcon_core.verb.build.BuildVerb object at 0x773e93cb32b0>, main=<bound method BuildVerb.main of <colcon_core.verb.build.BuildVerb object at 0x773e93cb32b0>>, mixin_verb=('build',))
[0.488s] Level 1:colcon.colcon_core.package_discovery:discover_packages(colcon_meta) check parameters
[0.488s] Level 1:colcon.colcon_core.package_discovery:discover_packages(recursive) check parameters
[0.488s] Level 1:colcon.colcon_core.package_discovery:discover_packages(ignore) check parameters
[0.488s] Level 1:colcon.colcon_core.package_discovery:discover_packages(path) check parameters
[0.488s] Level 1:colcon.colcon_core.package_discovery:discover_packages(colcon_meta) discover
[0.488s] Level 1:colcon.colcon_core.package_discovery:discover_packages(recursive) discover
[0.489s] INFO:colcon.colcon_core.package_discovery:Crawling recursively for packages in '/home/mscrobotics2425laptop27/Documents/University/robotic_systems_design_project/RoboticDesign---Team-10/manipulator_work/manipulator_ros2_workspace'
[0.489s] Level 1:colcon.colcon_core.package_identification:_identify(.) by extensions ['ignore', 'ignore_ament_install']
[0.489s] Level 1:colcon.colcon_core.package_identification:_identify(.) by extension 'ignore'
[0.489s] Level 1:colcon.colcon_core.package_identification:_identify(.) by extension 'ignore_ament_install'
[0.489s] Level 1:colcon.colcon_core.package_identification:_identify(.) by extensions ['colcon_pkg']
[0.489s] Level 1:colcon.colcon_core.package_identification:_identify(.) by extension 'colcon_pkg'
[0.489s] Level 1:colcon.colcon_core.package_identification:_identify(.) by extensions ['colcon_meta']
[0.490s] Level 1:colcon.colcon_core.package_identification:_identify(.) by extension 'colcon_meta'
[0.490s] Level 1:colcon.colcon_core.package_identification:_identify(.) by extensions ['ros']
[0.490s] Level 1:colcon.colcon_core.package_identification:_identify(.) by extension 'ros'
[0.528s] Level 1:colcon.colcon_core.package_identification:_identify(.) by extensions ['cmake', 'python']
[0.528s] Level 1:colcon.colcon_core.package_identification:_identify(.) by extension 'cmake'
[0.528s] Level 1:colcon.colcon_core.package_identification:_identify(.) by extension 'python'
[0.528s] Level 1:colcon.colcon_core.package_identification:_identify(.) by extensions ['python_setup_py']
[0.528s] Level 1:colcon.colcon_core.package_identification:_identify(.) by extension 'python_setup_py'
[0.529s] Level 1:colcon.colcon_core.package_identification:_identify(build) by extensions ['ignore', 'ignore_ament_install']
[0.529s] Level 1:colcon.colcon_core.package_identification:_identify(build) by extension 'ignore'
[0.529s] Level 1:colcon.colcon_core.package_identification:_identify(build) ignored
[0.529s] Level 1:colcon.colcon_core.package_identification:_identify(install) by extensions ['ignore', 'ignore_ament_install']
[0.529s] Level 1:colcon.colcon_core.package_identification:_identify(install) by extension 'ignore'
[0.529s] Level 1:colcon.colcon_core.package_identification:_identify(install) ignored
[0.529s] Level 1:colcon.colcon_core.package_identification:_identify(log) by extensions ['ignore', 'ignore_ament_install']
[0.530s] Level 1:colcon.colcon_core.package_identification:_identify(log) by extension 'ignore'
[0.530s] Level 1:colcon.colcon_core.package_identification:_identify(log) ignored
[0.530s] Level 1:colcon.colcon_core.package_identification:_identify(src) by extensions ['ignore', 'ignore_ament_install']
[0.530s] Level 1:colcon.colcon_core.package_identification:_identify(src) by extension 'ignore'
[0.530s] Level 1:colcon.colcon_core.package_identification:_identify(src) by extension 'ignore_ament_install'
[0.530s] Level 1:colcon.colcon_core.package_identification:_identify(src) by extensions ['colcon_pkg']
[0.530s] Level 1:colcon.colcon_core.package_identification:_identify(src) by extension 'colcon_pkg'
[0.530s] Level 1:colcon.colcon_core.package_identification:_identify(src) by extensions ['colcon_meta']
[0.530s] Level 1:colcon.colcon_core.package_identification:_identify(src) by extension 'colcon_meta'
[0.530s] Level 1:colcon.colcon_core.package_identification:_identify(src) by extensions ['ros']
[0.530s] Level 1:colcon.colcon_core.package_identification:_identify(src) by extension 'ros'
[0.530s] Level 1:colcon.colcon_core.package_identification:_identify(src) by extensions ['cmake', 'python']
[0.530s] Level 1:colcon.colcon_core.package_identification:_identify(src) by extension 'cmake'
[0.530s] Level 1:colcon.colcon_core.package_identification:_identify(src) by extension 'python'
[0.531s] Level 1:colcon.colcon_core.package_identification:_identify(src) by extensions ['python_setup_py']
[0.531s] Level 1:colcon.colcon_core.package_identification:_identify(src) by extension 'python_setup_py'
[0.531s] Level 1:colcon.colcon_core.package_identification:_identify(src/px150_move_group_commander) by extensions ['ignore', 'ignore_ament_install']
[0.531s] Level 1:colcon.colcon_core.package_identification:_identify(src/px150_move_group_commander) by extension 'ignore'
[0.531s] Level 1:colcon.colcon_core.package_identification:_identify(src/px150_move_group_commander) by extension 'ignore_ament_install'
[0.531s] Level 1:colcon.colcon_core.package_identification:_identify(src/px150_move_group_commander) by extensions ['colcon_pkg']
[0.531s] Level 1:colcon.colcon_core.package_identification:_identify(src/px150_move_group_commander) by extension 'colcon_pkg'
[0.531s] Level 1:colcon.colcon_core.package_identification:_identify(src/px150_move_group_commander) by extensions ['colcon_meta']
[0.531s] Level 1:colcon.colcon_core.package_identification:_identify(src/px150_move_group_commander) by extension 'colcon_meta'
[0.531s] Level 1:colcon.colcon_core.package_identification:_identify(src/px150_move_group_commander) by extensions ['ros']
[0.531s] Level 1:colcon.colcon_core.package_identification:_identify(src/px150_move_group_commander) by extension 'ros'
[0.536s] DEBUG:colcon.colcon_core.package_identification:Package 'src/px150_move_group_commander' with type 'ros.ament_cmake' and name 'px150_move_group_commander'
[0.537s] Level 1:colcon.colcon_core.package_identification:_identify(src/px150_moveit2_config) by extensions ['ignore', 'ignore_ament_install']
[0.537s] Level 1:colcon.colcon_core.package_identification:_identify(src/px150_moveit2_config) by extension 'ignore'
[0.537s] Level 1:colcon.colcon_core.package_identification:_identify(src/px150_moveit2_config) by extension 'ignore_ament_install'
[0.537s] Level 1:colcon.colcon_core.package_identification:_identify(src/px150_moveit2_config) by extensions ['colcon_pkg']
[0.537s] Level 1:colcon.colcon_core.package_identification:_identify(src/px150_moveit2_config) by extension 'colcon_pkg'
[0.537s] Level 1:colcon.colcon_core.package_identification:_identify(src/px150_moveit2_config) by extensions ['colcon_meta']
[0.537s] Level 1:colcon.colcon_core.package_identification:_identify(src/px150_moveit2_config) by extension 'colcon_meta'
[0.537s] Level 1:colcon.colcon_core.package_identification:_identify(src/px150_moveit2_config) by extensions ['ros']
[0.537s] Level 1:colcon.colcon_core.package_identification:_identify(src/px150_moveit2_config) by extension 'ros'
[0.539s] DEBUG:colcon.colcon_core.package_identification:Package 'src/px150_moveit2_config' with type 'ros.ament_cmake' and name 'px150_moveit2_config'
[0.539s] Level 1:colcon.colcon_core.package_discovery:discover_packages(recursive) using defaults
[0.539s] Level 1:colcon.colcon_core.package_discovery:discover_packages(ignore) discover
[0.539s] Level 1:colcon.colcon_core.package_discovery:discover_packages(ignore) using defaults
[0.539s] Level 1:colcon.colcon_core.package_discovery:discover_packages(path) discover
[0.539s] Level 1:colcon.colcon_core.package_discovery:discover_packages(path) using defaults
[0.578s] Level 1:colcon.colcon_core.package_discovery:discover_packages(prefix_path) check parameters
[0.578s] Level 1:colcon.colcon_core.package_discovery:discover_packages(prefix_path) discover
[0.584s] DEBUG:colcon.colcon_installed_package_information.package_discovery:Found 2 installed packages in /home/mscrobotics2425laptop27/Documents/University/robotic_systems_design_project/RoboticDesign---Team-10/manipulator_work/manipulator_ros2_workspace/install
[0.586s] DEBUG:colcon.colcon_installed_package_information.package_discovery:Found 34 installed packages in /home/mscrobotics2425laptop27/interbotix_ws/install
[0.589s] DEBUG:colcon.colcon_installed_package_information.package_discovery:Found 59 installed packages in /home/mscrobotics2425laptop27/ws_moveit2/install
[0.590s] DEBUG:colcon.colcon_installed_package_information.package_discovery:Found 3 installed packages in /home/mscrobotics2425laptop27/trac_ik/install
[0.591s] DEBUG:colcon.colcon_installed_package_information.package_discovery:Found 1 installed packages in /home/mscrobotics2425laptop27/apriltag_ws/install
[0.594s] DEBUG:colcon.colcon_installed_package_information.package_discovery:Found 373 installed packages in /opt/ros/humble
[0.599s] Level 1:colcon.colcon_core.package_discovery:discover_packages(prefix_path) using defaults
[0.681s] Level 5:colcon.colcon_core.verb:set package 'px150_move_group_commander' build argument 'cmake_args' from command line to 'None'
[0.681s] Level 5:colcon.colcon_core.verb:set package 'px150_move_group_commander' build argument 'cmake_target' from command line to 'None'
[0.681s] Level 5:colcon.colcon_core.verb:set package 'px150_move_group_commander' build argument 'cmake_target_skip_unavailable' from command line to 'False'
[0.681s] Level 5:colcon.colcon_core.verb:set package 'px150_move_group_commander' build argument 'cmake_clean_cache' from command line to 'False'
[0.681s] Level 5:colcon.colcon_core.verb:set package 'px150_move_group_commander' build argument 'cmake_clean_first' from command line to 'False'
[0.681s] Level 5:colcon.colcon_core.verb:set package 'px150_move_group_commander' build argument 'cmake_force_configure' from command line to 'False'
[0.681s] Level 5:colcon.colcon_core.verb:set package 'px150_move_group_commander' build argument 'ament_cmake_args' from command line to 'None'
[0.681s] Level 5:colcon.colcon_core.verb:set package 'px150_move_group_commander' build argument 'catkin_cmake_args' from command line to 'None'
[0.681s] Level 5:colcon.colcon_core.verb:set package 'px150_move_group_commander' build argument 'catkin_skip_building_tests' from command line to 'False'
[0.681s] DEBUG:colcon.colcon_core.verb:Building package 'px150_move_group_commander' with the following arguments: {'ament_cmake_args': None, 'build_base': '/home/mscrobotics2425laptop27/Documents/University/robotic_systems_design_project/RoboticDesign---Team-10/manipulator_work/manipulator_ros2_workspace/build/px150_move_group_commander', 'catkin_cmake_args': None, 'catkin_skip_building_tests': False, 'cmake_args': None, 'cmake_clean_cache': False, 'cmake_clean_first': False, 'cmake_force_configure': False, 'cmake_target': None, 'cmake_target_skip_unavailable': False, 'install_base': '/home/mscrobotics2425laptop27/Documents/University/robotic_systems_design_project/RoboticDesign---Team-10/manipulator_work/manipulator_ros2_workspace/install/px150_move_group_commander', 'merge_install': False, 'path': '/home/mscrobotics2425laptop27/Documents/University/robotic_systems_design_project/RoboticDesign---Team-10/manipulator_work/manipulator_ros2_workspace/src/px150_move_group_commander', 'symlink_install': False, 'test_result_base': None}
[0.682s] Level 5:colcon.colcon_core.verb:set package 'px150_moveit2_config' build argument 'cmake_args' from command line to 'None'
[0.682s] Level 5:colcon.colcon_core.verb:set package 'px150_moveit2_config' build argument 'cmake_target' from command line to 'None'
[0.682s] Level 5:colcon.colcon_core.verb:set package 'px150_moveit2_config' build argument 'cmake_target_skip_unavailable' from command line to 'False'
[0.682s] Level 5:colcon.colcon_core.verb:set package 'px150_moveit2_config' build argument 'cmake_clean_cache' from command line to 'False'
[0.682s] Level 5:colcon.colcon_core.verb:set package 'px150_moveit2_config' build argument 'cmake_clean_first' from command line to 'False'
[0.682s] Level 5:colcon.colcon_core.verb:set package 'px150_moveit2_config' build argument 'cmake_force_configure' from command line to 'False'
[0.682s] Level 5:colcon.colcon_core.verb:set package 'px150_moveit2_config' build argument 'ament_cmake_args' from command line to 'None'
[0.682s] Level 5:colcon.colcon_core.verb:set package 'px150_moveit2_config' build argument 'catkin_cmake_args' from command line to 'None'
[0.682s] Level 5:colcon.colcon_core.verb:set package 'px150_moveit2_config' build argument 'catkin_skip_building_tests' from command line to 'False'
[0.682s] DEBUG:colcon.colcon_core.verb:Building package 'px150_moveit2_config' with the following arguments: {'ament_cmake_args': None, 'build_base': '/home/mscrobotics2425laptop27/Documents/University/robotic_systems_design_project/RoboticDesign---Team-10/manipulator_work/manipulator_ros2_workspace/build/px150_moveit2_config', 'catkin_cmake_args': None, 'catkin_skip_building_tests': False, 'cmake_args': None, 'cmake_clean_cache': False, 'cmake_clean_first': False, 'cmake_force_configure': False, 'cmake_target': None, 'cmake_target_skip_unavailable': False, 'install_base': '/home/mscrobotics2425laptop27/Documents/University/robotic_systems_design_project/RoboticDesign---Team-10/manipulator_work/manipulator_ros2_workspace/install/px150_moveit2_config', 'merge_install': False, 'path': '/home/mscrobotics2425laptop27/Documents/University/robotic_systems_design_project/RoboticDesign---Team-10/manipulator_work/manipulator_ros2_workspace/src/px150_moveit2_config', 'symlink_install': False, 'test_result_base': None}
[0.683s] INFO:colcon.colcon_core.executor:Executing jobs using 'parallel' executor
[0.685s] DEBUG:colcon.colcon_parallel_executor.executor.parallel:run_until_complete
[0.685s] INFO:colcon.colcon_ros.task.ament_cmake.build:Building ROS package in '/home/mscrobotics2425laptop27/Documents/University/robotic_systems_design_project/RoboticDesign---Team-10/manipulator_work/manipulator_ros2_workspace/src/px150_move_group_commander' with build type 'ament_cmake'
[0.685s] INFO:colcon.colcon_cmake.task.cmake.build:Building CMake package in '/home/mscrobotics2425laptop27/Documents/University/robotic_systems_design_project/RoboticDesign---Team-10/manipulator_work/manipulator_ros2_workspace/src/px150_move_group_commander'
[0.689s] INFO:colcon.colcon_core.plugin_system:Skipping extension 'colcon_core.shell.bat': Not used on non-Windows systems
[0.689s] INFO:colcon.colcon_core.shell:Skip shell extension 'powershell' for command environment: Not usable outside of PowerShell
[0.689s] DEBUG:colcon.colcon_core.shell:Skip shell extension 'dsv' for command environment
[0.706s] INFO:colcon.colcon_ros.task.ament_cmake.build:Building ROS package in '/home/mscrobotics2425laptop27/Documents/University/robotic_systems_design_project/RoboticDesign---Team-10/manipulator_work/manipulator_ros2_workspace/src/px150_moveit2_config' with build type 'ament_cmake'
[0.706s] INFO:colcon.colcon_cmake.task.cmake.build:Building CMake package in '/home/mscrobotics2425laptop27/Documents/University/robotic_systems_design_project/RoboticDesign---Team-10/manipulator_work/manipulator_ros2_workspace/src/px150_moveit2_config'
[0.707s] INFO:colcon.colcon_core.shell:Skip shell extension 'powershell' for command environment: Not usable outside of PowerShell
[0.707s] DEBUG:colcon.colcon_core.shell:Skip shell extension 'dsv' for command environment
[0.739s] DEBUG:colcon.colcon_core.event_handler.log_command:Invoking command in '/home/mscrobotics2425laptop27/Documents/University/robotic_systems_design_project/RoboticDesign---Team-10/manipulator_work/manipulator_ros2_workspace/build/px150_move_group_commander': CMAKE_PREFIX_PATH=${CMAKE_PREFIX_PATH}:/home/mscrobotics2425laptop27/interbotix_ws/install/interbotix_xs_modules:/home/mscrobotics2425laptop27/interbotix_ws/install/interbotix_perception_modules:/home/mscrobotics2425laptop27/interbotix_ws/install/interbotix_common_modules:/home/mscrobotics2425laptop27/ws_moveit2/install/moveit_configs_utils:/home/mscrobotics2425laptop27/ws_moveit2/install/launch_param_builder:/opt/ros/humble /usr/bin/cmake --build /home/mscrobotics2425laptop27/Documents/University/robotic_systems_design_project/RoboticDesign---Team-10/manipulator_work/manipulator_ros2_workspace/build/px150_move_group_commander -- -j12 -l12
[0.760s] DEBUG:colcon.colcon_core.event_handler.log_command:Invoking command in '/home/mscrobotics2425laptop27/Documents/University/robotic_systems_design_project/RoboticDesign---Team-10/manipulator_work/manipulator_ros2_workspace/build/px150_moveit2_config': CMAKE_PREFIX_PATH=${CMAKE_PREFIX_PATH}:/home/mscrobotics2425laptop27/interbotix_ws/install/interbotix_xs_modules:/home/mscrobotics2425laptop27/interbotix_ws/install/interbotix_perception_modules:/home/mscrobotics2425laptop27/interbotix_ws/install/interbotix_common_modules:/home/mscrobotics2425laptop27/ws_moveit2/install/moveit_configs_utils:/home/mscrobotics2425laptop27/ws_moveit2/install/launch_param_builder:/opt/ros/humble /usr/bin/cmake --build /home/mscrobotics2425laptop27/Documents/University/robotic_systems_design_project/RoboticDesign---Team-10/manipulator_work/manipulator_ros2_workspace/build/px150_moveit2_config -- -j12 -l12
[0.819s] DEBUG:colcon.colcon_core.event_handler.log_command:Invoked command in '/home/mscrobotics2425laptop27/Documents/University/robotic_systems_design_project/RoboticDesign---Team-10/manipulator_work/manipulator_ros2_workspace/build/px150_moveit2_config' returned '0': CMAKE_PREFIX_PATH=${CMAKE_PREFIX_PATH}:/home/mscrobotics2425laptop27/interbotix_ws/install/interbotix_xs_modules:/home/mscrobotics2425laptop27/interbotix_ws/install/interbotix_perception_modules:/home/mscrobotics2425laptop27/interbotix_ws/install/interbotix_common_modules:/home/mscrobotics2425laptop27/ws_moveit2/install/moveit_configs_utils:/home/mscrobotics2425laptop27/ws_moveit2/install/launch_param_builder:/opt/ros/humble /usr/bin/cmake --build /home/mscrobotics2425laptop27/Documents/University/robotic_systems_design_project/RoboticDesign---Team-10/manipulator_work/manipulator_ros2_workspace/build/px150_moveit2_config -- -j12 -l12
[0.837s] DEBUG:colcon.colcon_core.event_handler.log_command:Invoking command in '/home/mscrobotics2425laptop27/Documents/University/robotic_systems_design_project/RoboticDesign---Team-10/manipulator_work/manipulator_ros2_workspace/build/px150_moveit2_config': CMAKE_PREFIX_PATH=${CMAKE_PREFIX_PATH}:/home/mscrobotics2425laptop27/interbotix_ws/install/interbotix_xs_modules:/home/mscrobotics2425laptop27/interbotix_ws/install/interbotix_perception_modules:/home/mscrobotics2425laptop27/interbotix_ws/install/interbotix_common_modules:/home/mscrobotics2425laptop27/ws_moveit2/install/moveit_configs_utils:/home/mscrobotics2425laptop27/ws_moveit2/install/launch_param_builder:/opt/ros/humble /usr/bin/cmake --install /home/mscrobotics2425laptop27/Documents/University/robotic_systems_design_project/RoboticDesign---Team-10/manipulator_work/manipulator_ros2_workspace/build/px150_moveit2_config
[0.853s] Level 1:colcon.colcon_core.environment:create_environment_scripts_only(px150_moveit2_config)
[0.860s] DEBUG:colcon.colcon_core.event_handler.log_command:Invoked command in '/home/mscrobotics2425laptop27/Documents/University/robotic_systems_design_project/RoboticDesign---Team-10/manipulator_work/manipulator_ros2_workspace/build/px150_moveit2_config' returned '0': CMAKE_PREFIX_PATH=${CMAKE_PREFIX_PATH}:/home/mscrobotics2425laptop27/interbotix_ws/install/interbotix_xs_modules:/home/mscrobotics2425laptop27/interbotix_ws/install/interbotix_perception_modules:/home/mscrobotics2425laptop27/interbotix_ws/install/interbotix_common_modules:/home/mscrobotics2425laptop27/ws_moveit2/install/moveit_configs_utils:/home/mscrobotics2425laptop27/ws_moveit2/install/launch_param_builder:/opt/ros/humble /usr/bin/cmake --install /home/mscrobotics2425laptop27/Documents/University/robotic_systems_design_project/RoboticDesign---Team-10/manipulator_work/manipulator_ros2_workspace/build/px150_moveit2_config
[0.862s] Level 1:colcon.colcon_core.environment:checking '/home/mscrobotics2425laptop27/Documents/University/robotic_systems_design_project/RoboticDesign---Team-10/manipulator_work/manipulator_ros2_workspace/install/px150_moveit2_config' for CMake module files
[0.863s] Level 1:colcon.colcon_core.environment:checking '/home/mscrobotics2425laptop27/Documents/University/robotic_systems_design_project/RoboticDesign---Team-10/manipulator_work/manipulator_ros2_workspace/install/px150_moveit2_config' for CMake config files
[0.864s] Level 1:colcon.colcon_core.shell:create_environment_hook('px150_moveit2_config', 'cmake_prefix_path')
[0.864s] INFO:colcon.colcon_core.shell:Creating environment hook '/home/mscrobotics2425laptop27/Documents/University/robotic_systems_design_project/RoboticDesign---Team-10/manipulator_work/manipulator_ros2_workspace/install/px150_moveit2_config/share/px150_moveit2_config/hook/cmake_prefix_path.ps1'
[0.866s] INFO:colcon.colcon_core.shell:Creating environment descriptor '/home/mscrobotics2425laptop27/Documents/University/robotic_systems_design_project/RoboticDesign---Team-10/manipulator_work/manipulator_ros2_workspace/install/px150_moveit2_config/share/px150_moveit2_config/hook/cmake_prefix_path.dsv'
[0.867s] INFO:colcon.colcon_core.shell:Creating environment hook '/home/mscrobotics2425laptop27/Documents/University/robotic_systems_design_project/RoboticDesign---Team-10/manipulator_work/manipulator_ros2_workspace/install/px150_moveit2_config/share/px150_moveit2_config/hook/cmake_prefix_path.sh'
[0.869s] Level 1:colcon.colcon_core.environment:checking '/home/mscrobotics2425laptop27/Documents/University/robotic_systems_design_project/RoboticDesign---Team-10/manipulator_work/manipulator_ros2_workspace/install/px150_moveit2_config/bin'
[0.869s] Level 1:colcon.colcon_core.environment:checking '/home/mscrobotics2425laptop27/Documents/University/robotic_systems_design_project/RoboticDesign---Team-10/manipulator_work/manipulator_ros2_workspace/install/px150_moveit2_config/lib/pkgconfig/px150_moveit2_config.pc'
[0.870s] Level 1:colcon.colcon_core.environment:checking '/home/mscrobotics2425laptop27/Documents/University/robotic_systems_design_project/RoboticDesign---Team-10/manipulator_work/manipulator_ros2_workspace/install/px150_moveit2_config/lib/python3.10/site-packages'
[0.870s] Level 1:colcon.colcon_core.environment:checking '/home/mscrobotics2425laptop27/Documents/University/robotic_systems_design_project/RoboticDesign---Team-10/manipulator_work/manipulator_ros2_workspace/install/px150_moveit2_config/bin'
[0.871s] INFO:colcon.colcon_core.shell:Creating package script '/home/mscrobotics2425laptop27/Documents/University/robotic_systems_design_project/RoboticDesign---Team-10/manipulator_work/manipulator_ros2_workspace/install/px150_moveit2_config/share/px150_moveit2_config/package.ps1'
[0.873s] INFO:colcon.colcon_core.shell:Creating package descriptor '/home/mscrobotics2425laptop27/Documents/University/robotic_systems_design_project/RoboticDesign---Team-10/manipulator_work/manipulator_ros2_workspace/install/px150_moveit2_config/share/px150_moveit2_config/package.dsv'
[0.875s] INFO:colcon.colcon_core.shell:Creating package script '/home/mscrobotics2425laptop27/Documents/University/robotic_systems_design_project/RoboticDesign---Team-10/manipulator_work/manipulator_ros2_workspace/install/px150_moveit2_config/share/px150_moveit2_config/package.sh'
[0.877s] INFO:colcon.colcon_core.shell:Creating package script '/home/mscrobotics2425laptop27/Documents/University/robotic_systems_design_project/RoboticDesign---Team-10/manipulator_work/manipulator_ros2_workspace/install/px150_moveit2_config/share/px150_moveit2_config/package.bash'
[0.879s] INFO:colcon.colcon_core.shell:Creating package script '/home/mscrobotics2425laptop27/Documents/University/robotic_systems_design_project/RoboticDesign---Team-10/manipulator_work/manipulator_ros2_workspace/install/px150_moveit2_config/share/px150_moveit2_config/package.zsh'
[0.882s] Level 1:colcon.colcon_core.environment:create_file_with_runtime_dependencies(/home/mscrobotics2425laptop27/Documents/University/robotic_systems_design_project/RoboticDesign---Team-10/manipulator_work/manipulator_ros2_workspace/install/px150_moveit2_config/share/colcon-core/packages/px150_moveit2_config)
[0.883s] Level 1:colcon.colcon_core.environment:create_environment_scripts_only(px150_moveit2_config)
[0.884s] Level 1:colcon.colcon_core.environment:checking '/home/mscrobotics2425laptop27/Documents/University/robotic_systems_design_project/RoboticDesign---Team-10/manipulator_work/manipulator_ros2_workspace/install/px150_moveit2_config' for CMake module files
[0.885s] Level 1:colcon.colcon_core.environment:checking '/home/mscrobotics2425laptop27/Documents/University/robotic_systems_design_project/RoboticDesign---Team-10/manipulator_work/manipulator_ros2_workspace/install/px150_moveit2_config' for CMake config files
[0.885s] Level 1:colcon.colcon_core.shell:create_environment_hook('px150_moveit2_config', 'cmake_prefix_path')
[0.886s] INFO:colcon.colcon_core.shell:Creating environment hook '/home/mscrobotics2425laptop27/Documents/University/robotic_systems_design_project/RoboticDesign---Team-10/manipulator_work/manipulator_ros2_workspace/install/px150_moveit2_config/share/px150_moveit2_config/hook/cmake_prefix_path.ps1'
[0.887s] INFO:colcon.colcon_core.shell:Creating environment descriptor '/home/mscrobotics2425laptop27/Documents/University/robotic_systems_design_project/RoboticDesign---Team-10/manipulator_work/manipulator_ros2_workspace/install/px150_moveit2_config/share/px150_moveit2_config/hook/cmake_prefix_path.dsv'
[0.888s] INFO:colcon.colcon_core.shell:Creating environment hook '/home/mscrobotics2425laptop27/Documents/University/robotic_systems_design_project/RoboticDesign---Team-10/manipulator_work/manipulator_ros2_workspace/install/px150_moveit2_config/share/px150_moveit2_config/hook/cmake_prefix_path.sh'
[0.889s] Level 1:colcon.colcon_core.environment:checking '/home/mscrobotics2425laptop27/Documents/University/robotic_systems_design_project/RoboticDesign---Team-10/manipulator_work/manipulator_ros2_workspace/install/px150_moveit2_config/bin'
[0.889s] Level 1:colcon.colcon_core.environment:checking '/home/mscrobotics2425laptop27/Documents/University/robotic_systems_design_project/RoboticDesign---Team-10/manipulator_work/manipulator_ros2_workspace/install/px150_moveit2_config/lib/pkgconfig/px150_moveit2_config.pc'
[0.890s] Level 1:colcon.colcon_core.environment:checking '/home/mscrobotics2425laptop27/Documents/University/robotic_systems_design_project/RoboticDesign---Team-10/manipulator_work/manipulator_ros2_workspace/install/px150_moveit2_config/lib/python3.10/site-packages'
[0.890s] Level 1:colcon.colcon_core.environment:checking '/home/mscrobotics2425laptop27/Documents/University/robotic_systems_design_project/RoboticDesign---Team-10/manipulator_work/manipulator_ros2_workspace/install/px150_moveit2_config/bin'
[0.891s] INFO:colcon.colcon_core.shell:Creating package script '/home/mscrobotics2425laptop27/Documents/University/robotic_systems_design_project/RoboticDesign---Team-10/manipulator_work/manipulator_ros2_workspace/install/px150_moveit2_config/share/px150_moveit2_config/package.ps1'
[0.892s] INFO:colcon.colcon_core.shell:Creating package descriptor '/home/mscrobotics2425laptop27/Documents/University/robotic_systems_design_project/RoboticDesign---Team-10/manipulator_work/manipulator_ros2_workspace/install/px150_moveit2_config/share/px150_moveit2_config/package.dsv'
[0.893s] INFO:colcon.colcon_core.shell:Creating package script '/home/mscrobotics2425laptop27/Documents/University/robotic_systems_design_project/RoboticDesign---Team-10/manipulator_work/manipulator_ros2_workspace/install/px150_moveit2_config/share/px150_moveit2_config/package.sh'
[0.894s] INFO:colcon.colcon_core.shell:Creating package script '/home/mscrobotics2425laptop27/Documents/University/robotic_systems_design_project/RoboticDesign---Team-10/manipulator_work/manipulator_ros2_workspace/install/px150_moveit2_config/share/px150_moveit2_config/package.bash'
[0.894s] INFO:colcon.colcon_core.shell:Creating package script '/home/mscrobotics2425laptop27/Documents/University/robotic_systems_design_project/RoboticDesign---Team-10/manipulator_work/manipulator_ros2_workspace/install/px150_moveit2_config/share/px150_moveit2_config/package.zsh'
[0.895s] Level 1:colcon.colcon_core.environment:create_file_with_runtime_dependencies(/home/mscrobotics2425laptop27/Documents/University/robotic_systems_design_project/RoboticDesign---Team-10/manipulator_work/manipulator_ros2_workspace/install/px150_moveit2_config/share/colcon-core/packages/px150_moveit2_config)
[18.846s] DEBUG:colcon.colcon_core.event_handler.log_command:Invoked command in '/home/mscrobotics2425laptop27/Documents/University/robotic_systems_design_project/RoboticDesign---Team-10/manipulator_work/manipulator_ros2_workspace/build/px150_move_group_commander' returned '0': CMAKE_PREFIX_PATH=${CMAKE_PREFIX_PATH}:/home/mscrobotics2425laptop27/interbotix_ws/install/interbotix_xs_modules:/home/mscrobotics2425laptop27/interbotix_ws/install/interbotix_perception_modules:/home/mscrobotics2425laptop27/interbotix_ws/install/interbotix_common_modules:/home/mscrobotics2425laptop27/ws_moveit2/install/moveit_configs_utils:/home/mscrobotics2425laptop27/ws_moveit2/install/launch_param_builder:/opt/ros/humble /usr/bin/cmake --build /home/mscrobotics2425laptop27/Documents/University/robotic_systems_design_project/RoboticDesign---Team-10/manipulator_work/manipulator_ros2_workspace/build/px150_move_group_commander -- -j12 -l12
[18.851s] DEBUG:colcon.colcon_core.event_handler.log_command:Invoking command in '/home/mscrobotics2425laptop27/Documents/University/robotic_systems_design_project/RoboticDesign---Team-10/manipulator_work/manipulator_ros2_workspace/build/px150_move_group_commander': CMAKE_PREFIX_PATH=${CMAKE_PREFIX_PATH}:/home/mscrobotics2425laptop27/interbotix_ws/install/interbotix_xs_modules:/home/mscrobotics2425laptop27/interbotix_ws/install/interbotix_perception_modules:/home/mscrobotics2425laptop27/interbotix_ws/install/interbotix_common_modules:/home/mscrobotics2425laptop27/ws_moveit2/install/moveit_configs_utils:/home/mscrobotics2425laptop27/ws_moveit2/install/launch_param_builder:/opt/ros/humble /usr/bin/cmake --install /home/mscrobotics2425laptop27/Documents/University/robotic_systems_design_project/RoboticDesign---Team-10/manipulator_work/manipulator_ros2_workspace/build/px150_move_group_commander
[18.878s] Level 1:colcon.colcon_core.environment:create_environment_scripts_only(px150_move_group_commander)
[18.879s] Level 1:colcon.colcon_core.environment:checking '/home/mscrobotics2425laptop27/Documents/University/robotic_systems_design_project/RoboticDesign---Team-10/manipulator_work/manipulator_ros2_workspace/install/px150_move_group_commander' for CMake module files
[18.880s] DEBUG:colcon.colcon_core.event_handler.log_command:Invoked command in '/home/mscrobotics2425laptop27/Documents/University/robotic_systems_design_project/RoboticDesign---Team-10/manipulator_work/manipulator_ros2_workspace/build/px150_move_group_commander' returned '0': CMAKE_PREFIX_PATH=${CMAKE_PREFIX_PATH}:/home/mscrobotics2425laptop27/interbotix_ws/install/interbotix_xs_modules:/home/mscrobotics2425laptop27/interbotix_ws/install/interbotix_perception_modules:/home/mscrobotics2425laptop27/interbotix_ws/install/interbotix_common_modules:/home/mscrobotics2425laptop27/ws_moveit2/install/moveit_configs_utils:/home/mscrobotics2425laptop27/ws_moveit2/install/launch_param_builder:/opt/ros/humble /usr/bin/cmake --install /home/mscrobotics2425laptop27/Documents/University/robotic_systems_design_project/RoboticDesign---Team-10/manipulator_work/manipulator_ros2_workspace/build/px150_move_group_commander
[18.881s] Level 1:colcon.colcon_core.environment:checking '/home/mscrobotics2425laptop27/Documents/University/robotic_systems_design_project/RoboticDesign---Team-10/manipulator_work/manipulator_ros2_workspace/install/px150_move_group_commander' for CMake config files
[18.882s] Level 1:colcon.colcon_core.shell:create_environment_hook('px150_move_group_commander', 'cmake_prefix_path')
[18.882s] INFO:colcon.colcon_core.shell:Creating environment hook '/home/mscrobotics2425laptop27/Documents/University/robotic_systems_design_project/RoboticDesign---Team-10/manipulator_work/manipulator_ros2_workspace/install/px150_move_group_commander/share/px150_move_group_commander/hook/cmake_prefix_path.ps1'
[18.883s] INFO:colcon.colcon_core.shell:Creating environment descriptor '/home/mscrobotics2425laptop27/Documents/University/robotic_systems_design_project/RoboticDesign---Team-10/manipulator_work/manipulator_ros2_workspace/install/px150_move_group_commander/share/px150_move_group_commander/hook/cmake_prefix_path.dsv'
[18.884s] INFO:colcon.colcon_core.shell:Creating environment hook '/home/mscrobotics2425laptop27/Documents/University/robotic_systems_design_project/RoboticDesign---Team-10/manipulator_work/manipulator_ros2_workspace/install/px150_move_group_commander/share/px150_move_group_commander/hook/cmake_prefix_path.sh'
[18.885s] Level 1:colcon.colcon_core.environment:checking '/home/mscrobotics2425laptop27/Documents/University/robotic_systems_design_project/RoboticDesign---Team-10/manipulator_work/manipulator_ros2_workspace/install/px150_move_group_commander/lib'
[18.885s] Level 1:colcon.colcon_core.environment:checking '/home/mscrobotics2425laptop27/Documents/University/robotic_systems_design_project/RoboticDesign---Team-10/manipulator_work/manipulator_ros2_workspace/install/px150_move_group_commander/bin'
[18.886s] Level 1:colcon.colcon_core.environment:checking '/home/mscrobotics2425laptop27/Documents/University/robotic_systems_design_project/RoboticDesign---Team-10/manipulator_work/manipulator_ros2_workspace/install/px150_move_group_commander/lib/pkgconfig/px150_move_group_commander.pc'
[18.886s] Level 1:colcon.colcon_core.environment:checking '/home/mscrobotics2425laptop27/Documents/University/robotic_systems_design_project/RoboticDesign---Team-10/manipulator_work/manipulator_ros2_workspace/install/px150_move_group_commander/lib/python3.10/site-packages'
[18.886s] Level 1:colcon.colcon_core.environment:checking '/home/mscrobotics2425laptop27/Documents/University/robotic_systems_design_project/RoboticDesign---Team-10/manipulator_work/manipulator_ros2_workspace/install/px150_move_group_commander/bin'
[18.887s] INFO:colcon.colcon_core.shell:Creating package script '/home/mscrobotics2425laptop27/Documents/University/robotic_systems_design_project/RoboticDesign---Team-10/manipulator_work/manipulator_ros2_workspace/install/px150_move_group_commander/share/px150_move_group_commander/package.ps1'
[18.888s] INFO:colcon.colcon_core.shell:Creating package descriptor '/home/mscrobotics2425laptop27/Documents/University/robotic_systems_design_project/RoboticDesign---Team-10/manipulator_work/manipulator_ros2_workspace/install/px150_move_group_commander/share/px150_move_group_commander/package.dsv'
[18.889s] INFO:colcon.colcon_core.shell:Creating package script '/home/mscrobotics2425laptop27/Documents/University/robotic_systems_design_project/RoboticDesign---Team-10/manipulator_work/manipulator_ros2_workspace/install/px150_move_group_commander/share/px150_move_group_commander/package.sh'
[18.890s] INFO:colcon.colcon_core.shell:Creating package script '/home/mscrobotics2425laptop27/Documents/University/robotic_systems_design_project/RoboticDesign---Team-10/manipulator_work/manipulator_ros2_workspace/install/px150_move_group_commander/share/px150_move_group_commander/package.bash'
[18.891s] INFO:colcon.colcon_core.shell:Creating package script '/home/mscrobotics2425laptop27/Documents/University/robotic_systems_design_project/RoboticDesign---Team-10/manipulator_work/manipulator_ros2_workspace/install/px150_move_group_commander/share/px150_move_group_commander/package.zsh'
[18.892s] Level 1:colcon.colcon_core.environment:create_file_with_runtime_dependencies(/home/mscrobotics2425laptop27/Documents/University/robotic_systems_design_project/RoboticDesign---Team-10/manipulator_work/manipulator_ros2_workspace/install/px150_move_group_commander/share/colcon-core/packages/px150_move_group_commander)
[18.893s] Level 1:colcon.colcon_core.environment:create_environment_scripts_only(px150_move_group_commander)
[18.894s] Level 1:colcon.colcon_core.environment:checking '/home/mscrobotics2425laptop27/Documents/University/robotic_systems_design_project/RoboticDesign---Team-10/manipulator_work/manipulator_ros2_workspace/install/px150_move_group_commander' for CMake module files
[18.895s] Level 1:colcon.colcon_core.environment:checking '/home/mscrobotics2425laptop27/Documents/University/robotic_systems_design_project/RoboticDesign---Team-10/manipulator_work/manipulator_ros2_workspace/install/px150_move_group_commander' for CMake config files
[18.896s] Level 1:colcon.colcon_core.shell:create_environment_hook('px150_move_group_commander', 'cmake_prefix_path')
[18.897s] INFO:colcon.colcon_core.shell:Creating environment hook '/home/mscrobotics2425laptop27/Documents/University/robotic_systems_design_project/RoboticDesign---Team-10/manipulator_work/manipulator_ros2_workspace/install/px150_move_group_commander/share/px150_move_group_commander/hook/cmake_prefix_path.ps1'
[18.898s] INFO:colcon.colcon_core.shell:Creating environment descriptor '/home/mscrobotics2425laptop27/Documents/University/robotic_systems_design_project/RoboticDesign---Team-10/manipulator_work/manipulator_ros2_workspace/install/px150_move_group_commander/share/px150_move_group_commander/hook/cmake_prefix_path.dsv'
[18.899s] INFO:colcon.colcon_core.shell:Creating environment hook '/home/mscrobotics2425laptop27/Documents/University/robotic_systems_design_project/RoboticDesign---Team-10/manipulator_work/manipulator_ros2_workspace/install/px150_move_group_commander/share/px150_move_group_commander/hook/cmake_prefix_path.sh'
[18.901s] Level 1:colcon.colcon_core.environment:checking '/home/mscrobotics2425laptop27/Documents/University/robotic_systems_design_project/RoboticDesign---Team-10/manipulator_work/manipulator_ros2_workspace/install/px150_move_group_commander/lib'
[18.901s] Level 1:colcon.colcon_core.environment:checking '/home/mscrobotics2425laptop27/Documents/University/robotic_systems_design_project/RoboticDesign---Team-10/manipulator_work/manipulator_ros2_workspace/install/px150_move_group_commander/bin'
[18.901s] Level 1:colcon.colcon_core.environment:checking '/home/mscrobotics2425laptop27/Documents/University/robotic_systems_design_project/RoboticDesign---Team-10/manipulator_work/manipulator_ros2_workspace/install/px150_move_group_commander/lib/pkgconfig/px150_move_group_commander.pc'
[18.902s] Level 1:colcon.colcon_core.environment:checking '/home/mscrobotics2425laptop27/Documents/University/robotic_systems_design_project/RoboticDesign---Team-10/manipulator_work/manipulator_ros2_workspace/install/px150_move_group_commander/lib/python3.10/site-packages'
[18.902s] Level 1:colcon.colcon_core.environment:checking '/home/mscrobotics2425laptop27/Documents/University/robotic_systems_design_project/RoboticDesign---Team-10/manipulator_work/manipulator_ros2_workspace/install/px150_move_group_commander/bin'
[18.903s] INFO:colcon.colcon_core.shell:Creating package script '/home/mscrobotics2425laptop27/Documents/University/robotic_systems_design_project/RoboticDesign---Team-10/manipulator_work/manipulator_ros2_workspace/install/px150_move_group_commander/share/px150_move_group_commander/package.ps1'
[18.904s] INFO:colcon.colcon_core.shell:Creating package descriptor '/home/mscrobotics2425laptop27/Documents/University/robotic_systems_design_project/RoboticDesign---Team-10/manipulator_work/manipulator_ros2_workspace/install/px150_move_group_commander/share/px150_move_group_commander/package.dsv'
[18.905s] INFO:colcon.colcon_core.shell:Creating package script '/home/mscrobotics2425laptop27/Documents/University/robotic_systems_design_project/RoboticDesign---Team-10/manipulator_work/manipulator_ros2_workspace/install/px150_move_group_commander/share/px150_move_group_commander/package.sh'
[18.907s] INFO:colcon.colcon_core.shell:Creating package script '/home/mscrobotics2425laptop27/Documents/University/robotic_systems_design_project/RoboticDesign---Team-10/manipulator_work/manipulator_ros2_workspace/install/px150_move_group_commander/share/px150_move_group_commander/package.bash'
[18.908s] INFO:colcon.colcon_core.shell:Creating package script '/home/mscrobotics2425laptop27/Documents/University/robotic_systems_design_project/RoboticDesign---Team-10/manipulator_work/manipulator_ros2_workspace/install/px150_move_group_commander/share/px150_move_group_commander/package.zsh'
[18.909s] Level 1:colcon.colcon_core.environment:create_file_with_runtime_dependencies(/home/mscrobotics2425laptop27/Documents/University/robotic_systems_design_project/RoboticDesign---Team-10/manipulator_work/manipulator_ros2_workspace/install/px150_move_group_commander/share/colcon-core/packages/px150_move_group_commander)
[18.909s] DEBUG:colcon.colcon_parallel_executor.executor.parallel:closing loop
[18.910s] DEBUG:colcon.colcon_parallel_executor.executor.parallel:loop closed
[18.911s] DEBUG:colcon.colcon_parallel_executor.executor.parallel:run_until_complete finished with '0'
[18.911s] DEBUG:colcon.colcon_core.event_reactor:joining thread
[18.927s] INFO:colcon.colcon_core.plugin_system:Skipping extension 'colcon_notification.desktop_notification.terminal_notifier': Not used on non-Darwin systems
[18.927s] INFO:colcon.colcon_core.plugin_system:Skipping extension 'colcon_notification.desktop_notification.win32': Not used on non-Windows systems
[18.928s] INFO:colcon.colcon_notification.desktop_notification:Sending desktop notification using 'notify2'
[18.953s] DEBUG:colcon.colcon_core.event_reactor:joined thread
[18.954s] INFO:colcon.colcon_core.shell:Creating prefix script '/home/mscrobotics2425laptop27/Documents/University/robotic_systems_design_project/RoboticDesign---Team-10/manipulator_work/manipulator_ros2_workspace/install/local_setup.ps1'
[18.956s] INFO:colcon.colcon_core.shell:Creating prefix util module '/home/mscrobotics2425laptop27/Documents/University/robotic_systems_design_project/RoboticDesign---Team-10/manipulator_work/manipulator_ros2_workspace/install/_local_setup_util_ps1.py'
[18.959s] INFO:colcon.colcon_core.shell:Creating prefix chain script '/home/mscrobotics2425laptop27/Documents/University/robotic_systems_design_project/RoboticDesign---Team-10/manipulator_work/manipulator_ros2_workspace/install/setup.ps1'
[18.973s] INFO:colcon.colcon_core.shell:Creating prefix script '/home/mscrobotics2425laptop27/Documents/University/robotic_systems_design_project/RoboticDesign---Team-10/manipulator_work/manipulator_ros2_workspace/install/local_setup.sh'
[18.975s] INFO:colcon.colcon_core.shell:Creating prefix util module '/home/mscrobotics2425laptop27/Documents/University/robotic_systems_design_project/RoboticDesign---Team-10/manipulator_work/manipulator_ros2_workspace/install/_local_setup_util_sh.py'
[18.977s] INFO:colcon.colcon_core.shell:Creating prefix chain script '/home/mscrobotics2425laptop27/Documents/University/robotic_systems_design_project/RoboticDesign---Team-10/manipulator_work/manipulator_ros2_workspace/install/setup.sh'
[18.991s] INFO:colcon.colcon_core.shell:Creating prefix script '/home/mscrobotics2425laptop27/Documents/University/robotic_systems_design_project/RoboticDesign---Team-10/manipulator_work/manipulator_ros2_workspace/install/local_setup.bash'
[18.993s] INFO:colcon.colcon_core.shell:Creating prefix chain script '/home/mscrobotics2425laptop27/Documents/University/robotic_systems_design_project/RoboticDesign---Team-10/manipulator_work/manipulator_ros2_workspace/install/setup.bash'
[19.006s] INFO:colcon.colcon_core.shell:Creating prefix script '/home/mscrobotics2425laptop27/Documents/University/robotic_systems_design_project/RoboticDesign---Team-10/manipulator_work/manipulator_ros2_workspace/install/local_setup.zsh'
[19.008s] INFO:colcon.colcon_core.shell:Creating prefix chain script '/home/mscrobotics2425laptop27/Documents/University/robotic_systems_design_project/RoboticDesign---Team-10/manipulator_work/manipulator_ros2_workspace/install/setup.zsh'
