[0.919s] Invoking command in '/home/mscrobotics2425laptop7/robotdesign - team10/src/object_detect_opencv': PYTHONPATH=/home/mscrobotics2425laptop7/robotdesign - team10/build/object_detect_opencv/prefix_override:/usr/lib/python3/dist-packages/colcon_core/task/python/colcon_distutils_commands:/home/mscrobotics2425laptop7/robotdesign - team10/install/object_detect_opencv/lib/python3.10/site-packages:${PYTHONPATH} /usr/bin/python3 -W ignore:setup.py install is deprecated setup.py egg_info --egg-base ../../build/object_detect_opencv build --build-base /home/mscrobotics2425laptop7/robotdesign - team10/build/object_detect_opencv/build install --record /home/mscrobotics2425laptop7/robotdesign - team10/build/object_detect_opencv/install.log --single-version-externally-managed install_data
[1.091s] running egg_info
[1.091s] writing ../../build/object_detect_opencv/object_detect_opencv.egg-info/PKG-INFO
[1.091s] writing dependency_links to ../../build/object_detect_opencv/object_detect_opencv.egg-info/dependency_links.txt
[1.091s] writing entry points to ../../build/object_detect_opencv/object_detect_opencv.egg-info/entry_points.txt
[1.091s] writing requirements to ../../build/object_detect_opencv/object_detect_opencv.egg-info/requires.txt
[1.091s] writing top-level names to ../../build/object_detect_opencv/object_detect_opencv.egg-info/top_level.txt
[1.092s] reading manifest file '../../build/object_detect_opencv/object_detect_opencv.egg-info/SOURCES.txt'
[1.093s] writing manifest file '../../build/object_detect_opencv/object_detect_opencv.egg-info/SOURCES.txt'
[1.093s] running build
[1.093s] running build_py
[1.093s] running install
[1.093s] running install_lib
[1.094s] running install_data
[1.094s] running install_egg_info
[1.095s] removing '/home/mscrobotics2425laptop7/robotdesign - team10/install/object_detect_opencv/lib/python3.10/site-packages/object_detect_opencv-0.0.0-py3.10.egg-info' (and everything under it)
[1.095s] Copying ../../build/object_detect_opencv/object_detect_opencv.egg-info to /home/mscrobotics2425laptop7/robotdesign - team10/install/object_detect_opencv/lib/python3.10/site-packages/object_detect_opencv-0.0.0-py3.10.egg-info
[1.096s] running install_scripts
[1.110s] Installing image_sub script to /home/mscrobotics2425laptop7/robotdesign - team10/install/object_detect_opencv/lib/object_detect_opencv
[1.110s] writing list of installed files to '/home/mscrobotics2425laptop7/robotdesign - team10/build/object_detect_opencv/install.log'
[1.127s] Invoked command in '/home/mscrobotics2425laptop7/robotdesign - team10/src/object_detect_opencv' returned '0': PYTHONPATH=/home/mscrobotics2425laptop7/robotdesign - team10/build/object_detect_opencv/prefix_override:/usr/lib/python3/dist-packages/colcon_core/task/python/colcon_distutils_commands:/home/mscrobotics2425laptop7/robotdesign - team10/install/object_detect_opencv/lib/python3.10/site-packages:${PYTHONPATH} /usr/bin/python3 -W ignore:setup.py install is deprecated setup.py egg_info --egg-base ../../build/object_detect_opencv build --build-base /home/mscrobotics2425laptop7/robotdesign - team10/build/object_detect_opencv/build install --record /home/mscrobotics2425laptop7/robotdesign - team10/build/object_detect_opencv/install.log --single-version-externally-managed install_data
