/home/mscrobotics2425laptop7/robotdesign - team10/install/navigation_demos/lib/python3.10/site-packages/navigation_demos/main_node.py
/home/mscrobotics2425laptop7/robotdesign - team10/install/navigation_demos/lib/python3.10/site-packages/navigation_demos/__init__.py
/home/mscrobotics2425laptop7/robotdesign - team10/install/navigation_demos/lib/python3.10/site-packages/navigation_demos/EKF.py
/home/mscrobotics2425laptop7/robotdesign - team10/install/navigation_demos/lib/python3.10/site-packages/navigation_demos/__pycache__/main_node.cpython-310.pyc
/home/mscrobotics2425laptop7/robotdesign - team10/install/navigation_demos/lib/python3.10/site-packages/navigation_demos/__pycache__/__init__.cpython-310.pyc
/home/mscrobotics2425laptop7/robotdesign - team10/install/navigation_demos/lib/python3.10/site-packages/navigation_demos/__pycache__/EKF.cpython-310.pyc
/home/mscrobotics2425laptop7/robotdesign - team10/install/navigation_demos/share/ament_index/resource_index/packages/navigation_demos
/home/mscrobotics2425laptop7/robotdesign - team10/install/navigation_demos/share/navigation_demos/package.xml
/home/mscrobotics2425laptop7/robotdesign - team10/install/navigation_demos/share/navigation_demos/launch/nav_demo.launch.py
/home/mscrobotics2425laptop7/robotdesign - team10/install/navigation_demos/share/navigation_demos/config/planner.yaml
/home/mscrobotics2425laptop7/robotdesign - team10/install/navigation_demos/share/navigation_demos/config/bt_nav.yaml
/home/mscrobotics2425laptop7/robotdesign - team10/install/navigation_demos/share/navigation_demos/config/controller.yaml
/home/mscrobotics2425laptop7/robotdesign - team10/install/navigation_demos/lib/python3.10/site-packages/navigation_demos-0.0.0-py3.10.egg-info/zip-safe
/home/mscrobotics2425laptop7/robotdesign - team10/install/navigation_demos/lib/python3.10/site-packages/navigation_demos-0.0.0-py3.10.egg-info/PKG-INFO
/home/mscrobotics2425laptop7/robotdesign - team10/install/navigation_demos/lib/python3.10/site-packages/navigation_demos-0.0.0-py3.10.egg-info/entry_points.txt
/home/mscrobotics2425laptop7/robotdesign - team10/install/navigation_demos/lib/python3.10/site-packages/navigation_demos-0.0.0-py3.10.egg-info/dependency_links.txt
/home/mscrobotics2425laptop7/robotdesign - team10/install/navigation_demos/lib/python3.10/site-packages/navigation_demos-0.0.0-py3.10.egg-info/SOURCES.txt
/home/mscrobotics2425laptop7/robotdesign - team10/install/navigation_demos/lib/python3.10/site-packages/navigation_demos-0.0.0-py3.10.egg-info/requires.txt
/home/mscrobotics2425laptop7/robotdesign - team10/install/navigation_demos/lib/python3.10/site-packages/navigation_demos-0.0.0-py3.10.egg-info/top_level.txt
/home/mscrobotics2425laptop7/robotdesign - team10/install/navigation_demos/lib/navigation_demos/EKF
/home/mscrobotics2425laptop7/robotdesign - team10/install/navigation_demos/lib/navigation_demos/main_node
