[01m[K/home/mscrobotics2425laptop27/Documents/University/robotic_systems_design_project/RoboticDesign---Team-10/manipulator_work/manipulator_ros2_workspace/src/px150_move_group_commander/src/moveit_interface_obj.cpp:[m[K In member function ‘[01m[Kbool interbotix::InterbotixMoveItInterface::moveit_plan_ee_position(double, double, double)[m[K’:
[01m[K/home/mscrobotics2425laptop27/Documents/University/robotic_systems_design_project/RoboticDesign---Team-10/manipulator_work/manipulator_ros2_workspace/src/px150_move_group_commander/src/moveit_interface_obj.cpp:144:41:[m[K [01;31m[Kerror: [m[Kexpected primary-expression before ‘[01m[K)[m[K’ token
  144 |   move_group->setPositionTarget(x, y, z,[01;31m[K)[m[K;
      |                                         [01;31m[K^[m[K
[01m[K/home/mscrobotics2425laptop27/Documents/University/robotic_systems_design_project/RoboticDesign---Team-10/manipulator_work/manipulator_ros2_workspace/src/px150_move_group_commander/src/px150_move_group_commander_node.cpp:[m[K In function ‘[01m[Kint main(int, char**)[m[K’:
[01m[K/home/mscrobotics2425laptop27/Documents/University/robotic_systems_design_project/RoboticDesign---Team-10/manipulator_work/manipulator_ros2_workspace/src/px150_move_group_commander/src/px150_move_group_commander_node.cpp:43:18:[m[K [01;31m[Kerror: [m[K‘[01m[KPose[m[K’ is not a member of ‘[01m[Kgeometry_msgs[m[K’
   43 |   geometry_msgs::[01;31m[KPose[m[K target_pose1;
      |                  [01;31m[K^~~~[m[K
[01m[K/home/mscrobotics2425laptop27/Documents/University/robotic_systems_design_project/RoboticDesign---Team-10/manipulator_work/manipulator_ros2_workspace/src/px150_move_group_commander/src/px150_move_group_commander_node.cpp:43:18:[m[K [01;36m[Knote: [m[Ksuggested alternatives:
In file included from [01m[K/opt/ros/humble/include/urdfdom_headers/urdf_model/joint.h:43[m[K,
                 from [01m[K/opt/ros/humble/include/urdfdom_headers/urdf_model/link.h:44[m[K,
                 from [01m[K/opt/ros/humble/include/urdfdom_headers/urdf_model/model.h:42[m[K,
                 from [01m[K/opt/ros/humble/include/urdf/urdf/model.h:43[m[K,
                 from [01m[K/home/mscrobotics2425laptop27/ws_moveit2/install/srdfdom/include/srdfdom/srdfdom/model.h:50[m[K,
                 from [01m[K/home/mscrobotics2425laptop27/ws_moveit2/install/moveit_core/include/moveit/robot_model/robot_model.h:42[m[K,
                 from [01m[K/home/mscrobotics2425laptop27/ws_moveit2/install/moveit_core/include/moveit/robot_state/robot_state.h:40[m[K,
                 from [01m[K/home/mscrobotics2425laptop27/ws_moveit2/install/moveit_ros_planning_interface/include/moveit/move_group_interface/move_group_interface.h:41[m[K,
                 from [01m[K/home/mscrobotics2425laptop27/Documents/University/robotic_systems_design_project/RoboticDesign---Team-10/manipulator_work/manipulator_ros2_workspace/src/px150_move_group_commander/include/interbotix_moveit_interface/moveit_interface_obj.hpp:38[m[K,
                 from [01m[K/home/mscrobotics2425laptop27/Documents/University/robotic_systems_design_project/RoboticDesign---Team-10/manipulator_work/manipulator_ros2_workspace/src/px150_move_group_commander/src/px150_move_group_commander_node.cpp:29[m[K:
[01m[K/opt/ros/humble/include/urdfdom_headers/urdf_model/pose.h:254:7:[m[K [01;36m[Knote: [m[K  ‘[01m[Kurdf::Pose[m[K’
  254 | class [01;36m[KPose[m[K
      |       [01;36m[K^~~~[m[K
In file included from [01m[K/opt/ros/humble/include/geometry_msgs/geometry_msgs/msg/pose.hpp:7[m[K,
                 from [01m[K/home/mscrobotics2425laptop27/ws_moveit2/install/moveit_core/include/moveit/kinematics_base/kinematics_base.h:39[m[K,
                 from [01m[K/home/mscrobotics2425laptop27/ws_moveit2/install/moveit_core/include/moveit/robot_model/joint_model_group.h:42[m[K,
                 from [01m[K/home/mscrobotics2425laptop27/ws_moveit2/install/moveit_core/include/moveit/robot_model/robot_model.h:45[m[K,
                 from [01m[K/home/mscrobotics2425laptop27/ws_moveit2/install/moveit_core/include/moveit/robot_state/robot_state.h:40[m[K,
                 from [01m[K/home/mscrobotics2425laptop27/ws_moveit2/install/moveit_ros_planning_interface/include/moveit/move_group_interface/move_group_interface.h:41[m[K,
                 from [01m[K/home/mscrobotics2425laptop27/Documents/University/robotic_systems_design_project/RoboticDesign---Team-10/manipulator_work/manipulator_ros2_workspace/src/px150_move_group_commander/include/interbotix_moveit_interface/moveit_interface_obj.hpp:38[m[K,
                 from [01m[K/home/mscrobotics2425laptop27/Documents/University/robotic_systems_design_project/RoboticDesign---Team-10/manipulator_work/manipulator_ros2_workspace/src/px150_move_group_commander/src/px150_move_group_commander_node.cpp:29[m[K:
[01m[K/opt/ros/humble/include/geometry_msgs/geometry_msgs/msg/detail/pose__struct.hpp:135:7:[m[K [01;36m[Knote: [m[K  ‘[01m[Kgeometry_msgs::msg::Pose[m[K’
  135 | using [01;36m[KPose[m[K =
      |       [01;36m[K^~~~[m[K
[01m[K/home/mscrobotics2425laptop27/Documents/University/robotic_systems_design_project/RoboticDesign---Team-10/manipulator_work/manipulator_ros2_workspace/src/px150_move_group_commander/src/px150_move_group_commander_node.cpp:44:3:[m[K [01;31m[Kerror: [m[K‘[01m[Ktarget_pose1[m[K’ was not declared in this scope
   44 |   [01;31m[Ktarget_pose1[m[K.orientation.w = 1.0;
      |   [01;31m[K^~~~~~~~~~~~[m[K
[01m[K/home/mscrobotics2425laptop27/Documents/University/robotic_systems_design_project/RoboticDesign---Team-10/manipulator_work/manipulator_ros2_workspace/src/px150_move_group_commander/src/px150_move_group_commander_node.cpp:49:21:[m[K [01;31m[Kerror: [m[K‘[01m[Kusing element_type = class interbotix::InterbotixMoveItInterface[m[K’ {aka ‘[01m[Kclass interbotix::InterbotixMoveItInterface[m[K’} has no member named ‘[01m[Kmoveit_execute_pose[m[K’; did you mean ‘[01m[Kmoveit_execute_plan[m[K’?
   49 |   moveit_interface->[01;31m[Kmoveit_execute_pose[m[K(target_pose1);
      |                     [01;31m[K^~~~~~~~~~~~~~~~~~~[m[K
      |                     [32m[Kmoveit_execute_plan[m[K
gmake[2]: *** [CMakeFiles/px150_move_group_commander_node.dir/build.make:90: CMakeFiles/px150_move_group_commander_node.dir/src/moveit_interface_obj.cpp.o] Error 1
gmake[2]: *** Waiting for unfinished jobs....
gmake[2]: *** [CMakeFiles/px150_move_group_commander_node.dir/build.make:76: CMakeFiles/px150_move_group_commander_node.dir/src/px150_move_group_commander_node.cpp.o] Error 1
gmake[1]: *** [CMakeFiles/Makefile2:137: CMakeFiles/px150_move_group_commander_node.dir/all] Error 2
gmake: *** [Makefile:146: all] Error 2
