[1.149s] Invoking command in '/home/mscrobotics2425laptop7/robotdesign - team10/src/gz_example_robot_description/gz_example_robot_description': PYTHONPATH=/home/mscrobotics2425laptop7/robotdesign - team10/build/gz_example_robot_description/prefix_override:/usr/lib/python3/dist-packages/colcon_core/task/python/colcon_distutils_commands:/home/mscrobotics2425laptop7/robotdesign - team10/install/gz_example_robot_description/lib/python3.10/site-packages:${PYTHONPATH} /usr/bin/python3 -W ignore:setup.py install is deprecated setup.py egg_info --egg-base ../../../build/gz_example_robot_description build --build-base /home/mscrobotics2425laptop7/robotdesign - team10/build/gz_example_robot_description/build install --record /home/mscrobotics2425laptop7/robotdesign - team10/build/gz_example_robot_description/install.log --single-version-externally-managed install_data
[1.314s] running egg_info
[1.314s] creating ../../../build/gz_example_robot_description/gz_example_robot_description.egg-info
[1.314s] writing ../../../build/gz_example_robot_description/gz_example_robot_description.egg-info/PKG-INFO
[1.315s] writing dependency_links to ../../../build/gz_example_robot_description/gz_example_robot_description.egg-info/dependency_links.txt
[1.315s] writing entry points to ../../../build/gz_example_robot_description/gz_example_robot_description.egg-info/entry_points.txt
[1.315s] writing requirements to ../../../build/gz_example_robot_description/gz_example_robot_description.egg-info/requires.txt
[1.315s] writing top-level names to ../../../build/gz_example_robot_description/gz_example_robot_description.egg-info/top_level.txt
[1.315s] writing manifest file '../../../build/gz_example_robot_description/gz_example_robot_description.egg-info/SOURCES.txt'
[1.316s] reading manifest file '../../../build/gz_example_robot_description/gz_example_robot_description.egg-info/SOURCES.txt'
[1.316s] writing manifest file '../../../build/gz_example_robot_description/gz_example_robot_description.egg-info/SOURCES.txt'
[1.316s] running build
[1.316s] running build_py
[1.317s] creating /home/mscrobotics2425laptop7/robotdesign - team10/build/gz_example_robot_description/build
[1.317s] creating /home/mscrobotics2425laptop7/robotdesign - team10/build/gz_example_robot_description/build/lib
[1.317s] creating /home/mscrobotics2425laptop7/robotdesign - team10/build/gz_example_robot_description/build/lib/gz_example_robot_description
[1.317s] copying gz_example_robot_description/__init__.py -> /home/mscrobotics2425laptop7/robotdesign - team10/build/gz_example_robot_description/build/lib/gz_example_robot_description
[1.317s] running install
[1.317s] running install_lib
[1.317s] creating /home/mscrobotics2425laptop7/robotdesign - team10/install/gz_example_robot_description/lib/python3.10/site-packages/gz_example_robot_description
[1.317s] copying /home/mscrobotics2425laptop7/robotdesign - team10/build/gz_example_robot_description/build/lib/gz_example_robot_description/__init__.py -> /home/mscrobotics2425laptop7/robotdesign - team10/install/gz_example_robot_description/lib/python3.10/site-packages/gz_example_robot_description
[1.317s] byte-compiling /home/mscrobotics2425laptop7/robotdesign - team10/install/gz_example_robot_description/lib/python3.10/site-packages/gz_example_robot_description/__init__.py to __init__.cpython-310.pyc
[1.318s] running install_data
[1.318s] creating /home/mscrobotics2425laptop7/robotdesign - team10/install/gz_example_robot_description/share/ament_index
[1.318s] creating /home/mscrobotics2425laptop7/robotdesign - team10/install/gz_example_robot_description/share/ament_index/resource_index
[1.318s] creating /home/mscrobotics2425laptop7/robotdesign - team10/install/gz_example_robot_description/share/ament_index/resource_index/packages
[1.318s] copying resource/gz_example_robot_description -> /home/mscrobotics2425laptop7/robotdesign - team10/install/gz_example_robot_description/share/ament_index/resource_index/packages
[1.318s] copying package.xml -> /home/mscrobotics2425laptop7/robotdesign - team10/install/gz_example_robot_description/share/gz_example_robot_description
[1.318s] creating /home/mscrobotics2425laptop7/robotdesign - team10/install/gz_example_robot_description/share/gz_example_robot_description/launch
[1.318s] copying launch/view_model.launch.py -> /home/mscrobotics2425laptop7/robotdesign - team10/install/gz_example_robot_description/share/gz_example_robot_description/launch
[1.318s] copying launch/sim_robot.launch.py -> /home/mscrobotics2425laptop7/robotdesign - team10/install/gz_example_robot_description/share/gz_example_robot_description/launch
[1.318s] creating /home/mscrobotics2425laptop7/robotdesign - team10/install/gz_example_robot_description/share/gz_example_robot_description/urdf
[1.318s] copying urdf/leo_sim.urdf.xacro -> /home/mscrobotics2425laptop7/robotdesign - team10/install/gz_example_robot_description/share/gz_example_robot_description/urdf
[1.318s] copying urdf/leo.urdf.xacro -> /home/mscrobotics2425laptop7/robotdesign - team10/install/gz_example_robot_description/share/gz_example_robot_description/urdf
[1.319s] creating /home/mscrobotics2425laptop7/robotdesign - team10/install/gz_example_robot_description/share/gz_example_robot_description/rviz
[1.319s] copying rviz/nav2.rviz -> /home/mscrobotics2425laptop7/robotdesign - team10/install/gz_example_robot_description/share/gz_example_robot_description/rviz
[1.319s] copying rviz/view_model.rviz -> /home/mscrobotics2425laptop7/robotdesign - team10/install/gz_example_robot_description/share/gz_example_robot_description/rviz
[1.319s] creating /home/mscrobotics2425laptop7/robotdesign - team10/install/gz_example_robot_description/share/gz_example_robot_description/worlds
[1.319s] copying worlds/gemstone.sdf -> /home/mscrobotics2425laptop7/robotdesign - team10/install/gz_example_robot_description/share/gz_example_robot_description/worlds
[1.319s] copying worlds/tb3.sdf -> /home/mscrobotics2425laptop7/robotdesign - team10/install/gz_example_robot_description/share/gz_example_robot_description/worlds
[1.319s] copying worlds/meshes/wall.dae -> /home/mscrobotics2425laptop7/robotdesign - team10/install/gz_example_robot_description/share/gz_example_robot_description/worlds
[1.319s] copying worlds/meshes/hexagon.dae -> /home/mscrobotics2425laptop7/robotdesign - team10/install/gz_example_robot_description/share/gz_example_robot_description/worlds
[1.319s] creating /home/mscrobotics2425laptop7/robotdesign - team10/install/gz_example_robot_description/share/gz_example_robot_description/config
[1.319s] copying config/ekf_node.yaml -> /home/mscrobotics2425laptop7/robotdesign - team10/install/gz_example_robot_description/share/gz_example_robot_description/config
[1.319s] copying config/diff_drive_control.yaml -> /home/mscrobotics2425laptop7/robotdesign - team10/install/gz_example_robot_description/share/gz_example_robot_description/config
[1.319s] creating /home/mscrobotics2425laptop7/robotdesign - team10/install/gz_example_robot_description/share/gz_example_robot_description/maps
[1.319s] copying maps/turtlebot3_world.pgm -> /home/mscrobotics2425laptop7/robotdesign - team10/install/gz_example_robot_description/share/gz_example_robot_description/maps
[1.319s] running install_egg_info
[1.319s] Copying ../../../build/gz_example_robot_description/gz_example_robot_description.egg-info to /home/mscrobotics2425laptop7/robotdesign - team10/install/gz_example_robot_description/lib/python3.10/site-packages/gz_example_robot_description-0.0.0-py3.10.egg-info
[1.320s] running install_scripts
[1.333s] writing list of installed files to '/home/mscrobotics2425laptop7/robotdesign - team10/build/gz_example_robot_description/install.log'
[1.370s] Invoked command in '/home/mscrobotics2425laptop7/robotdesign - team10/src/gz_example_robot_description/gz_example_robot_description' returned '0': PYTHONPATH=/home/mscrobotics2425laptop7/robotdesign - team10/build/gz_example_robot_description/prefix_override:/usr/lib/python3/dist-packages/colcon_core/task/python/colcon_distutils_commands:/home/mscrobotics2425laptop7/robotdesign - team10/install/gz_example_robot_description/lib/python3.10/site-packages:${PYTHONPATH} /usr/bin/python3 -W ignore:setup.py install is deprecated setup.py egg_info --egg-base ../../../build/gz_example_robot_description build --build-base /home/mscrobotics2425laptop7/robotdesign - team10/build/gz_example_robot_description/build install --record /home/mscrobotics2425laptop7/robotdesign - team10/build/gz_example_robot_description/install.log --single-version-externally-managed install_data
