[0.036s] Invoking command in '/home/mscrobotics2425laptop7/robotdesign - team10/build/leo_description': CMAKE_PREFIX_PATH=${CMAKE_PREFIX_PATH}:/home/mscrobotics2425laptop7/robotdesign - team10/install/object_detect_opencv:/home/mscrobotics2425laptop7/robotdesign - team10/install/navigation_demos:/home/mscrobotics2425laptop7/robotdesign - team10/install/gz_example_robot_description:/opt/ros/humble /usr/bin/cmake /home/mscrobotics2425laptop7/robotdesign - team10/src/leo_common-ros2/leo_description -DCMAKE_INSTALL_PREFIX=/home/mscrobotics2425laptop7/robotdesign - team10/install/leo_description
[0.595s] -- The C compiler identification is GNU 11.4.0
[0.596s] -- The CXX compiler identification is GNU 11.4.0
[0.596s] -- Detecting C compiler ABI info
[0.596s] -- Detecting C compiler ABI info - done
[0.596s] -- Check for working C compiler: /usr/bin/cc - skipped
[0.596s] -- Detecting C compile features
[0.596s] -- Detecting C compile features - done
[0.596s] -- Detecting CXX compiler ABI info
[0.596s] -- Detecting CXX compiler ABI info - done
[0.596s] -- Check for working CXX compiler: /usr/bin/c++ - skipped
[0.597s] -- Detecting CXX compile features
[0.597s] -- Detecting CXX compile features - done
[0.597s] -- Found ament_cmake: 1.3.10 (/opt/ros/humble/share/ament_cmake/cmake)
[0.597s] -- Found Python3: /usr/bin/python3 (found version "3.10.12") found components: Interpreter 
[0.597s] -- Found ament_lint_auto: 0.12.11 (/opt/ros/humble/share/ament_lint_auto/cmake)
[0.634s] -- Added test 'lint_cmake' to check CMake code style
[0.634s] -- Added test 'xmllint' to check XML markup files
[0.635s] -- Configuring done
[0.636s] -- Generating done
[0.637s] -- Build files have been written to: /home/mscrobotics2425laptop7/robotdesign - team10/build/leo_description
[0.785s] Invoked command in '/home/mscrobotics2425laptop7/robotdesign - team10/build/leo_description' returned '0': CMAKE_PREFIX_PATH=${CMAKE_PREFIX_PATH}:/home/mscrobotics2425laptop7/robotdesign - team10/install/object_detect_opencv:/home/mscrobotics2425laptop7/robotdesign - team10/install/navigation_demos:/home/mscrobotics2425laptop7/robotdesign - team10/install/gz_example_robot_description:/opt/ros/humble /usr/bin/cmake /home/mscrobotics2425laptop7/robotdesign - team10/src/leo_common-ros2/leo_description -DCMAKE_INSTALL_PREFIX=/home/mscrobotics2425laptop7/robotdesign - team10/install/leo_description
[0.785s] Invoking command in '/home/mscrobotics2425laptop7/robotdesign - team10/build/leo_description': CMAKE_PREFIX_PATH=${CMAKE_PREFIX_PATH}:/home/mscrobotics2425laptop7/robotdesign - team10/install/object_detect_opencv:/home/mscrobotics2425laptop7/robotdesign - team10/install/navigation_demos:/home/mscrobotics2425laptop7/robotdesign - team10/install/gz_example_robot_description:/opt/ros/humble /usr/bin/cmake --build /home/mscrobotics2425laptop7/robotdesign - team10/build/leo_description -- -j12 -l12
[0.822s] Invoked command in '/home/mscrobotics2425laptop7/robotdesign - team10/build/leo_description' returned '0': CMAKE_PREFIX_PATH=${CMAKE_PREFIX_PATH}:/home/mscrobotics2425laptop7/robotdesign - team10/install/object_detect_opencv:/home/mscrobotics2425laptop7/robotdesign - team10/install/navigation_demos:/home/mscrobotics2425laptop7/robotdesign - team10/install/gz_example_robot_description:/opt/ros/humble /usr/bin/cmake --build /home/mscrobotics2425laptop7/robotdesign - team10/build/leo_description -- -j12 -l12
[0.842s] Invoking command in '/home/mscrobotics2425laptop7/robotdesign - team10/build/leo_description': CMAKE_PREFIX_PATH=${CMAKE_PREFIX_PATH}:/home/mscrobotics2425laptop7/robotdesign - team10/install/object_detect_opencv:/home/mscrobotics2425laptop7/robotdesign - team10/install/navigation_demos:/home/mscrobotics2425laptop7/robotdesign - team10/install/gz_example_robot_description:/opt/ros/humble /usr/bin/cmake --install /home/mscrobotics2425laptop7/robotdesign - team10/build/leo_description
[0.852s] -- Install configuration: ""
[0.852s] -- Installing: /home/mscrobotics2425laptop7/robotdesign - team10/install/leo_description/share/leo_description/launch
[0.852s] -- Installing: /home/mscrobotics2425laptop7/robotdesign - team10/install/leo_description/share/leo_description/launch/state_publisher.launch.xml
[0.852s] -- Installing: /home/mscrobotics2425laptop7/robotdesign - team10/install/leo_description/share/leo_description/models
[0.852s] -- Installing: /home/mscrobotics2425laptop7/robotdesign - team10/install/leo_description/share/leo_description/models/Mecanum_wheel_outline.stl
[0.853s] -- Installing: /home/mscrobotics2425laptop7/robotdesign - team10/install/leo_description/share/leo_description/models/Wheel_outline.stl
[0.853s] -- Installing: /home/mscrobotics2425laptop7/robotdesign - team10/install/leo_description/share/leo_description/models/WheelB.dae
[0.854s] -- Installing: /home/mscrobotics2425laptop7/robotdesign - team10/install/leo_description/share/leo_description/models/Rocker_outline.stl
[0.854s] -- Installing: /home/mscrobotics2425laptop7/robotdesign - team10/install/leo_description/share/leo_description/models/WheelMecanumB.dae
[0.857s] -- Installing: /home/mscrobotics2425laptop7/robotdesign - team10/install/leo_description/share/leo_description/models/Chassis_outline.stl
[0.857s] -- Installing: /home/mscrobotics2425laptop7/robotdesign - team10/install/leo_description/share/leo_description/models/Antenna.dae
[0.857s] -- Installing: /home/mscrobotics2425laptop7/robotdesign - team10/install/leo_description/share/leo_description/models/WheelA.dae
[0.858s] -- Installing: /home/mscrobotics2425laptop7/robotdesign - team10/install/leo_description/share/leo_description/models/WheelMecanumA.dae
[0.865s] -- Installing: /home/mscrobotics2425laptop7/robotdesign - team10/install/leo_description/share/leo_description/models/Rocker.dae
[0.868s] -- Installing: /home/mscrobotics2425laptop7/robotdesign - team10/install/leo_description/share/leo_description/models/Chassis.dae
[0.884s] -- Installing: /home/mscrobotics2425laptop7/robotdesign - team10/install/leo_description/share/leo_description/urdf
[0.884s] -- Installing: /home/mscrobotics2425laptop7/robotdesign - team10/install/leo_description/share/leo_description/urdf/leo_sim.urdf.xacro
[0.885s] -- Installing: /home/mscrobotics2425laptop7/robotdesign - team10/install/leo_description/share/leo_description/urdf/macros.xacro
[0.885s] -- Installing: /home/mscrobotics2425laptop7/robotdesign - team10/install/leo_description/share/leo_description/urdf/leo.urdf.xacro
[0.885s] -- Installing: /home/mscrobotics2425laptop7/robotdesign - team10/install/leo_description/share/leo_description/environment/gz_sim_resource_path.dsv
[0.885s] -- Installing: /home/mscrobotics2425laptop7/robotdesign - team10/install/leo_description/share/ament_index/resource_index/package_run_dependencies/leo_description
[0.885s] -- Installing: /home/mscrobotics2425laptop7/robotdesign - team10/install/leo_description/share/ament_index/resource_index/parent_prefix_path/leo_description
[0.885s] -- Installing: /home/mscrobotics2425laptop7/robotdesign - team10/install/leo_description/share/leo_description/environment/ament_prefix_path.sh
[0.885s] -- Installing: /home/mscrobotics2425laptop7/robotdesign - team10/install/leo_description/share/leo_description/environment/ament_prefix_path.dsv
[0.885s] -- Installing: /home/mscrobotics2425laptop7/robotdesign - team10/install/leo_description/share/leo_description/environment/path.sh
[0.886s] -- Installing: /home/mscrobotics2425laptop7/robotdesign - team10/install/leo_description/share/leo_description/environment/path.dsv
[0.886s] -- Installing: /home/mscrobotics2425laptop7/robotdesign - team10/install/leo_description/share/leo_description/local_setup.bash
[0.886s] -- Installing: /home/mscrobotics2425laptop7/robotdesign - team10/install/leo_description/share/leo_description/local_setup.sh
[0.886s] -- Installing: /home/mscrobotics2425laptop7/robotdesign - team10/install/leo_description/share/leo_description/local_setup.zsh
[0.886s] -- Installing: /home/mscrobotics2425laptop7/robotdesign - team10/install/leo_description/share/leo_description/local_setup.dsv
[0.886s] -- Installing: /home/mscrobotics2425laptop7/robotdesign - team10/install/leo_description/share/leo_description/package.dsv
[0.886s] -- Installing: /home/mscrobotics2425laptop7/robotdesign - team10/install/leo_description/share/ament_index/resource_index/packages/leo_description
[0.887s] -- Installing: /home/mscrobotics2425laptop7/robotdesign - team10/install/leo_description/share/leo_description/cmake/leo_descriptionConfig.cmake
[0.887s] -- Installing: /home/mscrobotics2425laptop7/robotdesign - team10/install/leo_description/share/leo_description/cmake/leo_descriptionConfig-version.cmake
[0.887s] -- Installing: /home/mscrobotics2425laptop7/robotdesign - team10/install/leo_description/share/leo_description/package.xml
[0.889s] Invoked command in '/home/mscrobotics2425laptop7/robotdesign - team10/build/leo_description' returned '0': CMAKE_PREFIX_PATH=${CMAKE_PREFIX_PATH}:/home/mscrobotics2425laptop7/robotdesign - team10/install/object_detect_opencv:/home/mscrobotics2425laptop7/robotdesign - team10/install/navigation_demos:/home/mscrobotics2425laptop7/robotdesign - team10/install/gz_example_robot_description:/opt/ros/humble /usr/bin/cmake --install /home/mscrobotics2425laptop7/robotdesign - team10/build/leo_description
