[ 50%] [32mBuilding CXX object CMakeFiles/mtc_tutorial.dir/src/mtc_tutorial.cpp.o[0m
[01m[K/home/mscrobotics2425laptop27/Documents/University/robotic_systems_design_project/RoboticDesign---Team-10/manipulator_work/manipulator_ros2_workspace/src/mtc_tutorial/src/mtc_tutorial.cpp:[m[K In member function ‘[01m[Kmoveit::task_constructor::Task MTCTaskNode::createTask()[m[K’:
[01m[K/home/mscrobotics2425laptop27/Documents/University/robotic_systems_design_project/RoboticDesign---Team-10/manipulator_work/manipulator_ros2_workspace/src/mtc_tutorial/src/mtc_tutorial.cpp:108:15:[m[K [01;35m[Kwarning: [m[Kunused variable ‘[01m[Khand_frame[m[K’ [[01;35m[K]8;;https://gcc.gnu.org/onlinedocs/gcc/Warning-Options.html#index-Wunused-variable-Wunused-variable]8;;[m[K]
  108 |   const auto& [01;35m[Khand_frame[m[K = "ee_gripper";//panda_hand //ee_gripper//px150/gripper_link//
      |               [01;35m[K^~~~~~~~~~[m[K
[100%] [32m[1mLinking CXX executable mtc_tutorial[0m
[100%] Built target mtc_tutorial
-- Install configuration: ""
-- Installing: /home/mscrobotics2425laptop27/Documents/University/robotic_systems_design_project/RoboticDesign---Team-10/manipulator_work/manipulator_ros2_workspace/install/mtc_tutorial/lib/mtc_tutorial/mtc_tutorial
-- Set runtime path of "/home/mscrobotics2425laptop27/Documents/University/robotic_systems_design_project/RoboticDesign---Team-10/manipulator_work/manipulator_ros2_workspace/install/mtc_tutorial/lib/mtc_tutorial/mtc_tutorial" to ""
-- Up-to-date: /home/mscrobotics2425laptop27/Documents/University/robotic_systems_design_project/RoboticDesign---Team-10/manipulator_work/manipulator_ros2_workspace/install/mtc_tutorial/share/mtc_tutorial/launch
-- Up-to-date: /home/mscrobotics2425laptop27/Documents/University/robotic_systems_design_project/RoboticDesign---Team-10/manipulator_work/manipulator_ros2_workspace/install/mtc_tutorial/share/mtc_tutorial/launch/mtc_demo.launch.py
-- Up-to-date: /home/mscrobotics2425laptop27/Documents/University/robotic_systems_design_project/RoboticDesign---Team-10/manipulator_work/manipulator_ros2_workspace/install/mtc_tutorial/share/mtc_tutorial/launch/mtc_demo_node.launch.py
-- Up-to-date: /home/mscrobotics2425laptop27/Documents/University/robotic_systems_design_project/RoboticDesign---Team-10/manipulator_work/manipulator_ros2_workspace/install/mtc_tutorial/share/ament_index/resource_index/package_run_dependencies/mtc_tutorial
-- Up-to-date: /home/mscrobotics2425laptop27/Documents/University/robotic_systems_design_project/RoboticDesign---Team-10/manipulator_work/manipulator_ros2_workspace/install/mtc_tutorial/share/ament_index/resource_index/parent_prefix_path/mtc_tutorial
-- Up-to-date: /home/mscrobotics2425laptop27/Documents/University/robotic_systems_design_project/RoboticDesign---Team-10/manipulator_work/manipulator_ros2_workspace/install/mtc_tutorial/share/mtc_tutorial/environment/ament_prefix_path.sh
-- Up-to-date: /home/mscrobotics2425laptop27/Documents/University/robotic_systems_design_project/RoboticDesign---Team-10/manipulator_work/manipulator_ros2_workspace/install/mtc_tutorial/share/mtc_tutorial/environment/ament_prefix_path.dsv
-- Up-to-date: /home/mscrobotics2425laptop27/Documents/University/robotic_systems_design_project/RoboticDesign---Team-10/manipulator_work/manipulator_ros2_workspace/install/mtc_tutorial/share/mtc_tutorial/environment/path.sh
-- Up-to-date: /home/mscrobotics2425laptop27/Documents/University/robotic_systems_design_project/RoboticDesign---Team-10/manipulator_work/manipulator_ros2_workspace/install/mtc_tutorial/share/mtc_tutorial/environment/path.dsv
-- Up-to-date: /home/mscrobotics2425laptop27/Documents/University/robotic_systems_design_project/RoboticDesign---Team-10/manipulator_work/manipulator_ros2_workspace/install/mtc_tutorial/share/mtc_tutorial/local_setup.bash
-- Up-to-date: /home/mscrobotics2425laptop27/Documents/University/robotic_systems_design_project/RoboticDesign---Team-10/manipulator_work/manipulator_ros2_workspace/install/mtc_tutorial/share/mtc_tutorial/local_setup.sh
-- Up-to-date: /home/mscrobotics2425laptop27/Documents/University/robotic_systems_design_project/RoboticDesign---Team-10/manipulator_work/manipulator_ros2_workspace/install/mtc_tutorial/share/mtc_tutorial/local_setup.zsh
-- Up-to-date: /home/mscrobotics2425laptop27/Documents/University/robotic_systems_design_project/RoboticDesign---Team-10/manipulator_work/manipulator_ros2_workspace/install/mtc_tutorial/share/mtc_tutorial/local_setup.dsv
-- Installing: /home/mscrobotics2425laptop27/Documents/University/robotic_systems_design_project/RoboticDesign---Team-10/manipulator_work/manipulator_ros2_workspace/install/mtc_tutorial/share/mtc_tutorial/package.dsv
-- Up-to-date: /home/mscrobotics2425laptop27/Documents/University/robotic_systems_design_project/RoboticDesign---Team-10/manipulator_work/manipulator_ros2_workspace/install/mtc_tutorial/share/ament_index/resource_index/packages/mtc_tutorial
-- Up-to-date: /home/mscrobotics2425laptop27/Documents/University/robotic_systems_design_project/RoboticDesign---Team-10/manipulator_work/manipulator_ros2_workspace/install/mtc_tutorial/share/mtc_tutorial/cmake/mtc_tutorialConfig.cmake
-- Up-to-date: /home/mscrobotics2425laptop27/Documents/University/robotic_systems_design_project/RoboticDesign---Team-10/manipulator_work/manipulator_ros2_workspace/install/mtc_tutorial/share/mtc_tutorial/cmake/mtc_tutorialConfig-version.cmake
-- Up-to-date: /home/mscrobotics2425laptop27/Documents/University/robotic_systems_design_project/RoboticDesign---Team-10/manipulator_work/manipulator_ros2_workspace/install/mtc_tutorial/share/mtc_tutorial/package.xml
