running egg_info
creating ../../../build/object_detect_opencv/object_detect_opencv.egg-info
writing ../../../build/object_detect_opencv/object_detect_opencv.egg-info/PKG-INFO
writing dependency_links to ../../../build/object_detect_opencv/object_detect_opencv.egg-info/dependency_links.txt
writing entry points to ../../../build/object_detect_opencv/object_detect_opencv.egg-info/entry_points.txt
writing requirements to ../../../build/object_detect_opencv/object_detect_opencv.egg-info/requires.txt
writing top-level names to ../../../build/object_detect_opencv/object_detect_opencv.egg-info/top_level.txt
writing manifest file '../../../build/object_detect_opencv/object_detect_opencv.egg-info/SOURCES.txt'
reading manifest file '../../../build/object_detect_opencv/object_detect_opencv.egg-info/SOURCES.txt'
writing manifest file '../../../build/object_detect_opencv/object_detect_opencv.egg-info/SOURCES.txt'
running build
running build_py
creating /home/mscrobotics2425laptop7/robotdesign - team10/build/object_detect_opencv/build
creating /home/mscrobotics2425laptop7/robotdesign - team10/build/object_detect_opencv/build/lib
creating /home/mscrobotics2425laptop7/robotdesign - team10/build/object_detect_opencv/build/lib/object_detect_opencv
copying object_detect_opencv/test.py -> /home/mscrobotics2425laptop7/robotdesign - team10/build/object_detect_opencv/build/lib/object_detect_opencv
copying object_detect_opencv/__init__.py -> /home/mscrobotics2425laptop7/robotdesign - team10/build/object_detect_opencv/build/lib/object_detect_opencv
copying object_detect_opencv/image_sub.py -> /home/mscrobotics2425laptop7/robotdesign - team10/build/object_detect_opencv/build/lib/object_detect_opencv
running install
running install_lib
creating /home/mscrobotics2425laptop7/robotdesign - team10/install/object_detect_opencv/lib/python3.10/site-packages/object_detect_opencv
copying /home/mscrobotics2425laptop7/robotdesign - team10/build/object_detect_opencv/build/lib/object_detect_opencv/test.py -> /home/mscrobotics2425laptop7/robotdesign - team10/install/object_detect_opencv/lib/python3.10/site-packages/object_detect_opencv
copying /home/mscrobotics2425laptop7/robotdesign - team10/build/object_detect_opencv/build/lib/object_detect_opencv/__init__.py -> /home/mscrobotics2425laptop7/robotdesign - team10/install/object_detect_opencv/lib/python3.10/site-packages/object_detect_opencv
copying /home/mscrobotics2425laptop7/robotdesign - team10/build/object_detect_opencv/build/lib/object_detect_opencv/image_sub.py -> /home/mscrobotics2425laptop7/robotdesign - team10/install/object_detect_opencv/lib/python3.10/site-packages/object_detect_opencv
byte-compiling /home/mscrobotics2425laptop7/robotdesign - team10/install/object_detect_opencv/lib/python3.10/site-packages/object_detect_opencv/test.py to test.cpython-310.pyc
byte-compiling /home/mscrobotics2425laptop7/robotdesign - team10/install/object_detect_opencv/lib/python3.10/site-packages/object_detect_opencv/__init__.py to __init__.cpython-310.pyc
byte-compiling /home/mscrobotics2425laptop7/robotdesign - team10/install/object_detect_opencv/lib/python3.10/site-packages/object_detect_opencv/image_sub.py to image_sub.cpython-310.pyc
running install_data
creating /home/mscrobotics2425laptop7/robotdesign - team10/install/object_detect_opencv/share/ament_index
creating /home/mscrobotics2425laptop7/robotdesign - team10/install/object_detect_opencv/share/ament_index/resource_index
creating /home/mscrobotics2425laptop7/robotdesign - team10/install/object_detect_opencv/share/ament_index/resource_index/packages
copying resource/object_detect_opencv -> /home/mscrobotics2425laptop7/robotdesign - team10/install/object_detect_opencv/share/ament_index/resource_index/packages
copying package.xml -> /home/mscrobotics2425laptop7/robotdesign - team10/install/object_detect_opencv/share/object_detect_opencv
running install_egg_info
Copying ../../../build/object_detect_opencv/object_detect_opencv.egg-info to /home/mscrobotics2425laptop7/robotdesign - team10/install/object_detect_opencv/lib/python3.10/site-packages/object_detect_opencv-0.0.0-py3.10.egg-info
running install_scripts
Installing image_sub script to /home/mscrobotics2425laptop7/robotdesign - team10/install/object_detect_opencv/lib/object_detect_opencv
writing list of installed files to '/home/mscrobotics2425laptop7/robotdesign - team10/build/object_detect_opencv/install.log'
