[0.478s] Invoking command in '/home/mscrobotics2425laptop27/Documents/University/robotic_systems_design_project/RoboticDesign---Team-10/manipulator_work/manipulator_ros2_workspace/build/px150_move_group_commander': CMAKE_PREFIX_PATH=${CMAKE_PREFIX_PATH}:/home/mscrobotics2425laptop27/interbotix_ws/install/interbotix_xs_modules:/home/mscrobotics2425laptop27/interbotix_ws/install/interbotix_perception_modules:/home/mscrobotics2425laptop27/interbotix_ws/install/interbotix_common_modules:/home/mscrobotics2425laptop27/ws_moveit2/install/moveit_configs_utils:/home/mscrobotics2425laptop27/ws_moveit2/install/launch_param_builder:/home/mscrobotics2425laptop27/Documents/University/robotic_systems_design_project/RoboticDesign---Team-10/manipulator_work/manipulator_ros2_workspace/install/manipulator_package:/opt/ros/humble /usr/bin/cmake --build /home/mscrobotics2425laptop27/Documents/University/robotic_systems_design_project/RoboticDesign---Team-10/manipulator_work/manipulator_ros2_workspace/build/px150_move_group_commander -- -j12 -l12
[0.535s] -- Found ament_cmake: 1.3.11 (/opt/ros/humble/share/ament_cmake/cmake)
[0.612s] -- Found interbotix_moveit_interface_msgs: 0.0.0 (/home/mscrobotics2425laptop27/interbotix_ws/install/interbotix_moveit_interface_msgs/share/interbotix_moveit_interface_msgs/cmake)
[0.664s] -- Found rosidl_generator_c: 3.1.6 (/opt/ros/humble/share/rosidl_generator_c/cmake)
[0.667s] -- Found rosidl_adapter: 3.1.6 (/opt/ros/humble/share/rosidl_adapter/cmake)
[0.673s] -- Found rosidl_generator_cpp: 3.1.6 (/opt/ros/humble/share/rosidl_generator_cpp/cmake)
[0.685s] -- Using all available rosidl_typesupport_c: rosidl_typesupport_fastrtps_c;rosidl_typesupport_introspection_c
[0.698s] -- Using all available rosidl_typesupport_cpp: rosidl_typesupport_fastrtps_cpp;rosidl_typesupport_introspection_cpp
[0.748s] -- Found moveit_msgs: 2.2.1 (/opt/ros/humble/share/moveit_msgs/cmake)
[0.950s] -- Found moveit_ros_planning_interface: 2.5.8 (/home/mscrobotics2425laptop27/ws_moveit2/install/moveit_ros_planning_interface/share/moveit_ros_planning_interface/cmake)
[0.958s] -- Found Boost: /usr/lib/x86_64-linux-gnu/cmake/Boost-1.74.0/BoostConfig.cmake (found version "1.74.0") found components: date_time filesystem program_options system thread 
[0.968s] -- Found Boost: /usr/lib/x86_64-linux-gnu/cmake/Boost-1.74.0/BoostConfig.cmake (found version "1.74.0") found components: chrono date_time filesystem iostreams program_options regex serialization system thread 
[1.005s] -- Found parameter_traits: 0.4.0 (/opt/ros/humble/share/parameter_traits/cmake)
[1.025s] -- Found rmw_implementation_cmake: 6.1.2 (/opt/ros/humble/share/rmw_implementation_cmake/cmake)
[1.030s] -- Found rmw_fastrtps_cpp: 6.2.7 (/opt/ros/humble/share/rmw_fastrtps_cpp/cmake)
[1.183s] -- Using RMW implementation 'rmw_fastrtps_cpp' as default
[1.226s] -- Found rclcpp_lifecycle: 16.0.11 (/opt/ros/humble/share/rclcpp_lifecycle/cmake)
[1.248s] -- Found Boost: /usr/lib/x86_64-linux-gnu/cmake/Boost-1.74.0/BoostConfig.cmake (found version "1.74.0") found components: filesystem 
[1.312s] -- library: /usr/lib/x86_64-linux-gnu/libcurl.so
[1.363s] -- Ensuring Eigen3 include directory is part of orocos-kdl CMake target
[1.538s] -- Found Boost: /usr/lib/x86_64-linux-gnu/cmake/Boost-1.74.0/BoostConfig.cmake (found version "1.74.0") found components: system filesystem date_time program_options thread chrono 
[1.585s] -- Found Boost: /usr/lib/x86_64-linux-gnu/cmake/Boost-1.74.0/BoostConfig.cmake (found version "1.74.0") found components: thread system filesystem regex date_time program_options 
[1.601s] -- Found Boost: /usr/lib/x86_64-linux-gnu/cmake/Boost-1.74.0/BoostConfig.cmake (found version "1.74.0") found components: system filesystem date_time program_options thread 
[1.624s] -- Found moveit_visual_tools: 4.1.2 (/home/mscrobotics2425laptop27/interbotix_ws/install/moveit_visual_tools/share/moveit_visual_tools/cmake)
[1.749s] -- Setting assimp_DIR to: '/opt/ros/humble/share/rviz_assimp_vendor/cmake/../../../opt/rviz_assimp_vendor/lib/cmake/assimp-4.1'
[1.765s] -- Setting OGRE_DIR to: '/opt/ros/humble/share/rviz_ogre_vendor/cmake/../../../opt/rviz_ogre_vendor/lib/OGRE/cmake'
[1.766s] -- Found OGRE
[1.766s] --   static     : OFF
[1.766s] --   components : HLMS;MeshLodGenerator;Overlay;Paging;Property;RTShaderSystem;Terrain;Volume
[1.767s] --   plugins    : Plugin_BSPSceneManager;Plugin_OctreeSceneManager;Plugin_PCZSceneManager;Plugin_ParticleFX;RenderSystem_GL;RenderSystem_GL3Plus;Codec_STBI
[1.767s] --   media      : /opt/ros/humble/opt/rviz_ogre_vendor/share/OGRE/Media
[1.767s] -- OGRE_LIBRARIES: OgreHLMS;OgreMeshLodGenerator;OgreOverlay;OgrePaging;OgreProperty;OgreRTShaderSystem;OgreTerrain;OgreVolume;OgreMain
[1.767s] -- OGRE_LIBRARY_DIRS: /opt/ros/humble/opt/rviz_ogre_vendor/lib
[1.767s] -- OGRE_PLUGINS: Plugin_BSPSceneManager;Plugin_OctreeSceneManager;Plugin_PCZSceneManager;Plugin_ParticleFX;RenderSystem_GL;RenderSystem_GL3Plus;Codec_STBI
[1.767s] -- OGRE_PLUGIN_DIR: /opt/ros/humble/opt/rviz_ogre_vendor/lib/OGRE
[1.767s] -- rviz_ogre_vendor::OgreOverlay for IMPORTED_LOCATION_RELEASE: /opt/ros/humble/opt/rviz_ogre_vendor/lib/libOgreOverlay.so
[1.767s] -- rviz_ogre_vendor::OgreOverlay for IMPORTED_LOCATION_DEBUG: /opt/ros/humble/opt/rviz_ogre_vendor/lib/libOgreOverlay.so
[1.767s] -- rviz_ogre_vendor::OgreMain for IMPORTED_LOCATION_RELEASE: /opt/ros/humble/opt/rviz_ogre_vendor/lib/libOgreMain.so
[1.767s] -- rviz_ogre_vendor::OgreMain for IMPORTED_LOCATION_DEBUG: /opt/ros/humble/opt/rviz_ogre_vendor/lib/libOgreMain.so
[1.803s] -- Found ZLIB: /usr/lib/x86_64-linux-gnu/libz.so (found version "1.2.11") 
[1.814s] -- Found OpenGL: /usr/lib/x86_64-linux-gnu/libOpenGL.so   
[2.012s] -- Found X11: /usr/include   
[2.012s] -- Looking for XOpenDisplay in /usr/lib/x86_64-linux-gnu/libX11.so;/usr/lib/x86_64-linux-gnu/libXext.so
[2.111s] -- Looking for XOpenDisplay in /usr/lib/x86_64-linux-gnu/libX11.so;/usr/lib/x86_64-linux-gnu/libXext.so - found
[2.111s] -- Looking for gethostbyname
[2.191s] -- Looking for gethostbyname - found
[2.191s] -- Looking for connect
[2.286s] -- Looking for connect - found
[2.286s] -- Looking for remove
[2.374s] -- Looking for remove - found
[2.374s] -- Looking for shmat
[2.452s] -- Looking for shmat - found
[2.452s] -- Looking for IceConnectionNumber in ICE
[2.537s] -- Looking for IceConnectionNumber in ICE - found
[2.651s] -- Found ament_lint_auto: 0.12.11 (/opt/ros/humble/share/ament_lint_auto/cmake)
[2.714s] -- Added test 'cppcheck' to perform static code analysis on C / C++ code
[2.714s] -- Configured cppcheck include dirs: $<BUILD_INTERFACE:/home/mscrobotics2425laptop27/Documents/University/robotic_systems_design_project/RoboticDesign---Team-10/manipulator_work/manipulator_ros2_workspace/src/px150_move_group_commander/include>
[2.714s] -- Configured cppcheck exclude dirs and/or files: 
[2.714s] -- Added test 'lint_cmake' to check CMake code style
[2.714s] -- Added test 'uncrustify' to check C / C++ code style
[2.714s] -- Configured uncrustify additional arguments: 
[2.715s] -- Added test 'xmllint' to check XML markup files
[2.715s] -- Configuring done
[2.761s] -- Generating done
[2.780s] -- Build files have been written to: /home/mscrobotics2425laptop27/Documents/University/robotic_systems_design_project/RoboticDesign---Team-10/manipulator_work/manipulator_ros2_workspace/build/px150_move_group_commander
[2.845s] [ 50%] [32mBuilding CXX object CMakeFiles/px150_move_group_commander_node.dir/src/px150_move_group_commander_node.cpp.o[0m
[7.919s] [100%] [32m[1mLinking CXX executable px150_move_group_commander_node[0m
[8.281s] [100%] Built target px150_move_group_commander_node
[8.289s] Invoked command in '/home/mscrobotics2425laptop27/Documents/University/robotic_systems_design_project/RoboticDesign---Team-10/manipulator_work/manipulator_ros2_workspace/build/px150_move_group_commander' returned '0': CMAKE_PREFIX_PATH=${CMAKE_PREFIX_PATH}:/home/mscrobotics2425laptop27/interbotix_ws/install/interbotix_xs_modules:/home/mscrobotics2425laptop27/interbotix_ws/install/interbotix_perception_modules:/home/mscrobotics2425laptop27/interbotix_ws/install/interbotix_common_modules:/home/mscrobotics2425laptop27/ws_moveit2/install/moveit_configs_utils:/home/mscrobotics2425laptop27/ws_moveit2/install/launch_param_builder:/home/mscrobotics2425laptop27/Documents/University/robotic_systems_design_project/RoboticDesign---Team-10/manipulator_work/manipulator_ros2_workspace/install/manipulator_package:/opt/ros/humble /usr/bin/cmake --build /home/mscrobotics2425laptop27/Documents/University/robotic_systems_design_project/RoboticDesign---Team-10/manipulator_work/manipulator_ros2_workspace/build/px150_move_group_commander -- -j12 -l12
[8.293s] Invoking command in '/home/mscrobotics2425laptop27/Documents/University/robotic_systems_design_project/RoboticDesign---Team-10/manipulator_work/manipulator_ros2_workspace/build/px150_move_group_commander': CMAKE_PREFIX_PATH=${CMAKE_PREFIX_PATH}:/home/mscrobotics2425laptop27/interbotix_ws/install/interbotix_xs_modules:/home/mscrobotics2425laptop27/interbotix_ws/install/interbotix_perception_modules:/home/mscrobotics2425laptop27/interbotix_ws/install/interbotix_common_modules:/home/mscrobotics2425laptop27/ws_moveit2/install/moveit_configs_utils:/home/mscrobotics2425laptop27/ws_moveit2/install/launch_param_builder:/home/mscrobotics2425laptop27/Documents/University/robotic_systems_design_project/RoboticDesign---Team-10/manipulator_work/manipulator_ros2_workspace/install/manipulator_package:/opt/ros/humble /usr/bin/cmake --install /home/mscrobotics2425laptop27/Documents/University/robotic_systems_design_project/RoboticDesign---Team-10/manipulator_work/manipulator_ros2_workspace/build/px150_move_group_commander
[8.299s] -- Install configuration: ""
[8.299s] -- Installing: /home/mscrobotics2425laptop27/Documents/University/robotic_systems_design_project/RoboticDesign---Team-10/manipulator_work/manipulator_ros2_workspace/install/px150_move_group_commander/lib/px150_move_group_commander/px150_move_group_commander_node
[8.300s] -- Set runtime path of "/home/mscrobotics2425laptop27/Documents/University/robotic_systems_design_project/RoboticDesign---Team-10/manipulator_work/manipulator_ros2_workspace/install/px150_move_group_commander/lib/px150_move_group_commander/px150_move_group_commander_node" to ""
[8.300s] -- Up-to-date: /home/mscrobotics2425laptop27/Documents/University/robotic_systems_design_project/RoboticDesign---Team-10/manipulator_work/manipulator_ros2_workspace/install/px150_move_group_commander/share/ament_index/resource_index/package_run_dependencies/px150_move_group_commander
[8.300s] -- Up-to-date: /home/mscrobotics2425laptop27/Documents/University/robotic_systems_design_project/RoboticDesign---Team-10/manipulator_work/manipulator_ros2_workspace/install/px150_move_group_commander/share/ament_index/resource_index/parent_prefix_path/px150_move_group_commander
[8.300s] -- Up-to-date: /home/mscrobotics2425laptop27/Documents/University/robotic_systems_design_project/RoboticDesign---Team-10/manipulator_work/manipulator_ros2_workspace/install/px150_move_group_commander/share/px150_move_group_commander/environment/ament_prefix_path.sh
[8.301s] -- Installing: /home/mscrobotics2425laptop27/Documents/University/robotic_systems_design_project/RoboticDesign---Team-10/manipulator_work/manipulator_ros2_workspace/install/px150_move_group_commander/share/px150_move_group_commander/environment/ament_prefix_path.dsv
[8.301s] -- Up-to-date: /home/mscrobotics2425laptop27/Documents/University/robotic_systems_design_project/RoboticDesign---Team-10/manipulator_work/manipulator_ros2_workspace/install/px150_move_group_commander/share/px150_move_group_commander/environment/path.sh
[8.301s] -- Installing: /home/mscrobotics2425laptop27/Documents/University/robotic_systems_design_project/RoboticDesign---Team-10/manipulator_work/manipulator_ros2_workspace/install/px150_move_group_commander/share/px150_move_group_commander/environment/path.dsv
[8.301s] -- Up-to-date: /home/mscrobotics2425laptop27/Documents/University/robotic_systems_design_project/RoboticDesign---Team-10/manipulator_work/manipulator_ros2_workspace/install/px150_move_group_commander/share/px150_move_group_commander/local_setup.bash
[8.302s] -- Up-to-date: /home/mscrobotics2425laptop27/Documents/University/robotic_systems_design_project/RoboticDesign---Team-10/manipulator_work/manipulator_ros2_workspace/install/px150_move_group_commander/share/px150_move_group_commander/local_setup.sh
[8.302s] -- Up-to-date: /home/mscrobotics2425laptop27/Documents/University/robotic_systems_design_project/RoboticDesign---Team-10/manipulator_work/manipulator_ros2_workspace/install/px150_move_group_commander/share/px150_move_group_commander/local_setup.zsh
[8.303s] -- Installing: /home/mscrobotics2425laptop27/Documents/University/robotic_systems_design_project/RoboticDesign---Team-10/manipulator_work/manipulator_ros2_workspace/install/px150_move_group_commander/share/px150_move_group_commander/local_setup.dsv
[8.303s] -- Installing: /home/mscrobotics2425laptop27/Documents/University/robotic_systems_design_project/RoboticDesign---Team-10/manipulator_work/manipulator_ros2_workspace/install/px150_move_group_commander/share/px150_move_group_commander/package.dsv
[8.304s] -- Up-to-date: /home/mscrobotics2425laptop27/Documents/University/robotic_systems_design_project/RoboticDesign---Team-10/manipulator_work/manipulator_ros2_workspace/install/px150_move_group_commander/share/ament_index/resource_index/packages/px150_move_group_commander
[8.304s] -- Up-to-date: /home/mscrobotics2425laptop27/Documents/University/robotic_systems_design_project/RoboticDesign---Team-10/manipulator_work/manipulator_ros2_workspace/install/px150_move_group_commander/share/px150_move_group_commander/cmake/px150_move_group_commanderConfig.cmake
[8.304s] -- Up-to-date: /home/mscrobotics2425laptop27/Documents/University/robotic_systems_design_project/RoboticDesign---Team-10/manipulator_work/manipulator_ros2_workspace/install/px150_move_group_commander/share/px150_move_group_commander/cmake/px150_move_group_commanderConfig-version.cmake
[8.304s] -- Up-to-date: /home/mscrobotics2425laptop27/Documents/University/robotic_systems_design_project/RoboticDesign---Team-10/manipulator_work/manipulator_ros2_workspace/install/px150_move_group_commander/share/px150_move_group_commander/package.xml
[8.305s] Invoked command in '/home/mscrobotics2425laptop27/Documents/University/robotic_systems_design_project/RoboticDesign---Team-10/manipulator_work/manipulator_ros2_workspace/build/px150_move_group_commander' returned '0': CMAKE_PREFIX_PATH=${CMAKE_PREFIX_PATH}:/home/mscrobotics2425laptop27/interbotix_ws/install/interbotix_xs_modules:/home/mscrobotics2425laptop27/interbotix_ws/install/interbotix_perception_modules:/home/mscrobotics2425laptop27/interbotix_ws/install/interbotix_common_modules:/home/mscrobotics2425laptop27/ws_moveit2/install/moveit_configs_utils:/home/mscrobotics2425laptop27/ws_moveit2/install/launch_param_builder:/home/mscrobotics2425laptop27/Documents/University/robotic_systems_design_project/RoboticDesign---Team-10/manipulator_work/manipulator_ros2_workspace/install/manipulator_package:/opt/ros/humble /usr/bin/cmake --install /home/mscrobotics2425laptop27/Documents/University/robotic_systems_design_project/RoboticDesign---Team-10/manipulator_work/manipulator_ros2_workspace/build/px150_move_group_commander
