[0.058s] DEBUG:colcon:Command line arguments: ['/usr/bin/colcon', 'build']
[0.058s] DEBUG:colcon:Parsed command line arguments: Namespace(log_base=None, log_level=None, verb_name='build', build_base='build', install_base='install', merge_install=False, symlink_install=False, test_result_base=None, continue_on_error=False, executor='parallel', parallel_workers=12, event_handlers=None, ignore_user_meta=False, metas=['./colcon.meta'], base_paths=['.'], packages_ignore=None, packages_ignore_regex=None, paths=None, packages_up_to=None, packages_up_to_regex=None, packages_above=None, packages_above_and_dependencies=None, packages_above_depth=None, packages_select_by_dep=None, packages_skip_by_dep=None, packages_skip_up_to=None, packages_select_build_failed=False, packages_skip_build_finished=False, packages_select_test_failures=False, packages_skip_test_passed=False, packages_select=None, packages_skip=None, packages_select_regex=None, packages_skip_regex=None, packages_start=None, packages_end=None, allow_overriding=[], cmake_args=None, cmake_target=None, cmake_target_skip_unavailable=False, cmake_clean_cache=False, cmake_clean_first=False, cmake_force_configure=False, ament_cmake_args=None, catkin_cmake_args=None, catkin_skip_building_tests=False, mixin_files=None, mixin=None, verb_parser=<colcon_mixin.mixin.mixin_argument.MixinArgumentDecorator object at 0x78a194f2ac20>, verb_extension=<colcon_core.verb.build.BuildVerb object at 0x78a194f2a770>, main=<bound method BuildVerb.main of <colcon_core.verb.build.BuildVerb object at 0x78a194f2a770>>, mixin_verb=('build',))
[0.143s] Level 1:colcon.colcon_core.package_discovery:discover_packages(colcon_meta) check parameters
[0.143s] Level 1:colcon.colcon_core.package_discovery:discover_packages(recursive) check parameters
[0.143s] Level 1:colcon.colcon_core.package_discovery:discover_packages(ignore) check parameters
[0.143s] Level 1:colcon.colcon_core.package_discovery:discover_packages(path) check parameters
[0.143s] Level 1:colcon.colcon_core.package_discovery:discover_packages(colcon_meta) discover
[0.143s] Level 1:colcon.colcon_core.package_discovery:discover_packages(recursive) discover
[0.143s] INFO:colcon.colcon_core.package_discovery:Crawling recursively for packages in '/home/mscrobotics2425laptop7/robotdesign - team10'
[0.143s] Level 1:colcon.colcon_core.package_identification:_identify(.) by extensions ['ignore', 'ignore_ament_install']
[0.143s] Level 1:colcon.colcon_core.package_identification:_identify(.) by extension 'ignore'
[0.143s] Level 1:colcon.colcon_core.package_identification:_identify(.) by extension 'ignore_ament_install'
[0.143s] Level 1:colcon.colcon_core.package_identification:_identify(.) by extensions ['colcon_pkg']
[0.143s] Level 1:colcon.colcon_core.package_identification:_identify(.) by extension 'colcon_pkg'
[0.143s] Level 1:colcon.colcon_core.package_identification:_identify(.) by extensions ['colcon_meta']
[0.143s] Level 1:colcon.colcon_core.package_identification:_identify(.) by extension 'colcon_meta'
[0.143s] Level 1:colcon.colcon_core.package_identification:_identify(.) by extensions ['ros']
[0.143s] Level 1:colcon.colcon_core.package_identification:_identify(.) by extension 'ros'
[0.162s] Level 1:colcon.colcon_core.package_identification:_identify(.) by extensions ['cmake', 'python']
[0.162s] Level 1:colcon.colcon_core.package_identification:_identify(.) by extension 'cmake'
[0.162s] Level 1:colcon.colcon_core.package_identification:_identify(.) by extension 'python'
[0.162s] Level 1:colcon.colcon_core.package_identification:_identify(.) by extensions ['python_setup_py']
[0.162s] Level 1:colcon.colcon_core.package_identification:_identify(.) by extension 'python_setup_py'
[0.162s] Level 1:colcon.colcon_core.package_identification:_identify(build) by extensions ['ignore', 'ignore_ament_install']
[0.162s] Level 1:colcon.colcon_core.package_identification:_identify(build) by extension 'ignore'
[0.162s] Level 1:colcon.colcon_core.package_identification:_identify(build) ignored
[0.162s] Level 1:colcon.colcon_core.package_identification:_identify(install) by extensions ['ignore', 'ignore_ament_install']
[0.162s] Level 1:colcon.colcon_core.package_identification:_identify(install) by extension 'ignore'
[0.162s] Level 1:colcon.colcon_core.package_identification:_identify(install) ignored
[0.162s] Level 1:colcon.colcon_core.package_identification:_identify(log) by extensions ['ignore', 'ignore_ament_install']
[0.162s] Level 1:colcon.colcon_core.package_identification:_identify(log) by extension 'ignore'
[0.162s] Level 1:colcon.colcon_core.package_identification:_identify(log) ignored
[0.162s] Level 1:colcon.colcon_core.package_identification:_identify(src) by extensions ['ignore', 'ignore_ament_install']
[0.162s] Level 1:colcon.colcon_core.package_identification:_identify(src) by extension 'ignore'
[0.162s] Level 1:colcon.colcon_core.package_identification:_identify(src) by extension 'ignore_ament_install'
[0.162s] Level 1:colcon.colcon_core.package_identification:_identify(src) by extensions ['colcon_pkg']
[0.162s] Level 1:colcon.colcon_core.package_identification:_identify(src) by extension 'colcon_pkg'
[0.162s] Level 1:colcon.colcon_core.package_identification:_identify(src) by extensions ['colcon_meta']
[0.162s] Level 1:colcon.colcon_core.package_identification:_identify(src) by extension 'colcon_meta'
[0.162s] Level 1:colcon.colcon_core.package_identification:_identify(src) by extensions ['ros']
[0.162s] Level 1:colcon.colcon_core.package_identification:_identify(src) by extension 'ros'
[0.162s] Level 1:colcon.colcon_core.package_identification:_identify(src) by extensions ['cmake', 'python']
[0.162s] Level 1:colcon.colcon_core.package_identification:_identify(src) by extension 'cmake'
[0.162s] Level 1:colcon.colcon_core.package_identification:_identify(src) by extension 'python'
[0.162s] Level 1:colcon.colcon_core.package_identification:_identify(src) by extensions ['python_setup_py']
[0.162s] Level 1:colcon.colcon_core.package_identification:_identify(src) by extension 'python_setup_py'
[0.163s] Level 1:colcon.colcon_core.package_identification:_identify(src/gz_example_robot_description) by extensions ['ignore', 'ignore_ament_install']
[0.163s] Level 1:colcon.colcon_core.package_identification:_identify(src/gz_example_robot_description) by extension 'ignore'
[0.163s] Level 1:colcon.colcon_core.package_identification:_identify(src/gz_example_robot_description) by extension 'ignore_ament_install'
[0.163s] Level 1:colcon.colcon_core.package_identification:_identify(src/gz_example_robot_description) by extensions ['colcon_pkg']
[0.163s] Level 1:colcon.colcon_core.package_identification:_identify(src/gz_example_robot_description) by extension 'colcon_pkg'
[0.163s] Level 1:colcon.colcon_core.package_identification:_identify(src/gz_example_robot_description) by extensions ['colcon_meta']
[0.163s] Level 1:colcon.colcon_core.package_identification:_identify(src/gz_example_robot_description) by extension 'colcon_meta'
[0.163s] Level 1:colcon.colcon_core.package_identification:_identify(src/gz_example_robot_description) by extensions ['ros']
[0.163s] Level 1:colcon.colcon_core.package_identification:_identify(src/gz_example_robot_description) by extension 'ros'
[0.163s] Level 1:colcon.colcon_core.package_identification:_identify(src/gz_example_robot_description) by extensions ['cmake', 'python']
[0.163s] Level 1:colcon.colcon_core.package_identification:_identify(src/gz_example_robot_description) by extension 'cmake'
[0.163s] Level 1:colcon.colcon_core.package_identification:_identify(src/gz_example_robot_description) by extension 'python'
[0.163s] Level 1:colcon.colcon_core.package_identification:_identify(src/gz_example_robot_description) by extensions ['python_setup_py']
[0.163s] Level 1:colcon.colcon_core.package_identification:_identify(src/gz_example_robot_description) by extension 'python_setup_py'
[0.163s] Level 1:colcon.colcon_core.package_identification:_identify(src/gz_example_robot_description/gz_example_robot_description) by extensions ['ignore', 'ignore_ament_install']
[0.163s] Level 1:colcon.colcon_core.package_identification:_identify(src/gz_example_robot_description/gz_example_robot_description) by extension 'ignore'
[0.163s] Level 1:colcon.colcon_core.package_identification:_identify(src/gz_example_robot_description/gz_example_robot_description) by extension 'ignore_ament_install'
[0.163s] Level 1:colcon.colcon_core.package_identification:_identify(src/gz_example_robot_description/gz_example_robot_description) by extensions ['colcon_pkg']
[0.163s] Level 1:colcon.colcon_core.package_identification:_identify(src/gz_example_robot_description/gz_example_robot_description) by extension 'colcon_pkg'
[0.163s] Level 1:colcon.colcon_core.package_identification:_identify(src/gz_example_robot_description/gz_example_robot_description) by extensions ['colcon_meta']
[0.163s] Level 1:colcon.colcon_core.package_identification:_identify(src/gz_example_robot_description/gz_example_robot_description) by extension 'colcon_meta'
[0.163s] Level 1:colcon.colcon_core.package_identification:_identify(src/gz_example_robot_description/gz_example_robot_description) by extensions ['ros']
[0.163s] Level 1:colcon.colcon_core.package_identification:_identify(src/gz_example_robot_description/gz_example_robot_description) by extension 'ros'
[0.164s] DEBUG:colcon.colcon_core.package_identification:Package 'src/gz_example_robot_description/gz_example_robot_description' with type 'ros.ament_python' and name 'gz_example_robot_description'
[0.164s] Level 1:colcon.colcon_core.package_identification:_identify(src/leo_common-ros2) by extensions ['ignore', 'ignore_ament_install']
[0.164s] Level 1:colcon.colcon_core.package_identification:_identify(src/leo_common-ros2) by extension 'ignore'
[0.164s] Level 1:colcon.colcon_core.package_identification:_identify(src/leo_common-ros2) by extension 'ignore_ament_install'
[0.164s] Level 1:colcon.colcon_core.package_identification:_identify(src/leo_common-ros2) by extensions ['colcon_pkg']
[0.164s] Level 1:colcon.colcon_core.package_identification:_identify(src/leo_common-ros2) by extension 'colcon_pkg'
[0.164s] Level 1:colcon.colcon_core.package_identification:_identify(src/leo_common-ros2) by extensions ['colcon_meta']
[0.164s] Level 1:colcon.colcon_core.package_identification:_identify(src/leo_common-ros2) by extension 'colcon_meta'
[0.164s] Level 1:colcon.colcon_core.package_identification:_identify(src/leo_common-ros2) by extensions ['ros']
[0.164s] Level 1:colcon.colcon_core.package_identification:_identify(src/leo_common-ros2) by extension 'ros'
[0.165s] Level 1:colcon.colcon_core.package_identification:_identify(src/leo_common-ros2) by extensions ['cmake', 'python']
[0.165s] Level 1:colcon.colcon_core.package_identification:_identify(src/leo_common-ros2) by extension 'cmake'
[0.165s] Level 1:colcon.colcon_core.package_identification:_identify(src/leo_common-ros2) by extension 'python'
[0.165s] Level 1:colcon.colcon_core.package_identification:_identify(src/leo_common-ros2) by extensions ['python_setup_py']
[0.165s] Level 1:colcon.colcon_core.package_identification:_identify(src/leo_common-ros2) by extension 'python_setup_py'
[0.165s] Level 1:colcon.colcon_core.package_identification:_identify(src/leo_common-ros2/leo) by extensions ['ignore', 'ignore_ament_install']
[0.165s] Level 1:colcon.colcon_core.package_identification:_identify(src/leo_common-ros2/leo) by extension 'ignore'
[0.165s] Level 1:colcon.colcon_core.package_identification:_identify(src/leo_common-ros2/leo) by extension 'ignore_ament_install'
[0.165s] Level 1:colcon.colcon_core.package_identification:_identify(src/leo_common-ros2/leo) by extensions ['colcon_pkg']
[0.165s] Level 1:colcon.colcon_core.package_identification:_identify(src/leo_common-ros2/leo) by extension 'colcon_pkg'
[0.165s] Level 1:colcon.colcon_core.package_identification:_identify(src/leo_common-ros2/leo) by extensions ['colcon_meta']
[0.165s] Level 1:colcon.colcon_core.package_identification:_identify(src/leo_common-ros2/leo) by extension 'colcon_meta'
[0.165s] Level 1:colcon.colcon_core.package_identification:_identify(src/leo_common-ros2/leo) by extensions ['ros']
[0.165s] Level 1:colcon.colcon_core.package_identification:_identify(src/leo_common-ros2/leo) by extension 'ros'
[0.165s] DEBUG:colcon.colcon_core.package_identification:Package 'src/leo_common-ros2/leo' with type 'ros.ament_cmake' and name 'leo'
[0.165s] Level 1:colcon.colcon_core.package_identification:_identify(src/leo_common-ros2/leo_description) by extensions ['ignore', 'ignore_ament_install']
[0.165s] Level 1:colcon.colcon_core.package_identification:_identify(src/leo_common-ros2/leo_description) by extension 'ignore'
[0.165s] Level 1:colcon.colcon_core.package_identification:_identify(src/leo_common-ros2/leo_description) by extension 'ignore_ament_install'
[0.165s] Level 1:colcon.colcon_core.package_identification:_identify(src/leo_common-ros2/leo_description) by extensions ['colcon_pkg']
[0.165s] Level 1:colcon.colcon_core.package_identification:_identify(src/leo_common-ros2/leo_description) by extension 'colcon_pkg'
[0.165s] Level 1:colcon.colcon_core.package_identification:_identify(src/leo_common-ros2/leo_description) by extensions ['colcon_meta']
[0.165s] Level 1:colcon.colcon_core.package_identification:_identify(src/leo_common-ros2/leo_description) by extension 'colcon_meta'
[0.165s] Level 1:colcon.colcon_core.package_identification:_identify(src/leo_common-ros2/leo_description) by extensions ['ros']
[0.165s] Level 1:colcon.colcon_core.package_identification:_identify(src/leo_common-ros2/leo_description) by extension 'ros'
[0.166s] DEBUG:colcon.colcon_core.package_identification:Package 'src/leo_common-ros2/leo_description' with type 'ros.ament_cmake' and name 'leo_description'
[0.166s] Level 1:colcon.colcon_core.package_identification:_identify(src/leo_common-ros2/leo_msgs) by extensions ['ignore', 'ignore_ament_install']
[0.166s] Level 1:colcon.colcon_core.package_identification:_identify(src/leo_common-ros2/leo_msgs) by extension 'ignore'
[0.166s] Level 1:colcon.colcon_core.package_identification:_identify(src/leo_common-ros2/leo_msgs) by extension 'ignore_ament_install'
[0.166s] Level 1:colcon.colcon_core.package_identification:_identify(src/leo_common-ros2/leo_msgs) by extensions ['colcon_pkg']
[0.166s] Level 1:colcon.colcon_core.package_identification:_identify(src/leo_common-ros2/leo_msgs) by extension 'colcon_pkg'
[0.166s] Level 1:colcon.colcon_core.package_identification:_identify(src/leo_common-ros2/leo_msgs) by extensions ['colcon_meta']
[0.166s] Level 1:colcon.colcon_core.package_identification:_identify(src/leo_common-ros2/leo_msgs) by extension 'colcon_meta'
[0.166s] Level 1:colcon.colcon_core.package_identification:_identify(src/leo_common-ros2/leo_msgs) by extensions ['ros']
[0.166s] Level 1:colcon.colcon_core.package_identification:_identify(src/leo_common-ros2/leo_msgs) by extension 'ros'
[0.166s] DEBUG:colcon.colcon_core.package_identification:Package 'src/leo_common-ros2/leo_msgs' with type 'ros.ament_cmake' and name 'leo_msgs'
[0.166s] Level 1:colcon.colcon_core.package_identification:_identify(src/leo_common-ros2/leo_teleop) by extensions ['ignore', 'ignore_ament_install']
[0.166s] Level 1:colcon.colcon_core.package_identification:_identify(src/leo_common-ros2/leo_teleop) by extension 'ignore'
[0.166s] Level 1:colcon.colcon_core.package_identification:_identify(src/leo_common-ros2/leo_teleop) by extension 'ignore_ament_install'
[0.166s] Level 1:colcon.colcon_core.package_identification:_identify(src/leo_common-ros2/leo_teleop) by extensions ['colcon_pkg']
[0.166s] Level 1:colcon.colcon_core.package_identification:_identify(src/leo_common-ros2/leo_teleop) by extension 'colcon_pkg'
[0.166s] Level 1:colcon.colcon_core.package_identification:_identify(src/leo_common-ros2/leo_teleop) by extensions ['colcon_meta']
[0.166s] Level 1:colcon.colcon_core.package_identification:_identify(src/leo_common-ros2/leo_teleop) by extension 'colcon_meta'
[0.166s] Level 1:colcon.colcon_core.package_identification:_identify(src/leo_common-ros2/leo_teleop) by extensions ['ros']
[0.166s] Level 1:colcon.colcon_core.package_identification:_identify(src/leo_common-ros2/leo_teleop) by extension 'ros'
[0.167s] DEBUG:colcon.colcon_core.package_identification:Package 'src/leo_common-ros2/leo_teleop' with type 'ros.ament_cmake' and name 'leo_teleop'
[0.167s] Level 1:colcon.colcon_core.package_identification:_identify(src/navigation_demos) by extensions ['ignore', 'ignore_ament_install']
[0.167s] Level 1:colcon.colcon_core.package_identification:_identify(src/navigation_demos) by extension 'ignore'
[0.167s] Level 1:colcon.colcon_core.package_identification:_identify(src/navigation_demos) by extension 'ignore_ament_install'
[0.167s] Level 1:colcon.colcon_core.package_identification:_identify(src/navigation_demos) by extensions ['colcon_pkg']
[0.167s] Level 1:colcon.colcon_core.package_identification:_identify(src/navigation_demos) by extension 'colcon_pkg'
[0.167s] Level 1:colcon.colcon_core.package_identification:_identify(src/navigation_demos) by extensions ['colcon_meta']
[0.167s] Level 1:colcon.colcon_core.package_identification:_identify(src/navigation_demos) by extension 'colcon_meta'
[0.167s] Level 1:colcon.colcon_core.package_identification:_identify(src/navigation_demos) by extensions ['ros']
[0.167s] Level 1:colcon.colcon_core.package_identification:_identify(src/navigation_demos) by extension 'ros'
[0.167s] DEBUG:colcon.colcon_core.package_identification:Package 'src/navigation_demos' with type 'ros.ament_python' and name 'navigation_demos'
[0.167s] Level 1:colcon.colcon_core.package_identification:_identify(src/object_detect_opencv) by extensions ['ignore', 'ignore_ament_install']
[0.167s] Level 1:colcon.colcon_core.package_identification:_identify(src/object_detect_opencv) by extension 'ignore'
[0.167s] Level 1:colcon.colcon_core.package_identification:_identify(src/object_detect_opencv) by extension 'ignore_ament_install'
[0.167s] Level 1:colcon.colcon_core.package_identification:_identify(src/object_detect_opencv) by extensions ['colcon_pkg']
[0.167s] Level 1:colcon.colcon_core.package_identification:_identify(src/object_detect_opencv) by extension 'colcon_pkg'
[0.167s] Level 1:colcon.colcon_core.package_identification:_identify(src/object_detect_opencv) by extensions ['colcon_meta']
[0.167s] Level 1:colcon.colcon_core.package_identification:_identify(src/object_detect_opencv) by extension 'colcon_meta'
[0.167s] Level 1:colcon.colcon_core.package_identification:_identify(src/object_detect_opencv) by extensions ['ros']
[0.167s] Level 1:colcon.colcon_core.package_identification:_identify(src/object_detect_opencv) by extension 'ros'
[0.168s] DEBUG:colcon.colcon_core.package_identification:Package 'src/object_detect_opencv' with type 'ros.ament_python' and name 'object_detect_opencv'
[0.168s] Level 1:colcon.colcon_core.package_discovery:discover_packages(recursive) using defaults
[0.168s] Level 1:colcon.colcon_core.package_discovery:discover_packages(ignore) discover
[0.168s] Level 1:colcon.colcon_core.package_discovery:discover_packages(ignore) using defaults
[0.168s] Level 1:colcon.colcon_core.package_discovery:discover_packages(path) discover
[0.168s] Level 1:colcon.colcon_core.package_discovery:discover_packages(path) using defaults
[0.178s] Level 1:colcon.colcon_core.package_discovery:discover_packages(prefix_path) check parameters
[0.178s] Level 1:colcon.colcon_core.package_discovery:discover_packages(prefix_path) discover
[0.179s] DEBUG:colcon.colcon_installed_package_information.package_discovery:Found 7 installed packages in /home/mscrobotics2425laptop7/robotdesign - team10/install
[0.180s] DEBUG:colcon.colcon_installed_package_information.package_discovery:Found 341 installed packages in /opt/ros/humble
[0.181s] Level 1:colcon.colcon_core.package_discovery:discover_packages(prefix_path) using defaults
[0.201s] Level 5:colcon.colcon_core.verb:set package 'gz_example_robot_description' build argument 'cmake_args' from command line to 'None'
[0.201s] Level 5:colcon.colcon_core.verb:set package 'gz_example_robot_description' build argument 'cmake_target' from command line to 'None'
[0.201s] Level 5:colcon.colcon_core.verb:set package 'gz_example_robot_description' build argument 'cmake_target_skip_unavailable' from command line to 'False'
[0.201s] Level 5:colcon.colcon_core.verb:set package 'gz_example_robot_description' build argument 'cmake_clean_cache' from command line to 'False'
[0.201s] Level 5:colcon.colcon_core.verb:set package 'gz_example_robot_description' build argument 'cmake_clean_first' from command line to 'False'
[0.201s] Level 5:colcon.colcon_core.verb:set package 'gz_example_robot_description' build argument 'cmake_force_configure' from command line to 'False'
[0.201s] Level 5:colcon.colcon_core.verb:set package 'gz_example_robot_description' build argument 'ament_cmake_args' from command line to 'None'
[0.201s] Level 5:colcon.colcon_core.verb:set package 'gz_example_robot_description' build argument 'catkin_cmake_args' from command line to 'None'
[0.201s] Level 5:colcon.colcon_core.verb:set package 'gz_example_robot_description' build argument 'catkin_skip_building_tests' from command line to 'False'
[0.201s] DEBUG:colcon.colcon_core.verb:Building package 'gz_example_robot_description' with the following arguments: {'ament_cmake_args': None, 'build_base': '/home/mscrobotics2425laptop7/robotdesign - team10/build/gz_example_robot_description', 'catkin_cmake_args': None, 'catkin_skip_building_tests': False, 'cmake_args': None, 'cmake_clean_cache': False, 'cmake_clean_first': False, 'cmake_force_configure': False, 'cmake_target': None, 'cmake_target_skip_unavailable': False, 'install_base': '/home/mscrobotics2425laptop7/robotdesign - team10/install/gz_example_robot_description', 'merge_install': False, 'path': '/home/mscrobotics2425laptop7/robotdesign - team10/src/gz_example_robot_description/gz_example_robot_description', 'symlink_install': False, 'test_result_base': None}
[0.201s] Level 5:colcon.colcon_core.verb:set package 'leo_description' build argument 'cmake_args' from command line to 'None'
[0.201s] Level 5:colcon.colcon_core.verb:set package 'leo_description' build argument 'cmake_target' from command line to 'None'
[0.201s] Level 5:colcon.colcon_core.verb:set package 'leo_description' build argument 'cmake_target_skip_unavailable' from command line to 'False'
[0.201s] Level 5:colcon.colcon_core.verb:set package 'leo_description' build argument 'cmake_clean_cache' from command line to 'False'
[0.201s] Level 5:colcon.colcon_core.verb:set package 'leo_description' build argument 'cmake_clean_first' from command line to 'False'
[0.201s] Level 5:colcon.colcon_core.verb:set package 'leo_description' build argument 'cmake_force_configure' from command line to 'False'
[0.201s] Level 5:colcon.colcon_core.verb:set package 'leo_description' build argument 'ament_cmake_args' from command line to 'None'
[0.201s] Level 5:colcon.colcon_core.verb:set package 'leo_description' build argument 'catkin_cmake_args' from command line to 'None'
[0.201s] Level 5:colcon.colcon_core.verb:set package 'leo_description' build argument 'catkin_skip_building_tests' from command line to 'False'
[0.201s] DEBUG:colcon.colcon_core.verb:Building package 'leo_description' with the following arguments: {'ament_cmake_args': None, 'build_base': '/home/mscrobotics2425laptop7/robotdesign - team10/build/leo_description', 'catkin_cmake_args': None, 'catkin_skip_building_tests': False, 'cmake_args': None, 'cmake_clean_cache': False, 'cmake_clean_first': False, 'cmake_force_configure': False, 'cmake_target': None, 'cmake_target_skip_unavailable': False, 'install_base': '/home/mscrobotics2425laptop7/robotdesign - team10/install/leo_description', 'merge_install': False, 'path': '/home/mscrobotics2425laptop7/robotdesign - team10/src/leo_common-ros2/leo_description', 'symlink_install': False, 'test_result_base': None}
[0.202s] Level 5:colcon.colcon_core.verb:set package 'leo_msgs' build argument 'cmake_args' from command line to 'None'
[0.202s] Level 5:colcon.colcon_core.verb:set package 'leo_msgs' build argument 'cmake_target' from command line to 'None'
[0.202s] Level 5:colcon.colcon_core.verb:set package 'leo_msgs' build argument 'cmake_target_skip_unavailable' from command line to 'False'
[0.202s] Level 5:colcon.colcon_core.verb:set package 'leo_msgs' build argument 'cmake_clean_cache' from command line to 'False'
[0.202s] Level 5:colcon.colcon_core.verb:set package 'leo_msgs' build argument 'cmake_clean_first' from command line to 'False'
[0.202s] Level 5:colcon.colcon_core.verb:set package 'leo_msgs' build argument 'cmake_force_configure' from command line to 'False'
[0.202s] Level 5:colcon.colcon_core.verb:set package 'leo_msgs' build argument 'ament_cmake_args' from command line to 'None'
[0.202s] Level 5:colcon.colcon_core.verb:set package 'leo_msgs' build argument 'catkin_cmake_args' from command line to 'None'
[0.202s] Level 5:colcon.colcon_core.verb:set package 'leo_msgs' build argument 'catkin_skip_building_tests' from command line to 'False'
[0.202s] DEBUG:colcon.colcon_core.verb:Building package 'leo_msgs' with the following arguments: {'ament_cmake_args': None, 'build_base': '/home/mscrobotics2425laptop7/robotdesign - team10/build/leo_msgs', 'catkin_cmake_args': None, 'catkin_skip_building_tests': False, 'cmake_args': None, 'cmake_clean_cache': False, 'cmake_clean_first': False, 'cmake_force_configure': False, 'cmake_target': None, 'cmake_target_skip_unavailable': False, 'install_base': '/home/mscrobotics2425laptop7/robotdesign - team10/install/leo_msgs', 'merge_install': False, 'path': '/home/mscrobotics2425laptop7/robotdesign - team10/src/leo_common-ros2/leo_msgs', 'symlink_install': False, 'test_result_base': None}
[0.202s] Level 5:colcon.colcon_core.verb:set package 'leo_teleop' build argument 'cmake_args' from command line to 'None'
[0.202s] Level 5:colcon.colcon_core.verb:set package 'leo_teleop' build argument 'cmake_target' from command line to 'None'
[0.202s] Level 5:colcon.colcon_core.verb:set package 'leo_teleop' build argument 'cmake_target_skip_unavailable' from command line to 'False'
[0.202s] Level 5:colcon.colcon_core.verb:set package 'leo_teleop' build argument 'cmake_clean_cache' from command line to 'False'
[0.202s] Level 5:colcon.colcon_core.verb:set package 'leo_teleop' build argument 'cmake_clean_first' from command line to 'False'
[0.202s] Level 5:colcon.colcon_core.verb:set package 'leo_teleop' build argument 'cmake_force_configure' from command line to 'False'
[0.202s] Level 5:colcon.colcon_core.verb:set package 'leo_teleop' build argument 'ament_cmake_args' from command line to 'None'
[0.202s] Level 5:colcon.colcon_core.verb:set package 'leo_teleop' build argument 'catkin_cmake_args' from command line to 'None'
[0.202s] Level 5:colcon.colcon_core.verb:set package 'leo_teleop' build argument 'catkin_skip_building_tests' from command line to 'False'
[0.202s] DEBUG:colcon.colcon_core.verb:Building package 'leo_teleop' with the following arguments: {'ament_cmake_args': None, 'build_base': '/home/mscrobotics2425laptop7/robotdesign - team10/build/leo_teleop', 'catkin_cmake_args': None, 'catkin_skip_building_tests': False, 'cmake_args': None, 'cmake_clean_cache': False, 'cmake_clean_first': False, 'cmake_force_configure': False, 'cmake_target': None, 'cmake_target_skip_unavailable': False, 'install_base': '/home/mscrobotics2425laptop7/robotdesign - team10/install/leo_teleop', 'merge_install': False, 'path': '/home/mscrobotics2425laptop7/robotdesign - team10/src/leo_common-ros2/leo_teleop', 'symlink_install': False, 'test_result_base': None}
[0.202s] Level 5:colcon.colcon_core.verb:set package 'navigation_demos' build argument 'cmake_args' from command line to 'None'
[0.202s] Level 5:colcon.colcon_core.verb:set package 'navigation_demos' build argument 'cmake_target' from command line to 'None'
[0.202s] Level 5:colcon.colcon_core.verb:set package 'navigation_demos' build argument 'cmake_target_skip_unavailable' from command line to 'False'
[0.202s] Level 5:colcon.colcon_core.verb:set package 'navigation_demos' build argument 'cmake_clean_cache' from command line to 'False'
[0.202s] Level 5:colcon.colcon_core.verb:set package 'navigation_demos' build argument 'cmake_clean_first' from command line to 'False'
[0.202s] Level 5:colcon.colcon_core.verb:set package 'navigation_demos' build argument 'cmake_force_configure' from command line to 'False'
[0.202s] Level 5:colcon.colcon_core.verb:set package 'navigation_demos' build argument 'ament_cmake_args' from command line to 'None'
[0.202s] Level 5:colcon.colcon_core.verb:set package 'navigation_demos' build argument 'catkin_cmake_args' from command line to 'None'
[0.202s] Level 5:colcon.colcon_core.verb:set package 'navigation_demos' build argument 'catkin_skip_building_tests' from command line to 'False'
[0.202s] DEBUG:colcon.colcon_core.verb:Building package 'navigation_demos' with the following arguments: {'ament_cmake_args': None, 'build_base': '/home/mscrobotics2425laptop7/robotdesign - team10/build/navigation_demos', 'catkin_cmake_args': None, 'catkin_skip_building_tests': False, 'cmake_args': None, 'cmake_clean_cache': False, 'cmake_clean_first': False, 'cmake_force_configure': False, 'cmake_target': None, 'cmake_target_skip_unavailable': False, 'install_base': '/home/mscrobotics2425laptop7/robotdesign - team10/install/navigation_demos', 'merge_install': False, 'path': '/home/mscrobotics2425laptop7/robotdesign - team10/src/navigation_demos', 'symlink_install': False, 'test_result_base': None}
[0.202s] Level 5:colcon.colcon_core.verb:set package 'object_detect_opencv' build argument 'cmake_args' from command line to 'None'
[0.202s] Level 5:colcon.colcon_core.verb:set package 'object_detect_opencv' build argument 'cmake_target' from command line to 'None'
[0.202s] Level 5:colcon.colcon_core.verb:set package 'object_detect_opencv' build argument 'cmake_target_skip_unavailable' from command line to 'False'
[0.202s] Level 5:colcon.colcon_core.verb:set package 'object_detect_opencv' build argument 'cmake_clean_cache' from command line to 'False'
[0.202s] Level 5:colcon.colcon_core.verb:set package 'object_detect_opencv' build argument 'cmake_clean_first' from command line to 'False'
[0.202s] Level 5:colcon.colcon_core.verb:set package 'object_detect_opencv' build argument 'cmake_force_configure' from command line to 'False'
[0.202s] Level 5:colcon.colcon_core.verb:set package 'object_detect_opencv' build argument 'ament_cmake_args' from command line to 'None'
[0.202s] Level 5:colcon.colcon_core.verb:set package 'object_detect_opencv' build argument 'catkin_cmake_args' from command line to 'None'
[0.202s] Level 5:colcon.colcon_core.verb:set package 'object_detect_opencv' build argument 'catkin_skip_building_tests' from command line to 'False'
[0.202s] DEBUG:colcon.colcon_core.verb:Building package 'object_detect_opencv' with the following arguments: {'ament_cmake_args': None, 'build_base': '/home/mscrobotics2425laptop7/robotdesign - team10/build/object_detect_opencv', 'catkin_cmake_args': None, 'catkin_skip_building_tests': False, 'cmake_args': None, 'cmake_clean_cache': False, 'cmake_clean_first': False, 'cmake_force_configure': False, 'cmake_target': None, 'cmake_target_skip_unavailable': False, 'install_base': '/home/mscrobotics2425laptop7/robotdesign - team10/install/object_detect_opencv', 'merge_install': False, 'path': '/home/mscrobotics2425laptop7/robotdesign - team10/src/object_detect_opencv', 'symlink_install': False, 'test_result_base': None}
[0.203s] Level 5:colcon.colcon_core.verb:set package 'leo' build argument 'cmake_args' from command line to 'None'
[0.203s] Level 5:colcon.colcon_core.verb:set package 'leo' build argument 'cmake_target' from command line to 'None'
[0.203s] Level 5:colcon.colcon_core.verb:set package 'leo' build argument 'cmake_target_skip_unavailable' from command line to 'False'
[0.203s] Level 5:colcon.colcon_core.verb:set package 'leo' build argument 'cmake_clean_cache' from command line to 'False'
[0.203s] Level 5:colcon.colcon_core.verb:set package 'leo' build argument 'cmake_clean_first' from command line to 'False'
[0.203s] Level 5:colcon.colcon_core.verb:set package 'leo' build argument 'cmake_force_configure' from command line to 'False'
[0.203s] Level 5:colcon.colcon_core.verb:set package 'leo' build argument 'ament_cmake_args' from command line to 'None'
[0.203s] Level 5:colcon.colcon_core.verb:set package 'leo' build argument 'catkin_cmake_args' from command line to 'None'
[0.203s] Level 5:colcon.colcon_core.verb:set package 'leo' build argument 'catkin_skip_building_tests' from command line to 'False'
[0.203s] DEBUG:colcon.colcon_core.verb:Building package 'leo' with the following arguments: {'ament_cmake_args': None, 'build_base': '/home/mscrobotics2425laptop7/robotdesign - team10/build/leo', 'catkin_cmake_args': None, 'catkin_skip_building_tests': False, 'cmake_args': None, 'cmake_clean_cache': False, 'cmake_clean_first': False, 'cmake_force_configure': False, 'cmake_target': None, 'cmake_target_skip_unavailable': False, 'install_base': '/home/mscrobotics2425laptop7/robotdesign - team10/install/leo', 'merge_install': False, 'path': '/home/mscrobotics2425laptop7/robotdesign - team10/src/leo_common-ros2/leo', 'symlink_install': False, 'test_result_base': None}
[0.203s] INFO:colcon.colcon_core.executor:Executing jobs using 'parallel' executor
[0.204s] DEBUG:colcon.colcon_parallel_executor.executor.parallel:run_until_complete
[0.204s] INFO:colcon.colcon_ros.task.ament_cmake.build:Building ROS package in '/home/mscrobotics2425laptop7/robotdesign - team10/src/leo_common-ros2/leo_description' with build type 'ament_cmake'
[0.204s] INFO:colcon.colcon_cmake.task.cmake.build:Building CMake package in '/home/mscrobotics2425laptop7/robotdesign - team10/src/leo_common-ros2/leo_description'
[0.205s] INFO:colcon.colcon_core.plugin_system:Skipping extension 'colcon_core.shell.bat': Not used on non-Windows systems
[0.205s] INFO:colcon.colcon_core.shell:Skip shell extension 'powershell' for command environment: Not usable outside of PowerShell
[0.205s] DEBUG:colcon.colcon_core.shell:Skip shell extension 'dsv' for command environment
[0.207s] INFO:colcon.colcon_ros.task.ament_cmake.build:Building ROS package in '/home/mscrobotics2425laptop7/robotdesign - team10/src/leo_common-ros2/leo_msgs' with build type 'ament_cmake'
[0.208s] INFO:colcon.colcon_cmake.task.cmake.build:Building CMake package in '/home/mscrobotics2425laptop7/robotdesign - team10/src/leo_common-ros2/leo_msgs'
[0.208s] INFO:colcon.colcon_core.shell:Skip shell extension 'powershell' for command environment: Not usable outside of PowerShell
[0.208s] DEBUG:colcon.colcon_core.shell:Skip shell extension 'dsv' for command environment
[0.211s] INFO:colcon.colcon_ros.task.ament_cmake.build:Building ROS package in '/home/mscrobotics2425laptop7/robotdesign - team10/src/leo_common-ros2/leo_teleop' with build type 'ament_cmake'
[0.211s] INFO:colcon.colcon_cmake.task.cmake.build:Building CMake package in '/home/mscrobotics2425laptop7/robotdesign - team10/src/leo_common-ros2/leo_teleop'
[0.212s] INFO:colcon.colcon_core.shell:Skip shell extension 'powershell' for command environment: Not usable outside of PowerShell
[0.212s] DEBUG:colcon.colcon_core.shell:Skip shell extension 'dsv' for command environment
[0.215s] INFO:colcon.colcon_ros.task.ament_python.build:Building ROS package in '/home/mscrobotics2425laptop7/robotdesign - team10/src/gz_example_robot_description/gz_example_robot_description' with build type 'ament_python'
[0.216s] Level 1:colcon.colcon_core.shell:create_environment_hook('gz_example_robot_description', 'ament_prefix_path')
[0.216s] INFO:colcon.colcon_core.shell:Creating environment hook '/home/mscrobotics2425laptop7/robotdesign - team10/install/gz_example_robot_description/share/gz_example_robot_description/hook/ament_prefix_path.ps1'
[0.217s] INFO:colcon.colcon_core.shell:Creating environment descriptor '/home/mscrobotics2425laptop7/robotdesign - team10/install/gz_example_robot_description/share/gz_example_robot_description/hook/ament_prefix_path.dsv'
[0.218s] INFO:colcon.colcon_core.shell:Creating environment hook '/home/mscrobotics2425laptop7/robotdesign - team10/install/gz_example_robot_description/share/gz_example_robot_description/hook/ament_prefix_path.sh'
[0.219s] INFO:colcon.colcon_core.shell:Skip shell extension 'powershell' for command environment: Not usable outside of PowerShell
[0.219s] DEBUG:colcon.colcon_core.shell:Skip shell extension 'dsv' for command environment
[0.223s] INFO:colcon.colcon_ros.task.ament_python.build:Building ROS package in '/home/mscrobotics2425laptop7/robotdesign - team10/src/navigation_demos' with build type 'ament_python'
[0.223s] Level 1:colcon.colcon_core.shell:create_environment_hook('navigation_demos', 'ament_prefix_path')
[0.223s] INFO:colcon.colcon_core.shell:Creating environment hook '/home/mscrobotics2425laptop7/robotdesign - team10/install/navigation_demos/share/navigation_demos/hook/ament_prefix_path.ps1'
[0.224s] INFO:colcon.colcon_core.shell:Creating environment descriptor '/home/mscrobotics2425laptop7/robotdesign - team10/install/navigation_demos/share/navigation_demos/hook/ament_prefix_path.dsv'
[0.225s] INFO:colcon.colcon_core.shell:Creating environment hook '/home/mscrobotics2425laptop7/robotdesign - team10/install/navigation_demos/share/navigation_demos/hook/ament_prefix_path.sh'
[0.225s] INFO:colcon.colcon_core.shell:Skip shell extension 'powershell' for command environment: Not usable outside of PowerShell
[0.225s] DEBUG:colcon.colcon_core.shell:Skip shell extension 'dsv' for command environment
[0.228s] INFO:colcon.colcon_ros.task.ament_python.build:Building ROS package in '/home/mscrobotics2425laptop7/robotdesign - team10/src/object_detect_opencv' with build type 'ament_python'
[0.228s] Level 1:colcon.colcon_core.shell:create_environment_hook('object_detect_opencv', 'ament_prefix_path')
[0.229s] INFO:colcon.colcon_core.shell:Creating environment hook '/home/mscrobotics2425laptop7/robotdesign - team10/install/object_detect_opencv/share/object_detect_opencv/hook/ament_prefix_path.ps1'
[0.229s] INFO:colcon.colcon_core.shell:Creating environment descriptor '/home/mscrobotics2425laptop7/robotdesign - team10/install/object_detect_opencv/share/object_detect_opencv/hook/ament_prefix_path.dsv'
[0.230s] INFO:colcon.colcon_core.shell:Creating environment hook '/home/mscrobotics2425laptop7/robotdesign - team10/install/object_detect_opencv/share/object_detect_opencv/hook/ament_prefix_path.sh'
[0.230s] INFO:colcon.colcon_core.shell:Skip shell extension 'powershell' for command environment: Not usable outside of PowerShell
[0.230s] DEBUG:colcon.colcon_core.shell:Skip shell extension 'dsv' for command environment
[0.236s] DEBUG:colcon.colcon_core.event_handler.log_command:Invoking command in '/home/mscrobotics2425laptop7/robotdesign - team10/build/leo_description': CMAKE_PREFIX_PATH=${CMAKE_PREFIX_PATH}:/home/mscrobotics2425laptop7/robotdesign - team10/install/object_detect_opencv:/home/mscrobotics2425laptop7/robotdesign - team10/install/navigation_demos:/home/mscrobotics2425laptop7/robotdesign - team10/install/gz_example_robot_description:/opt/ros/humble /usr/bin/cmake --build /home/mscrobotics2425laptop7/robotdesign - team10/build/leo_description -- -j12 -l12
[0.242s] DEBUG:colcon.colcon_core.event_handler.log_command:Invoking command in '/home/mscrobotics2425laptop7/robotdesign - team10/build/leo_msgs': CMAKE_PREFIX_PATH=${CMAKE_PREFIX_PATH}:/home/mscrobotics2425laptop7/robotdesign - team10/install/object_detect_opencv:/home/mscrobotics2425laptop7/robotdesign - team10/install/navigation_demos:/home/mscrobotics2425laptop7/robotdesign - team10/install/gz_example_robot_description:/opt/ros/humble /usr/bin/cmake --build /home/mscrobotics2425laptop7/robotdesign - team10/build/leo_msgs -- -j12 -l12
[0.246s] DEBUG:colcon.colcon_core.event_handler.log_command:Invoking command in '/home/mscrobotics2425laptop7/robotdesign - team10/build/leo_teleop': CMAKE_PREFIX_PATH=${CMAKE_PREFIX_PATH}:/home/mscrobotics2425laptop7/robotdesign - team10/install/object_detect_opencv:/home/mscrobotics2425laptop7/robotdesign - team10/install/navigation_demos:/home/mscrobotics2425laptop7/robotdesign - team10/install/gz_example_robot_description:/opt/ros/humble /usr/bin/cmake --build /home/mscrobotics2425laptop7/robotdesign - team10/build/leo_teleop -- -j12 -l12
[0.508s] INFO:colcon.colcon_core.task.python.build:Building Python package in '/home/mscrobotics2425laptop7/robotdesign - team10/src/gz_example_robot_description/gz_example_robot_description'
[0.508s] INFO:colcon.colcon_core.shell:Skip shell extension 'powershell' for command environment: Not usable outside of PowerShell
[0.508s] DEBUG:colcon.colcon_core.shell:Skip shell extension 'dsv' for command environment
[0.651s] INFO:colcon.colcon_core.task.python.build:Building Python package in '/home/mscrobotics2425laptop7/robotdesign - team10/src/navigation_demos'
[0.652s] INFO:colcon.colcon_core.shell:Skip shell extension 'powershell' for command environment: Not usable outside of PowerShell
[0.652s] DEBUG:colcon.colcon_core.shell:Skip shell extension 'dsv' for command environment
[0.806s] INFO:colcon.colcon_core.task.python.build:Building Python package in '/home/mscrobotics2425laptop7/robotdesign - team10/src/object_detect_opencv'
[0.806s] INFO:colcon.colcon_core.shell:Skip shell extension 'powershell' for command environment: Not usable outside of PowerShell
[0.806s] DEBUG:colcon.colcon_core.shell:Skip shell extension 'dsv' for command environment
[0.810s] DEBUG:colcon.colcon_core.event_handler.log_command:Invoked command in '/home/mscrobotics2425laptop7/robotdesign - team10/build/leo_msgs' returned '0': CMAKE_PREFIX_PATH=${CMAKE_PREFIX_PATH}:/home/mscrobotics2425laptop7/robotdesign - team10/install/object_detect_opencv:/home/mscrobotics2425laptop7/robotdesign - team10/install/navigation_demos:/home/mscrobotics2425laptop7/robotdesign - team10/install/gz_example_robot_description:/opt/ros/humble /usr/bin/cmake --build /home/mscrobotics2425laptop7/robotdesign - team10/build/leo_msgs -- -j12 -l12
[0.811s] DEBUG:colcon.colcon_core.event_handler.log_command:Invoked command in '/home/mscrobotics2425laptop7/robotdesign - team10/build/leo_teleop' returned '0': CMAKE_PREFIX_PATH=${CMAKE_PREFIX_PATH}:/home/mscrobotics2425laptop7/robotdesign - team10/install/object_detect_opencv:/home/mscrobotics2425laptop7/robotdesign - team10/install/navigation_demos:/home/mscrobotics2425laptop7/robotdesign - team10/install/gz_example_robot_description:/opt/ros/humble /usr/bin/cmake --build /home/mscrobotics2425laptop7/robotdesign - team10/build/leo_teleop -- -j12 -l12
[0.817s] DEBUG:colcon.colcon_core.event_handler.log_command:Invoked command in '/home/mscrobotics2425laptop7/robotdesign - team10/build/leo_description' returned '0': CMAKE_PREFIX_PATH=${CMAKE_PREFIX_PATH}:/home/mscrobotics2425laptop7/robotdesign - team10/install/object_detect_opencv:/home/mscrobotics2425laptop7/robotdesign - team10/install/navigation_demos:/home/mscrobotics2425laptop7/robotdesign - team10/install/gz_example_robot_description:/opt/ros/humble /usr/bin/cmake --build /home/mscrobotics2425laptop7/robotdesign - team10/build/leo_description -- -j12 -l12
[0.835s] DEBUG:colcon.colcon_core.event_handler.log_command:Invoking command in '/home/mscrobotics2425laptop7/robotdesign - team10/build/leo_teleop': CMAKE_PREFIX_PATH=${CMAKE_PREFIX_PATH}:/home/mscrobotics2425laptop7/robotdesign - team10/install/object_detect_opencv:/home/mscrobotics2425laptop7/robotdesign - team10/install/navigation_demos:/home/mscrobotics2425laptop7/robotdesign - team10/install/gz_example_robot_description:/opt/ros/humble /usr/bin/cmake --install /home/mscrobotics2425laptop7/robotdesign - team10/build/leo_teleop
[0.836s] DEBUG:colcon.colcon_core.event_handler.log_command:Invoking command in '/home/mscrobotics2425laptop7/robotdesign - team10/build/leo_description': CMAKE_PREFIX_PATH=${CMAKE_PREFIX_PATH}:/home/mscrobotics2425laptop7/robotdesign - team10/install/object_detect_opencv:/home/mscrobotics2425laptop7/robotdesign - team10/install/navigation_demos:/home/mscrobotics2425laptop7/robotdesign - team10/install/gz_example_robot_description:/opt/ros/humble /usr/bin/cmake --install /home/mscrobotics2425laptop7/robotdesign - team10/build/leo_description
[0.847s] Level 1:colcon.colcon_core.environment:create_environment_scripts_only(leo_teleop)
[0.851s] DEBUG:colcon.colcon_core.event_handler.log_command:Invoked command in '/home/mscrobotics2425laptop7/robotdesign - team10/build/leo_teleop' returned '0': CMAKE_PREFIX_PATH=${CMAKE_PREFIX_PATH}:/home/mscrobotics2425laptop7/robotdesign - team10/install/object_detect_opencv:/home/mscrobotics2425laptop7/robotdesign - team10/install/navigation_demos:/home/mscrobotics2425laptop7/robotdesign - team10/install/gz_example_robot_description:/opt/ros/humble /usr/bin/cmake --install /home/mscrobotics2425laptop7/robotdesign - team10/build/leo_teleop
[0.854s] Level 1:colcon.colcon_core.environment:checking '/home/mscrobotics2425laptop7/robotdesign - team10/install/leo_teleop' for CMake module files
[0.854s] Level 1:colcon.colcon_core.environment:checking '/home/mscrobotics2425laptop7/robotdesign - team10/install/leo_teleop' for CMake config files
[0.855s] Level 1:colcon.colcon_core.shell:create_environment_hook('leo_teleop', 'cmake_prefix_path')
[0.855s] INFO:colcon.colcon_core.shell:Creating environment hook '/home/mscrobotics2425laptop7/robotdesign - team10/install/leo_teleop/share/leo_teleop/hook/cmake_prefix_path.ps1'
[0.856s] INFO:colcon.colcon_core.shell:Creating environment descriptor '/home/mscrobotics2425laptop7/robotdesign - team10/install/leo_teleop/share/leo_teleop/hook/cmake_prefix_path.dsv'
[0.856s] INFO:colcon.colcon_core.shell:Creating environment hook '/home/mscrobotics2425laptop7/robotdesign - team10/install/leo_teleop/share/leo_teleop/hook/cmake_prefix_path.sh'
[0.857s] Level 1:colcon.colcon_core.environment:checking '/home/mscrobotics2425laptop7/robotdesign - team10/install/leo_teleop/bin'
[0.857s] Level 1:colcon.colcon_core.environment:checking '/home/mscrobotics2425laptop7/robotdesign - team10/install/leo_teleop/lib/pkgconfig/leo_teleop.pc'
[0.857s] Level 1:colcon.colcon_core.environment:checking '/home/mscrobotics2425laptop7/robotdesign - team10/install/leo_teleop/lib/python3.10/site-packages'
[0.858s] Level 1:colcon.colcon_core.environment:checking '/home/mscrobotics2425laptop7/robotdesign - team10/install/leo_teleop/bin'
[0.858s] INFO:colcon.colcon_core.shell:Creating package script '/home/mscrobotics2425laptop7/robotdesign - team10/install/leo_teleop/share/leo_teleop/package.ps1'
[0.859s] INFO:colcon.colcon_core.shell:Creating package descriptor '/home/mscrobotics2425laptop7/robotdesign - team10/install/leo_teleop/share/leo_teleop/package.dsv'
[0.860s] INFO:colcon.colcon_core.shell:Creating package script '/home/mscrobotics2425laptop7/robotdesign - team10/install/leo_teleop/share/leo_teleop/package.sh'
[0.861s] INFO:colcon.colcon_core.shell:Creating package script '/home/mscrobotics2425laptop7/robotdesign - team10/install/leo_teleop/share/leo_teleop/package.bash'
[0.861s] INFO:colcon.colcon_core.shell:Creating package script '/home/mscrobotics2425laptop7/robotdesign - team10/install/leo_teleop/share/leo_teleop/package.zsh'
[0.862s] Level 1:colcon.colcon_core.environment:create_file_with_runtime_dependencies(/home/mscrobotics2425laptop7/robotdesign - team10/install/leo_teleop/share/colcon-core/packages/leo_teleop)
[0.863s] Level 1:colcon.colcon_core.environment:create_environment_scripts_only(leo_description)
[0.864s] Level 1:colcon.colcon_core.environment:checking '/home/mscrobotics2425laptop7/robotdesign - team10/install/leo_description' for CMake module files
[0.864s] DEBUG:colcon.colcon_core.event_handler.log_command:Invoked command in '/home/mscrobotics2425laptop7/robotdesign - team10/build/leo_description' returned '0': CMAKE_PREFIX_PATH=${CMAKE_PREFIX_PATH}:/home/mscrobotics2425laptop7/robotdesign - team10/install/object_detect_opencv:/home/mscrobotics2425laptop7/robotdesign - team10/install/navigation_demos:/home/mscrobotics2425laptop7/robotdesign - team10/install/gz_example_robot_description:/opt/ros/humble /usr/bin/cmake --install /home/mscrobotics2425laptop7/robotdesign - team10/build/leo_description
[0.864s] Level 1:colcon.colcon_core.environment:checking '/home/mscrobotics2425laptop7/robotdesign - team10/install/leo_description' for CMake config files
[0.865s] Level 1:colcon.colcon_core.shell:create_environment_hook('leo_description', 'cmake_prefix_path')
[0.865s] INFO:colcon.colcon_core.shell:Creating environment hook '/home/mscrobotics2425laptop7/robotdesign - team10/install/leo_description/share/leo_description/hook/cmake_prefix_path.ps1'
[0.866s] INFO:colcon.colcon_core.shell:Creating environment descriptor '/home/mscrobotics2425laptop7/robotdesign - team10/install/leo_description/share/leo_description/hook/cmake_prefix_path.dsv'
[0.866s] INFO:colcon.colcon_core.shell:Creating environment hook '/home/mscrobotics2425laptop7/robotdesign - team10/install/leo_description/share/leo_description/hook/cmake_prefix_path.sh'
[0.867s] Level 1:colcon.colcon_core.environment:checking '/home/mscrobotics2425laptop7/robotdesign - team10/install/leo_description/bin'
[0.867s] Level 1:colcon.colcon_core.environment:checking '/home/mscrobotics2425laptop7/robotdesign - team10/install/leo_description/lib/pkgconfig/leo_description.pc'
[0.867s] Level 1:colcon.colcon_core.environment:checking '/home/mscrobotics2425laptop7/robotdesign - team10/install/leo_description/lib/python3.10/site-packages'
[0.867s] Level 1:colcon.colcon_core.environment:checking '/home/mscrobotics2425laptop7/robotdesign - team10/install/leo_description/bin'
[0.868s] INFO:colcon.colcon_core.shell:Creating package script '/home/mscrobotics2425laptop7/robotdesign - team10/install/leo_description/share/leo_description/package.ps1'
[0.869s] INFO:colcon.colcon_core.shell:Creating package descriptor '/home/mscrobotics2425laptop7/robotdesign - team10/install/leo_description/share/leo_description/package.dsv'
[0.869s] INFO:colcon.colcon_core.shell:Creating package script '/home/mscrobotics2425laptop7/robotdesign - team10/install/leo_description/share/leo_description/package.sh'
[0.870s] INFO:colcon.colcon_core.shell:Creating package script '/home/mscrobotics2425laptop7/robotdesign - team10/install/leo_description/share/leo_description/package.bash'
[0.870s] INFO:colcon.colcon_core.shell:Creating package script '/home/mscrobotics2425laptop7/robotdesign - team10/install/leo_description/share/leo_description/package.zsh'
[0.871s] Level 1:colcon.colcon_core.environment:create_file_with_runtime_dependencies(/home/mscrobotics2425laptop7/robotdesign - team10/install/leo_description/share/colcon-core/packages/leo_description)
[0.880s] Level 1:colcon.colcon_core.environment:create_environment_scripts_only(leo_teleop)
[0.880s] Level 1:colcon.colcon_core.environment:checking '/home/mscrobotics2425laptop7/robotdesign - team10/install/leo_teleop' for CMake module files
[0.880s] Level 1:colcon.colcon_core.environment:checking '/home/mscrobotics2425laptop7/robotdesign - team10/install/leo_teleop' for CMake config files
[0.881s] Level 1:colcon.colcon_core.shell:create_environment_hook('leo_teleop', 'cmake_prefix_path')
[0.881s] INFO:colcon.colcon_core.shell:Creating environment hook '/home/mscrobotics2425laptop7/robotdesign - team10/install/leo_teleop/share/leo_teleop/hook/cmake_prefix_path.ps1'
[0.881s] INFO:colcon.colcon_core.shell:Creating environment descriptor '/home/mscrobotics2425laptop7/robotdesign - team10/install/leo_teleop/share/leo_teleop/hook/cmake_prefix_path.dsv'
[0.882s] INFO:colcon.colcon_core.shell:Creating environment hook '/home/mscrobotics2425laptop7/robotdesign - team10/install/leo_teleop/share/leo_teleop/hook/cmake_prefix_path.sh'
[0.883s] Level 1:colcon.colcon_core.environment:checking '/home/mscrobotics2425laptop7/robotdesign - team10/install/leo_teleop/bin'
[0.883s] Level 1:colcon.colcon_core.environment:checking '/home/mscrobotics2425laptop7/robotdesign - team10/install/leo_teleop/lib/pkgconfig/leo_teleop.pc'
[0.883s] Level 1:colcon.colcon_core.environment:checking '/home/mscrobotics2425laptop7/robotdesign - team10/install/leo_teleop/lib/python3.10/site-packages'
[0.883s] Level 1:colcon.colcon_core.environment:checking '/home/mscrobotics2425laptop7/robotdesign - team10/install/leo_teleop/bin'
[0.884s] INFO:colcon.colcon_core.shell:Creating package script '/home/mscrobotics2425laptop7/robotdesign - team10/install/leo_teleop/share/leo_teleop/package.ps1'
[0.884s] INFO:colcon.colcon_core.shell:Creating package descriptor '/home/mscrobotics2425laptop7/robotdesign - team10/install/leo_teleop/share/leo_teleop/package.dsv'
[0.885s] INFO:colcon.colcon_core.shell:Creating package script '/home/mscrobotics2425laptop7/robotdesign - team10/install/leo_teleop/share/leo_teleop/package.sh'
[0.885s] INFO:colcon.colcon_core.shell:Creating package script '/home/mscrobotics2425laptop7/robotdesign - team10/install/leo_teleop/share/leo_teleop/package.bash'
[0.886s] INFO:colcon.colcon_core.shell:Creating package script '/home/mscrobotics2425laptop7/robotdesign - team10/install/leo_teleop/share/leo_teleop/package.zsh'
[0.887s] Level 1:colcon.colcon_core.environment:create_file_with_runtime_dependencies(/home/mscrobotics2425laptop7/robotdesign - team10/install/leo_teleop/share/colcon-core/packages/leo_teleop)
[0.889s] Level 1:colcon.colcon_core.environment:create_environment_scripts_only(leo_description)
[0.889s] Level 1:colcon.colcon_core.environment:checking '/home/mscrobotics2425laptop7/robotdesign - team10/install/leo_description' for CMake module files
[0.890s] Level 1:colcon.colcon_core.environment:checking '/home/mscrobotics2425laptop7/robotdesign - team10/install/leo_description' for CMake config files
[0.890s] Level 1:colcon.colcon_core.shell:create_environment_hook('leo_description', 'cmake_prefix_path')
[0.890s] INFO:colcon.colcon_core.shell:Creating environment hook '/home/mscrobotics2425laptop7/robotdesign - team10/install/leo_description/share/leo_description/hook/cmake_prefix_path.ps1'
[0.891s] INFO:colcon.colcon_core.shell:Creating environment descriptor '/home/mscrobotics2425laptop7/robotdesign - team10/install/leo_description/share/leo_description/hook/cmake_prefix_path.dsv'
[0.891s] INFO:colcon.colcon_core.shell:Creating environment hook '/home/mscrobotics2425laptop7/robotdesign - team10/install/leo_description/share/leo_description/hook/cmake_prefix_path.sh'
[0.892s] Level 1:colcon.colcon_core.environment:checking '/home/mscrobotics2425laptop7/robotdesign - team10/install/leo_description/bin'
[0.892s] Level 1:colcon.colcon_core.environment:checking '/home/mscrobotics2425laptop7/robotdesign - team10/install/leo_description/lib/pkgconfig/leo_description.pc'
[0.893s] Level 1:colcon.colcon_core.environment:checking '/home/mscrobotics2425laptop7/robotdesign - team10/install/leo_description/lib/python3.10/site-packages'
[0.893s] Level 1:colcon.colcon_core.environment:checking '/home/mscrobotics2425laptop7/robotdesign - team10/install/leo_description/bin'
[0.894s] INFO:colcon.colcon_core.shell:Creating package script '/home/mscrobotics2425laptop7/robotdesign - team10/install/leo_description/share/leo_description/package.ps1'
[0.895s] INFO:colcon.colcon_core.shell:Creating package descriptor '/home/mscrobotics2425laptop7/robotdesign - team10/install/leo_description/share/leo_description/package.dsv'
[0.897s] INFO:colcon.colcon_core.shell:Creating package script '/home/mscrobotics2425laptop7/robotdesign - team10/install/leo_description/share/leo_description/package.sh'
[0.897s] INFO:colcon.colcon_core.shell:Creating package script '/home/mscrobotics2425laptop7/robotdesign - team10/install/leo_description/share/leo_description/package.bash'
[0.898s] INFO:colcon.colcon_core.shell:Creating package script '/home/mscrobotics2425laptop7/robotdesign - team10/install/leo_description/share/leo_description/package.zsh'
[0.899s] Level 1:colcon.colcon_core.environment:create_file_with_runtime_dependencies(/home/mscrobotics2425laptop7/robotdesign - team10/install/leo_description/share/colcon-core/packages/leo_description)
[0.921s] DEBUG:colcon.colcon_core.event_handler.log_command:Invoking command in '/home/mscrobotics2425laptop7/robotdesign - team10/build/leo_msgs': CMAKE_PREFIX_PATH=${CMAKE_PREFIX_PATH}:/home/mscrobotics2425laptop7/robotdesign - team10/install/object_detect_opencv:/home/mscrobotics2425laptop7/robotdesign - team10/install/navigation_demos:/home/mscrobotics2425laptop7/robotdesign - team10/install/gz_example_robot_description:/opt/ros/humble /usr/bin/cmake --install /home/mscrobotics2425laptop7/robotdesign - team10/build/leo_msgs
[0.970s] Level 1:colcon.colcon_core.environment:create_environment_scripts_only(leo_msgs)
[0.970s] Level 1:colcon.colcon_core.environment:checking '/home/mscrobotics2425laptop7/robotdesign - team10/install/leo_msgs' for CMake module files
[0.971s] DEBUG:colcon.colcon_core.event_handler.log_command:Invoked command in '/home/mscrobotics2425laptop7/robotdesign - team10/build/leo_msgs' returned '0': CMAKE_PREFIX_PATH=${CMAKE_PREFIX_PATH}:/home/mscrobotics2425laptop7/robotdesign - team10/install/object_detect_opencv:/home/mscrobotics2425laptop7/robotdesign - team10/install/navigation_demos:/home/mscrobotics2425laptop7/robotdesign - team10/install/gz_example_robot_description:/opt/ros/humble /usr/bin/cmake --install /home/mscrobotics2425laptop7/robotdesign - team10/build/leo_msgs
[0.971s] Level 1:colcon.colcon_core.environment:checking '/home/mscrobotics2425laptop7/robotdesign - team10/install/leo_msgs' for CMake config files
[0.972s] Level 1:colcon.colcon_core.shell:create_environment_hook('leo_msgs', 'cmake_prefix_path')
[0.972s] INFO:colcon.colcon_core.shell:Creating environment hook '/home/mscrobotics2425laptop7/robotdesign - team10/install/leo_msgs/share/leo_msgs/hook/cmake_prefix_path.ps1'
[0.972s] INFO:colcon.colcon_core.shell:Creating environment descriptor '/home/mscrobotics2425laptop7/robotdesign - team10/install/leo_msgs/share/leo_msgs/hook/cmake_prefix_path.dsv'
[0.973s] INFO:colcon.colcon_core.shell:Creating environment hook '/home/mscrobotics2425laptop7/robotdesign - team10/install/leo_msgs/share/leo_msgs/hook/cmake_prefix_path.sh'
[0.973s] Level 1:colcon.colcon_core.environment:checking '/home/mscrobotics2425laptop7/robotdesign - team10/install/leo_msgs/lib'
[0.973s] Level 1:colcon.colcon_core.shell:create_environment_hook('leo_msgs', 'ld_library_path_lib')
[0.974s] INFO:colcon.colcon_core.shell:Creating environment hook '/home/mscrobotics2425laptop7/robotdesign - team10/install/leo_msgs/share/leo_msgs/hook/ld_library_path_lib.ps1'
[0.974s] INFO:colcon.colcon_core.shell:Creating environment descriptor '/home/mscrobotics2425laptop7/robotdesign - team10/install/leo_msgs/share/leo_msgs/hook/ld_library_path_lib.dsv'
[0.974s] INFO:colcon.colcon_core.shell:Creating environment hook '/home/mscrobotics2425laptop7/robotdesign - team10/install/leo_msgs/share/leo_msgs/hook/ld_library_path_lib.sh'
[0.975s] Level 1:colcon.colcon_core.environment:checking '/home/mscrobotics2425laptop7/robotdesign - team10/install/leo_msgs/bin'
[0.975s] Level 1:colcon.colcon_core.environment:checking '/home/mscrobotics2425laptop7/robotdesign - team10/install/leo_msgs/lib/pkgconfig/leo_msgs.pc'
[0.975s] Level 1:colcon.colcon_core.environment:checking '/home/mscrobotics2425laptop7/robotdesign - team10/install/leo_msgs/lib/python3.10/site-packages'
[0.975s] Level 1:colcon.colcon_core.environment:checking '/home/mscrobotics2425laptop7/robotdesign - team10/install/leo_msgs/bin'
[0.975s] INFO:colcon.colcon_core.shell:Creating package script '/home/mscrobotics2425laptop7/robotdesign - team10/install/leo_msgs/share/leo_msgs/package.ps1'
[0.976s] INFO:colcon.colcon_core.shell:Creating package descriptor '/home/mscrobotics2425laptop7/robotdesign - team10/install/leo_msgs/share/leo_msgs/package.dsv'
[0.977s] INFO:colcon.colcon_core.shell:Creating package script '/home/mscrobotics2425laptop7/robotdesign - team10/install/leo_msgs/share/leo_msgs/package.sh'
[0.977s] INFO:colcon.colcon_core.shell:Creating package script '/home/mscrobotics2425laptop7/robotdesign - team10/install/leo_msgs/share/leo_msgs/package.bash'
[0.978s] INFO:colcon.colcon_core.shell:Creating package script '/home/mscrobotics2425laptop7/robotdesign - team10/install/leo_msgs/share/leo_msgs/package.zsh'
[0.978s] Level 1:colcon.colcon_core.environment:create_file_with_runtime_dependencies(/home/mscrobotics2425laptop7/robotdesign - team10/install/leo_msgs/share/colcon-core/packages/leo_msgs)
[1.100s] Level 1:colcon.colcon_core.environment:create_environment_scripts_only(leo_msgs)
[1.100s] Level 1:colcon.colcon_core.environment:checking '/home/mscrobotics2425laptop7/robotdesign - team10/install/leo_msgs' for CMake module files
[1.101s] Level 1:colcon.colcon_core.environment:checking '/home/mscrobotics2425laptop7/robotdesign - team10/install/leo_msgs' for CMake config files
[1.101s] Level 1:colcon.colcon_core.shell:create_environment_hook('leo_msgs', 'cmake_prefix_path')
[1.102s] INFO:colcon.colcon_core.shell:Creating environment hook '/home/mscrobotics2425laptop7/robotdesign - team10/install/leo_msgs/share/leo_msgs/hook/cmake_prefix_path.ps1'
[1.102s] INFO:colcon.colcon_core.shell:Creating environment descriptor '/home/mscrobotics2425laptop7/robotdesign - team10/install/leo_msgs/share/leo_msgs/hook/cmake_prefix_path.dsv'
[1.103s] INFO:colcon.colcon_core.shell:Creating environment hook '/home/mscrobotics2425laptop7/robotdesign - team10/install/leo_msgs/share/leo_msgs/hook/cmake_prefix_path.sh'
[1.104s] Level 1:colcon.colcon_core.environment:checking '/home/mscrobotics2425laptop7/robotdesign - team10/install/leo_msgs/lib'
[1.104s] Level 1:colcon.colcon_core.shell:create_environment_hook('leo_msgs', 'ld_library_path_lib')
[1.104s] INFO:colcon.colcon_core.shell:Creating environment hook '/home/mscrobotics2425laptop7/robotdesign - team10/install/leo_msgs/share/leo_msgs/hook/ld_library_path_lib.ps1'
[1.105s] INFO:colcon.colcon_core.shell:Creating environment descriptor '/home/mscrobotics2425laptop7/robotdesign - team10/install/leo_msgs/share/leo_msgs/hook/ld_library_path_lib.dsv'
[1.105s] INFO:colcon.colcon_core.shell:Creating environment hook '/home/mscrobotics2425laptop7/robotdesign - team10/install/leo_msgs/share/leo_msgs/hook/ld_library_path_lib.sh'
[1.106s] Level 1:colcon.colcon_core.environment:checking '/home/mscrobotics2425laptop7/robotdesign - team10/install/leo_msgs/bin'
[1.106s] Level 1:colcon.colcon_core.environment:checking '/home/mscrobotics2425laptop7/robotdesign - team10/install/leo_msgs/lib/pkgconfig/leo_msgs.pc'
[1.106s] Level 1:colcon.colcon_core.environment:checking '/home/mscrobotics2425laptop7/robotdesign - team10/install/leo_msgs/lib/python3.10/site-packages'
[1.107s] Level 1:colcon.colcon_core.environment:checking '/home/mscrobotics2425laptop7/robotdesign - team10/install/leo_msgs/bin'
[1.107s] INFO:colcon.colcon_core.shell:Creating package script '/home/mscrobotics2425laptop7/robotdesign - team10/install/leo_msgs/share/leo_msgs/package.ps1'
[1.108s] INFO:colcon.colcon_core.shell:Creating package descriptor '/home/mscrobotics2425laptop7/robotdesign - team10/install/leo_msgs/share/leo_msgs/package.dsv'
[1.108s] INFO:colcon.colcon_core.shell:Creating package script '/home/mscrobotics2425laptop7/robotdesign - team10/install/leo_msgs/share/leo_msgs/package.sh'
[1.109s] INFO:colcon.colcon_core.shell:Creating package script '/home/mscrobotics2425laptop7/robotdesign - team10/install/leo_msgs/share/leo_msgs/package.bash'
[1.109s] INFO:colcon.colcon_core.shell:Creating package script '/home/mscrobotics2425laptop7/robotdesign - team10/install/leo_msgs/share/leo_msgs/package.zsh'
[1.110s] Level 1:colcon.colcon_core.environment:create_file_with_runtime_dependencies(/home/mscrobotics2425laptop7/robotdesign - team10/install/leo_msgs/share/colcon-core/packages/leo_msgs)
[1.110s] INFO:colcon.colcon_ros.task.ament_cmake.build:Building ROS package in '/home/mscrobotics2425laptop7/robotdesign - team10/src/leo_common-ros2/leo' with build type 'ament_cmake'
[1.110s] INFO:colcon.colcon_cmake.task.cmake.build:Building CMake package in '/home/mscrobotics2425laptop7/robotdesign - team10/src/leo_common-ros2/leo'
[1.111s] INFO:colcon.colcon_core.shell:Skip shell extension 'powershell' for command environment: Not usable outside of PowerShell
[1.111s] DEBUG:colcon.colcon_core.shell:Skip shell extension 'dsv' for command environment
[1.120s] DEBUG:colcon.colcon_core.event_handler.log_command:Invoking command in '/home/mscrobotics2425laptop7/robotdesign - team10/src/gz_example_robot_description/gz_example_robot_description': PYTHONPATH=/home/mscrobotics2425laptop7/robotdesign - team10/build/gz_example_robot_description/prefix_override:/usr/lib/python3/dist-packages/colcon_core/task/python/colcon_distutils_commands:/home/mscrobotics2425laptop7/robotdesign - team10/install/gz_example_robot_description/lib/python3.10/site-packages:${PYTHONPATH} /usr/bin/python3 -W ignore:setup.py install is deprecated setup.py egg_info --egg-base ../../../build/gz_example_robot_description build --build-base /home/mscrobotics2425laptop7/robotdesign - team10/build/gz_example_robot_description/build install --record /home/mscrobotics2425laptop7/robotdesign - team10/build/gz_example_robot_description/install.log --single-version-externally-managed install_data
[1.125s] DEBUG:colcon.colcon_core.event_handler.log_command:Invoking command in '/home/mscrobotics2425laptop7/robotdesign - team10/build/leo': CMAKE_PREFIX_PATH=/home/mscrobotics2425laptop7/robotdesign - team10/install/leo_teleop:/home/mscrobotics2425laptop7/robotdesign - team10/install/leo_msgs:/home/mscrobotics2425laptop7/robotdesign - team10/install/leo_description:/home/mscrobotics2425laptop7/robotdesign - team10/install/leo:/home/mscrobotics2425laptop7/robotdesign - team10/install/object_detect_opencv:/home/mscrobotics2425laptop7/robotdesign - team10/install/navigation_demos:/home/mscrobotics2425laptop7/robotdesign - team10/install/gz_example_robot_description:/opt/ros/humble /usr/bin/cmake --build /home/mscrobotics2425laptop7/robotdesign - team10/build/leo -- -j12 -l12
[1.127s] DEBUG:colcon.colcon_core.event_handler.log_command:Invoking command in '/home/mscrobotics2425laptop7/robotdesign - team10/src/object_detect_opencv': PYTHONPATH=/home/mscrobotics2425laptop7/robotdesign - team10/build/object_detect_opencv/prefix_override:/usr/lib/python3/dist-packages/colcon_core/task/python/colcon_distutils_commands:/home/mscrobotics2425laptop7/robotdesign - team10/install/object_detect_opencv/lib/python3.10/site-packages:${PYTHONPATH} /usr/bin/python3 -W ignore:setup.py install is deprecated setup.py egg_info --egg-base ../../build/object_detect_opencv build --build-base /home/mscrobotics2425laptop7/robotdesign - team10/build/object_detect_opencv/build install --record /home/mscrobotics2425laptop7/robotdesign - team10/build/object_detect_opencv/install.log --single-version-externally-managed install_data
[1.158s] DEBUG:colcon.colcon_core.event_handler.log_command:Invoked command in '/home/mscrobotics2425laptop7/robotdesign - team10/build/leo' returned '0': CMAKE_PREFIX_PATH=/home/mscrobotics2425laptop7/robotdesign - team10/install/leo_teleop:/home/mscrobotics2425laptop7/robotdesign - team10/install/leo_msgs:/home/mscrobotics2425laptop7/robotdesign - team10/install/leo_description:/home/mscrobotics2425laptop7/robotdesign - team10/install/leo:/home/mscrobotics2425laptop7/robotdesign - team10/install/object_detect_opencv:/home/mscrobotics2425laptop7/robotdesign - team10/install/navigation_demos:/home/mscrobotics2425laptop7/robotdesign - team10/install/gz_example_robot_description:/opt/ros/humble /usr/bin/cmake --build /home/mscrobotics2425laptop7/robotdesign - team10/build/leo -- -j12 -l12
[1.179s] DEBUG:colcon.colcon_core.event_handler.log_command:Invoking command in '/home/mscrobotics2425laptop7/robotdesign - team10/build/leo': CMAKE_PREFIX_PATH=/home/mscrobotics2425laptop7/robotdesign - team10/install/leo_teleop:/home/mscrobotics2425laptop7/robotdesign - team10/install/leo_msgs:/home/mscrobotics2425laptop7/robotdesign - team10/install/leo_description:/home/mscrobotics2425laptop7/robotdesign - team10/install/leo:/home/mscrobotics2425laptop7/robotdesign - team10/install/object_detect_opencv:/home/mscrobotics2425laptop7/robotdesign - team10/install/navigation_demos:/home/mscrobotics2425laptop7/robotdesign - team10/install/gz_example_robot_description:/opt/ros/humble /usr/bin/cmake --install /home/mscrobotics2425laptop7/robotdesign - team10/build/leo
[1.188s] Level 1:colcon.colcon_core.environment:create_environment_scripts_only(leo)
[1.188s] Level 1:colcon.colcon_core.environment:checking '/home/mscrobotics2425laptop7/robotdesign - team10/install/leo' for CMake module files
[1.189s] DEBUG:colcon.colcon_core.event_handler.log_command:Invoked command in '/home/mscrobotics2425laptop7/robotdesign - team10/build/leo' returned '0': CMAKE_PREFIX_PATH=/home/mscrobotics2425laptop7/robotdesign - team10/install/leo_teleop:/home/mscrobotics2425laptop7/robotdesign - team10/install/leo_msgs:/home/mscrobotics2425laptop7/robotdesign - team10/install/leo_description:/home/mscrobotics2425laptop7/robotdesign - team10/install/leo:/home/mscrobotics2425laptop7/robotdesign - team10/install/object_detect_opencv:/home/mscrobotics2425laptop7/robotdesign - team10/install/navigation_demos:/home/mscrobotics2425laptop7/robotdesign - team10/install/gz_example_robot_description:/opt/ros/humble /usr/bin/cmake --install /home/mscrobotics2425laptop7/robotdesign - team10/build/leo
[1.189s] Level 1:colcon.colcon_core.environment:checking '/home/mscrobotics2425laptop7/robotdesign - team10/install/leo' for CMake config files
[1.189s] Level 1:colcon.colcon_core.shell:create_environment_hook('leo', 'cmake_prefix_path')
[1.189s] INFO:colcon.colcon_core.shell:Creating environment hook '/home/mscrobotics2425laptop7/robotdesign - team10/install/leo/share/leo/hook/cmake_prefix_path.ps1'
[1.190s] INFO:colcon.colcon_core.shell:Creating environment descriptor '/home/mscrobotics2425laptop7/robotdesign - team10/install/leo/share/leo/hook/cmake_prefix_path.dsv'
[1.190s] INFO:colcon.colcon_core.shell:Creating environment hook '/home/mscrobotics2425laptop7/robotdesign - team10/install/leo/share/leo/hook/cmake_prefix_path.sh'
[1.190s] Level 1:colcon.colcon_core.environment:checking '/home/mscrobotics2425laptop7/robotdesign - team10/install/leo/bin'
[1.190s] Level 1:colcon.colcon_core.environment:checking '/home/mscrobotics2425laptop7/robotdesign - team10/install/leo/lib/pkgconfig/leo.pc'
[1.190s] Level 1:colcon.colcon_core.environment:checking '/home/mscrobotics2425laptop7/robotdesign - team10/install/leo/lib/python3.10/site-packages'
[1.191s] Level 1:colcon.colcon_core.environment:checking '/home/mscrobotics2425laptop7/robotdesign - team10/install/leo/bin'
[1.191s] INFO:colcon.colcon_core.shell:Creating package script '/home/mscrobotics2425laptop7/robotdesign - team10/install/leo/share/leo/package.ps1'
[1.191s] INFO:colcon.colcon_core.shell:Creating package descriptor '/home/mscrobotics2425laptop7/robotdesign - team10/install/leo/share/leo/package.dsv'
[1.191s] INFO:colcon.colcon_core.shell:Creating package script '/home/mscrobotics2425laptop7/robotdesign - team10/install/leo/share/leo/package.sh'
[1.192s] INFO:colcon.colcon_core.shell:Creating package script '/home/mscrobotics2425laptop7/robotdesign - team10/install/leo/share/leo/package.bash'
[1.192s] INFO:colcon.colcon_core.shell:Creating package script '/home/mscrobotics2425laptop7/robotdesign - team10/install/leo/share/leo/package.zsh'
[1.192s] Level 1:colcon.colcon_core.environment:create_file_with_runtime_dependencies(/home/mscrobotics2425laptop7/robotdesign - team10/install/leo/share/colcon-core/packages/leo)
[1.199s] DEBUG:colcon.colcon_core.event_handler.log_command:Invoking command in '/home/mscrobotics2425laptop7/robotdesign - team10/src/navigation_demos': PYTHONPATH=/home/mscrobotics2425laptop7/robotdesign - team10/build/navigation_demos/prefix_override:/usr/lib/python3/dist-packages/colcon_core/task/python/colcon_distutils_commands:/home/mscrobotics2425laptop7/robotdesign - team10/install/navigation_demos/lib/python3.10/site-packages:${PYTHONPATH} /usr/bin/python3 -W ignore:setup.py install is deprecated setup.py egg_info --egg-base ../../build/navigation_demos build --build-base /home/mscrobotics2425laptop7/robotdesign - team10/build/navigation_demos/build install --record /home/mscrobotics2425laptop7/robotdesign - team10/build/navigation_demos/install.log --single-version-externally-managed install_data
[1.210s] Level 1:colcon.colcon_core.environment:create_environment_scripts_only(leo)
[1.210s] Level 1:colcon.colcon_core.environment:checking '/home/mscrobotics2425laptop7/robotdesign - team10/install/leo' for CMake module files
[1.211s] Level 1:colcon.colcon_core.environment:checking '/home/mscrobotics2425laptop7/robotdesign - team10/install/leo' for CMake config files
[1.211s] Level 1:colcon.colcon_core.shell:create_environment_hook('leo', 'cmake_prefix_path')
[1.211s] INFO:colcon.colcon_core.shell:Creating environment hook '/home/mscrobotics2425laptop7/robotdesign - team10/install/leo/share/leo/hook/cmake_prefix_path.ps1'
[1.212s] INFO:colcon.colcon_core.shell:Creating environment descriptor '/home/mscrobotics2425laptop7/robotdesign - team10/install/leo/share/leo/hook/cmake_prefix_path.dsv'
[1.212s] INFO:colcon.colcon_core.shell:Creating environment hook '/home/mscrobotics2425laptop7/robotdesign - team10/install/leo/share/leo/hook/cmake_prefix_path.sh'
[1.213s] Level 1:colcon.colcon_core.environment:checking '/home/mscrobotics2425laptop7/robotdesign - team10/install/leo/bin'
[1.213s] Level 1:colcon.colcon_core.environment:checking '/home/mscrobotics2425laptop7/robotdesign - team10/install/leo/lib/pkgconfig/leo.pc'
[1.213s] Level 1:colcon.colcon_core.environment:checking '/home/mscrobotics2425laptop7/robotdesign - team10/install/leo/lib/python3.10/site-packages'
[1.213s] Level 1:colcon.colcon_core.environment:checking '/home/mscrobotics2425laptop7/robotdesign - team10/install/leo/bin'
[1.214s] INFO:colcon.colcon_core.shell:Creating package script '/home/mscrobotics2425laptop7/robotdesign - team10/install/leo/share/leo/package.ps1'
[1.214s] INFO:colcon.colcon_core.shell:Creating package descriptor '/home/mscrobotics2425laptop7/robotdesign - team10/install/leo/share/leo/package.dsv'
[1.214s] INFO:colcon.colcon_core.shell:Creating package script '/home/mscrobotics2425laptop7/robotdesign - team10/install/leo/share/leo/package.sh'
[1.215s] INFO:colcon.colcon_core.shell:Creating package script '/home/mscrobotics2425laptop7/robotdesign - team10/install/leo/share/leo/package.bash'
[1.215s] INFO:colcon.colcon_core.shell:Creating package script '/home/mscrobotics2425laptop7/robotdesign - team10/install/leo/share/leo/package.zsh'
[1.215s] Level 1:colcon.colcon_core.environment:create_file_with_runtime_dependencies(/home/mscrobotics2425laptop7/robotdesign - team10/install/leo/share/colcon-core/packages/leo)
[1.297s] Level 1:colcon.colcon_core.environment:checking '/home/mscrobotics2425laptop7/robotdesign - team10/install/gz_example_robot_description' for CMake module files
[1.298s] DEBUG:colcon.colcon_core.event_handler.log_command:Invoked command in '/home/mscrobotics2425laptop7/robotdesign - team10/src/gz_example_robot_description/gz_example_robot_description' returned '0': PYTHONPATH=/home/mscrobotics2425laptop7/robotdesign - team10/build/gz_example_robot_description/prefix_override:/usr/lib/python3/dist-packages/colcon_core/task/python/colcon_distutils_commands:/home/mscrobotics2425laptop7/robotdesign - team10/install/gz_example_robot_description/lib/python3.10/site-packages:${PYTHONPATH} /usr/bin/python3 -W ignore:setup.py install is deprecated setup.py egg_info --egg-base ../../../build/gz_example_robot_description build --build-base /home/mscrobotics2425laptop7/robotdesign - team10/build/gz_example_robot_description/build install --record /home/mscrobotics2425laptop7/robotdesign - team10/build/gz_example_robot_description/install.log --single-version-externally-managed install_data
[1.298s] Level 1:colcon.colcon_core.environment:checking '/home/mscrobotics2425laptop7/robotdesign - team10/install/gz_example_robot_description' for CMake config files
[1.298s] Level 1:colcon.colcon_core.environment:checking '/home/mscrobotics2425laptop7/robotdesign - team10/install/gz_example_robot_description/lib'
[1.299s] Level 1:colcon.colcon_core.environment:checking '/home/mscrobotics2425laptop7/robotdesign - team10/install/gz_example_robot_description/bin'
[1.299s] Level 1:colcon.colcon_core.environment:checking '/home/mscrobotics2425laptop7/robotdesign - team10/install/gz_example_robot_description/lib/pkgconfig/gz_example_robot_description.pc'
[1.299s] Level 1:colcon.colcon_core.environment:checking '/home/mscrobotics2425laptop7/robotdesign - team10/install/gz_example_robot_description/lib/python3.10/site-packages'
[1.299s] Level 1:colcon.colcon_core.shell:create_environment_hook('gz_example_robot_description', 'pythonpath')
[1.299s] INFO:colcon.colcon_core.shell:Creating environment hook '/home/mscrobotics2425laptop7/robotdesign - team10/install/gz_example_robot_description/share/gz_example_robot_description/hook/pythonpath.ps1'
[1.299s] INFO:colcon.colcon_core.shell:Creating environment descriptor '/home/mscrobotics2425laptop7/robotdesign - team10/install/gz_example_robot_description/share/gz_example_robot_description/hook/pythonpath.dsv'
[1.299s] INFO:colcon.colcon_core.shell:Creating environment hook '/home/mscrobotics2425laptop7/robotdesign - team10/install/gz_example_robot_description/share/gz_example_robot_description/hook/pythonpath.sh'
[1.300s] Level 1:colcon.colcon_core.environment:checking '/home/mscrobotics2425laptop7/robotdesign - team10/install/gz_example_robot_description/bin'
[1.300s] Level 1:colcon.colcon_core.environment:create_environment_scripts_only(gz_example_robot_description)
[1.300s] INFO:colcon.colcon_core.shell:Creating package script '/home/mscrobotics2425laptop7/robotdesign - team10/install/gz_example_robot_description/share/gz_example_robot_description/package.ps1'
[1.300s] INFO:colcon.colcon_core.shell:Creating package descriptor '/home/mscrobotics2425laptop7/robotdesign - team10/install/gz_example_robot_description/share/gz_example_robot_description/package.dsv'
[1.301s] INFO:colcon.colcon_core.shell:Creating package script '/home/mscrobotics2425laptop7/robotdesign - team10/install/gz_example_robot_description/share/gz_example_robot_description/package.sh'
[1.301s] INFO:colcon.colcon_core.shell:Creating package script '/home/mscrobotics2425laptop7/robotdesign - team10/install/gz_example_robot_description/share/gz_example_robot_description/package.bash'
[1.302s] INFO:colcon.colcon_core.shell:Creating package script '/home/mscrobotics2425laptop7/robotdesign - team10/install/gz_example_robot_description/share/gz_example_robot_description/package.zsh'
[1.302s] Level 1:colcon.colcon_core.environment:create_file_with_runtime_dependencies(/home/mscrobotics2425laptop7/robotdesign - team10/install/gz_example_robot_description/share/colcon-core/packages/gz_example_robot_description)
[1.365s] Level 1:colcon.colcon_core.environment:checking '/home/mscrobotics2425laptop7/robotdesign - team10/install/object_detect_opencv' for CMake module files
[1.366s] DEBUG:colcon.colcon_core.event_handler.log_command:Invoked command in '/home/mscrobotics2425laptop7/robotdesign - team10/src/object_detect_opencv' returned '0': PYTHONPATH=/home/mscrobotics2425laptop7/robotdesign - team10/build/object_detect_opencv/prefix_override:/usr/lib/python3/dist-packages/colcon_core/task/python/colcon_distutils_commands:/home/mscrobotics2425laptop7/robotdesign - team10/install/object_detect_opencv/lib/python3.10/site-packages:${PYTHONPATH} /usr/bin/python3 -W ignore:setup.py install is deprecated setup.py egg_info --egg-base ../../build/object_detect_opencv build --build-base /home/mscrobotics2425laptop7/robotdesign - team10/build/object_detect_opencv/build install --record /home/mscrobotics2425laptop7/robotdesign - team10/build/object_detect_opencv/install.log --single-version-externally-managed install_data
[1.366s] Level 1:colcon.colcon_core.environment:checking '/home/mscrobotics2425laptop7/robotdesign - team10/install/object_detect_opencv' for CMake config files
[1.366s] Level 1:colcon.colcon_core.environment:checking '/home/mscrobotics2425laptop7/robotdesign - team10/install/object_detect_opencv/lib'
[1.366s] Level 1:colcon.colcon_core.environment:checking '/home/mscrobotics2425laptop7/robotdesign - team10/install/object_detect_opencv/bin'
[1.366s] Level 1:colcon.colcon_core.environment:checking '/home/mscrobotics2425laptop7/robotdesign - team10/install/object_detect_opencv/lib/pkgconfig/object_detect_opencv.pc'
[1.366s] Level 1:colcon.colcon_core.environment:checking '/home/mscrobotics2425laptop7/robotdesign - team10/install/object_detect_opencv/lib/python3.10/site-packages'
[1.366s] Level 1:colcon.colcon_core.shell:create_environment_hook('object_detect_opencv', 'pythonpath')
[1.366s] INFO:colcon.colcon_core.shell:Creating environment hook '/home/mscrobotics2425laptop7/robotdesign - team10/install/object_detect_opencv/share/object_detect_opencv/hook/pythonpath.ps1'
[1.367s] INFO:colcon.colcon_core.shell:Creating environment descriptor '/home/mscrobotics2425laptop7/robotdesign - team10/install/object_detect_opencv/share/object_detect_opencv/hook/pythonpath.dsv'
[1.367s] INFO:colcon.colcon_core.shell:Creating environment hook '/home/mscrobotics2425laptop7/robotdesign - team10/install/object_detect_opencv/share/object_detect_opencv/hook/pythonpath.sh'
[1.367s] Level 1:colcon.colcon_core.environment:checking '/home/mscrobotics2425laptop7/robotdesign - team10/install/object_detect_opencv/bin'
[1.367s] Level 1:colcon.colcon_core.environment:create_environment_scripts_only(object_detect_opencv)
[1.368s] INFO:colcon.colcon_core.shell:Creating package script '/home/mscrobotics2425laptop7/robotdesign - team10/install/object_detect_opencv/share/object_detect_opencv/package.ps1'
[1.368s] INFO:colcon.colcon_core.shell:Creating package descriptor '/home/mscrobotics2425laptop7/robotdesign - team10/install/object_detect_opencv/share/object_detect_opencv/package.dsv'
[1.368s] INFO:colcon.colcon_core.shell:Creating package script '/home/mscrobotics2425laptop7/robotdesign - team10/install/object_detect_opencv/share/object_detect_opencv/package.sh'
[1.369s] INFO:colcon.colcon_core.shell:Creating package script '/home/mscrobotics2425laptop7/robotdesign - team10/install/object_detect_opencv/share/object_detect_opencv/package.bash'
[1.369s] INFO:colcon.colcon_core.shell:Creating package script '/home/mscrobotics2425laptop7/robotdesign - team10/install/object_detect_opencv/share/object_detect_opencv/package.zsh'
[1.369s] Level 1:colcon.colcon_core.environment:create_file_with_runtime_dependencies(/home/mscrobotics2425laptop7/robotdesign - team10/install/object_detect_opencv/share/colcon-core/packages/object_detect_opencv)
[1.434s] Level 1:colcon.colcon_core.environment:checking '/home/mscrobotics2425laptop7/robotdesign - team10/install/navigation_demos' for CMake module files
[1.434s] DEBUG:colcon.colcon_core.event_handler.log_command:Invoked command in '/home/mscrobotics2425laptop7/robotdesign - team10/src/navigation_demos' returned '0': PYTHONPATH=/home/mscrobotics2425laptop7/robotdesign - team10/build/navigation_demos/prefix_override:/usr/lib/python3/dist-packages/colcon_core/task/python/colcon_distutils_commands:/home/mscrobotics2425laptop7/robotdesign - team10/install/navigation_demos/lib/python3.10/site-packages:${PYTHONPATH} /usr/bin/python3 -W ignore:setup.py install is deprecated setup.py egg_info --egg-base ../../build/navigation_demos build --build-base /home/mscrobotics2425laptop7/robotdesign - team10/build/navigation_demos/build install --record /home/mscrobotics2425laptop7/robotdesign - team10/build/navigation_demos/install.log --single-version-externally-managed install_data
[1.435s] Level 1:colcon.colcon_core.environment:checking '/home/mscrobotics2425laptop7/robotdesign - team10/install/navigation_demos' for CMake config files
[1.435s] Level 1:colcon.colcon_core.environment:checking '/home/mscrobotics2425laptop7/robotdesign - team10/install/navigation_demos/lib'
[1.435s] Level 1:colcon.colcon_core.environment:checking '/home/mscrobotics2425laptop7/robotdesign - team10/install/navigation_demos/bin'
[1.435s] Level 1:colcon.colcon_core.environment:checking '/home/mscrobotics2425laptop7/robotdesign - team10/install/navigation_demos/lib/pkgconfig/navigation_demos.pc'
[1.435s] Level 1:colcon.colcon_core.environment:checking '/home/mscrobotics2425laptop7/robotdesign - team10/install/navigation_demos/lib/python3.10/site-packages'
[1.435s] Level 1:colcon.colcon_core.shell:create_environment_hook('navigation_demos', 'pythonpath')
[1.435s] INFO:colcon.colcon_core.shell:Creating environment hook '/home/mscrobotics2425laptop7/robotdesign - team10/install/navigation_demos/share/navigation_demos/hook/pythonpath.ps1'
[1.436s] INFO:colcon.colcon_core.shell:Creating environment descriptor '/home/mscrobotics2425laptop7/robotdesign - team10/install/navigation_demos/share/navigation_demos/hook/pythonpath.dsv'
[1.436s] INFO:colcon.colcon_core.shell:Creating environment hook '/home/mscrobotics2425laptop7/robotdesign - team10/install/navigation_demos/share/navigation_demos/hook/pythonpath.sh'
[1.436s] Level 1:colcon.colcon_core.environment:checking '/home/mscrobotics2425laptop7/robotdesign - team10/install/navigation_demos/bin'
[1.436s] Level 1:colcon.colcon_core.environment:create_environment_scripts_only(navigation_demos)
[1.436s] INFO:colcon.colcon_core.shell:Creating package script '/home/mscrobotics2425laptop7/robotdesign - team10/install/navigation_demos/share/navigation_demos/package.ps1'
[1.437s] INFO:colcon.colcon_core.shell:Creating package descriptor '/home/mscrobotics2425laptop7/robotdesign - team10/install/navigation_demos/share/navigation_demos/package.dsv'
[1.437s] INFO:colcon.colcon_core.shell:Creating package script '/home/mscrobotics2425laptop7/robotdesign - team10/install/navigation_demos/share/navigation_demos/package.sh'
[1.437s] INFO:colcon.colcon_core.shell:Creating package script '/home/mscrobotics2425laptop7/robotdesign - team10/install/navigation_demos/share/navigation_demos/package.bash'
[1.438s] INFO:colcon.colcon_core.shell:Creating package script '/home/mscrobotics2425laptop7/robotdesign - team10/install/navigation_demos/share/navigation_demos/package.zsh'
[1.438s] Level 1:colcon.colcon_core.environment:create_file_with_runtime_dependencies(/home/mscrobotics2425laptop7/robotdesign - team10/install/navigation_demos/share/colcon-core/packages/navigation_demos)
[1.438s] DEBUG:colcon.colcon_parallel_executor.executor.parallel:closing loop
[1.438s] DEBUG:colcon.colcon_parallel_executor.executor.parallel:loop closed
[1.438s] DEBUG:colcon.colcon_parallel_executor.executor.parallel:run_until_complete finished with '0'
[1.438s] DEBUG:colcon.colcon_core.event_reactor:joining thread
[1.443s] INFO:colcon.colcon_core.plugin_system:Skipping extension 'colcon_notification.desktop_notification.terminal_notifier': Not used on non-Darwin systems
[1.443s] INFO:colcon.colcon_core.plugin_system:Skipping extension 'colcon_notification.desktop_notification.win32': Not used on non-Windows systems
[1.443s] INFO:colcon.colcon_notification.desktop_notification:Sending desktop notification using 'notify2'
[1.453s] DEBUG:colcon.colcon_core.event_reactor:joined thread
[1.453s] INFO:colcon.colcon_core.shell:Creating prefix script '/home/mscrobotics2425laptop7/robotdesign - team10/install/local_setup.ps1'
[1.454s] INFO:colcon.colcon_core.shell:Creating prefix util module '/home/mscrobotics2425laptop7/robotdesign - team10/install/_local_setup_util_ps1.py'
[1.455s] INFO:colcon.colcon_core.shell:Creating prefix chain script '/home/mscrobotics2425laptop7/robotdesign - team10/install/setup.ps1'
[1.455s] INFO:colcon.colcon_core.shell:Creating prefix script '/home/mscrobotics2425laptop7/robotdesign - team10/install/local_setup.sh'
[1.456s] INFO:colcon.colcon_core.shell:Creating prefix util module '/home/mscrobotics2425laptop7/robotdesign - team10/install/_local_setup_util_sh.py'
[1.456s] INFO:colcon.colcon_core.shell:Creating prefix chain script '/home/mscrobotics2425laptop7/robotdesign - team10/install/setup.sh'
[1.457s] INFO:colcon.colcon_core.shell:Creating prefix script '/home/mscrobotics2425laptop7/robotdesign - team10/install/local_setup.bash'
[1.457s] INFO:colcon.colcon_core.shell:Creating prefix chain script '/home/mscrobotics2425laptop7/robotdesign - team10/install/setup.bash'
[1.458s] INFO:colcon.colcon_core.shell:Creating prefix script '/home/mscrobotics2425laptop7/robotdesign - team10/install/local_setup.zsh'
[1.458s] INFO:colcon.colcon_core.shell:Creating prefix chain script '/home/mscrobotics2425laptop7/robotdesign - team10/install/setup.zsh'
