[0.811s] Invoking command in '/home/mscrobotics2425laptop7/robotdesign - team10/src/gz_example_robot_description/gz_example_robot_description': PYTHONPATH=/home/mscrobotics2425laptop7/robotdesign - team10/build/gz_example_robot_description/prefix_override:/usr/lib/python3/dist-packages/colcon_core/task/python/colcon_distutils_commands:/home/mscrobotics2425laptop7/robotdesign - team10/install/gz_example_robot_description/lib/python3.10/site-packages:${PYTHONPATH} /usr/bin/python3 -W ignore:setup.py install is deprecated setup.py egg_info --egg-base ../../../build/gz_example_robot_description build --build-base /home/mscrobotics2425laptop7/robotdesign - team10/build/gz_example_robot_description/build install --record /home/mscrobotics2425laptop7/robotdesign - team10/build/gz_example_robot_description/install.log --single-version-externally-managed install_data
[0.990s] running egg_info
[0.991s] writing ../../../build/gz_example_robot_description/gz_example_robot_description.egg-info/PKG-INFO
[0.991s] writing dependency_links to ../../../build/gz_example_robot_description/gz_example_robot_description.egg-info/dependency_links.txt
[0.991s] writing entry points to ../../../build/gz_example_robot_description/gz_example_robot_description.egg-info/entry_points.txt
[0.991s] writing requirements to ../../../build/gz_example_robot_description/gz_example_robot_description.egg-info/requires.txt
[0.991s] writing top-level names to ../../../build/gz_example_robot_description/gz_example_robot_description.egg-info/top_level.txt
[0.992s] reading manifest file '../../../build/gz_example_robot_description/gz_example_robot_description.egg-info/SOURCES.txt'
[0.993s] writing manifest file '../../../build/gz_example_robot_description/gz_example_robot_description.egg-info/SOURCES.txt'
[0.993s] running build
[0.993s] running build_py
[0.993s] running install
[0.993s] running install_lib
[0.994s] running install_data
[0.994s] running install_egg_info
[0.995s] removing '/home/mscrobotics2425laptop7/robotdesign - team10/install/gz_example_robot_description/lib/python3.10/site-packages/gz_example_robot_description-0.0.0-py3.10.egg-info' (and everything under it)
[0.995s] Copying ../../../build/gz_example_robot_description/gz_example_robot_description.egg-info to /home/mscrobotics2425laptop7/robotdesign - team10/install/gz_example_robot_description/lib/python3.10/site-packages/gz_example_robot_description-0.0.0-py3.10.egg-info
[0.995s] running install_scripts
[1.012s] writing list of installed files to '/home/mscrobotics2425laptop7/robotdesign - team10/build/gz_example_robot_description/install.log'
[1.029s] Invoked command in '/home/mscrobotics2425laptop7/robotdesign - team10/src/gz_example_robot_description/gz_example_robot_description' returned '0': PYTHONPATH=/home/mscrobotics2425laptop7/robotdesign - team10/build/gz_example_robot_description/prefix_override:/usr/lib/python3/dist-packages/colcon_core/task/python/colcon_distutils_commands:/home/mscrobotics2425laptop7/robotdesign - team10/install/gz_example_robot_description/lib/python3.10/site-packages:${PYTHONPATH} /usr/bin/python3 -W ignore:setup.py install is deprecated setup.py egg_info --egg-base ../../../build/gz_example_robot_description build --build-base /home/mscrobotics2425laptop7/robotdesign - team10/build/gz_example_robot_description/build install --record /home/mscrobotics2425laptop7/robotdesign - team10/build/gz_example_robot_description/install.log --single-version-externally-managed install_data
