[0.031s] Invoking command in '/home/mscrobotics2425laptop27/Documents/University/robotic_systems_design_project/RoboticDesign---Team-10/manipulator_work/manipulator_ros2_workspace/build/moveit_task_constructor_core': AMENT_PREFIX_PATH=/home/mscrobotics2425laptop27/Documents/University/robotic_systems_design_project/RoboticDesign---Team-10/manipulator_work/manipulator_ros2_workspace/install/rviz_marker_tools:/home/mscrobotics2425laptop27/Documents/University/robotic_systems_design_project/RoboticDesign---Team-10/manipulator_work/manipulator_ros2_workspace/install/moveit_task_constructor_msgs:${AMENT_PREFIX_PATH} CMAKE_PREFIX_PATH=/home/mscrobotics2425laptop27/Documents/University/robotic_systems_design_project/RoboticDesign---Team-10/manipulator_work/manipulator_ros2_workspace/install/rviz_marker_tools:/home/mscrobotics2425laptop27/Documents/University/robotic_systems_design_project/RoboticDesign---Team-10/manipulator_work/manipulator_ros2_workspace/install/moveit_task_constructor_msgs:/home/mscrobotics2425laptop27/interbotix_ws/install/interbotix_ros_xsarms_examples:/home/mscrobotics2425laptop27/interbotix_ws/install/interbotix_xsarm_moveit_interface:/home/mscrobotics2425laptop27/interbotix_ws/install/interbotix_moveit_interface:/home/mscrobotics2425laptop27/interbotix_ws/install/moveit_visual_tools:/home/mscrobotics2425laptop27/interbotix_ws/install/interbotix_ros_xsarms:/home/mscrobotics2425laptop27/interbotix_ws/install/interbotix_xsarm_moveit:/home/mscrobotics2425laptop27/interbotix_ws/install/interbotix_xsarm_sim:/home/mscrobotics2425laptop27/interbotix_ws/install/interbotix_xsarm_ros_control:/home/mscrobotics2425laptop27/interbotix_ws/install/interbotix_xsarm_puppet:/home/mscrobotics2425laptop27/interbotix_ws/install/interbotix_xsarm_perception:/home/mscrobotics2425laptop27/interbotix_ws/install/interbotix_xsarm_joy:/home/mscrobotics2425laptop27/interbotix_ws/install/interbotix_xsarm_gravity_compensation:/home/mscrobotics2425laptop27/interbotix_ws/install/interbotix_xsarm_dual:/home/mscrobotics2425laptop27/interbotix_ws/install/interbotix_xsarm_control:/home/mscrobotics2425laptop27/interbotix_ws/install/interbotix_xsarm_descriptions:/home/mscrobotics2425laptop27/interbotix_ws/install/interbotix_xs_toolbox:/home/mscrobotics2425laptop27/interbotix_ws/install/interbotix_xs_rviz:/home/mscrobotics2425laptop27/interbotix_ws/install/interbotix_ros_xseries:/home/mscrobotics2425laptop27/interbotix_ws/install/interbotix_xs_sdk:/home/mscrobotics2425laptop27/interbotix_ws/install/interbotix_xs_ros_control:/home/mscrobotics2425laptop27/interbotix_ws/install/interbotix_perception_toolbox:/home/mscrobotics2425laptop27/interbotix_ws/install/interbotix_common_toolbox:/home/mscrobotics2425laptop27/interbotix_ws/install/interbotix_gravity_compensation:/home/mscrobotics2425laptop27/interbotix_ws/install/interbotix_xs_msgs:/home/mscrobotics2425laptop27/interbotix_ws/install/interbotix_xs_driver:/home/mscrobotics2425laptop27/interbotix_ws/install/interbotix_tf_tools:/home/mscrobotics2425laptop27/interbotix_ws/install/interbotix_perception_pipelines:/home/mscrobotics2425laptop27/interbotix_ws/install/interbotix_perception_msgs:/home/mscrobotics2425laptop27/interbotix_ws/install/interbotix_moveit_interface_msgs:/home/mscrobotics2425laptop27/interbotix_ws/install/interbotix_common_sim:/home/mscrobotics2425laptop27/interbotix_ws/install/dynamixel_workbench_toolbox:/home/mscrobotics2425laptop27/apriltag_ws/install/apriltag_ros:/home/mscrobotics2425laptop27/interbotix_ws/install/interbotix_xs_modules:/home/mscrobotics2425laptop27/interbotix_ws/install/interbotix_perception_modules:/home/mscrobotics2425laptop27/interbotix_ws/install/interbotix_common_modules:/opt/ros/humble LD_LIBRARY_PATH=/home/mscrobotics2425laptop27/Documents/University/robotic_systems_design_project/RoboticDesign---Team-10/manipulator_work/manipulator_ros2_workspace/install/rviz_marker_tools/lib:/home/mscrobotics2425laptop27/Documents/University/robotic_systems_design_project/RoboticDesign---Team-10/manipulator_work/manipulator_ros2_workspace/install/moveit_task_constructor_msgs/lib:${LD_LIBRARY_PATH} PYTHONPATH=/home/mscrobotics2425laptop27/Documents/University/robotic_systems_design_project/RoboticDesign---Team-10/manipulator_work/manipulator_ros2_workspace/install/moveit_task_constructor_msgs/local/lib/python3.10/dist-packages:${PYTHONPATH} /usr/bin/cmake --build /home/mscrobotics2425laptop27/Documents/University/robotic_systems_design_project/RoboticDesign---Team-10/manipulator_work/manipulator_ros2_workspace/build/moveit_task_constructor_core -- -j12 -l12
[0.080s] -- Found ament_cmake: 1.3.11 (/opt/ros/humble/share/ament_cmake/cmake)
[0.120s] -- Found Python3: /usr/bin/python3 (found version "3.10.12") found components: Interpreter 
[0.244s] -- Found Boost: /usr/lib/x86_64-linux-gnu/cmake/Boost-1.74.0/BoostConfig.cmake (found version "1.74.0")  
[0.246s] -- Found geometry_msgs: 4.2.4 (/opt/ros/humble/share/geometry_msgs/cmake)
[0.285s] -- Found rosidl_generator_c: 3.1.6 (/opt/ros/humble/share/rosidl_generator_c/cmake)
[0.287s] -- Found rosidl_adapter: 3.1.6 (/opt/ros/humble/share/rosidl_adapter/cmake)
[0.293s] -- Found rosidl_generator_cpp: 3.1.6 (/opt/ros/humble/share/rosidl_generator_cpp/cmake)
[0.303s] -- Using all available rosidl_typesupport_c: rosidl_typesupport_fastrtps_c;rosidl_typesupport_introspection_c
[0.322s] -- Using all available rosidl_typesupport_cpp: rosidl_typesupport_fastrtps_cpp;rosidl_typesupport_introspection_cpp
[0.358s] -- Found moveit_common: 2.5.8 (/opt/ros/humble/share/moveit_common/cmake)
[0.484s] [0mmoveit_task_constructor_core: You did not request a specific build type: Choosing 'Release' for maximum performance[0m
[0.485s] -- Found moveit_core: 2.5.8 (/opt/ros/humble/share/moveit_core/cmake)
[0.513s] -- Found Boost: /usr/lib/x86_64-linux-gnu/cmake/Boost-1.74.0/BoostConfig.cmake (found version "1.74.0") found components: chrono date_time filesystem iostreams program_options regex serialization system thread 
[0.551s] -- Found parameter_traits: 0.4.0 (/opt/ros/humble/share/parameter_traits/cmake)
[0.580s] -- Found rmw_implementation_cmake: 6.1.2 (/opt/ros/humble/share/rmw_implementation_cmake/cmake)
[0.583s] -- Found rmw_fastrtps_cpp: 6.2.7 (/opt/ros/humble/share/rmw_fastrtps_cpp/cmake)
[0.735s] -- Using RMW implementation 'rmw_fastrtps_cpp' as default
[0.782s] -- Found rclcpp_lifecycle: 16.0.11 (/opt/ros/humble/share/rclcpp_lifecycle/cmake)
[0.811s] -- Found Boost: /usr/lib/x86_64-linux-gnu/cmake/Boost-1.74.0/BoostConfig.cmake (found version "1.74.0") found components: filesystem 
[0.874s] -- library: /usr/lib/x86_64-linux-gnu/libcurl.so
[0.937s] -- Ensuring Eigen3 include directory is part of orocos-kdl CMake target
[1.150s] -- Found moveit_ros_planning: 2.5.8 (/opt/ros/humble/share/moveit_ros_planning/cmake)
[1.154s] -- Found Boost: /usr/lib/x86_64-linux-gnu/cmake/Boost-1.74.0/BoostConfig.cmake (found version "1.74.0") found components: system filesystem date_time program_options thread chrono 
[1.179s] -- Found moveit_ros_planning_interface: 2.5.8 (/opt/ros/humble/share/moveit_ros_planning_interface/cmake)
[1.187s] -- Found Boost: /usr/lib/x86_64-linux-gnu/cmake/Boost-1.74.0/BoostConfig.cmake (found version "1.74.0") found components: date_time filesystem program_options system thread 
[1.207s] -- Found Boost: /usr/lib/x86_64-linux-gnu/cmake/Boost-1.74.0/BoostConfig.cmake (found version "1.74.0") found components: thread system filesystem regex date_time program_options 
[1.228s] -- Found Boost: /usr/lib/x86_64-linux-gnu/cmake/Boost-1.74.0/BoostConfig.cmake (found version "1.74.0") found components: system filesystem date_time program_options thread 
[1.261s] -- Found moveit_task_constructor_msgs: 0.1.3 (/home/mscrobotics2425laptop27/Documents/University/robotic_systems_design_project/RoboticDesign---Team-10/manipulator_work/manipulator_ros2_workspace/install/moveit_task_constructor_msgs/share/moveit_task_constructor_msgs/cmake)
[1.289s] -- Found py_binding_tools: 2.0.1 (/opt/ros/humble/share/py_binding_tools/cmake)
[1.292s] -- Found rviz_marker_tools: 0.1.3 (/home/mscrobotics2425laptop27/Documents/University/robotic_systems_design_project/RoboticDesign---Team-10/manipulator_work/manipulator_ros2_workspace/install/rviz_marker_tools/share/rviz_marker_tools/cmake)
[1.361s] -- Found Python3: /usr/bin/python3 (found version "3.10.12") found components: Interpreter Development Development.Module Development.Embed 
[1.373s] -- pybind11 v2.13.0 dev1
[1.410s] -- Found PythonInterp: /usr/bin/python3 (found suitable version "3.10.12", minimum required is "3.10.12") 
[1.461s] -- Found ament_cmake_pytest: 1.3.11 (/opt/ros/humble/share/ament_cmake_pytest/cmake)
[1.463s] -- Found launch_testing_ament_cmake: 1.0.7 (/opt/ros/humble/share/launch_testing_ament_cmake/cmake)
[1.464s] -- Found python_cmake_module: 0.10.0 (/opt/ros/humble/share/python_cmake_module/cmake)
[1.493s] -- Found PythonInterp: /usr/bin/python3 (found suitable version "3.10.12", minimum required is "3.6") 
[1.495s] -- Using PYTHON_EXECUTABLE: /usr/bin/python3
[1.495s] -- Using PYTHON_INCLUDE_DIRS: /usr/include/python3.10
[1.495s] -- Using PYTHON_LIBRARIES: /usr/lib/x86_64-linux-gnu/libpython3.10.so
[2.062s] -- Found ament_cmake_gtest: 1.3.11 (/opt/ros/humble/share/ament_cmake_gtest/cmake)
[2.062s] -- Found ament_cmake_gmock: 1.3.11 (/opt/ros/humble/share/ament_cmake_gmock/cmake)
[2.063s] -- Found launch_testing_ament_cmake: 1.0.7 (/opt/ros/humble/share/launch_testing_ament_cmake/cmake)
[2.063s] -- Found python_cmake_module: 0.10.0 (/opt/ros/humble/share/python_cmake_module/cmake)
[2.088s] -- Using PYTHON_EXECUTABLE: /usr/bin/python3
[2.088s] -- Using PYTHON_INCLUDE_DIRS: /usr/include/python3.10
[2.088s] -- Using PYTHON_LIBRARIES: /usr/lib/x86_64-linux-gnu/libpython3.10.so
[2.091s] -- Found gmock sources under '/opt/ros/humble/src/gmock_vendor': C++ tests using 'Google Mock' will be built
[2.095s] -- Found gtest sources under '/opt/ros/humble/src/gtest_vendor': C++ tests using 'Google Test' will be built
[2.126s] -- Configuring done
[2.663s] -- Generating done
[2.915s] -- Build files have been written to: /home/mscrobotics2425laptop27/Documents/University/robotic_systems_design_project/RoboticDesign---Team-10/manipulator_work/manipulator_ros2_workspace/build/moveit_task_constructor_core
[3.031s] [  2%] Built target gtest_main
[3.031s] [  3%] Built target ament_cmake_python_copy_moveit
[3.032s] [  5%] Built target gmock
[3.034s] [  8%] Built target gmock_main
[3.035s] [ 10%] Built target gtest
[3.183s] [ 11%] [32mBuilding CXX object src/CMakeFiles/moveit_task_constructor_core.dir/container.cpp.o[0m
[3.185s] [ 12%] [32mBuilding CXX object src/CMakeFiles/moveit_task_constructor_core.dir/cost_terms.cpp.o[0m
[3.189s] [ 14%] [32mBuilding CXX object src/CMakeFiles/moveit_task_constructor_core.dir/introspection.cpp.o[0m
[3.196s] [ 15%] [32mBuilding CXX object src/CMakeFiles/moveit_task_constructor_core.dir/merge.cpp.o[0m
[3.199s] [ 16%] [32mBuilding CXX object src/CMakeFiles/moveit_task_constructor_core.dir/stage.cpp.o[0m
[3.214s] [ 17%] [32mBuilding CXX object src/CMakeFiles/moveit_task_constructor_core.dir/storage.cpp.o[0m
[3.223s] [ 18%] [32mBuilding CXX object src/CMakeFiles/moveit_task_constructor_core.dir/task.cpp.o[0m
[3.224s] [ 20%] [32mBuilding CXX object src/CMakeFiles/moveit_task_constructor_core.dir/utils.cpp.o[0m
[3.249s] [ 21%] [32mBuilding CXX object src/CMakeFiles/moveit_task_constructor_core.dir/solvers/pipeline_planner.cpp.o[0m
[3.863s] running egg_info
[3.865s] writing moveit.egg-info/PKG-INFO
[3.866s] writing dependency_links to moveit.egg-info/dependency_links.txt
[3.866s] writing top-level names to moveit.egg-info/top_level.txt
[3.873s] reading manifest file 'moveit.egg-info/SOURCES.txt'
[3.877s] writing manifest file 'moveit.egg-info/SOURCES.txt'
[3.953s] [ 21%] Built target ament_cmake_python_build_moveit_egg
[39.824s] [ 22%] [32m[1mLinking CXX shared library libmoveit_task_constructor_core.so[0m
[40.344s] [ 29%] Built target moveit_task_constructor_core
[40.405s] [ 30%] [32mBuilding CXX object test/CMakeFiles/gtest_utils.dir/gtest_value_printers.cpp.o[0m
[40.414s] [ 31%] [32mBuilding CXX object test/CMakeFiles/gtest_utils.dir/stage_mockups.cpp.o[0m
[40.538s] [ 32%] [32mBuilding CXX object src/stages/CMakeFiles/moveit_task_constructor_core_stages.dir/modify_planning_scene.cpp.o[0m
[40.541s] [ 34%] [32mBuilding CXX object src/stages/CMakeFiles/moveit_task_constructor_core_stages.dir/fix_collision_objects.cpp.o[0m
[40.547s] [ 35%] [32mBuilding CXX object src/stages/CMakeFiles/moveit_task_constructor_core_stages.dir/current_state.cpp.o[0m
[40.555s] [ 36%] [32mBuilding CXX object src/stages/CMakeFiles/moveit_task_constructor_core_stages.dir/fixed_state.cpp.o[0m
[40.556s] [ 37%] [32mBuilding CXX object src/stages/CMakeFiles/moveit_task_constructor_core_stages.dir/fixed_cartesian_poses.cpp.o[0m
[40.564s] [ 38%] [32mBuilding CXX object src/stages/CMakeFiles/moveit_task_constructor_core_stages.dir/generate_pose.cpp.o[0m
[40.589s] [ 40%] [32mBuilding CXX object src/stages/CMakeFiles/moveit_task_constructor_core_stages.dir/generate_random_pose.cpp.o[0m
[40.593s] [ 41%] [32mBuilding CXX object src/stages/CMakeFiles/moveit_task_constructor_core_stages.dir/generate_grasp_pose.cpp.o[0m
[40.602s] [ 42%] [32mBuilding CXX object src/stages/CMakeFiles/moveit_task_constructor_core_stages.dir/generate_place_pose.cpp.o[0m
[40.617s] [ 43%] [32mBuilding CXX object src/stages/CMakeFiles/moveit_task_constructor_core_stages.dir/compute_ik.cpp.o[0m
[56.899s] [ 44%] [32mBuilding CXX object src/stages/CMakeFiles/moveit_task_constructor_core_stages.dir/passthrough.cpp.o[0m
[64.443s] [ 45%] [32mBuilding CXX object src/stages/CMakeFiles/moveit_task_constructor_core_stages.dir/predicate_filter.cpp.o[0m
[69.898s] [ 47%] [32mBuilding CXX object src/stages/CMakeFiles/moveit_task_constructor_core_stages.dir/connect.cpp.o[0m
[70.455s] [ 48%] [32m[1mLinking CXX shared library libgtest_utils.so[0m
[71.683s] [ 49%] [32mBuilding CXX object src/stages/CMakeFiles/moveit_task_constructor_core_stages.dir/move_to.cpp.o[0m
[72.204s] [ 50%] Built target gtest_utils
[72.221s] [ 51%] [32mBuilding CXX object src/stages/CMakeFiles/moveit_task_constructor_core_stages.dir/move_relative.cpp.o[0m
[72.300s] [ 52%] [32mBuilding CXX object src/stages/CMakeFiles/moveit_task_constructor_core_stages.dir/simple_grasp.cpp.o[0m
[72.571s] [ 54%] [32mBuilding CXX object src/stages/CMakeFiles/moveit_task_constructor_core_stages.dir/pick.cpp.o[0m
[102.441s] [ 55%] [32m[1mLinking CXX shared library libmoveit_task_constructor_core_stages.so[0m
[102.741s] [ 55%] Built target moveit_task_constructor_core_stages
[102.803s] [ 56%] [32m[1mLinking CXX executable moveit_task_constructor_core-test-properties[0m
[102.820s] [ 57%] [32mBuilding CXX object test/CMakeFiles/moveit_task_constructor_core-test-cost-queue.dir/test_cost_queue.cpp.o[0m
[102.836s] [ 58%] [32mBuilding CXX object src/stages/CMakeFiles/moveit_task_constructor_core_stage_plugins.dir/plugins.cpp.o[0m
[102.855s] [ 60%] [32mBuilding CXX object test/CMakeFiles/moveit_task_constructor_core-test-mockups.dir/test_mockups.cpp.o[0m
[102.855s] [ 61%] [32mBuilding CXX object test/CMakeFiles/moveit_task_constructor_core-test-cost-terms.dir/test_cost_terms.cpp.o[0m
[102.884s] [ 62%] [32mBuilding CXX object test/CMakeFiles/moveit_task_constructor_core-test-serial.dir/test_serial.cpp.o[0m
[102.896s] [ 63%] [32mBuilding CXX object test/CMakeFiles/moveit_task_constructor_core-test-stage.dir/test_stage.cpp.o[0m
[102.903s] [ 64%] [32mBuilding CXX object test/CMakeFiles/moveit_task_constructor_core-test-pruning.dir/test_pruning.cpp.o[0m
[102.907s] [ 65%] [32mBuilding CXX object test/CMakeFiles/moveit_task_constructor_core-test-container.dir/test_container.cpp.o[0m
[102.914s] [ 67%] [32mBuilding CXX object test/CMakeFiles/moveit_task_constructor_core-test-interface-state.dir/test_interface_state.cpp.o[0m
[102.920s] [ 68%] [32mBuilding CXX object test/CMakeFiles/moveit_task_constructor_core-test-fallback.dir/test_fallback.cpp.o[0m
[102.946s] [ 69%] [32mBuilding CXX object python/bindings/CMakeFiles/pymoveit_mtc.dir/src/core.cpp.o[0m
[104.136s] [ 70%] Built target moveit_task_constructor_core-test-properties
[104.272s] [ 71%] [32mBuilding CXX object test/CMakeFiles/moveit_task_constructor_core-test-move-to.dir/test_move_to.cpp.o[0m
[109.308s] [ 72%] [32m[1mLinking CXX shared library libmoveit_task_constructor_core_stage_plugins.so[0m
[109.850s] [ 72%] Built target moveit_task_constructor_core_stage_plugins
[109.864s] [ 74%] [32mBuilding CXX object python/bindings/CMakeFiles/pymoveit_mtc.dir/src/stages.cpp.o[0m
[120.133s] [ 75%] [32m[1mLinking CXX executable moveit_task_constructor_core-test-cost-queue[0m
[121.288s] [ 75%] Built target moveit_task_constructor_core-test-cost-queue
[121.385s] [ 76%] [32mBuilding CXX object test/CMakeFiles/moveit_task_constructor_core-test-move-relative.dir/test_move_relative.cpp.o[0m
[136.048s] [ 77%] [32m[1mLinking CXX executable moveit_task_constructor_core-test-interface-state[0m
[136.347s] [ 78%] [32m[1mLinking CXX executable moveit_task_constructor_core-test-stage[0m
[137.675s] [ 78%] Built target moveit_task_constructor_core-test-interface-state
[137.843s] [ 80%] [32mBuilding CXX object test/CMakeFiles/pick_ur5.dir/pick_ur5.cpp.o[0m
[138.049s] [ 81%] [32m[1mLinking CXX executable moveit_task_constructor_core-test-serial[0m
[138.104s] [ 81%] Built target moveit_task_constructor_core-test-stage
[138.208s] [ 82%] [32mBuilding CXX object test/CMakeFiles/pick_pr2.dir/pick_pr2.cpp.o[0m
[139.497s] [ 83%] [32m[1mLinking CXX executable moveit_task_constructor_core-test-fallback[0m
[139.510s] [ 83%] Built target moveit_task_constructor_core-test-serial
[139.634s] [ 84%] [32mBuilding CXX object test/CMakeFiles/pick_pa10.dir/pick_pa10.cpp.o[0m
[140.858s] [ 84%] Built target moveit_task_constructor_core-test-fallback
[141.641s] [ 85%] [32m[1mLinking CXX executable moveit_task_constructor_core-test-mockups[0m
[141.770s] [ 87%] [32m[1mLinking CXX executable moveit_task_constructor_core-test-pruning[0m
[142.914s] [ 87%] Built target moveit_task_constructor_core-test-mockups
[142.969s] [ 87%] Built target moveit_task_constructor_core-test-pruning
[144.599s] [ 88%] [32m[1mLinking CXX executable moveit_task_constructor_core-test-cost-terms[0m
[145.416s] [ 89%] [32m[1mLinking CXX executable moveit_task_constructor_core-test-container[0m
[145.885s] [ 89%] Built target moveit_task_constructor_core-test-cost-terms
[146.384s] [ 90%] [32m[1mLinking CXX executable moveit_task_constructor_core-test-move-to[0m
[146.692s] [ 90%] Built target moveit_task_constructor_core-test-container
[147.289s] [ 90%] Built target moveit_task_constructor_core-test-move-to
[153.479s] [ 91%] [32m[1mLinking CXX executable moveit_task_constructor_core-test-move-relative[0m
[154.226s] [ 91%] Built target moveit_task_constructor_core-test-move-relative
[155.289s] [ 92%] [32m[1mLinking CXX shared module pymoveit_mtc.cpython-310-x86_64-linux-gnu.so[0m
[158.885s] [ 94%] [32m[1mLinking CXX executable pick_ur5[0m
[158.900s] lto-wrapper: warning: using serial compilation of 12 LTRANS jobs
[159.428s] [ 94%] Built target pick_ur5
[159.784s] [ 95%] [32m[1mLinking CXX executable pick_pa10[0m
[160.488s] [ 95%] Built target pick_pa10
[160.871s] [ 96%] [32m[1mLinking CXX executable pick_pr2[0m
[161.284s] [ 96%] Built target pick_pr2
[170.378s] [100%] Built target pymoveit_mtc
[170.395s] Invoked command in '/home/mscrobotics2425laptop27/Documents/University/robotic_systems_design_project/RoboticDesign---Team-10/manipulator_work/manipulator_ros2_workspace/build/moveit_task_constructor_core' returned '0': AMENT_PREFIX_PATH=/home/mscrobotics2425laptop27/Documents/University/robotic_systems_design_project/RoboticDesign---Team-10/manipulator_work/manipulator_ros2_workspace/install/rviz_marker_tools:/home/mscrobotics2425laptop27/Documents/University/robotic_systems_design_project/RoboticDesign---Team-10/manipulator_work/manipulator_ros2_workspace/install/moveit_task_constructor_msgs:${AMENT_PREFIX_PATH} CMAKE_PREFIX_PATH=/home/mscrobotics2425laptop27/Documents/University/robotic_systems_design_project/RoboticDesign---Team-10/manipulator_work/manipulator_ros2_workspace/install/rviz_marker_tools:/home/mscrobotics2425laptop27/Documents/University/robotic_systems_design_project/RoboticDesign---Team-10/manipulator_work/manipulator_ros2_workspace/install/moveit_task_constructor_msgs:/home/mscrobotics2425laptop27/interbotix_ws/install/interbotix_ros_xsarms_examples:/home/mscrobotics2425laptop27/interbotix_ws/install/interbotix_xsarm_moveit_interface:/home/mscrobotics2425laptop27/interbotix_ws/install/interbotix_moveit_interface:/home/mscrobotics2425laptop27/interbotix_ws/install/moveit_visual_tools:/home/mscrobotics2425laptop27/interbotix_ws/install/interbotix_ros_xsarms:/home/mscrobotics2425laptop27/interbotix_ws/install/interbotix_xsarm_moveit:/home/mscrobotics2425laptop27/interbotix_ws/install/interbotix_xsarm_sim:/home/mscrobotics2425laptop27/interbotix_ws/install/interbotix_xsarm_ros_control:/home/mscrobotics2425laptop27/interbotix_ws/install/interbotix_xsarm_puppet:/home/mscrobotics2425laptop27/interbotix_ws/install/interbotix_xsarm_perception:/home/mscrobotics2425laptop27/interbotix_ws/install/interbotix_xsarm_joy:/home/mscrobotics2425laptop27/interbotix_ws/install/interbotix_xsarm_gravity_compensation:/home/mscrobotics2425laptop27/interbotix_ws/install/interbotix_xsarm_dual:/home/mscrobotics2425laptop27/interbotix_ws/install/interbotix_xsarm_control:/home/mscrobotics2425laptop27/interbotix_ws/install/interbotix_xsarm_descriptions:/home/mscrobotics2425laptop27/interbotix_ws/install/interbotix_xs_toolbox:/home/mscrobotics2425laptop27/interbotix_ws/install/interbotix_xs_rviz:/home/mscrobotics2425laptop27/interbotix_ws/install/interbotix_ros_xseries:/home/mscrobotics2425laptop27/interbotix_ws/install/interbotix_xs_sdk:/home/mscrobotics2425laptop27/interbotix_ws/install/interbotix_xs_ros_control:/home/mscrobotics2425laptop27/interbotix_ws/install/interbotix_perception_toolbox:/home/mscrobotics2425laptop27/interbotix_ws/install/interbotix_common_toolbox:/home/mscrobotics2425laptop27/interbotix_ws/install/interbotix_gravity_compensation:/home/mscrobotics2425laptop27/interbotix_ws/install/interbotix_xs_msgs:/home/mscrobotics2425laptop27/interbotix_ws/install/interbotix_xs_driver:/home/mscrobotics2425laptop27/interbotix_ws/install/interbotix_tf_tools:/home/mscrobotics2425laptop27/interbotix_ws/install/interbotix_perception_pipelines:/home/mscrobotics2425laptop27/interbotix_ws/install/interbotix_perception_msgs:/home/mscrobotics2425laptop27/interbotix_ws/install/interbotix_moveit_interface_msgs:/home/mscrobotics2425laptop27/interbotix_ws/install/interbotix_common_sim:/home/mscrobotics2425laptop27/interbotix_ws/install/dynamixel_workbench_toolbox:/home/mscrobotics2425laptop27/apriltag_ws/install/apriltag_ros:/home/mscrobotics2425laptop27/interbotix_ws/install/interbotix_xs_modules:/home/mscrobotics2425laptop27/interbotix_ws/install/interbotix_perception_modules:/home/mscrobotics2425laptop27/interbotix_ws/install/interbotix_common_modules:/opt/ros/humble LD_LIBRARY_PATH=/home/mscrobotics2425laptop27/Documents/University/robotic_systems_design_project/RoboticDesign---Team-10/manipulator_work/manipulator_ros2_workspace/install/rviz_marker_tools/lib:/home/mscrobotics2425laptop27/Documents/University/robotic_systems_design_project/RoboticDesign---Team-10/manipulator_work/manipulator_ros2_workspace/install/moveit_task_constructor_msgs/lib:${LD_LIBRARY_PATH} PYTHONPATH=/home/mscrobotics2425laptop27/Documents/University/robotic_systems_design_project/RoboticDesign---Team-10/manipulator_work/manipulator_ros2_workspace/install/moveit_task_constructor_msgs/local/lib/python3.10/dist-packages:${PYTHONPATH} /usr/bin/cmake --build /home/mscrobotics2425laptop27/Documents/University/robotic_systems_design_project/RoboticDesign---Team-10/manipulator_work/manipulator_ros2_workspace/build/moveit_task_constructor_core -- -j12 -l12
[170.401s] Invoking command in '/home/mscrobotics2425laptop27/Documents/University/robotic_systems_design_project/RoboticDesign---Team-10/manipulator_work/manipulator_ros2_workspace/build/moveit_task_constructor_core': AMENT_PREFIX_PATH=/home/mscrobotics2425laptop27/Documents/University/robotic_systems_design_project/RoboticDesign---Team-10/manipulator_work/manipulator_ros2_workspace/install/rviz_marker_tools:/home/mscrobotics2425laptop27/Documents/University/robotic_systems_design_project/RoboticDesign---Team-10/manipulator_work/manipulator_ros2_workspace/install/moveit_task_constructor_msgs:${AMENT_PREFIX_PATH} CMAKE_PREFIX_PATH=/home/mscrobotics2425laptop27/Documents/University/robotic_systems_design_project/RoboticDesign---Team-10/manipulator_work/manipulator_ros2_workspace/install/rviz_marker_tools:/home/mscrobotics2425laptop27/Documents/University/robotic_systems_design_project/RoboticDesign---Team-10/manipulator_work/manipulator_ros2_workspace/install/moveit_task_constructor_msgs:/home/mscrobotics2425laptop27/interbotix_ws/install/interbotix_ros_xsarms_examples:/home/mscrobotics2425laptop27/interbotix_ws/install/interbotix_xsarm_moveit_interface:/home/mscrobotics2425laptop27/interbotix_ws/install/interbotix_moveit_interface:/home/mscrobotics2425laptop27/interbotix_ws/install/moveit_visual_tools:/home/mscrobotics2425laptop27/interbotix_ws/install/interbotix_ros_xsarms:/home/mscrobotics2425laptop27/interbotix_ws/install/interbotix_xsarm_moveit:/home/mscrobotics2425laptop27/interbotix_ws/install/interbotix_xsarm_sim:/home/mscrobotics2425laptop27/interbotix_ws/install/interbotix_xsarm_ros_control:/home/mscrobotics2425laptop27/interbotix_ws/install/interbotix_xsarm_puppet:/home/mscrobotics2425laptop27/interbotix_ws/install/interbotix_xsarm_perception:/home/mscrobotics2425laptop27/interbotix_ws/install/interbotix_xsarm_joy:/home/mscrobotics2425laptop27/interbotix_ws/install/interbotix_xsarm_gravity_compensation:/home/mscrobotics2425laptop27/interbotix_ws/install/interbotix_xsarm_dual:/home/mscrobotics2425laptop27/interbotix_ws/install/interbotix_xsarm_control:/home/mscrobotics2425laptop27/interbotix_ws/install/interbotix_xsarm_descriptions:/home/mscrobotics2425laptop27/interbotix_ws/install/interbotix_xs_toolbox:/home/mscrobotics2425laptop27/interbotix_ws/install/interbotix_xs_rviz:/home/mscrobotics2425laptop27/interbotix_ws/install/interbotix_ros_xseries:/home/mscrobotics2425laptop27/interbotix_ws/install/interbotix_xs_sdk:/home/mscrobotics2425laptop27/interbotix_ws/install/interbotix_xs_ros_control:/home/mscrobotics2425laptop27/interbotix_ws/install/interbotix_perception_toolbox:/home/mscrobotics2425laptop27/interbotix_ws/install/interbotix_common_toolbox:/home/mscrobotics2425laptop27/interbotix_ws/install/interbotix_gravity_compensation:/home/mscrobotics2425laptop27/interbotix_ws/install/interbotix_xs_msgs:/home/mscrobotics2425laptop27/interbotix_ws/install/interbotix_xs_driver:/home/mscrobotics2425laptop27/interbotix_ws/install/interbotix_tf_tools:/home/mscrobotics2425laptop27/interbotix_ws/install/interbotix_perception_pipelines:/home/mscrobotics2425laptop27/interbotix_ws/install/interbotix_perception_msgs:/home/mscrobotics2425laptop27/interbotix_ws/install/interbotix_moveit_interface_msgs:/home/mscrobotics2425laptop27/interbotix_ws/install/interbotix_common_sim:/home/mscrobotics2425laptop27/interbotix_ws/install/dynamixel_workbench_toolbox:/home/mscrobotics2425laptop27/apriltag_ws/install/apriltag_ros:/home/mscrobotics2425laptop27/interbotix_ws/install/interbotix_xs_modules:/home/mscrobotics2425laptop27/interbotix_ws/install/interbotix_perception_modules:/home/mscrobotics2425laptop27/interbotix_ws/install/interbotix_common_modules:/opt/ros/humble LD_LIBRARY_PATH=/home/mscrobotics2425laptop27/Documents/University/robotic_systems_design_project/RoboticDesign---Team-10/manipulator_work/manipulator_ros2_workspace/install/rviz_marker_tools/lib:/home/mscrobotics2425laptop27/Documents/University/robotic_systems_design_project/RoboticDesign---Team-10/manipulator_work/manipulator_ros2_workspace/install/moveit_task_constructor_msgs/lib:${LD_LIBRARY_PATH} PYTHONPATH=/home/mscrobotics2425laptop27/Documents/University/robotic_systems_design_project/RoboticDesign---Team-10/manipulator_work/manipulator_ros2_workspace/install/moveit_task_constructor_msgs/local/lib/python3.10/dist-packages:${PYTHONPATH} /usr/bin/cmake --install /home/mscrobotics2425laptop27/Documents/University/robotic_systems_design_project/RoboticDesign---Team-10/manipulator_work/manipulator_ros2_workspace/build/moveit_task_constructor_core
[170.407s] -- Install configuration: "Release"
[170.411s] -- Installing: /home/mscrobotics2425laptop27/Documents/University/robotic_systems_design_project/RoboticDesign---Team-10/manipulator_work/manipulator_ros2_workspace/install/moveit_task_constructor_core/lib/libmoveit_task_constructor_core_stages.so
[170.416s] -- Set runtime path of "/home/mscrobotics2425laptop27/Documents/University/robotic_systems_design_project/RoboticDesign---Team-10/manipulator_work/manipulator_ros2_workspace/install/moveit_task_constructor_core/lib/libmoveit_task_constructor_core_stages.so" to ""
[170.417s] -- Installing: /home/mscrobotics2425laptop27/Documents/University/robotic_systems_design_project/RoboticDesign---Team-10/manipulator_work/manipulator_ros2_workspace/install/moveit_task_constructor_core/lib/libmoveit_task_constructor_core_stage_plugins.so
[170.418s] -- Set runtime path of "/home/mscrobotics2425laptop27/Documents/University/robotic_systems_design_project/RoboticDesign---Team-10/manipulator_work/manipulator_ros2_workspace/install/moveit_task_constructor_core/lib/libmoveit_task_constructor_core_stage_plugins.so" to ""
[170.420s] -- Installing: /home/mscrobotics2425laptop27/Documents/University/robotic_systems_design_project/RoboticDesign---Team-10/manipulator_work/manipulator_ros2_workspace/install/moveit_task_constructor_core/lib/libmoveit_task_constructor_core.so
[170.433s] -- Set runtime path of "/home/mscrobotics2425laptop27/Documents/University/robotic_systems_design_project/RoboticDesign---Team-10/manipulator_work/manipulator_ros2_workspace/install/moveit_task_constructor_core/lib/libmoveit_task_constructor_core.so" to ""
[170.434s] -- Up-to-date: /home/mscrobotics2425laptop27/Documents/University/robotic_systems_design_project/RoboticDesign---Team-10/manipulator_work/manipulator_ros2_workspace/install/moveit_task_constructor_core/share/moveit_task_constructor_core/environment/pythonpath.sh
[170.434s] -- Installing: /home/mscrobotics2425laptop27/Documents/University/robotic_systems_design_project/RoboticDesign---Team-10/manipulator_work/manipulator_ros2_workspace/install/moveit_task_constructor_core/share/moveit_task_constructor_core/environment/pythonpath.dsv
[170.435s] -- Up-to-date: /home/mscrobotics2425laptop27/Documents/University/robotic_systems_design_project/RoboticDesign---Team-10/manipulator_work/manipulator_ros2_workspace/install/moveit_task_constructor_core/local/lib/python3.10/dist-packages/moveit-0.1.3-py3.10.egg-info
[170.435s] -- Installing: /home/mscrobotics2425laptop27/Documents/University/robotic_systems_design_project/RoboticDesign---Team-10/manipulator_work/manipulator_ros2_workspace/install/moveit_task_constructor_core/local/lib/python3.10/dist-packages/moveit-0.1.3-py3.10.egg-info/PKG-INFO
[170.436s] -- Installing: /home/mscrobotics2425laptop27/Documents/University/robotic_systems_design_project/RoboticDesign---Team-10/manipulator_work/manipulator_ros2_workspace/install/moveit_task_constructor_core/local/lib/python3.10/dist-packages/moveit-0.1.3-py3.10.egg-info/SOURCES.txt
[170.439s] -- Installing: /home/mscrobotics2425laptop27/Documents/University/robotic_systems_design_project/RoboticDesign---Team-10/manipulator_work/manipulator_ros2_workspace/install/moveit_task_constructor_core/local/lib/python3.10/dist-packages/moveit-0.1.3-py3.10.egg-info/dependency_links.txt
[170.439s] -- Installing: /home/mscrobotics2425laptop27/Documents/University/robotic_systems_design_project/RoboticDesign---Team-10/manipulator_work/manipulator_ros2_workspace/install/moveit_task_constructor_core/local/lib/python3.10/dist-packages/moveit-0.1.3-py3.10.egg-info/top_level.txt
[170.440s] -- Up-to-date: /home/mscrobotics2425laptop27/Documents/University/robotic_systems_design_project/RoboticDesign---Team-10/manipulator_work/manipulator_ros2_workspace/install/moveit_task_constructor_core/local/lib/python3.10/dist-packages/moveit
[170.440s] -- Installing: /home/mscrobotics2425laptop27/Documents/University/robotic_systems_design_project/RoboticDesign---Team-10/manipulator_work/manipulator_ros2_workspace/install/moveit_task_constructor_core/local/lib/python3.10/dist-packages/moveit/__init__.py
[170.441s] -- Up-to-date: /home/mscrobotics2425laptop27/Documents/University/robotic_systems_design_project/RoboticDesign---Team-10/manipulator_work/manipulator_ros2_workspace/install/moveit_task_constructor_core/local/lib/python3.10/dist-packages/moveit/task_constructor
[170.441s] -- Installing: /home/mscrobotics2425laptop27/Documents/University/robotic_systems_design_project/RoboticDesign---Team-10/manipulator_work/manipulator_ros2_workspace/install/moveit_task_constructor_core/local/lib/python3.10/dist-packages/moveit/task_constructor/__init__.py
[170.441s] -- Installing: /home/mscrobotics2425laptop27/Documents/University/robotic_systems_design_project/RoboticDesign---Team-10/manipulator_work/manipulator_ros2_workspace/install/moveit_task_constructor_core/local/lib/python3.10/dist-packages/moveit/task_constructor/core.py
[170.442s] -- Installing: /home/mscrobotics2425laptop27/Documents/University/robotic_systems_design_project/RoboticDesign---Team-10/manipulator_work/manipulator_ros2_workspace/install/moveit_task_constructor_core/local/lib/python3.10/dist-packages/moveit/task_constructor/stages.py
[170.529s] Listing '/home/mscrobotics2425laptop27/Documents/University/robotic_systems_design_project/RoboticDesign---Team-10/manipulator_work/manipulator_ros2_workspace/install/moveit_task_constructor_core/local/lib/python3.10/dist-packages/moveit'...
[170.529s] Listing '/home/mscrobotics2425laptop27/Documents/University/robotic_systems_design_project/RoboticDesign---Team-10/manipulator_work/manipulator_ros2_workspace/install/moveit_task_constructor_core/local/lib/python3.10/dist-packages/moveit/task_constructor'...
[170.537s] -- Up-to-date: /home/mscrobotics2425laptop27/Documents/University/robotic_systems_design_project/RoboticDesign---Team-10/manipulator_work/manipulator_ros2_workspace/install/moveit_task_constructor_core/include/moveit/python/pybind11
[170.537s] -- Installing: /home/mscrobotics2425laptop27/Documents/University/robotic_systems_design_project/RoboticDesign---Team-10/manipulator_work/manipulator_ros2_workspace/install/moveit_task_constructor_core/include/moveit/python/pybind11/trampoline_self_life_support.h
[170.538s] -- Installing: /home/mscrobotics2425laptop27/Documents/University/robotic_systems_design_project/RoboticDesign---Team-10/manipulator_work/manipulator_ros2_workspace/install/moveit_task_constructor_core/include/moveit/python/pybind11/eval.h
[170.539s] -- Installing: /home/mscrobotics2425laptop27/Documents/University/robotic_systems_design_project/RoboticDesign---Team-10/manipulator_work/manipulator_ros2_workspace/install/moveit_task_constructor_core/include/moveit/python/pybind11/eigen.h
[170.540s] -- Installing: /home/mscrobotics2425laptop27/Documents/University/robotic_systems_design_project/RoboticDesign---Team-10/manipulator_work/manipulator_ros2_workspace/install/moveit_task_constructor_core/include/moveit/python/pybind11/pytypes.h
[170.541s] -- Installing: /home/mscrobotics2425laptop27/Documents/University/robotic_systems_design_project/RoboticDesign---Team-10/manipulator_work/manipulator_ros2_workspace/install/moveit_task_constructor_core/include/moveit/python/pybind11/type_caster_pyobject_ptr.h
[170.541s] -- Installing: /home/mscrobotics2425laptop27/Documents/University/robotic_systems_design_project/RoboticDesign---Team-10/manipulator_work/manipulator_ros2_workspace/install/moveit_task_constructor_core/include/moveit/python/pybind11/chrono.h
[170.542s] -- Installing: /home/mscrobotics2425laptop27/Documents/University/robotic_systems_design_project/RoboticDesign---Team-10/manipulator_work/manipulator_ros2_workspace/install/moveit_task_constructor_core/include/moveit/python/pybind11/gil.h
[170.542s] -- Up-to-date: /home/mscrobotics2425laptop27/Documents/University/robotic_systems_design_project/RoboticDesign---Team-10/manipulator_work/manipulator_ros2_workspace/install/moveit_task_constructor_core/include/moveit/python/pybind11/detail
[170.542s] -- Installing: /home/mscrobotics2425laptop27/Documents/University/robotic_systems_design_project/RoboticDesign---Team-10/manipulator_work/manipulator_ros2_workspace/install/moveit_task_constructor_core/include/moveit/python/pybind11/detail/type_caster_odr_guard.h
[170.543s] -- Installing: /home/mscrobotics2425laptop27/Documents/University/robotic_systems_design_project/RoboticDesign---Team-10/manipulator_work/manipulator_ros2_workspace/install/moveit_task_constructor_core/include/moveit/python/pybind11/detail/type_caster_base.h
[170.543s] -- Installing: /home/mscrobotics2425laptop27/Documents/University/robotic_systems_design_project/RoboticDesign---Team-10/manipulator_work/manipulator_ros2_workspace/install/moveit_task_constructor_core/include/moveit/python/pybind11/detail/descr.h
[170.543s] -- Installing: /home/mscrobotics2425laptop27/Documents/University/robotic_systems_design_project/RoboticDesign---Team-10/manipulator_work/manipulator_ros2_workspace/install/moveit_task_constructor_core/include/moveit/python/pybind11/detail/class.h
[170.544s] -- Installing: /home/mscrobotics2425laptop27/Documents/University/robotic_systems_design_project/RoboticDesign---Team-10/manipulator_work/manipulator_ros2_workspace/install/moveit_task_constructor_core/include/moveit/python/pybind11/detail/smart_holder_poc.h
[170.544s] -- Installing: /home/mscrobotics2425laptop27/Documents/University/robotic_systems_design_project/RoboticDesign---Team-10/manipulator_work/manipulator_ros2_workspace/install/moveit_task_constructor_core/include/moveit/python/pybind11/detail/init.h
[170.544s] -- Installing: /home/mscrobotics2425laptop27/Documents/University/robotic_systems_design_project/RoboticDesign---Team-10/manipulator_work/manipulator_ros2_workspace/install/moveit_task_constructor_core/include/moveit/python/pybind11/detail/typeid.h
[170.545s] -- Installing: /home/mscrobotics2425laptop27/Documents/University/robotic_systems_design_project/RoboticDesign---Team-10/manipulator_work/manipulator_ros2_workspace/install/moveit_task_constructor_core/include/moveit/python/pybind11/detail/common.h
[170.545s] -- Installing: /home/mscrobotics2425laptop27/Documents/University/robotic_systems_design_project/RoboticDesign---Team-10/manipulator_work/manipulator_ros2_workspace/install/moveit_task_constructor_core/include/moveit/python/pybind11/detail/smart_holder_type_casters.h
[170.545s] -- Installing: /home/mscrobotics2425laptop27/Documents/University/robotic_systems_design_project/RoboticDesign---Team-10/manipulator_work/manipulator_ros2_workspace/install/moveit_task_constructor_core/include/moveit/python/pybind11/detail/smart_holder_sfinae_hooks_only.h
[170.546s] -- Installing: /home/mscrobotics2425laptop27/Documents/University/robotic_systems_design_project/RoboticDesign---Team-10/manipulator_work/manipulator_ros2_workspace/install/moveit_task_constructor_core/include/moveit/python/pybind11/detail/internals.h
[170.546s] -- Installing: /home/mscrobotics2425laptop27/Documents/University/robotic_systems_design_project/RoboticDesign---Team-10/manipulator_work/manipulator_ros2_workspace/install/moveit_task_constructor_core/include/moveit/python/pybind11/detail/dynamic_raw_ptr_cast_if_possible.h
[170.546s] -- Installing: /home/mscrobotics2425laptop27/Documents/University/robotic_systems_design_project/RoboticDesign---Team-10/manipulator_work/manipulator_ros2_workspace/install/moveit_task_constructor_core/include/moveit/python/pybind11/smart_holder.h
[170.546s] -- Installing: /home/mscrobotics2425laptop27/Documents/University/robotic_systems_design_project/RoboticDesign---Team-10/manipulator_work/manipulator_ros2_workspace/install/moveit_task_constructor_core/include/moveit/python/pybind11/typing.h
[170.547s] -- Installing: /home/mscrobotics2425laptop27/Documents/University/robotic_systems_design_project/RoboticDesign---Team-10/manipulator_work/manipulator_ros2_workspace/install/moveit_task_constructor_core/include/moveit/python/pybind11/gil_safe_call_once.h
[170.547s] -- Installing: /home/mscrobotics2425laptop27/Documents/University/robotic_systems_design_project/RoboticDesign---Team-10/manipulator_work/manipulator_ros2_workspace/install/moveit_task_constructor_core/include/moveit/python/pybind11/numpy.h
[170.549s] -- Installing: /home/mscrobotics2425laptop27/Documents/University/robotic_systems_design_project/RoboticDesign---Team-10/manipulator_work/manipulator_ros2_workspace/install/moveit_task_constructor_core/include/moveit/python/pybind11/common.h
[170.550s] -- Installing: /home/mscrobotics2425laptop27/Documents/University/robotic_systems_design_project/RoboticDesign---Team-10/manipulator_work/manipulator_ros2_workspace/install/moveit_task_constructor_core/include/moveit/python/pybind11/operators.h
[170.551s] -- Installing: /home/mscrobotics2425laptop27/Documents/University/robotic_systems_design_project/RoboticDesign---Team-10/manipulator_work/manipulator_ros2_workspace/install/moveit_task_constructor_core/include/moveit/python/pybind11/complex.h
[170.553s] -- Up-to-date: /home/mscrobotics2425laptop27/Documents/University/robotic_systems_design_project/RoboticDesign---Team-10/manipulator_work/manipulator_ros2_workspace/install/moveit_task_constructor_core/include/moveit/python/pybind11/stl
[170.553s] -- Installing: /home/mscrobotics2425laptop27/Documents/University/robotic_systems_design_project/RoboticDesign---Team-10/manipulator_work/manipulator_ros2_workspace/install/moveit_task_constructor_core/include/moveit/python/pybind11/stl/filesystem.h
[170.554s] -- Installing: /home/mscrobotics2425laptop27/Documents/University/robotic_systems_design_project/RoboticDesign---Team-10/manipulator_work/manipulator_ros2_workspace/install/moveit_task_constructor_core/include/moveit/python/pybind11/cast.h
[170.554s] -- Installing: /home/mscrobotics2425laptop27/Documents/University/robotic_systems_design_project/RoboticDesign---Team-10/manipulator_work/manipulator_ros2_workspace/install/moveit_task_constructor_core/include/moveit/python/pybind11/options.h
[170.555s] -- Installing: /home/mscrobotics2425laptop27/Documents/University/robotic_systems_design_project/RoboticDesign---Team-10/manipulator_work/manipulator_ros2_workspace/install/moveit_task_constructor_core/include/moveit/python/pybind11/embed.h
[170.555s] -- Installing: /home/mscrobotics2425laptop27/Documents/University/robotic_systems_design_project/RoboticDesign---Team-10/manipulator_work/manipulator_ros2_workspace/install/moveit_task_constructor_core/include/moveit/python/pybind11/stl_bind.h
[170.556s] -- Installing: /home/mscrobotics2425laptop27/Documents/University/robotic_systems_design_project/RoboticDesign---Team-10/manipulator_work/manipulator_ros2_workspace/install/moveit_task_constructor_core/include/moveit/python/pybind11/functional.h
[170.557s] -- Installing: /home/mscrobotics2425laptop27/Documents/University/robotic_systems_design_project/RoboticDesign---Team-10/manipulator_work/manipulator_ros2_workspace/install/moveit_task_constructor_core/include/moveit/python/pybind11/stl.h
[170.557s] -- Up-to-date: /home/mscrobotics2425laptop27/Documents/University/robotic_systems_design_project/RoboticDesign---Team-10/manipulator_work/manipulator_ros2_workspace/install/moveit_task_constructor_core/include/moveit/python/pybind11/eigen
[170.557s] -- Installing: /home/mscrobotics2425laptop27/Documents/University/robotic_systems_design_project/RoboticDesign---Team-10/manipulator_work/manipulator_ros2_workspace/install/moveit_task_constructor_core/include/moveit/python/pybind11/eigen/common.h
[170.558s] -- Installing: /home/mscrobotics2425laptop27/Documents/University/robotic_systems_design_project/RoboticDesign---Team-10/manipulator_work/manipulator_ros2_workspace/install/moveit_task_constructor_core/include/moveit/python/pybind11/eigen/tensor.h
[170.559s] -- Installing: /home/mscrobotics2425laptop27/Documents/University/robotic_systems_design_project/RoboticDesign---Team-10/manipulator_work/manipulator_ros2_workspace/install/moveit_task_constructor_core/include/moveit/python/pybind11/eigen/matrix.h
[170.560s] -- Installing: /home/mscrobotics2425laptop27/Documents/University/robotic_systems_design_project/RoboticDesign---Team-10/manipulator_work/manipulator_ros2_workspace/install/moveit_task_constructor_core/include/moveit/python/pybind11/attr.h
[170.560s] -- Installing: /home/mscrobotics2425laptop27/Documents/University/robotic_systems_design_project/RoboticDesign---Team-10/manipulator_work/manipulator_ros2_workspace/install/moveit_task_constructor_core/include/moveit/python/pybind11/pybind11.h
[170.561s] -- Installing: /home/mscrobotics2425laptop27/Documents/University/robotic_systems_design_project/RoboticDesign---Team-10/manipulator_work/manipulator_ros2_workspace/install/moveit_task_constructor_core/include/moveit/python/pybind11/buffer_info.h
[170.562s] -- Installing: /home/mscrobotics2425laptop27/Documents/University/robotic_systems_design_project/RoboticDesign---Team-10/manipulator_work/manipulator_ros2_workspace/install/moveit_task_constructor_core/include/moveit/python/pybind11/iostream.h
[170.563s] -- Up-to-date: /home/mscrobotics2425laptop27/Documents/University/robotic_systems_design_project/RoboticDesign---Team-10/manipulator_work/manipulator_ros2_workspace/install/moveit_task_constructor_core/share/moveit_task_constructor_core/cmake/pybind11Config.cmake
[170.563s] -- Up-to-date: /home/mscrobotics2425laptop27/Documents/University/robotic_systems_design_project/RoboticDesign---Team-10/manipulator_work/manipulator_ros2_workspace/install/moveit_task_constructor_core/share/moveit_task_constructor_core/cmake/pybind11ConfigVersion.cmake
[170.563s] -- Installing: /home/mscrobotics2425laptop27/Documents/University/robotic_systems_design_project/RoboticDesign---Team-10/manipulator_work/manipulator_ros2_workspace/install/moveit_task_constructor_core/share/moveit_task_constructor_core/cmake/FindPythonLibsNew.cmake
[170.564s] -- Installing: /home/mscrobotics2425laptop27/Documents/University/robotic_systems_design_project/RoboticDesign---Team-10/manipulator_work/manipulator_ros2_workspace/install/moveit_task_constructor_core/share/moveit_task_constructor_core/cmake/pybind11Common.cmake
[170.564s] -- Installing: /home/mscrobotics2425laptop27/Documents/University/robotic_systems_design_project/RoboticDesign---Team-10/manipulator_work/manipulator_ros2_workspace/install/moveit_task_constructor_core/share/moveit_task_constructor_core/cmake/pybind11Tools.cmake
[170.565s] -- Installing: /home/mscrobotics2425laptop27/Documents/University/robotic_systems_design_project/RoboticDesign---Team-10/manipulator_work/manipulator_ros2_workspace/install/moveit_task_constructor_core/share/moveit_task_constructor_core/cmake/pybind11NewTools.cmake
[170.567s] -- Up-to-date: /home/mscrobotics2425laptop27/Documents/University/robotic_systems_design_project/RoboticDesign---Team-10/manipulator_work/manipulator_ros2_workspace/install/moveit_task_constructor_core/share/moveit_task_constructor_core/cmake/pybind11Targets.cmake
[170.567s] -- Up-to-date: /home/mscrobotics2425laptop27/Documents/University/robotic_systems_design_project/RoboticDesign---Team-10/manipulator_work/manipulator_ros2_workspace/install/moveit_task_constructor_core/share/pkgconfig/pybind11.pc
[170.568s] -- Installing: /home/mscrobotics2425laptop27/Documents/University/robotic_systems_design_project/RoboticDesign---Team-10/manipulator_work/manipulator_ros2_workspace/install/moveit_task_constructor_core/local/lib/python3.10/dist-packages/pymoveit_mtc.cpython-310-x86_64-linux-gnu.so
[170.572s] -- Set runtime path of "/home/mscrobotics2425laptop27/Documents/University/robotic_systems_design_project/RoboticDesign---Team-10/manipulator_work/manipulator_ros2_workspace/install/moveit_task_constructor_core/local/lib/python3.10/dist-packages/pymoveit_mtc.cpython-310-x86_64-linux-gnu.so" to ""
[170.574s] -- Up-to-date: /home/mscrobotics2425laptop27/Documents/University/robotic_systems_design_project/RoboticDesign---Team-10/manipulator_work/manipulator_ros2_workspace/install/moveit_task_constructor_core/include
[170.574s] -- Up-to-date: /home/mscrobotics2425laptop27/Documents/University/robotic_systems_design_project/RoboticDesign---Team-10/manipulator_work/manipulator_ros2_workspace/install/moveit_task_constructor_core/include/moveit
[170.574s] -- Up-to-date: /home/mscrobotics2425laptop27/Documents/University/robotic_systems_design_project/RoboticDesign---Team-10/manipulator_work/manipulator_ros2_workspace/install/moveit_task_constructor_core/include/moveit/python
[170.574s] -- Up-to-date: /home/mscrobotics2425laptop27/Documents/University/robotic_systems_design_project/RoboticDesign---Team-10/manipulator_work/manipulator_ros2_workspace/install/moveit_task_constructor_core/include/moveit/python/task_constructor
[170.575s] -- Installing: /home/mscrobotics2425laptop27/Documents/University/robotic_systems_design_project/RoboticDesign---Team-10/manipulator_work/manipulator_ros2_workspace/install/moveit_task_constructor_core/include/moveit/python/task_constructor/properties.h
[170.575s] -- Up-to-date: /home/mscrobotics2425laptop27/Documents/University/robotic_systems_design_project/RoboticDesign---Team-10/manipulator_work/manipulator_ros2_workspace/install/moveit_task_constructor_core/include/moveit/task_constructor
[170.575s] -- Installing: /home/mscrobotics2425laptop27/Documents/University/robotic_systems_design_project/RoboticDesign---Team-10/manipulator_work/manipulator_ros2_workspace/install/moveit_task_constructor_core/include/moveit/task_constructor/storage.h
[170.576s] -- Installing: /home/mscrobotics2425laptop27/Documents/University/robotic_systems_design_project/RoboticDesign---Team-10/manipulator_work/manipulator_ros2_workspace/install/moveit_task_constructor_core/include/moveit/task_constructor/utils.h
[170.576s] -- Installing: /home/mscrobotics2425laptop27/Documents/University/robotic_systems_design_project/RoboticDesign---Team-10/manipulator_work/manipulator_ros2_workspace/install/moveit_task_constructor_core/include/moveit/task_constructor/solvers.h
[170.576s] -- Installing: /home/mscrobotics2425laptop27/Documents/University/robotic_systems_design_project/RoboticDesign---Team-10/manipulator_work/manipulator_ros2_workspace/install/moveit_task_constructor_core/include/moveit/task_constructor/type_traits.h
[170.577s] -- Installing: /home/mscrobotics2425laptop27/Documents/University/robotic_systems_design_project/RoboticDesign---Team-10/manipulator_work/manipulator_ros2_workspace/install/moveit_task_constructor_core/include/moveit/task_constructor/task.h
[170.577s] -- Installing: /home/mscrobotics2425laptop27/Documents/University/robotic_systems_design_project/RoboticDesign---Team-10/manipulator_work/manipulator_ros2_workspace/install/moveit_task_constructor_core/include/moveit/task_constructor/marker_tools.h
[170.577s] -- Up-to-date: /home/mscrobotics2425laptop27/Documents/University/robotic_systems_design_project/RoboticDesign---Team-10/manipulator_work/manipulator_ros2_workspace/install/moveit_task_constructor_core/include/moveit/task_constructor/solvers
[170.578s] -- Installing: /home/mscrobotics2425laptop27/Documents/University/robotic_systems_design_project/RoboticDesign---Team-10/manipulator_work/manipulator_ros2_workspace/install/moveit_task_constructor_core/include/moveit/task_constructor/solvers/planner_interface.h
[170.578s] -- Installing: /home/mscrobotics2425laptop27/Documents/University/robotic_systems_design_project/RoboticDesign---Team-10/manipulator_work/manipulator_ros2_workspace/install/moveit_task_constructor_core/include/moveit/task_constructor/solvers/pipeline_planner.h
[170.578s] -- Installing: /home/mscrobotics2425laptop27/Documents/University/robotic_systems_design_project/RoboticDesign---Team-10/manipulator_work/manipulator_ros2_workspace/install/moveit_task_constructor_core/include/moveit/task_constructor/solvers/joint_interpolation.h
[170.579s] -- Installing: /home/mscrobotics2425laptop27/Documents/University/robotic_systems_design_project/RoboticDesign---Team-10/manipulator_work/manipulator_ros2_workspace/install/moveit_task_constructor_core/include/moveit/task_constructor/solvers/cartesian_path.h
[170.579s] -- Installing: /home/mscrobotics2425laptop27/Documents/University/robotic_systems_design_project/RoboticDesign---Team-10/manipulator_work/manipulator_ros2_workspace/install/moveit_task_constructor_core/include/moveit/task_constructor/solvers/multi_planner.h
[170.580s] -- Installing: /home/mscrobotics2425laptop27/Documents/University/robotic_systems_design_project/RoboticDesign---Team-10/manipulator_work/manipulator_ros2_workspace/install/moveit_task_constructor_core/include/moveit/task_constructor/cost_queue.h
[170.581s] -- Installing: /home/mscrobotics2425laptop27/Documents/University/robotic_systems_design_project/RoboticDesign---Team-10/manipulator_work/manipulator_ros2_workspace/install/moveit_task_constructor_core/include/moveit/task_constructor/properties.h
[170.581s] -- Installing: /home/mscrobotics2425laptop27/Documents/University/robotic_systems_design_project/RoboticDesign---Team-10/manipulator_work/manipulator_ros2_workspace/install/moveit_task_constructor_core/include/moveit/task_constructor/stage.h
[170.581s] -- Installing: /home/mscrobotics2425laptop27/Documents/University/robotic_systems_design_project/RoboticDesign---Team-10/manipulator_work/manipulator_ros2_workspace/install/moveit_task_constructor_core/include/moveit/task_constructor/container.h
[170.582s] -- Installing: /home/mscrobotics2425laptop27/Documents/University/robotic_systems_design_project/RoboticDesign---Team-10/manipulator_work/manipulator_ros2_workspace/install/moveit_task_constructor_core/include/moveit/task_constructor/introspection.h
[170.583s] -- Installing: /home/mscrobotics2425laptop27/Documents/University/robotic_systems_design_project/RoboticDesign---Team-10/manipulator_work/manipulator_ros2_workspace/install/moveit_task_constructor_core/include/moveit/task_constructor/moveit_compat.h
[170.583s] -- Installing: /home/mscrobotics2425laptop27/Documents/University/robotic_systems_design_project/RoboticDesign---Team-10/manipulator_work/manipulator_ros2_workspace/install/moveit_task_constructor_core/include/moveit/task_constructor/cost_terms.h
[170.583s] -- Installing: /home/mscrobotics2425laptop27/Documents/University/robotic_systems_design_project/RoboticDesign---Team-10/manipulator_work/manipulator_ros2_workspace/install/moveit_task_constructor_core/include/moveit/task_constructor/trajectory_execution_info.h
[170.584s] -- Installing: /home/mscrobotics2425laptop27/Documents/University/robotic_systems_design_project/RoboticDesign---Team-10/manipulator_work/manipulator_ros2_workspace/install/moveit_task_constructor_core/include/moveit/task_constructor/merge.h
[170.584s] -- Installing: /home/mscrobotics2425laptop27/Documents/University/robotic_systems_design_project/RoboticDesign---Team-10/manipulator_work/manipulator_ros2_workspace/install/moveit_task_constructor_core/include/moveit/task_constructor/stages.h
[170.584s] -- Up-to-date: /home/mscrobotics2425laptop27/Documents/University/robotic_systems_design_project/RoboticDesign---Team-10/manipulator_work/manipulator_ros2_workspace/install/moveit_task_constructor_core/include/moveit/task_constructor/stages
[170.585s] -- Installing: /home/mscrobotics2425laptop27/Documents/University/robotic_systems_design_project/RoboticDesign---Team-10/manipulator_work/manipulator_ros2_workspace/install/moveit_task_constructor_core/include/moveit/task_constructor/stages/fix_collision_objects.h
[170.585s] -- Installing: /home/mscrobotics2425laptop27/Documents/University/robotic_systems_design_project/RoboticDesign---Team-10/manipulator_work/manipulator_ros2_workspace/install/moveit_task_constructor_core/include/moveit/task_constructor/stages/fixed_state.h
[170.586s] -- Installing: /home/mscrobotics2425laptop27/Documents/University/robotic_systems_design_project/RoboticDesign---Team-10/manipulator_work/manipulator_ros2_workspace/install/moveit_task_constructor_core/include/moveit/task_constructor/stages/move_to.h
[170.586s] -- Installing: /home/mscrobotics2425laptop27/Documents/University/robotic_systems_design_project/RoboticDesign---Team-10/manipulator_work/manipulator_ros2_workspace/install/moveit_task_constructor_core/include/moveit/task_constructor/stages/passthrough.h
[170.587s] -- Installing: /home/mscrobotics2425laptop27/Documents/University/robotic_systems_design_project/RoboticDesign---Team-10/manipulator_work/manipulator_ros2_workspace/install/moveit_task_constructor_core/include/moveit/task_constructor/stages/modify_planning_scene.h
[170.587s] -- Installing: /home/mscrobotics2425laptop27/Documents/University/robotic_systems_design_project/RoboticDesign---Team-10/manipulator_work/manipulator_ros2_workspace/install/moveit_task_constructor_core/include/moveit/task_constructor/stages/move_relative.h
[170.587s] -- Installing: /home/mscrobotics2425laptop27/Documents/University/robotic_systems_design_project/RoboticDesign---Team-10/manipulator_work/manipulator_ros2_workspace/install/moveit_task_constructor_core/include/moveit/task_constructor/stages/connect.h
[170.587s] -- Installing: /home/mscrobotics2425laptop27/Documents/University/robotic_systems_design_project/RoboticDesign---Team-10/manipulator_work/manipulator_ros2_workspace/install/moveit_task_constructor_core/include/moveit/task_constructor/stages/predicate_filter.h
[170.588s] -- Installing: /home/mscrobotics2425laptop27/Documents/University/robotic_systems_design_project/RoboticDesign---Team-10/manipulator_work/manipulator_ros2_workspace/install/moveit_task_constructor_core/include/moveit/task_constructor/stages/current_state.h
[170.588s] -- Installing: /home/mscrobotics2425laptop27/Documents/University/robotic_systems_design_project/RoboticDesign---Team-10/manipulator_work/manipulator_ros2_workspace/install/moveit_task_constructor_core/include/moveit/task_constructor/stages/generate_pose.h
[170.588s] -- Installing: /home/mscrobotics2425laptop27/Documents/University/robotic_systems_design_project/RoboticDesign---Team-10/manipulator_work/manipulator_ros2_workspace/install/moveit_task_constructor_core/include/moveit/task_constructor/stages/generate_place_pose.h
[170.589s] -- Installing: /home/mscrobotics2425laptop27/Documents/University/robotic_systems_design_project/RoboticDesign---Team-10/manipulator_work/manipulator_ros2_workspace/install/moveit_task_constructor_core/include/moveit/task_constructor/stages/compute_ik.h
[170.589s] -- Installing: /home/mscrobotics2425laptop27/Documents/University/robotic_systems_design_project/RoboticDesign---Team-10/manipulator_work/manipulator_ros2_workspace/install/moveit_task_constructor_core/include/moveit/task_constructor/stages/fixed_cartesian_poses.h
[170.589s] -- Installing: /home/mscrobotics2425laptop27/Documents/University/robotic_systems_design_project/RoboticDesign---Team-10/manipulator_work/manipulator_ros2_workspace/install/moveit_task_constructor_core/include/moveit/task_constructor/stages/generate_random_pose.h
[170.590s] -- Installing: /home/mscrobotics2425laptop27/Documents/University/robotic_systems_design_project/RoboticDesign---Team-10/manipulator_work/manipulator_ros2_workspace/install/moveit_task_constructor_core/include/moveit/task_constructor/stages/pick.h
[170.590s] -- Installing: /home/mscrobotics2425laptop27/Documents/University/robotic_systems_design_project/RoboticDesign---Team-10/manipulator_work/manipulator_ros2_workspace/install/moveit_task_constructor_core/include/moveit/task_constructor/stages/simple_grasp.h
[170.590s] -- Installing: /home/mscrobotics2425laptop27/Documents/University/robotic_systems_design_project/RoboticDesign---Team-10/manipulator_work/manipulator_ros2_workspace/install/moveit_task_constructor_core/include/moveit/task_constructor/stages/noop.h
[170.591s] -- Installing: /home/mscrobotics2425laptop27/Documents/University/robotic_systems_design_project/RoboticDesign---Team-10/manipulator_work/manipulator_ros2_workspace/install/moveit_task_constructor_core/include/moveit/task_constructor/stages/generate_grasp_pose.h
[170.591s] -- Installing: /home/mscrobotics2425laptop27/Documents/University/robotic_systems_design_project/RoboticDesign---Team-10/manipulator_work/manipulator_ros2_workspace/install/moveit_task_constructor_core/share/moveit_task_constructor_core/motion_planning_stages_plugin_description.xml
[170.592s] -- Installing: /home/mscrobotics2425laptop27/Documents/University/robotic_systems_design_project/RoboticDesign---Team-10/manipulator_work/manipulator_ros2_workspace/install/moveit_task_constructor_core/share/moveit_task_constructor_core/environment/library_path.sh
[170.593s] -- Installing: /home/mscrobotics2425laptop27/Documents/University/robotic_systems_design_project/RoboticDesign---Team-10/manipulator_work/manipulator_ros2_workspace/install/moveit_task_constructor_core/share/moveit_task_constructor_core/environment/library_path.dsv
[170.594s] -- Up-to-date: /home/mscrobotics2425laptop27/Documents/University/robotic_systems_design_project/RoboticDesign---Team-10/manipulator_work/manipulator_ros2_workspace/install/moveit_task_constructor_core/share/ament_index/resource_index/package_run_dependencies/moveit_task_constructor_core
[170.594s] -- Up-to-date: /home/mscrobotics2425laptop27/Documents/University/robotic_systems_design_project/RoboticDesign---Team-10/manipulator_work/manipulator_ros2_workspace/install/moveit_task_constructor_core/share/ament_index/resource_index/parent_prefix_path/moveit_task_constructor_core
[170.594s] -- Installing: /home/mscrobotics2425laptop27/Documents/University/robotic_systems_design_project/RoboticDesign---Team-10/manipulator_work/manipulator_ros2_workspace/install/moveit_task_constructor_core/share/moveit_task_constructor_core/environment/ament_prefix_path.sh
[170.595s] -- Installing: /home/mscrobotics2425laptop27/Documents/University/robotic_systems_design_project/RoboticDesign---Team-10/manipulator_work/manipulator_ros2_workspace/install/moveit_task_constructor_core/share/moveit_task_constructor_core/environment/ament_prefix_path.dsv
[170.595s] -- Installing: /home/mscrobotics2425laptop27/Documents/University/robotic_systems_design_project/RoboticDesign---Team-10/manipulator_work/manipulator_ros2_workspace/install/moveit_task_constructor_core/share/moveit_task_constructor_core/environment/path.sh
[170.596s] -- Installing: /home/mscrobotics2425laptop27/Documents/University/robotic_systems_design_project/RoboticDesign---Team-10/manipulator_work/manipulator_ros2_workspace/install/moveit_task_constructor_core/share/moveit_task_constructor_core/environment/path.dsv
[170.596s] -- Up-to-date: /home/mscrobotics2425laptop27/Documents/University/robotic_systems_design_project/RoboticDesign---Team-10/manipulator_work/manipulator_ros2_workspace/install/moveit_task_constructor_core/share/moveit_task_constructor_core/local_setup.bash
[170.597s] -- Up-to-date: /home/mscrobotics2425laptop27/Documents/University/robotic_systems_design_project/RoboticDesign---Team-10/manipulator_work/manipulator_ros2_workspace/install/moveit_task_constructor_core/share/moveit_task_constructor_core/local_setup.sh
[170.597s] -- Up-to-date: /home/mscrobotics2425laptop27/Documents/University/robotic_systems_design_project/RoboticDesign---Team-10/manipulator_work/manipulator_ros2_workspace/install/moveit_task_constructor_core/share/moveit_task_constructor_core/local_setup.zsh
[170.597s] -- Installing: /home/mscrobotics2425laptop27/Documents/University/robotic_systems_design_project/RoboticDesign---Team-10/manipulator_work/manipulator_ros2_workspace/install/moveit_task_constructor_core/share/moveit_task_constructor_core/local_setup.dsv
[170.597s] -- Installing: /home/mscrobotics2425laptop27/Documents/University/robotic_systems_design_project/RoboticDesign---Team-10/manipulator_work/manipulator_ros2_workspace/install/moveit_task_constructor_core/share/moveit_task_constructor_core/package.dsv
[170.597s] -- Up-to-date: /home/mscrobotics2425laptop27/Documents/University/robotic_systems_design_project/RoboticDesign---Team-10/manipulator_work/manipulator_ros2_workspace/install/moveit_task_constructor_core/share/ament_index/resource_index/packages/moveit_task_constructor_core
[170.597s] -- Up-to-date: /home/mscrobotics2425laptop27/Documents/University/robotic_systems_design_project/RoboticDesign---Team-10/manipulator_work/manipulator_ros2_workspace/install/moveit_task_constructor_core/share/ament_index/resource_index/moveit_task_constructor_core__pluginlib__plugin/moveit_task_constructor_core
[170.598s] -- Up-to-date: /home/mscrobotics2425laptop27/Documents/University/robotic_systems_design_project/RoboticDesign---Team-10/manipulator_work/manipulator_ros2_workspace/install/moveit_task_constructor_core/share/moveit_task_constructor_core/cmake/moveit_task_constructor_coreTargetsExport.cmake
[170.598s] -- Up-to-date: /home/mscrobotics2425laptop27/Documents/University/robotic_systems_design_project/RoboticDesign---Team-10/manipulator_work/manipulator_ros2_workspace/install/moveit_task_constructor_core/share/moveit_task_constructor_core/cmake/moveit_task_constructor_coreTargetsExport-release.cmake
[170.598s] -- Up-to-date: /home/mscrobotics2425laptop27/Documents/University/robotic_systems_design_project/RoboticDesign---Team-10/manipulator_work/manipulator_ros2_workspace/install/moveit_task_constructor_core/share/moveit_task_constructor_core/cmake/ament_cmake_export_targets-extras.cmake
[170.598s] -- Up-to-date: /home/mscrobotics2425laptop27/Documents/University/robotic_systems_design_project/RoboticDesign---Team-10/manipulator_work/manipulator_ros2_workspace/install/moveit_task_constructor_core/share/moveit_task_constructor_core/cmake/ament_cmake_export_dependencies-extras.cmake
[170.598s] -- Up-to-date: /home/mscrobotics2425laptop27/Documents/University/robotic_systems_design_project/RoboticDesign---Team-10/manipulator_work/manipulator_ros2_workspace/install/moveit_task_constructor_core/share/moveit_task_constructor_core/cmake/moveit_task_constructor_coreConfig.cmake
[170.599s] -- Up-to-date: /home/mscrobotics2425laptop27/Documents/University/robotic_systems_design_project/RoboticDesign---Team-10/manipulator_work/manipulator_ros2_workspace/install/moveit_task_constructor_core/share/moveit_task_constructor_core/cmake/moveit_task_constructor_coreConfig-version.cmake
[170.599s] -- Installing: /home/mscrobotics2425laptop27/Documents/University/robotic_systems_design_project/RoboticDesign---Team-10/manipulator_work/manipulator_ros2_workspace/install/moveit_task_constructor_core/share/moveit_task_constructor_core/package.xml
[170.604s] Invoked command in '/home/mscrobotics2425laptop27/Documents/University/robotic_systems_design_project/RoboticDesign---Team-10/manipulator_work/manipulator_ros2_workspace/build/moveit_task_constructor_core' returned '0': AMENT_PREFIX_PATH=/home/mscrobotics2425laptop27/Documents/University/robotic_systems_design_project/RoboticDesign---Team-10/manipulator_work/manipulator_ros2_workspace/install/rviz_marker_tools:/home/mscrobotics2425laptop27/Documents/University/robotic_systems_design_project/RoboticDesign---Team-10/manipulator_work/manipulator_ros2_workspace/install/moveit_task_constructor_msgs:${AMENT_PREFIX_PATH} CMAKE_PREFIX_PATH=/home/mscrobotics2425laptop27/Documents/University/robotic_systems_design_project/RoboticDesign---Team-10/manipulator_work/manipulator_ros2_workspace/install/rviz_marker_tools:/home/mscrobotics2425laptop27/Documents/University/robotic_systems_design_project/RoboticDesign---Team-10/manipulator_work/manipulator_ros2_workspace/install/moveit_task_constructor_msgs:/home/mscrobotics2425laptop27/interbotix_ws/install/interbotix_ros_xsarms_examples:/home/mscrobotics2425laptop27/interbotix_ws/install/interbotix_xsarm_moveit_interface:/home/mscrobotics2425laptop27/interbotix_ws/install/interbotix_moveit_interface:/home/mscrobotics2425laptop27/interbotix_ws/install/moveit_visual_tools:/home/mscrobotics2425laptop27/interbotix_ws/install/interbotix_ros_xsarms:/home/mscrobotics2425laptop27/interbotix_ws/install/interbotix_xsarm_moveit:/home/mscrobotics2425laptop27/interbotix_ws/install/interbotix_xsarm_sim:/home/mscrobotics2425laptop27/interbotix_ws/install/interbotix_xsarm_ros_control:/home/mscrobotics2425laptop27/interbotix_ws/install/interbotix_xsarm_puppet:/home/mscrobotics2425laptop27/interbotix_ws/install/interbotix_xsarm_perception:/home/mscrobotics2425laptop27/interbotix_ws/install/interbotix_xsarm_joy:/home/mscrobotics2425laptop27/interbotix_ws/install/interbotix_xsarm_gravity_compensation:/home/mscrobotics2425laptop27/interbotix_ws/install/interbotix_xsarm_dual:/home/mscrobotics2425laptop27/interbotix_ws/install/interbotix_xsarm_control:/home/mscrobotics2425laptop27/interbotix_ws/install/interbotix_xsarm_descriptions:/home/mscrobotics2425laptop27/interbotix_ws/install/interbotix_xs_toolbox:/home/mscrobotics2425laptop27/interbotix_ws/install/interbotix_xs_rviz:/home/mscrobotics2425laptop27/interbotix_ws/install/interbotix_ros_xseries:/home/mscrobotics2425laptop27/interbotix_ws/install/interbotix_xs_sdk:/home/mscrobotics2425laptop27/interbotix_ws/install/interbotix_xs_ros_control:/home/mscrobotics2425laptop27/interbotix_ws/install/interbotix_perception_toolbox:/home/mscrobotics2425laptop27/interbotix_ws/install/interbotix_common_toolbox:/home/mscrobotics2425laptop27/interbotix_ws/install/interbotix_gravity_compensation:/home/mscrobotics2425laptop27/interbotix_ws/install/interbotix_xs_msgs:/home/mscrobotics2425laptop27/interbotix_ws/install/interbotix_xs_driver:/home/mscrobotics2425laptop27/interbotix_ws/install/interbotix_tf_tools:/home/mscrobotics2425laptop27/interbotix_ws/install/interbotix_perception_pipelines:/home/mscrobotics2425laptop27/interbotix_ws/install/interbotix_perception_msgs:/home/mscrobotics2425laptop27/interbotix_ws/install/interbotix_moveit_interface_msgs:/home/mscrobotics2425laptop27/interbotix_ws/install/interbotix_common_sim:/home/mscrobotics2425laptop27/interbotix_ws/install/dynamixel_workbench_toolbox:/home/mscrobotics2425laptop27/apriltag_ws/install/apriltag_ros:/home/mscrobotics2425laptop27/interbotix_ws/install/interbotix_xs_modules:/home/mscrobotics2425laptop27/interbotix_ws/install/interbotix_perception_modules:/home/mscrobotics2425laptop27/interbotix_ws/install/interbotix_common_modules:/opt/ros/humble LD_LIBRARY_PATH=/home/mscrobotics2425laptop27/Documents/University/robotic_systems_design_project/RoboticDesign---Team-10/manipulator_work/manipulator_ros2_workspace/install/rviz_marker_tools/lib:/home/mscrobotics2425laptop27/Documents/University/robotic_systems_design_project/RoboticDesign---Team-10/manipulator_work/manipulator_ros2_workspace/install/moveit_task_constructor_msgs/lib:${LD_LIBRARY_PATH} PYTHONPATH=/home/mscrobotics2425laptop27/Documents/University/robotic_systems_design_project/RoboticDesign---Team-10/manipulator_work/manipulator_ros2_workspace/install/moveit_task_constructor_msgs/local/lib/python3.10/dist-packages:${PYTHONPATH} /usr/bin/cmake --install /home/mscrobotics2425laptop27/Documents/University/robotic_systems_design_project/RoboticDesign---Team-10/manipulator_work/manipulator_ros2_workspace/build/moveit_task_constructor_core
