[0.033s] Invoking command in '/home/mscrobotics2425laptop7/robotdesign - team10/build/leo_teleop': CMAKE_PREFIX_PATH=${CMAKE_PREFIX_PATH}:/home/mscrobotics2425laptop7/robotdesign - team10/install/object_detect_opencv:/home/mscrobotics2425laptop7/robotdesign - team10/install/navigation_demos:/home/mscrobotics2425laptop7/robotdesign - team10/install/gz_example_robot_description:/opt/ros/humble /usr/bin/cmake /home/mscrobotics2425laptop7/robotdesign - team10/src/leo_common-ros2/leo_teleop -DCMAKE_INSTALL_PREFIX=/home/mscrobotics2425laptop7/robotdesign - team10/install/leo_teleop
[0.591s] -- The C compiler identification is GNU 11.4.0
[0.591s] -- The CXX compiler identification is GNU 11.4.0
[0.591s] -- Detecting C compiler ABI info
[0.591s] -- Detecting C compiler ABI info - done
[0.591s] -- Check for working C compiler: /usr/bin/cc - skipped
[0.591s] -- Detecting C compile features
[0.591s] -- Detecting C compile features - done
[0.592s] -- Detecting CXX compiler ABI info
[0.592s] -- Detecting CXX compiler ABI info - done
[0.592s] -- Check for working CXX compiler: /usr/bin/c++ - skipped
[0.592s] -- Detecting CXX compile features
[0.592s] -- Detecting CXX compile features - done
[0.592s] -- Found ament_cmake: 1.3.10 (/opt/ros/humble/share/ament_cmake/cmake)
[0.592s] -- Found Python3: /usr/bin/python3 (found version "3.10.12") found components: Interpreter 
[0.593s] -- Found ament_lint_auto: 0.12.11 (/opt/ros/humble/share/ament_lint_auto/cmake)
[0.608s] -- Added test 'lint_cmake' to check CMake code style
[0.609s] -- Added test 'xmllint' to check XML markup files
[0.610s] -- Configuring done
[0.613s] -- Generating done
[0.614s] -- Build files have been written to: /home/mscrobotics2425laptop7/robotdesign - team10/build/leo_teleop
[0.768s] Invoked command in '/home/mscrobotics2425laptop7/robotdesign - team10/build/leo_teleop' returned '0': CMAKE_PREFIX_PATH=${CMAKE_PREFIX_PATH}:/home/mscrobotics2425laptop7/robotdesign - team10/install/object_detect_opencv:/home/mscrobotics2425laptop7/robotdesign - team10/install/navigation_demos:/home/mscrobotics2425laptop7/robotdesign - team10/install/gz_example_robot_description:/opt/ros/humble /usr/bin/cmake /home/mscrobotics2425laptop7/robotdesign - team10/src/leo_common-ros2/leo_teleop -DCMAKE_INSTALL_PREFIX=/home/mscrobotics2425laptop7/robotdesign - team10/install/leo_teleop
[0.770s] Invoking command in '/home/mscrobotics2425laptop7/robotdesign - team10/build/leo_teleop': CMAKE_PREFIX_PATH=${CMAKE_PREFIX_PATH}:/home/mscrobotics2425laptop7/robotdesign - team10/install/object_detect_opencv:/home/mscrobotics2425laptop7/robotdesign - team10/install/navigation_demos:/home/mscrobotics2425laptop7/robotdesign - team10/install/gz_example_robot_description:/opt/ros/humble /usr/bin/cmake --build /home/mscrobotics2425laptop7/robotdesign - team10/build/leo_teleop -- -j12 -l12
[0.807s] Invoked command in '/home/mscrobotics2425laptop7/robotdesign - team10/build/leo_teleop' returned '0': CMAKE_PREFIX_PATH=${CMAKE_PREFIX_PATH}:/home/mscrobotics2425laptop7/robotdesign - team10/install/object_detect_opencv:/home/mscrobotics2425laptop7/robotdesign - team10/install/navigation_demos:/home/mscrobotics2425laptop7/robotdesign - team10/install/gz_example_robot_description:/opt/ros/humble /usr/bin/cmake --build /home/mscrobotics2425laptop7/robotdesign - team10/build/leo_teleop -- -j12 -l12
[0.832s] Invoking command in '/home/mscrobotics2425laptop7/robotdesign - team10/build/leo_teleop': CMAKE_PREFIX_PATH=${CMAKE_PREFIX_PATH}:/home/mscrobotics2425laptop7/robotdesign - team10/install/object_detect_opencv:/home/mscrobotics2425laptop7/robotdesign - team10/install/navigation_demos:/home/mscrobotics2425laptop7/robotdesign - team10/install/gz_example_robot_description:/opt/ros/humble /usr/bin/cmake --install /home/mscrobotics2425laptop7/robotdesign - team10/build/leo_teleop
[0.841s] -- Install configuration: ""
[0.842s] -- Installing: /home/mscrobotics2425laptop7/robotdesign - team10/install/leo_teleop/share/leo_teleop/config
[0.842s] -- Installing: /home/mscrobotics2425laptop7/robotdesign - team10/install/leo_teleop/share/leo_teleop/config/joy_config.yaml
[0.842s] -- Installing: /home/mscrobotics2425laptop7/robotdesign - team10/install/leo_teleop/share/leo_teleop/launch
[0.842s] -- Installing: /home/mscrobotics2425laptop7/robotdesign - team10/install/leo_teleop/share/leo_teleop/launch/key_teleop.launch.xml
[0.842s] -- Installing: /home/mscrobotics2425laptop7/robotdesign - team10/install/leo_teleop/share/leo_teleop/launch/joy_teleop.launch.xml
[0.843s] -- Installing: /home/mscrobotics2425laptop7/robotdesign - team10/install/leo_teleop/share/ament_index/resource_index/package_run_dependencies/leo_teleop
[0.843s] -- Installing: /home/mscrobotics2425laptop7/robotdesign - team10/install/leo_teleop/share/ament_index/resource_index/parent_prefix_path/leo_teleop
[0.843s] -- Installing: /home/mscrobotics2425laptop7/robotdesign - team10/install/leo_teleop/share/leo_teleop/environment/ament_prefix_path.sh
[0.843s] -- Installing: /home/mscrobotics2425laptop7/robotdesign - team10/install/leo_teleop/share/leo_teleop/environment/ament_prefix_path.dsv
[0.843s] -- Installing: /home/mscrobotics2425laptop7/robotdesign - team10/install/leo_teleop/share/leo_teleop/environment/path.sh
[0.843s] -- Installing: /home/mscrobotics2425laptop7/robotdesign - team10/install/leo_teleop/share/leo_teleop/environment/path.dsv
[0.843s] -- Installing: /home/mscrobotics2425laptop7/robotdesign - team10/install/leo_teleop/share/leo_teleop/local_setup.bash
[0.844s] -- Installing: /home/mscrobotics2425laptop7/robotdesign - team10/install/leo_teleop/share/leo_teleop/local_setup.sh
[0.844s] -- Installing: /home/mscrobotics2425laptop7/robotdesign - team10/install/leo_teleop/share/leo_teleop/local_setup.zsh
[0.844s] -- Installing: /home/mscrobotics2425laptop7/robotdesign - team10/install/leo_teleop/share/leo_teleop/local_setup.dsv
[0.844s] -- Installing: /home/mscrobotics2425laptop7/robotdesign - team10/install/leo_teleop/share/leo_teleop/package.dsv
[0.844s] -- Installing: /home/mscrobotics2425laptop7/robotdesign - team10/install/leo_teleop/share/ament_index/resource_index/packages/leo_teleop
[0.844s] -- Installing: /home/mscrobotics2425laptop7/robotdesign - team10/install/leo_teleop/share/leo_teleop/cmake/leo_teleopConfig.cmake
[0.844s] -- Installing: /home/mscrobotics2425laptop7/robotdesign - team10/install/leo_teleop/share/leo_teleop/cmake/leo_teleopConfig-version.cmake
[0.845s] -- Installing: /home/mscrobotics2425laptop7/robotdesign - team10/install/leo_teleop/share/leo_teleop/package.xml
[0.846s] Invoked command in '/home/mscrobotics2425laptop7/robotdesign - team10/build/leo_teleop' returned '0': CMAKE_PREFIX_PATH=${CMAKE_PREFIX_PATH}:/home/mscrobotics2425laptop7/robotdesign - team10/install/object_detect_opencv:/home/mscrobotics2425laptop7/robotdesign - team10/install/navigation_demos:/home/mscrobotics2425laptop7/robotdesign - team10/install/gz_example_robot_description:/opt/ros/humble /usr/bin/cmake --install /home/mscrobotics2425laptop7/robotdesign - team10/build/leo_teleop
