[0.035s] Invoking command in '/home/mscrobotics2425laptop7/robotdesign - team10/build/leo_msgs': CMAKE_PREFIX_PATH=${CMAKE_PREFIX_PATH}:/home/mscrobotics2425laptop7/robotdesign - team10/install/object_detect_opencv:/home/mscrobotics2425laptop7/robotdesign - team10/install/navigation_demos:/home/mscrobotics2425laptop7/robotdesign - team10/install/gz_example_robot_description:/opt/ros/humble /usr/bin/cmake /home/mscrobotics2425laptop7/robotdesign - team10/src/leo_common-ros2/leo_msgs -DCMAKE_INSTALL_PREFIX=/home/mscrobotics2425laptop7/robotdesign - team10/install/leo_msgs
[0.593s] -- The C compiler identification is GNU 11.4.0
[0.593s] -- The CXX compiler identification is GNU 11.4.0
[0.593s] -- Detecting C compiler ABI info
[0.593s] -- Detecting C compiler ABI info - done
[0.593s] -- Check for working C compiler: /usr/bin/cc - skipped
[0.594s] -- Detecting C compile features
[0.594s] -- Detecting C compile features - done
[0.594s] -- Detecting CXX compiler ABI info
[0.595s] -- Detecting CXX compiler ABI info - done
[0.595s] -- Check for working CXX compiler: /usr/bin/c++ - skipped
[0.595s] -- Detecting CXX compile features
[0.595s] -- Detecting CXX compile features - done
[0.595s] -- Found ament_cmake: 1.3.10 (/opt/ros/humble/share/ament_cmake/cmake)
[0.595s] -- Found Python3: /usr/bin/python3 (found version "3.10.12") found components: Interpreter 
[0.595s] -- Found rosidl_default_generators: 1.2.0 (/opt/ros/humble/share/rosidl_default_generators/cmake)
[0.595s] -- Using all available rosidl_typesupport_c: rosidl_typesupport_fastrtps_c;rosidl_typesupport_introspection_c
[0.595s] -- Found rosidl_adapter: 3.1.5 (/opt/ros/humble/share/rosidl_adapter/cmake)
[0.613s] -- Using all available rosidl_typesupport_cpp: rosidl_typesupport_fastrtps_cpp;rosidl_typesupport_introspection_cpp
[0.638s] -- Found builtin_interfaces: 1.2.1 (/opt/ros/humble/share/builtin_interfaces/cmake)
[0.936s] -- Found ament_cmake_ros: 0.10.0 (/opt/ros/humble/share/ament_cmake_ros/cmake)
[1.119s] -- Using all available rosidl_typesupport_c: rosidl_typesupport_fastrtps_c;rosidl_typesupport_introspection_c
[1.338s] -- Using all available rosidl_typesupport_cpp: rosidl_typesupport_fastrtps_cpp;rosidl_typesupport_introspection_cpp
[1.365s] -- Found PythonInterp: /usr/bin/python3 (found suitable version "3.10.12", minimum required is "3.6") 
[1.366s] -- Found python_cmake_module: 0.10.0 (/opt/ros/humble/share/python_cmake_module/cmake)
[1.390s] -- Found PythonLibs: /usr/lib/x86_64-linux-gnu/libpython3.10.so (found suitable version "3.10.12", minimum required is "3.5") 
[1.390s] -- Using PYTHON_EXECUTABLE: /usr/bin/python3
[1.390s] -- Using PYTHON_INCLUDE_DIRS: /usr/include/python3.10
[1.390s] -- Using PYTHON_LIBRARIES: /usr/lib/x86_64-linux-gnu/libpython3.10.so
[1.409s] -- Found PythonExtra: .so  
[1.435s] -- Found ament_lint_auto: 0.12.11 (/opt/ros/humble/share/ament_lint_auto/cmake)
[1.443s] -- Added test 'lint_cmake' to check CMake code style
[1.444s] -- Added test 'xmllint' to check XML markup files
[1.450s] -- Configuring done
[1.476s] -- Generating done
[1.477s] -- Build files have been written to: /home/mscrobotics2425laptop7/robotdesign - team10/build/leo_msgs
[1.482s] Invoked command in '/home/mscrobotics2425laptop7/robotdesign - team10/build/leo_msgs' returned '0': CMAKE_PREFIX_PATH=${CMAKE_PREFIX_PATH}:/home/mscrobotics2425laptop7/robotdesign - team10/install/object_detect_opencv:/home/mscrobotics2425laptop7/robotdesign - team10/install/navigation_demos:/home/mscrobotics2425laptop7/robotdesign - team10/install/gz_example_robot_description:/opt/ros/humble /usr/bin/cmake /home/mscrobotics2425laptop7/robotdesign - team10/src/leo_common-ros2/leo_msgs -DCMAKE_INSTALL_PREFIX=/home/mscrobotics2425laptop7/robotdesign - team10/install/leo_msgs
[1.483s] Invoking command in '/home/mscrobotics2425laptop7/robotdesign - team10/build/leo_msgs': CMAKE_PREFIX_PATH=${CMAKE_PREFIX_PATH}:/home/mscrobotics2425laptop7/robotdesign - team10/install/object_detect_opencv:/home/mscrobotics2425laptop7/robotdesign - team10/install/navigation_demos:/home/mscrobotics2425laptop7/robotdesign - team10/install/gz_example_robot_description:/opt/ros/humble /usr/bin/cmake --build /home/mscrobotics2425laptop7/robotdesign - team10/build/leo_msgs -- -j12 -l12
[1.513s] [  1%] [34m[1mGenerating C code for ROS interfaces[0m
[1.520s] [  3%] [34m[1mGenerating C++ code for ROS interfaces[0m
[1.529s] [  3%] Built target ament_cmake_python_copy_leo_msgs
[1.790s] running egg_info
[1.791s] creating leo_msgs.egg-info
[1.791s] writing leo_msgs.egg-info/PKG-INFO
[1.792s] writing dependency_links to leo_msgs.egg-info/dependency_links.txt
[1.792s] writing top-level names to leo_msgs.egg-info/top_level.txt
[1.792s] writing manifest file 'leo_msgs.egg-info/SOURCES.txt'
[1.795s] reading manifest file 'leo_msgs.egg-info/SOURCES.txt'
[1.796s] writing manifest file 'leo_msgs.egg-info/SOURCES.txt'
[1.825s] [  3%] Built target ament_cmake_python_build_leo_msgs_egg
[1.892s] [  4%] [32mBuilding C object CMakeFiles/leo_msgs__rosidl_generator_c.dir/rosidl_generator_c/leo_msgs/msg/detail/wheel_odom_mecanum__functions.c.o[0m
[1.894s] [  6%] [32mBuilding C object CMakeFiles/leo_msgs__rosidl_generator_c.dir/rosidl_generator_c/leo_msgs/msg/detail/wheel_odom__functions.c.o[0m
[1.895s] [  7%] [32mBuilding C object CMakeFiles/leo_msgs__rosidl_generator_c.dir/rosidl_generator_c/leo_msgs/msg/detail/imu__functions.c.o[0m
[1.895s] [ 11%] [32mBuilding C object CMakeFiles/leo_msgs__rosidl_generator_c.dir/rosidl_generator_c/leo_msgs/msg/detail/wheel_states__functions.c.o[0m
[1.895s] [ 11%] [32mBuilding C object CMakeFiles/leo_msgs__rosidl_generator_c.dir/rosidl_generator_c/leo_msgs/srv/detail/set_imu_calibration__functions.c.o[0m
[1.953s] [ 11%] Built target leo_msgs__cpp
[1.962s] [ 12%] [34m[1mGenerating C++ introspection for ROS interfaces[0m
[1.963s] [ 15%] [34m[1mGenerating C++ type support for eProsima Fast-RTPS[0m
[1.963s] [ 15%] [34m[1mGenerating C++ type support dispatch for ROS interfaces[0m
[1.966s] [ 17%] [32m[1mLinking C shared library libleo_msgs__rosidl_generator_c.so[0m
[2.005s] [ 17%] Built target leo_msgs__rosidl_generator_c
[2.013s] [ 19%] [34m[1mGenerating C type support dispatch for ROS interfaces[0m
[2.015s] [ 22%] [34m[1mGenerating C type support for eProsima Fast-RTPS[0m
[2.015s] [ 22%] [34m[1mGenerating C introspection for ROS interfaces[0m
[2.302s] [ 28%] [32mBuilding CXX object CMakeFiles/leo_msgs__rosidl_typesupport_introspection_cpp.dir/rosidl_typesupport_introspection_cpp/leo_msgs/msg/detail/imu__type_support.cpp.o[0m
[2.302s] [ 28%] [32mBuilding CXX object CMakeFiles/leo_msgs__rosidl_typesupport_introspection_cpp.dir/rosidl_typesupport_introspection_cpp/leo_msgs/msg/detail/wheel_odom_mecanum__type_support.cpp.o[0m
[2.302s] [ 28%] [32mBuilding CXX object CMakeFiles/leo_msgs__rosidl_typesupport_introspection_cpp.dir/rosidl_typesupport_introspection_cpp/leo_msgs/msg/detail/wheel_odom__type_support.cpp.o[0m
[2.302s] [ 28%] [32mBuilding CXX object CMakeFiles/leo_msgs__rosidl_typesupport_introspection_cpp.dir/rosidl_typesupport_introspection_cpp/leo_msgs/msg/detail/wheel_states__type_support.cpp.o[0m
[2.302s] [ 30%] [32mBuilding CXX object CMakeFiles/leo_msgs__rosidl_typesupport_introspection_cpp.dir/rosidl_typesupport_introspection_cpp/leo_msgs/srv/detail/set_imu_calibration__type_support.cpp.o[0m
[2.410s] [ 31%] [32mBuilding CXX object CMakeFiles/leo_msgs__rosidl_typesupport_fastrtps_c.dir/rosidl_typesupport_fastrtps_c/leo_msgs/msg/detail/imu__type_support_c.cpp.o[0m
[2.412s] [ 33%] [32mBuilding CXX object CMakeFiles/leo_msgs__rosidl_typesupport_fastrtps_c.dir/rosidl_typesupport_fastrtps_c/leo_msgs/msg/detail/wheel_odom__type_support_c.cpp.o[0m
[2.415s] [ 34%] [32mBuilding CXX object CMakeFiles/leo_msgs__rosidl_typesupport_fastrtps_c.dir/rosidl_typesupport_fastrtps_c/leo_msgs/msg/detail/wheel_odom_mecanum__type_support_c.cpp.o[0m
[2.423s] [ 38%] [32mBuilding CXX object CMakeFiles/leo_msgs__rosidl_typesupport_c.dir/rosidl_typesupport_c/leo_msgs/msg/imu__type_support.cpp.o[0m
[2.423s] [ 38%] [32mBuilding CXX object CMakeFiles/leo_msgs__rosidl_typesupport_cpp.dir/rosidl_typesupport_cpp/leo_msgs/msg/imu__type_support.cpp.o[0m
[2.477s] [ 39%] [32mBuilding CXX object CMakeFiles/leo_msgs__rosidl_typesupport_c.dir/rosidl_typesupport_c/leo_msgs/msg/wheel_odom__type_support.cpp.o[0m
[2.517s] [ 41%] [32mBuilding CXX object CMakeFiles/leo_msgs__rosidl_typesupport_c.dir/rosidl_typesupport_c/leo_msgs/msg/wheel_odom_mecanum__type_support.cpp.o[0m
[2.570s] [ 42%] [32mBuilding CXX object CMakeFiles/leo_msgs__rosidl_typesupport_c.dir/rosidl_typesupport_c/leo_msgs/msg/wheel_states__type_support.cpp.o[0m
[2.630s] [ 44%] [32mBuilding CXX object CMakeFiles/leo_msgs__rosidl_typesupport_c.dir/rosidl_typesupport_c/leo_msgs/srv/set_imu_calibration__type_support.cpp.o[0m
[2.692s] [ 46%] [32mBuilding CXX object CMakeFiles/leo_msgs__rosidl_typesupport_fastrtps_cpp.dir/rosidl_typesupport_fastrtps_cpp/leo_msgs/msg/detail/dds_fastrtps/imu__type_support.cpp.o[0m
[2.701s] [ 47%] [32m[1mLinking CXX shared library libleo_msgs__rosidl_typesupport_c.so[0m
[2.719s] [ 49%] [32mBuilding C object CMakeFiles/leo_msgs__rosidl_typesupport_introspection_c.dir/rosidl_typesupport_introspection_c/leo_msgs/msg/detail/imu__type_support.c.o[0m
[2.767s] [ 49%] Built target leo_msgs__rosidl_typesupport_c
[2.782s] [ 50%] [32mBuilding CXX object CMakeFiles/leo_msgs__rosidl_typesupport_fastrtps_c.dir/rosidl_typesupport_fastrtps_c/leo_msgs/msg/detail/wheel_states__type_support_c.cpp.o[0m
[2.793s] [ 52%] [32mBuilding C object CMakeFiles/leo_msgs__rosidl_typesupport_introspection_c.dir/rosidl_typesupport_introspection_c/leo_msgs/msg/detail/wheel_odom__type_support.c.o[0m
[2.826s] [ 53%] [32mBuilding CXX object CMakeFiles/leo_msgs__rosidl_typesupport_cpp.dir/rosidl_typesupport_cpp/leo_msgs/msg/wheel_odom__type_support.cpp.o[0m
[2.832s] [ 55%] [32mBuilding C object CMakeFiles/leo_msgs__rosidl_typesupport_introspection_c.dir/rosidl_typesupport_introspection_c/leo_msgs/msg/detail/wheel_odom_mecanum__type_support.c.o[0m
[2.843s] [ 57%] [32mBuilding CXX object CMakeFiles/leo_msgs__rosidl_typesupport_fastrtps_c.dir/rosidl_typesupport_fastrtps_c/leo_msgs/srv/detail/set_imu_calibration__type_support_c.cpp.o[0m
[2.876s] [ 58%] [32mBuilding C object CMakeFiles/leo_msgs__rosidl_typesupport_introspection_c.dir/rosidl_typesupport_introspection_c/leo_msgs/msg/detail/wheel_states__type_support.c.o[0m
[2.883s] [ 60%] [32mBuilding CXX object CMakeFiles/leo_msgs__rosidl_typesupport_fastrtps_cpp.dir/rosidl_typesupport_fastrtps_cpp/leo_msgs/msg/detail/dds_fastrtps/wheel_odom__type_support.cpp.o[0m
[2.902s] [ 61%] [32mBuilding C object CMakeFiles/leo_msgs__rosidl_typesupport_introspection_c.dir/rosidl_typesupport_introspection_c/leo_msgs/srv/detail/set_imu_calibration__type_support.c.o[0m
[2.920s] [ 63%] [32mBuilding CXX object CMakeFiles/leo_msgs__rosidl_typesupport_fastrtps_cpp.dir/rosidl_typesupport_fastrtps_cpp/leo_msgs/msg/detail/dds_fastrtps/wheel_odom_mecanum__type_support.cpp.o[0m
[2.924s] [ 65%] [32mBuilding CXX object CMakeFiles/leo_msgs__rosidl_typesupport_cpp.dir/rosidl_typesupport_cpp/leo_msgs/msg/wheel_odom_mecanum__type_support.cpp.o[0m
[2.925s] [ 66%] [32mBuilding CXX object CMakeFiles/leo_msgs__rosidl_typesupport_cpp.dir/rosidl_typesupport_cpp/leo_msgs/msg/wheel_states__type_support.cpp.o[0m
[2.931s] [ 68%] [32mBuilding CXX object CMakeFiles/leo_msgs__rosidl_typesupport_cpp.dir/rosidl_typesupport_cpp/leo_msgs/srv/set_imu_calibration__type_support.cpp.o[0m
[2.935s] [ 69%] [32m[1mLinking CXX shared library libleo_msgs__rosidl_typesupport_introspection_cpp.so[0m
[2.964s] [ 71%] [32m[1mLinking C shared library libleo_msgs__rosidl_typesupport_introspection_c.so[0m
[2.989s] [ 73%] [32mBuilding CXX object CMakeFiles/leo_msgs__rosidl_typesupport_fastrtps_cpp.dir/rosidl_typesupport_fastrtps_cpp/leo_msgs/msg/detail/dds_fastrtps/wheel_states__type_support.cpp.o[0m
[3.011s] [ 73%] Built target leo_msgs__rosidl_typesupport_introspection_c
[3.024s] [ 74%] [32mBuilding CXX object CMakeFiles/leo_msgs__rosidl_typesupport_fastrtps_cpp.dir/rosidl_typesupport_fastrtps_cpp/leo_msgs/srv/detail/dds_fastrtps/set_imu_calibration__type_support.cpp.o[0m
[3.090s] [ 74%] Built target leo_msgs__rosidl_typesupport_introspection_cpp
[3.292s] [ 76%] [32m[1mLinking CXX shared library libleo_msgs__rosidl_typesupport_fastrtps_c.so[0m
[3.345s] [ 77%] [32m[1mLinking CXX shared library libleo_msgs__rosidl_typesupport_cpp.so[0m
[3.388s] [ 77%] Built target leo_msgs__rosidl_typesupport_cpp
[3.400s] [ 77%] Built target leo_msgs__rosidl_typesupport_fastrtps_c
[3.461s] [ 79%] [32m[1mLinking CXX shared library libleo_msgs__rosidl_typesupport_fastrtps_cpp.so[0m
[3.515s] [ 79%] Built target leo_msgs__rosidl_typesupport_fastrtps_cpp
[3.529s] [ 79%] Built target leo_msgs
[3.546s] [ 80%] [34m[1mGenerating Python code for ROS interfaces[0m
[4.027s] [ 80%] Built target leo_msgs__py
[4.046s] [ 82%] [32mBuilding C object CMakeFiles/leo_msgs__rosidl_generator_py.dir/rosidl_generator_py/leo_msgs/msg/_imu_s.c.o[0m
[4.049s] [ 87%] [32mBuilding C object CMakeFiles/leo_msgs__rosidl_generator_py.dir/rosidl_generator_py/leo_msgs/msg/_wheel_odom_mecanum_s.c.o[0m
[4.049s] [ 87%] [32mBuilding C object CMakeFiles/leo_msgs__rosidl_generator_py.dir/rosidl_generator_py/leo_msgs/msg/_wheel_odom_s.c.o[0m
[4.049s] [ 87%] [32mBuilding C object CMakeFiles/leo_msgs__rosidl_generator_py.dir/rosidl_generator_py/leo_msgs/msg/_wheel_states_s.c.o[0m
[4.049s] [ 88%] [32mBuilding C object CMakeFiles/leo_msgs__rosidl_generator_py.dir/rosidl_generator_py/leo_msgs/srv/_set_imu_calibration_s.c.o[0m
[4.150s] [ 90%] [32m[1mLinking C shared library rosidl_generator_py/leo_msgs/libleo_msgs__rosidl_generator_py.so[0m
[4.183s] [ 90%] Built target leo_msgs__rosidl_generator_py
[4.199s] [ 92%] [32mBuilding C object CMakeFiles/leo_msgs__rosidl_typesupport_fastrtps_c__pyext.dir/rosidl_generator_py/leo_msgs/_leo_msgs_s.ep.rosidl_typesupport_fastrtps_c.c.o[0m
[4.201s] [ 93%] [32mBuilding C object CMakeFiles/leo_msgs__rosidl_typesupport_c__pyext.dir/rosidl_generator_py/leo_msgs/_leo_msgs_s.ep.rosidl_typesupport_c.c.o[0m
[4.202s] [ 95%] [32mBuilding C object CMakeFiles/leo_msgs__rosidl_typesupport_introspection_c__pyext.dir/rosidl_generator_py/leo_msgs/_leo_msgs_s.ep.rosidl_typesupport_introspection_c.c.o[0m
[4.272s] [ 96%] [32m[1mLinking C shared library rosidl_generator_py/leo_msgs/leo_msgs_s__rosidl_typesupport_fastrtps_c.cpython-310-x86_64-linux-gnu.so[0m
[4.288s] [ 98%] [32m[1mLinking C shared library rosidl_generator_py/leo_msgs/leo_msgs_s__rosidl_typesupport_c.cpython-310-x86_64-linux-gnu.so[0m
[4.301s] [ 98%] Built target leo_msgs__rosidl_typesupport_fastrtps_c__pyext
[4.311s] [100%] [32m[1mLinking C shared library rosidl_generator_py/leo_msgs/leo_msgs_s__rosidl_typesupport_introspection_c.cpython-310-x86_64-linux-gnu.so[0m
[4.319s] [100%] Built target leo_msgs__rosidl_typesupport_c__pyext
[4.336s] [100%] Built target leo_msgs__rosidl_typesupport_introspection_c__pyext
[4.351s] Invoked command in '/home/mscrobotics2425laptop7/robotdesign - team10/build/leo_msgs' returned '0': CMAKE_PREFIX_PATH=${CMAKE_PREFIX_PATH}:/home/mscrobotics2425laptop7/robotdesign - team10/install/object_detect_opencv:/home/mscrobotics2425laptop7/robotdesign - team10/install/navigation_demos:/home/mscrobotics2425laptop7/robotdesign - team10/install/gz_example_robot_description:/opt/ros/humble /usr/bin/cmake --build /home/mscrobotics2425laptop7/robotdesign - team10/build/leo_msgs -- -j12 -l12
[4.460s] Invoking command in '/home/mscrobotics2425laptop7/robotdesign - team10/build/leo_msgs': CMAKE_PREFIX_PATH=${CMAKE_PREFIX_PATH}:/home/mscrobotics2425laptop7/robotdesign - team10/install/object_detect_opencv:/home/mscrobotics2425laptop7/robotdesign - team10/install/navigation_demos:/home/mscrobotics2425laptop7/robotdesign - team10/install/gz_example_robot_description:/opt/ros/humble /usr/bin/cmake --install /home/mscrobotics2425laptop7/robotdesign - team10/build/leo_msgs
[4.466s] -- Install configuration: ""
[4.466s] -- Installing: /home/mscrobotics2425laptop7/robotdesign - team10/install/leo_msgs/share/ament_index/resource_index/rosidl_interfaces/leo_msgs
[4.466s] -- Installing: /home/mscrobotics2425laptop7/robotdesign - team10/install/leo_msgs/include/leo_msgs/leo_msgs
[4.466s] -- Installing: /home/mscrobotics2425laptop7/robotdesign - team10/install/leo_msgs/include/leo_msgs/leo_msgs/msg
[4.466s] -- Installing: /home/mscrobotics2425laptop7/robotdesign - team10/install/leo_msgs/include/leo_msgs/leo_msgs/msg/wheel_states.h
[4.466s] -- Installing: /home/mscrobotics2425laptop7/robotdesign - team10/install/leo_msgs/include/leo_msgs/leo_msgs/msg/rosidl_generator_c__visibility_control.h
[4.467s] -- Installing: /home/mscrobotics2425laptop7/robotdesign - team10/install/leo_msgs/include/leo_msgs/leo_msgs/msg/wheel_odom.h
[4.467s] -- Installing: /home/mscrobotics2425laptop7/robotdesign - team10/install/leo_msgs/include/leo_msgs/leo_msgs/msg/imu.h
[4.467s] -- Installing: /home/mscrobotics2425laptop7/robotdesign - team10/install/leo_msgs/include/leo_msgs/leo_msgs/msg/wheel_odom_mecanum.h
[4.467s] -- Installing: /home/mscrobotics2425laptop7/robotdesign - team10/install/leo_msgs/include/leo_msgs/leo_msgs/msg/detail
[4.467s] -- Installing: /home/mscrobotics2425laptop7/robotdesign - team10/install/leo_msgs/include/leo_msgs/leo_msgs/msg/detail/imu__type_support.h
[4.467s] -- Installing: /home/mscrobotics2425laptop7/robotdesign - team10/install/leo_msgs/include/leo_msgs/leo_msgs/msg/detail/wheel_odom__type_support.h
[4.467s] -- Installing: /home/mscrobotics2425laptop7/robotdesign - team10/install/leo_msgs/include/leo_msgs/leo_msgs/msg/detail/wheel_odom__functions.h
[4.467s] -- Installing: /home/mscrobotics2425laptop7/robotdesign - team10/install/leo_msgs/include/leo_msgs/leo_msgs/msg/detail/wheel_odom__struct.h
[4.467s] -- Installing: /home/mscrobotics2425laptop7/robotdesign - team10/install/leo_msgs/include/leo_msgs/leo_msgs/msg/detail/wheel_states__struct.h
[4.467s] -- Installing: /home/mscrobotics2425laptop7/robotdesign - team10/install/leo_msgs/include/leo_msgs/leo_msgs/msg/detail/wheel_odom_mecanum__functions.h
[4.467s] -- Installing: /home/mscrobotics2425laptop7/robotdesign - team10/install/leo_msgs/include/leo_msgs/leo_msgs/msg/detail/wheel_odom_mecanum__type_support.h
[4.467s] -- Installing: /home/mscrobotics2425laptop7/robotdesign - team10/install/leo_msgs/include/leo_msgs/leo_msgs/msg/detail/wheel_states__functions.c
[4.467s] -- Installing: /home/mscrobotics2425laptop7/robotdesign - team10/install/leo_msgs/include/leo_msgs/leo_msgs/msg/detail/wheel_states__functions.h
[4.468s] -- Installing: /home/mscrobotics2425laptop7/robotdesign - team10/install/leo_msgs/include/leo_msgs/leo_msgs/msg/detail/imu__functions.h
[4.468s] -- Installing: /home/mscrobotics2425laptop7/robotdesign - team10/install/leo_msgs/include/leo_msgs/leo_msgs/msg/detail/wheel_odom__functions.c
[4.468s] -- Installing: /home/mscrobotics2425laptop7/robotdesign - team10/install/leo_msgs/include/leo_msgs/leo_msgs/msg/detail/imu__functions.c
[4.468s] -- Installing: /home/mscrobotics2425laptop7/robotdesign - team10/install/leo_msgs/include/leo_msgs/leo_msgs/msg/detail/wheel_odom_mecanum__functions.c
[4.468s] -- Installing: /home/mscrobotics2425laptop7/robotdesign - team10/install/leo_msgs/include/leo_msgs/leo_msgs/msg/detail/imu__struct.h
[4.468s] -- Installing: /home/mscrobotics2425laptop7/robotdesign - team10/install/leo_msgs/include/leo_msgs/leo_msgs/msg/detail/wheel_states__type_support.h
[4.468s] -- Installing: /home/mscrobotics2425laptop7/robotdesign - team10/install/leo_msgs/include/leo_msgs/leo_msgs/msg/detail/wheel_odom_mecanum__struct.h
[4.468s] -- Installing: /home/mscrobotics2425laptop7/robotdesign - team10/install/leo_msgs/include/leo_msgs/leo_msgs/srv
[4.468s] -- Installing: /home/mscrobotics2425laptop7/robotdesign - team10/install/leo_msgs/include/leo_msgs/leo_msgs/srv/detail
[4.468s] -- Installing: /home/mscrobotics2425laptop7/robotdesign - team10/install/leo_msgs/include/leo_msgs/leo_msgs/srv/detail/set_imu_calibration__struct.h
[4.468s] -- Installing: /home/mscrobotics2425laptop7/robotdesign - team10/install/leo_msgs/include/leo_msgs/leo_msgs/srv/detail/set_imu_calibration__functions.h
[4.468s] -- Installing: /home/mscrobotics2425laptop7/robotdesign - team10/install/leo_msgs/include/leo_msgs/leo_msgs/srv/detail/set_imu_calibration__functions.c
[4.468s] -- Installing: /home/mscrobotics2425laptop7/robotdesign - team10/install/leo_msgs/include/leo_msgs/leo_msgs/srv/detail/set_imu_calibration__type_support.h
[4.469s] -- Installing: /home/mscrobotics2425laptop7/robotdesign - team10/install/leo_msgs/include/leo_msgs/leo_msgs/srv/set_imu_calibration.h
[4.469s] -- Installing: /home/mscrobotics2425laptop7/robotdesign - team10/install/leo_msgs/share/leo_msgs/environment/library_path.sh
[4.469s] -- Installing: /home/mscrobotics2425laptop7/robotdesign - team10/install/leo_msgs/share/leo_msgs/environment/library_path.dsv
[4.469s] -- Installing: /home/mscrobotics2425laptop7/robotdesign - team10/install/leo_msgs/lib/libleo_msgs__rosidl_generator_c.so
[4.469s] -- Set runtime path of "/home/mscrobotics2425laptop7/robotdesign - team10/install/leo_msgs/lib/libleo_msgs__rosidl_generator_c.so" to ""
[4.469s] -- Up-to-date: /home/mscrobotics2425laptop7/robotdesign - team10/install/leo_msgs/include/leo_msgs/leo_msgs
[4.469s] -- Up-to-date: /home/mscrobotics2425laptop7/robotdesign - team10/install/leo_msgs/include/leo_msgs/leo_msgs/msg
[4.469s] -- Installing: /home/mscrobotics2425laptop7/robotdesign - team10/install/leo_msgs/include/leo_msgs/leo_msgs/msg/rosidl_typesupport_fastrtps_c__visibility_control.h
[4.469s] -- Up-to-date: /home/mscrobotics2425laptop7/robotdesign - team10/install/leo_msgs/include/leo_msgs/leo_msgs/msg/detail
[4.470s] -- Installing: /home/mscrobotics2425laptop7/robotdesign - team10/install/leo_msgs/include/leo_msgs/leo_msgs/msg/detail/imu__rosidl_typesupport_fastrtps_c.h
[4.470s] -- Installing: /home/mscrobotics2425laptop7/robotdesign - team10/install/leo_msgs/include/leo_msgs/leo_msgs/msg/detail/wheel_states__rosidl_typesupport_fastrtps_c.h
[4.470s] -- Installing: /home/mscrobotics2425laptop7/robotdesign - team10/install/leo_msgs/include/leo_msgs/leo_msgs/msg/detail/wheel_odom_mecanum__rosidl_typesupport_fastrtps_c.h
[4.470s] -- Installing: /home/mscrobotics2425laptop7/robotdesign - team10/install/leo_msgs/include/leo_msgs/leo_msgs/msg/detail/wheel_odom__rosidl_typesupport_fastrtps_c.h
[4.470s] -- Up-to-date: /home/mscrobotics2425laptop7/robotdesign - team10/install/leo_msgs/include/leo_msgs/leo_msgs/srv
[4.470s] -- Up-to-date: /home/mscrobotics2425laptop7/robotdesign - team10/install/leo_msgs/include/leo_msgs/leo_msgs/srv/detail
[4.470s] -- Installing: /home/mscrobotics2425laptop7/robotdesign - team10/install/leo_msgs/include/leo_msgs/leo_msgs/srv/detail/set_imu_calibration__rosidl_typesupport_fastrtps_c.h
[4.470s] -- Installing: /home/mscrobotics2425laptop7/robotdesign - team10/install/leo_msgs/lib/libleo_msgs__rosidl_typesupport_fastrtps_c.so
[4.470s] -- Set runtime path of "/home/mscrobotics2425laptop7/robotdesign - team10/install/leo_msgs/lib/libleo_msgs__rosidl_typesupport_fastrtps_c.so" to ""
[4.470s] -- Up-to-date: /home/mscrobotics2425laptop7/robotdesign - team10/install/leo_msgs/include/leo_msgs/leo_msgs
[4.470s] -- Up-to-date: /home/mscrobotics2425laptop7/robotdesign - team10/install/leo_msgs/include/leo_msgs/leo_msgs/msg
[4.471s] -- Up-to-date: /home/mscrobotics2425laptop7/robotdesign - team10/install/leo_msgs/include/leo_msgs/leo_msgs/msg/detail
[4.471s] -- Installing: /home/mscrobotics2425laptop7/robotdesign - team10/install/leo_msgs/include/leo_msgs/leo_msgs/msg/detail/wheel_odom__rosidl_typesupport_introspection_c.h
[4.471s] -- Installing: /home/mscrobotics2425laptop7/robotdesign - team10/install/leo_msgs/include/leo_msgs/leo_msgs/msg/detail/wheel_odom_mecanum__rosidl_typesupport_introspection_c.h
[4.471s] -- Installing: /home/mscrobotics2425laptop7/robotdesign - team10/install/leo_msgs/include/leo_msgs/leo_msgs/msg/detail/wheel_odom__type_support.c
[4.471s] -- Installing: /home/mscrobotics2425laptop7/robotdesign - team10/install/leo_msgs/include/leo_msgs/leo_msgs/msg/detail/wheel_states__rosidl_typesupport_introspection_c.h
[4.471s] -- Installing: /home/mscrobotics2425laptop7/robotdesign - team10/install/leo_msgs/include/leo_msgs/leo_msgs/msg/detail/wheel_odom_mecanum__type_support.c
[4.471s] -- Installing: /home/mscrobotics2425laptop7/robotdesign - team10/install/leo_msgs/include/leo_msgs/leo_msgs/msg/detail/imu__type_support.c
[4.471s] -- Installing: /home/mscrobotics2425laptop7/robotdesign - team10/install/leo_msgs/include/leo_msgs/leo_msgs/msg/detail/wheel_states__type_support.c
[4.471s] -- Installing: /home/mscrobotics2425laptop7/robotdesign - team10/install/leo_msgs/include/leo_msgs/leo_msgs/msg/detail/imu__rosidl_typesupport_introspection_c.h
[4.471s] -- Installing: /home/mscrobotics2425laptop7/robotdesign - team10/install/leo_msgs/include/leo_msgs/leo_msgs/msg/rosidl_typesupport_introspection_c__visibility_control.h
[4.471s] -- Up-to-date: /home/mscrobotics2425laptop7/robotdesign - team10/install/leo_msgs/include/leo_msgs/leo_msgs/srv
[4.471s] -- Up-to-date: /home/mscrobotics2425laptop7/robotdesign - team10/install/leo_msgs/include/leo_msgs/leo_msgs/srv/detail
[4.472s] -- Installing: /home/mscrobotics2425laptop7/robotdesign - team10/install/leo_msgs/include/leo_msgs/leo_msgs/srv/detail/set_imu_calibration__type_support.c
[4.472s] -- Installing: /home/mscrobotics2425laptop7/robotdesign - team10/install/leo_msgs/include/leo_msgs/leo_msgs/srv/detail/set_imu_calibration__rosidl_typesupport_introspection_c.h
[4.472s] -- Installing: /home/mscrobotics2425laptop7/robotdesign - team10/install/leo_msgs/lib/libleo_msgs__rosidl_typesupport_introspection_c.so
[4.472s] -- Set runtime path of "/home/mscrobotics2425laptop7/robotdesign - team10/install/leo_msgs/lib/libleo_msgs__rosidl_typesupport_introspection_c.so" to ""
[4.472s] -- Installing: /home/mscrobotics2425laptop7/robotdesign - team10/install/leo_msgs/lib/libleo_msgs__rosidl_typesupport_c.so
[4.472s] -- Set runtime path of "/home/mscrobotics2425laptop7/robotdesign - team10/install/leo_msgs/lib/libleo_msgs__rosidl_typesupport_c.so" to ""
[4.472s] -- Up-to-date: /home/mscrobotics2425laptop7/robotdesign - team10/install/leo_msgs/include/leo_msgs/leo_msgs
[4.472s] -- Up-to-date: /home/mscrobotics2425laptop7/robotdesign - team10/install/leo_msgs/include/leo_msgs/leo_msgs/msg
[4.472s] -- Installing: /home/mscrobotics2425laptop7/robotdesign - team10/install/leo_msgs/include/leo_msgs/leo_msgs/msg/wheel_odom.hpp
[4.472s] -- Installing: /home/mscrobotics2425laptop7/robotdesign - team10/install/leo_msgs/include/leo_msgs/leo_msgs/msg/imu.hpp
[4.472s] -- Installing: /home/mscrobotics2425laptop7/robotdesign - team10/install/leo_msgs/include/leo_msgs/leo_msgs/msg/wheel_odom_mecanum.hpp
[4.472s] -- Installing: /home/mscrobotics2425laptop7/robotdesign - team10/install/leo_msgs/include/leo_msgs/leo_msgs/msg/wheel_states.hpp
[4.472s] -- Up-to-date: /home/mscrobotics2425laptop7/robotdesign - team10/install/leo_msgs/include/leo_msgs/leo_msgs/msg/detail
[4.472s] -- Installing: /home/mscrobotics2425laptop7/robotdesign - team10/install/leo_msgs/include/leo_msgs/leo_msgs/msg/detail/wheel_odom__builder.hpp
[4.473s] -- Installing: /home/mscrobotics2425laptop7/robotdesign - team10/install/leo_msgs/include/leo_msgs/leo_msgs/msg/detail/wheel_states__builder.hpp
[4.473s] -- Installing: /home/mscrobotics2425laptop7/robotdesign - team10/install/leo_msgs/include/leo_msgs/leo_msgs/msg/detail/wheel_odom_mecanum__traits.hpp
[4.473s] -- Installing: /home/mscrobotics2425laptop7/robotdesign - team10/install/leo_msgs/include/leo_msgs/leo_msgs/msg/detail/wheel_states__traits.hpp
[4.473s] -- Installing: /home/mscrobotics2425laptop7/robotdesign - team10/install/leo_msgs/include/leo_msgs/leo_msgs/msg/detail/wheel_odom_mecanum__struct.hpp
[4.473s] -- Installing: /home/mscrobotics2425laptop7/robotdesign - team10/install/leo_msgs/include/leo_msgs/leo_msgs/msg/detail/imu__struct.hpp
[4.473s] -- Installing: /home/mscrobotics2425laptop7/robotdesign - team10/install/leo_msgs/include/leo_msgs/leo_msgs/msg/detail/imu__traits.hpp
[4.473s] -- Installing: /home/mscrobotics2425laptop7/robotdesign - team10/install/leo_msgs/include/leo_msgs/leo_msgs/msg/detail/wheel_odom__traits.hpp
[4.473s] -- Installing: /home/mscrobotics2425laptop7/robotdesign - team10/install/leo_msgs/include/leo_msgs/leo_msgs/msg/detail/wheel_states__struct.hpp
[4.473s] -- Installing: /home/mscrobotics2425laptop7/robotdesign - team10/install/leo_msgs/include/leo_msgs/leo_msgs/msg/detail/wheel_odom__struct.hpp
[4.473s] -- Installing: /home/mscrobotics2425laptop7/robotdesign - team10/install/leo_msgs/include/leo_msgs/leo_msgs/msg/detail/wheel_odom_mecanum__builder.hpp
[4.473s] -- Installing: /home/mscrobotics2425laptop7/robotdesign - team10/install/leo_msgs/include/leo_msgs/leo_msgs/msg/detail/imu__builder.hpp
[4.473s] -- Up-to-date: /home/mscrobotics2425laptop7/robotdesign - team10/install/leo_msgs/include/leo_msgs/leo_msgs/srv
[4.473s] -- Installing: /home/mscrobotics2425laptop7/robotdesign - team10/install/leo_msgs/include/leo_msgs/leo_msgs/srv/set_imu_calibration.hpp
[4.474s] -- Up-to-date: /home/mscrobotics2425laptop7/robotdesign - team10/install/leo_msgs/include/leo_msgs/leo_msgs/srv/detail
[4.474s] -- Installing: /home/mscrobotics2425laptop7/robotdesign - team10/install/leo_msgs/include/leo_msgs/leo_msgs/srv/detail/set_imu_calibration__struct.hpp
[4.474s] -- Installing: /home/mscrobotics2425laptop7/robotdesign - team10/install/leo_msgs/include/leo_msgs/leo_msgs/srv/detail/set_imu_calibration__traits.hpp
[4.474s] -- Installing: /home/mscrobotics2425laptop7/robotdesign - team10/install/leo_msgs/include/leo_msgs/leo_msgs/srv/detail/set_imu_calibration__builder.hpp
[4.474s] -- Up-to-date: /home/mscrobotics2425laptop7/robotdesign - team10/install/leo_msgs/include/leo_msgs/leo_msgs
[4.474s] -- Up-to-date: /home/mscrobotics2425laptop7/robotdesign - team10/install/leo_msgs/include/leo_msgs/leo_msgs/msg
[4.474s] -- Up-to-date: /home/mscrobotics2425laptop7/robotdesign - team10/install/leo_msgs/include/leo_msgs/leo_msgs/msg/detail
[4.474s] -- Installing: /home/mscrobotics2425laptop7/robotdesign - team10/install/leo_msgs/include/leo_msgs/leo_msgs/msg/detail/imu__rosidl_typesupport_fastrtps_cpp.hpp
[4.474s] -- Installing: /home/mscrobotics2425laptop7/robotdesign - team10/install/leo_msgs/include/leo_msgs/leo_msgs/msg/detail/wheel_states__rosidl_typesupport_fastrtps_cpp.hpp
[4.474s] -- Installing: /home/mscrobotics2425laptop7/robotdesign - team10/install/leo_msgs/include/leo_msgs/leo_msgs/msg/detail/wheel_odom__rosidl_typesupport_fastrtps_cpp.hpp
[4.474s] -- Installing: /home/mscrobotics2425laptop7/robotdesign - team10/install/leo_msgs/include/leo_msgs/leo_msgs/msg/detail/wheel_odom_mecanum__rosidl_typesupport_fastrtps_cpp.hpp
[4.474s] -- Installing: /home/mscrobotics2425laptop7/robotdesign - team10/install/leo_msgs/include/leo_msgs/leo_msgs/msg/detail/dds_fastrtps
[4.474s] -- Installing: /home/mscrobotics2425laptop7/robotdesign - team10/install/leo_msgs/include/leo_msgs/leo_msgs/msg/rosidl_typesupport_fastrtps_cpp__visibility_control.h
[4.474s] -- Up-to-date: /home/mscrobotics2425laptop7/robotdesign - team10/install/leo_msgs/include/leo_msgs/leo_msgs/srv
[4.474s] -- Up-to-date: /home/mscrobotics2425laptop7/robotdesign - team10/install/leo_msgs/include/leo_msgs/leo_msgs/srv/detail
[4.474s] -- Installing: /home/mscrobotics2425laptop7/robotdesign - team10/install/leo_msgs/include/leo_msgs/leo_msgs/srv/detail/set_imu_calibration__rosidl_typesupport_fastrtps_cpp.hpp
[4.474s] -- Installing: /home/mscrobotics2425laptop7/robotdesign - team10/install/leo_msgs/include/leo_msgs/leo_msgs/srv/detail/dds_fastrtps
[4.474s] -- Installing: /home/mscrobotics2425laptop7/robotdesign - team10/install/leo_msgs/lib/libleo_msgs__rosidl_typesupport_fastrtps_cpp.so
[4.475s] -- Set runtime path of "/home/mscrobotics2425laptop7/robotdesign - team10/install/leo_msgs/lib/libleo_msgs__rosidl_typesupport_fastrtps_cpp.so" to ""
[4.475s] -- Up-to-date: /home/mscrobotics2425laptop7/robotdesign - team10/install/leo_msgs/include/leo_msgs/leo_msgs
[4.475s] -- Up-to-date: /home/mscrobotics2425laptop7/robotdesign - team10/install/leo_msgs/include/leo_msgs/leo_msgs/msg
[4.475s] -- Up-to-date: /home/mscrobotics2425laptop7/robotdesign - team10/install/leo_msgs/include/leo_msgs/leo_msgs/msg/detail
[4.475s] -- Installing: /home/mscrobotics2425laptop7/robotdesign - team10/install/leo_msgs/include/leo_msgs/leo_msgs/msg/detail/wheel_odom_mecanum__type_support.cpp
[4.475s] -- Installing: /home/mscrobotics2425laptop7/robotdesign - team10/install/leo_msgs/include/leo_msgs/leo_msgs/msg/detail/imu__rosidl_typesupport_introspection_cpp.hpp
[4.475s] -- Installing: /home/mscrobotics2425laptop7/robotdesign - team10/install/leo_msgs/include/leo_msgs/leo_msgs/msg/detail/wheel_odom__rosidl_typesupport_introspection_cpp.hpp
[4.475s] -- Installing: /home/mscrobotics2425laptop7/robotdesign - team10/install/leo_msgs/include/leo_msgs/leo_msgs/msg/detail/imu__type_support.cpp
[4.475s] -- Installing: /home/mscrobotics2425laptop7/robotdesign - team10/install/leo_msgs/include/leo_msgs/leo_msgs/msg/detail/wheel_odom__type_support.cpp
[4.475s] -- Installing: /home/mscrobotics2425laptop7/robotdesign - team10/install/leo_msgs/include/leo_msgs/leo_msgs/msg/detail/wheel_states__rosidl_typesupport_introspection_cpp.hpp
[4.475s] -- Installing: /home/mscrobotics2425laptop7/robotdesign - team10/install/leo_msgs/include/leo_msgs/leo_msgs/msg/detail/wheel_states__type_support.cpp
[4.475s] -- Installing: /home/mscrobotics2425laptop7/robotdesign - team10/install/leo_msgs/include/leo_msgs/leo_msgs/msg/detail/wheel_odom_mecanum__rosidl_typesupport_introspection_cpp.hpp
[4.475s] -- Up-to-date: /home/mscrobotics2425laptop7/robotdesign - team10/install/leo_msgs/include/leo_msgs/leo_msgs/srv
[4.475s] -- Up-to-date: /home/mscrobotics2425laptop7/robotdesign - team10/install/leo_msgs/include/leo_msgs/leo_msgs/srv/detail
[4.475s] -- Installing: /home/mscrobotics2425laptop7/robotdesign - team10/install/leo_msgs/include/leo_msgs/leo_msgs/srv/detail/set_imu_calibration__rosidl_typesupport_introspection_cpp.hpp
[4.475s] -- Installing: /home/mscrobotics2425laptop7/robotdesign - team10/install/leo_msgs/include/leo_msgs/leo_msgs/srv/detail/set_imu_calibration__type_support.cpp
[4.475s] -- Installing: /home/mscrobotics2425laptop7/robotdesign - team10/install/leo_msgs/lib/libleo_msgs__rosidl_typesupport_introspection_cpp.so
[4.475s] -- Set runtime path of "/home/mscrobotics2425laptop7/robotdesign - team10/install/leo_msgs/lib/libleo_msgs__rosidl_typesupport_introspection_cpp.so" to ""
[4.475s] -- Installing: /home/mscrobotics2425laptop7/robotdesign - team10/install/leo_msgs/lib/libleo_msgs__rosidl_typesupport_cpp.so
[4.475s] -- Set runtime path of "/home/mscrobotics2425laptop7/robotdesign - team10/install/leo_msgs/lib/libleo_msgs__rosidl_typesupport_cpp.so" to ""
[4.475s] -- Installing: /home/mscrobotics2425laptop7/robotdesign - team10/install/leo_msgs/share/leo_msgs/environment/pythonpath.sh
[4.475s] -- Installing: /home/mscrobotics2425laptop7/robotdesign - team10/install/leo_msgs/share/leo_msgs/environment/pythonpath.dsv
[4.475s] -- Installing: /home/mscrobotics2425laptop7/robotdesign - team10/install/leo_msgs/local/lib/python3.10/dist-packages/leo_msgs-1.2.0-py3.10.egg-info
[4.475s] -- Installing: /home/mscrobotics2425laptop7/robotdesign - team10/install/leo_msgs/local/lib/python3.10/dist-packages/leo_msgs-1.2.0-py3.10.egg-info/PKG-INFO
[4.475s] -- Installing: /home/mscrobotics2425laptop7/robotdesign - team10/install/leo_msgs/local/lib/python3.10/dist-packages/leo_msgs-1.2.0-py3.10.egg-info/dependency_links.txt
[4.475s] -- Installing: /home/mscrobotics2425laptop7/robotdesign - team10/install/leo_msgs/local/lib/python3.10/dist-packages/leo_msgs-1.2.0-py3.10.egg-info/SOURCES.txt
[4.475s] -- Installing: /home/mscrobotics2425laptop7/robotdesign - team10/install/leo_msgs/local/lib/python3.10/dist-packages/leo_msgs-1.2.0-py3.10.egg-info/top_level.txt
[4.475s] -- Installing: /home/mscrobotics2425laptop7/robotdesign - team10/install/leo_msgs/local/lib/python3.10/dist-packages/leo_msgs
[4.475s] -- Installing: /home/mscrobotics2425laptop7/robotdesign - team10/install/leo_msgs/local/lib/python3.10/dist-packages/leo_msgs/_leo_msgs_s.ep.rosidl_typesupport_c.c
[4.475s] -- Installing: /home/mscrobotics2425laptop7/robotdesign - team10/install/leo_msgs/local/lib/python3.10/dist-packages/leo_msgs/_leo_msgs_s.ep.rosidl_typesupport_introspection_c.c
[4.475s] -- Installing: /home/mscrobotics2425laptop7/robotdesign - team10/install/leo_msgs/local/lib/python3.10/dist-packages/leo_msgs/libleo_msgs__rosidl_generator_py.so
[4.475s] -- Installing: /home/mscrobotics2425laptop7/robotdesign - team10/install/leo_msgs/local/lib/python3.10/dist-packages/leo_msgs/leo_msgs_s__rosidl_typesupport_fastrtps_c.cpython-310-x86_64-linux-gnu.so
[4.475s] -- Installing: /home/mscrobotics2425laptop7/robotdesign - team10/install/leo_msgs/local/lib/python3.10/dist-packages/leo_msgs/leo_msgs_s__rosidl_typesupport_introspection_c.cpython-310-x86_64-linux-gnu.so
[4.475s] -- Installing: /home/mscrobotics2425laptop7/robotdesign - team10/install/leo_msgs/local/lib/python3.10/dist-packages/leo_msgs/msg
[4.475s] -- Installing: /home/mscrobotics2425laptop7/robotdesign - team10/install/leo_msgs/local/lib/python3.10/dist-packages/leo_msgs/msg/_wheel_odom_mecanum_s.c
[4.475s] -- Installing: /home/mscrobotics2425laptop7/robotdesign - team10/install/leo_msgs/local/lib/python3.10/dist-packages/leo_msgs/msg/_wheel_odom_s.c
[4.475s] -- Installing: /home/mscrobotics2425laptop7/robotdesign - team10/install/leo_msgs/local/lib/python3.10/dist-packages/leo_msgs/msg/_wheel_states_s.c
[4.475s] -- Installing: /home/mscrobotics2425laptop7/robotdesign - team10/install/leo_msgs/local/lib/python3.10/dist-packages/leo_msgs/msg/__init__.py
[4.475s] -- Installing: /home/mscrobotics2425laptop7/robotdesign - team10/install/leo_msgs/local/lib/python3.10/dist-packages/leo_msgs/msg/_wheel_states.py
[4.475s] -- Installing: /home/mscrobotics2425laptop7/robotdesign - team10/install/leo_msgs/local/lib/python3.10/dist-packages/leo_msgs/msg/_wheel_odom_mecanum.py
[4.475s] -- Installing: /home/mscrobotics2425laptop7/robotdesign - team10/install/leo_msgs/local/lib/python3.10/dist-packages/leo_msgs/msg/_imu_s.c
[4.475s] -- Installing: /home/mscrobotics2425laptop7/robotdesign - team10/install/leo_msgs/local/lib/python3.10/dist-packages/leo_msgs/msg/_wheel_odom.py
[4.475s] -- Installing: /home/mscrobotics2425laptop7/robotdesign - team10/install/leo_msgs/local/lib/python3.10/dist-packages/leo_msgs/msg/_imu.py
[4.475s] -- Installing: /home/mscrobotics2425laptop7/robotdesign - team10/install/leo_msgs/local/lib/python3.10/dist-packages/leo_msgs/_leo_msgs_s.ep.rosidl_typesupport_fastrtps_c.c
[4.476s] -- Installing: /home/mscrobotics2425laptop7/robotdesign - team10/install/leo_msgs/local/lib/python3.10/dist-packages/leo_msgs/leo_msgs_s__rosidl_typesupport_c.cpython-310-x86_64-linux-gnu.so
[4.476s] -- Installing: /home/mscrobotics2425laptop7/robotdesign - team10/install/leo_msgs/local/lib/python3.10/dist-packages/leo_msgs/__init__.py
[4.476s] -- Installing: /home/mscrobotics2425laptop7/robotdesign - team10/install/leo_msgs/local/lib/python3.10/dist-packages/leo_msgs/srv
[4.476s] -- Installing: /home/mscrobotics2425laptop7/robotdesign - team10/install/leo_msgs/local/lib/python3.10/dist-packages/leo_msgs/srv/__init__.py
[4.476s] -- Installing: /home/mscrobotics2425laptop7/robotdesign - team10/install/leo_msgs/local/lib/python3.10/dist-packages/leo_msgs/srv/_set_imu_calibration.py
[4.476s] -- Installing: /home/mscrobotics2425laptop7/robotdesign - team10/install/leo_msgs/local/lib/python3.10/dist-packages/leo_msgs/srv/_set_imu_calibration_s.c
[4.513s] Listing '/home/mscrobotics2425laptop7/robotdesign - team10/install/leo_msgs/local/lib/python3.10/dist-packages/leo_msgs'...
[4.513s] Compiling '/home/mscrobotics2425laptop7/robotdesign - team10/install/leo_msgs/local/lib/python3.10/dist-packages/leo_msgs/__init__.py'...
[4.514s] Listing '/home/mscrobotics2425laptop7/robotdesign - team10/install/leo_msgs/local/lib/python3.10/dist-packages/leo_msgs/msg'...
[4.514s] Compiling '/home/mscrobotics2425laptop7/robotdesign - team10/install/leo_msgs/local/lib/python3.10/dist-packages/leo_msgs/msg/__init__.py'...
[4.514s] Compiling '/home/mscrobotics2425laptop7/robotdesign - team10/install/leo_msgs/local/lib/python3.10/dist-packages/leo_msgs/msg/_imu.py'...
[4.514s] Compiling '/home/mscrobotics2425laptop7/robotdesign - team10/install/leo_msgs/local/lib/python3.10/dist-packages/leo_msgs/msg/_wheel_odom.py'...
[4.514s] Compiling '/home/mscrobotics2425laptop7/robotdesign - team10/install/leo_msgs/local/lib/python3.10/dist-packages/leo_msgs/msg/_wheel_odom_mecanum.py'...
[4.514s] Compiling '/home/mscrobotics2425laptop7/robotdesign - team10/install/leo_msgs/local/lib/python3.10/dist-packages/leo_msgs/msg/_wheel_states.py'...
[4.514s] Listing '/home/mscrobotics2425laptop7/robotdesign - team10/install/leo_msgs/local/lib/python3.10/dist-packages/leo_msgs/srv'...
[4.514s] Compiling '/home/mscrobotics2425laptop7/robotdesign - team10/install/leo_msgs/local/lib/python3.10/dist-packages/leo_msgs/srv/__init__.py'...
[4.514s] Compiling '/home/mscrobotics2425laptop7/robotdesign - team10/install/leo_msgs/local/lib/python3.10/dist-packages/leo_msgs/srv/_set_imu_calibration.py'...
[4.517s] -- Installing: /home/mscrobotics2425laptop7/robotdesign - team10/install/leo_msgs/local/lib/python3.10/dist-packages/leo_msgs/leo_msgs_s__rosidl_typesupport_fastrtps_c.cpython-310-x86_64-linux-gnu.so
[4.517s] -- Set runtime path of "/home/mscrobotics2425laptop7/robotdesign - team10/install/leo_msgs/local/lib/python3.10/dist-packages/leo_msgs/leo_msgs_s__rosidl_typesupport_fastrtps_c.cpython-310-x86_64-linux-gnu.so" to ""
[4.517s] -- Installing: /home/mscrobotics2425laptop7/robotdesign - team10/install/leo_msgs/local/lib/python3.10/dist-packages/leo_msgs/leo_msgs_s__rosidl_typesupport_introspection_c.cpython-310-x86_64-linux-gnu.so
[4.518s] -- Set runtime path of "/home/mscrobotics2425laptop7/robotdesign - team10/install/leo_msgs/local/lib/python3.10/dist-packages/leo_msgs/leo_msgs_s__rosidl_typesupport_introspection_c.cpython-310-x86_64-linux-gnu.so" to ""
[4.518s] -- Installing: /home/mscrobotics2425laptop7/robotdesign - team10/install/leo_msgs/local/lib/python3.10/dist-packages/leo_msgs/leo_msgs_s__rosidl_typesupport_c.cpython-310-x86_64-linux-gnu.so
[4.518s] -- Set runtime path of "/home/mscrobotics2425laptop7/robotdesign - team10/install/leo_msgs/local/lib/python3.10/dist-packages/leo_msgs/leo_msgs_s__rosidl_typesupport_c.cpython-310-x86_64-linux-gnu.so" to ""
[4.518s] -- Installing: /home/mscrobotics2425laptop7/robotdesign - team10/install/leo_msgs/lib/libleo_msgs__rosidl_generator_py.so
[4.519s] -- Set runtime path of "/home/mscrobotics2425laptop7/robotdesign - team10/install/leo_msgs/lib/libleo_msgs__rosidl_generator_py.so" to ""
[4.519s] -- Installing: /home/mscrobotics2425laptop7/robotdesign - team10/install/leo_msgs/share/leo_msgs/msg/Imu.idl
[4.519s] -- Installing: /home/mscrobotics2425laptop7/robotdesign - team10/install/leo_msgs/share/leo_msgs/msg/WheelOdom.idl
[4.519s] -- Installing: /home/mscrobotics2425laptop7/robotdesign - team10/install/leo_msgs/share/leo_msgs/msg/WheelOdomMecanum.idl
[4.519s] -- Installing: /home/mscrobotics2425laptop7/robotdesign - team10/install/leo_msgs/share/leo_msgs/msg/WheelStates.idl
[4.519s] -- Installing: /home/mscrobotics2425laptop7/robotdesign - team10/install/leo_msgs/share/leo_msgs/srv/SetImuCalibration.idl
[4.519s] -- Installing: /home/mscrobotics2425laptop7/robotdesign - team10/install/leo_msgs/share/leo_msgs/msg/Imu.msg
[4.520s] -- Installing: /home/mscrobotics2425laptop7/robotdesign - team10/install/leo_msgs/share/leo_msgs/msg/WheelOdom.msg
[4.520s] -- Installing: /home/mscrobotics2425laptop7/robotdesign - team10/install/leo_msgs/share/leo_msgs/msg/WheelOdomMecanum.msg
[4.520s] -- Installing: /home/mscrobotics2425laptop7/robotdesign - team10/install/leo_msgs/share/leo_msgs/msg/WheelStates.msg
[4.520s] -- Installing: /home/mscrobotics2425laptop7/robotdesign - team10/install/leo_msgs/share/leo_msgs/srv/SetImuCalibration.srv
[4.520s] -- Installing: /home/mscrobotics2425laptop7/robotdesign - team10/install/leo_msgs/share/leo_msgs/srv/SetImuCalibration_Request.msg
[4.520s] -- Installing: /home/mscrobotics2425laptop7/robotdesign - team10/install/leo_msgs/share/leo_msgs/srv/SetImuCalibration_Response.msg
[4.521s] -- Installing: /home/mscrobotics2425laptop7/robotdesign - team10/install/leo_msgs/share/ament_index/resource_index/package_run_dependencies/leo_msgs
[4.521s] -- Installing: /home/mscrobotics2425laptop7/robotdesign - team10/install/leo_msgs/share/ament_index/resource_index/parent_prefix_path/leo_msgs
[4.521s] -- Installing: /home/mscrobotics2425laptop7/robotdesign - team10/install/leo_msgs/share/leo_msgs/environment/ament_prefix_path.sh
[4.521s] -- Installing: /home/mscrobotics2425laptop7/robotdesign - team10/install/leo_msgs/share/leo_msgs/environment/ament_prefix_path.dsv
[4.521s] -- Installing: /home/mscrobotics2425laptop7/robotdesign - team10/install/leo_msgs/share/leo_msgs/environment/path.sh
[4.521s] -- Installing: /home/mscrobotics2425laptop7/robotdesign - team10/install/leo_msgs/share/leo_msgs/environment/path.dsv
[4.521s] -- Installing: /home/mscrobotics2425laptop7/robotdesign - team10/install/leo_msgs/share/leo_msgs/local_setup.bash
[4.521s] -- Installing: /home/mscrobotics2425laptop7/robotdesign - team10/install/leo_msgs/share/leo_msgs/local_setup.sh
[4.522s] -- Installing: /home/mscrobotics2425laptop7/robotdesign - team10/install/leo_msgs/share/leo_msgs/local_setup.zsh
[4.522s] -- Installing: /home/mscrobotics2425laptop7/robotdesign - team10/install/leo_msgs/share/leo_msgs/local_setup.dsv
[4.522s] -- Installing: /home/mscrobotics2425laptop7/robotdesign - team10/install/leo_msgs/share/leo_msgs/package.dsv
[4.522s] -- Installing: /home/mscrobotics2425laptop7/robotdesign - team10/install/leo_msgs/share/ament_index/resource_index/packages/leo_msgs
[4.522s] -- Installing: /home/mscrobotics2425laptop7/robotdesign - team10/install/leo_msgs/share/leo_msgs/cmake/export_leo_msgs__rosidl_generator_cExport.cmake
[4.522s] -- Installing: /home/mscrobotics2425laptop7/robotdesign - team10/install/leo_msgs/share/leo_msgs/cmake/export_leo_msgs__rosidl_generator_cExport-noconfig.cmake
[4.522s] -- Installing: /home/mscrobotics2425laptop7/robotdesign - team10/install/leo_msgs/share/leo_msgs/cmake/export_leo_msgs__rosidl_typesupport_fastrtps_cExport.cmake
[4.522s] -- Installing: /home/mscrobotics2425laptop7/robotdesign - team10/install/leo_msgs/share/leo_msgs/cmake/export_leo_msgs__rosidl_typesupport_fastrtps_cExport-noconfig.cmake
[4.523s] -- Installing: /home/mscrobotics2425laptop7/robotdesign - team10/install/leo_msgs/share/leo_msgs/cmake/leo_msgs__rosidl_typesupport_introspection_cExport.cmake
[4.523s] -- Installing: /home/mscrobotics2425laptop7/robotdesign - team10/install/leo_msgs/share/leo_msgs/cmake/leo_msgs__rosidl_typesupport_introspection_cExport-noconfig.cmake
[4.523s] -- Installing: /home/mscrobotics2425laptop7/robotdesign - team10/install/leo_msgs/share/leo_msgs/cmake/leo_msgs__rosidl_typesupport_cExport.cmake
[4.523s] -- Installing: /home/mscrobotics2425laptop7/robotdesign - team10/install/leo_msgs/share/leo_msgs/cmake/leo_msgs__rosidl_typesupport_cExport-noconfig.cmake
[4.523s] -- Installing: /home/mscrobotics2425laptop7/robotdesign - team10/install/leo_msgs/share/leo_msgs/cmake/export_leo_msgs__rosidl_generator_cppExport.cmake
[4.523s] -- Installing: /home/mscrobotics2425laptop7/robotdesign - team10/install/leo_msgs/share/leo_msgs/cmake/export_leo_msgs__rosidl_typesupport_fastrtps_cppExport.cmake
[4.523s] -- Installing: /home/mscrobotics2425laptop7/robotdesign - team10/install/leo_msgs/share/leo_msgs/cmake/export_leo_msgs__rosidl_typesupport_fastrtps_cppExport-noconfig.cmake
[4.523s] -- Installing: /home/mscrobotics2425laptop7/robotdesign - team10/install/leo_msgs/share/leo_msgs/cmake/leo_msgs__rosidl_typesupport_introspection_cppExport.cmake
[4.524s] -- Installing: /home/mscrobotics2425laptop7/robotdesign - team10/install/leo_msgs/share/leo_msgs/cmake/leo_msgs__rosidl_typesupport_introspection_cppExport-noconfig.cmake
[4.524s] -- Installing: /home/mscrobotics2425laptop7/robotdesign - team10/install/leo_msgs/share/leo_msgs/cmake/leo_msgs__rosidl_typesupport_cppExport.cmake
[4.524s] -- Installing: /home/mscrobotics2425laptop7/robotdesign - team10/install/leo_msgs/share/leo_msgs/cmake/leo_msgs__rosidl_typesupport_cppExport-noconfig.cmake
[4.524s] -- Installing: /home/mscrobotics2425laptop7/robotdesign - team10/install/leo_msgs/share/leo_msgs/cmake/export_leo_msgs__rosidl_generator_pyExport.cmake
[4.524s] -- Installing: /home/mscrobotics2425laptop7/robotdesign - team10/install/leo_msgs/share/leo_msgs/cmake/export_leo_msgs__rosidl_generator_pyExport-noconfig.cmake
[4.524s] -- Installing: /home/mscrobotics2425laptop7/robotdesign - team10/install/leo_msgs/share/leo_msgs/cmake/rosidl_cmake-extras.cmake
[4.524s] -- Installing: /home/mscrobotics2425laptop7/robotdesign - team10/install/leo_msgs/share/leo_msgs/cmake/ament_cmake_export_dependencies-extras.cmake
[4.524s] -- Installing: /home/mscrobotics2425laptop7/robotdesign - team10/install/leo_msgs/share/leo_msgs/cmake/ament_cmake_export_include_directories-extras.cmake
[4.524s] -- Installing: /home/mscrobotics2425laptop7/robotdesign - team10/install/leo_msgs/share/leo_msgs/cmake/ament_cmake_export_libraries-extras.cmake
[4.525s] -- Installing: /home/mscrobotics2425laptop7/robotdesign - team10/install/leo_msgs/share/leo_msgs/cmake/ament_cmake_export_targets-extras.cmake
[4.525s] -- Installing: /home/mscrobotics2425laptop7/robotdesign - team10/install/leo_msgs/share/leo_msgs/cmake/rosidl_cmake_export_typesupport_targets-extras.cmake
[4.525s] -- Installing: /home/mscrobotics2425laptop7/robotdesign - team10/install/leo_msgs/share/leo_msgs/cmake/rosidl_cmake_export_typesupport_libraries-extras.cmake
[4.525s] -- Installing: /home/mscrobotics2425laptop7/robotdesign - team10/install/leo_msgs/share/leo_msgs/cmake/leo_msgsConfig.cmake
[4.525s] -- Installing: /home/mscrobotics2425laptop7/robotdesign - team10/install/leo_msgs/share/leo_msgs/cmake/leo_msgsConfig-version.cmake
[4.525s] -- Installing: /home/mscrobotics2425laptop7/robotdesign - team10/install/leo_msgs/share/leo_msgs/package.xml
[4.527s] Invoked command in '/home/mscrobotics2425laptop7/robotdesign - team10/build/leo_msgs' returned '0': CMAKE_PREFIX_PATH=${CMAKE_PREFIX_PATH}:/home/mscrobotics2425laptop7/robotdesign - team10/install/object_detect_opencv:/home/mscrobotics2425laptop7/robotdesign - team10/install/navigation_demos:/home/mscrobotics2425laptop7/robotdesign - team10/install/gz_example_robot_description:/opt/ros/humble /usr/bin/cmake --install /home/mscrobotics2425laptop7/robotdesign - team10/build/leo_msgs
